2023-10-24 23:44:27.053 -05:00 [INF] User profile is available. Using 'C:\Users\AuxiliarN-PC\AppData\Local\ASP.NET\DataProtection-Keys' as key repository and Windows DPAPI to encrypt keys at rest.
2023-10-24 23:44:27.271 -05:00 [INF] Now listening on: https://localhost:7144
2023-10-24 23:44:27.274 -05:00 [INF] Now listening on: http://localhost:5176
2023-10-24 23:44:27.281 -05:00 [INF] Application started. Press Ctrl+C to shut down.
2023-10-24 23:44:27.284 -05:00 [INF] Hosting environment: Development
2023-10-24 23:44:27.287 -05:00 [INF] Content root path: C:\Users\AuxiliarN-PC\RiderProjects\AirportManager\AirportGateway\AirportGateway.Api
2023-10-24 23:44:27.922 -05:00 [INF] Request starting HTTP/2 GET https://localhost:7144/swagger/index.html - -
2023-10-24 23:44:28.063 -05:00 [INF] Request finished HTTP/2 GET https://localhost:7144/swagger/index.html - - - 200 - text/html;charset=utf-8 143.0409ms
2023-10-24 23:44:28.264 -05:00 [INF] Request starting HTTP/2 GET https://localhost:7144/swagger/v1/swagger.json - -
2023-10-24 23:44:28.419 -05:00 [INF] Request finished HTTP/2 GET https://localhost:7144/swagger/v1/swagger.json - - - 200 - application/json;charset=utf-8 154.8353ms
2023-10-24 23:45:14.276 -05:00 [INF] Request starting HTTP/2 GET https://localhost:7144/api/v1/Airline/GetAll - -
2023-10-24 23:45:14.954 -05:00 [INF] Request:
Protocol: HTTP/2
Method: GET
Scheme: https
PathBase: 
Path: /api/v1/Airline/GetAll
Accept: text/plain
Host: localhost:7144
User-Agent: Mozilla/5.0 (Windows NT 10.0; Win64; x64) AppleWebKit/537.36 (KHTML, like Gecko) Chrome/118.0.0.0 Safari/537.36 Edg/118.0.2088.61
Accept-Encoding: gzip, deflate, br
Accept-Language: es,es-ES;q=0.9,en;q=0.8,en-GB;q=0.7,en-US;q=0.6
Authorization: [Redacted]
Referer: [Redacted]
sec-ch-ua: [Redacted]
sec-ch-ua-mobile: [Redacted]
sec-ch-ua-platform: [Redacted]
sec-fetch-site: [Redacted]
sec-fetch-mode: [Redacted]
sec-fetch-dest: [Redacted]
2023-10-24 23:45:14.976 -05:00 [INF] Executing endpoint 'AirportGateway.Api.Controllers.AirlineController.GetAll (AirportGateway.Api)'
2023-10-24 23:45:14.995 -05:00 [INF] Route matched with {action = "GetAll", controller = "Airline"}. Executing controller action with signature System.Threading.Tasks.Task`1[AirportGateway.App.Base.Response`1[System.Collections.Generic.IEnumerable`1[AirportGateway.App.AirportManagement.Http.Dto.AirlineDto]]] GetAll() on controller AirportGateway.Api.Controllers.AirlineController (AirportGateway.Api).
2023-10-24 23:45:15.467 -05:00 [ERR] Ocurrió un error GET "https://localhost:7170/api/v1/Airline/GetAll" failed because response status code does not indicate success: 500 (Internal Server Error).
2023-10-24 23:45:15.481 -05:00 [INF] Executing ObjectResult, writing value of type 'AirportGateway.App.Base.Response`1[[System.Collections.Generic.IEnumerable`1[[AirportGateway.App.AirportManagement.Http.Dto.AirlineDto, AirportGateway.App, Version=1.0.0.0, Culture=neutral, PublicKeyToken=null]], System.Private.CoreLib, Version=7.0.0.0, Culture=neutral, PublicKeyToken=7cec85d7bea7798e]]'.
2023-10-24 23:45:15.506 -05:00 [INF] Executed action AirportGateway.Api.Controllers.AirlineController.GetAll (AirportGateway.Api) in 502.8442ms
2023-10-24 23:45:15.513 -05:00 [INF] Executed endpoint 'AirportGateway.Api.Controllers.AirlineController.GetAll (AirportGateway.Api)'
2023-10-24 23:45:15.516 -05:00 [INF] Response:
StatusCode: 200
Content-Type: application/json; charset=utf-8
Date: Wed, 25 Oct 2023 04:45:15 GMT
Server: Kestrel
2023-10-24 23:45:15.518 -05:00 [INF] Request finished HTTP/2 GET https://localhost:7144/api/v1/Airline/GetAll - - - 200 - application/json;+charset=utf-8 1241.4176ms
2023-10-24 23:47:30.708 -05:00 [INF] Request starting HTTP/2 GET https://localhost:7144/api/v1/Airline/GetAll - -
2023-10-24 23:47:30.839 -05:00 [INF] Request:
Protocol: HTTP/2
Method: GET
Scheme: https
PathBase: 
Path: /api/v1/Airline/GetAll
Accept: text/plain
Host: localhost:7144
User-Agent: Mozilla/5.0 (Windows NT 10.0; Win64; x64) AppleWebKit/537.36 (KHTML, like Gecko) Chrome/118.0.0.0 Safari/537.36 Edg/118.0.2088.61
Accept-Encoding: gzip, deflate, br
Accept-Language: es,es-ES;q=0.9,en;q=0.8,en-GB;q=0.7,en-US;q=0.6
Authorization: [Redacted]
Referer: [Redacted]
sec-ch-ua: [Redacted]
sec-ch-ua-mobile: [Redacted]
sec-ch-ua-platform: [Redacted]
sec-fetch-site: [Redacted]
sec-fetch-mode: [Redacted]
sec-fetch-dest: [Redacted]
2023-10-24 23:47:30.852 -05:00 [INF] Executing endpoint 'AirportGateway.Api.Controllers.AirlineController.GetAll (AirportGateway.Api)'
2023-10-24 23:47:30.855 -05:00 [INF] Route matched with {action = "GetAll", controller = "Airline"}. Executing controller action with signature System.Threading.Tasks.Task`1[AirportGateway.App.Base.Response`1[System.Collections.Generic.IEnumerable`1[AirportGateway.App.AirportManagement.Http.Dto.AirlineDto]]] GetAll() on controller AirportGateway.Api.Controllers.AirlineController (AirportGateway.Api).
2023-10-24 23:47:30.867 -05:00 [INF] Executing action method AirportGateway.Api.Controllers.AirlineController.GetAll (AirportGateway.Api) - Validation state: "Valid"
2023-10-24 23:47:31.325 -05:00 [ERR] Ocurrió un error GET "https://localhost:7170/api/v1/Airline/GetAll" failed because response status code does not indicate success: 500 (Internal Server Error).
2023-10-24 23:47:31.334 -05:00 [INF] Executed action method AirportGateway.Api.Controllers.AirlineController.GetAll (AirportGateway.Api), returned result Microsoft.AspNetCore.Mvc.ObjectResult in 459.4274ms.
2023-10-24 23:47:31.348 -05:00 [INF] Executing ObjectResult, writing value of type 'AirportGateway.App.Base.Response`1[[System.Collections.Generic.IEnumerable`1[[AirportGateway.App.AirportManagement.Http.Dto.AirlineDto, AirportGateway.App, Version=1.0.0.0, Culture=neutral, PublicKeyToken=null]], System.Private.CoreLib, Version=7.0.0.0, Culture=neutral, PublicKeyToken=7cec85d7bea7798e]]'.
2023-10-24 23:47:31.354 -05:00 [INF] Executed action AirportGateway.Api.Controllers.AirlineController.GetAll (AirportGateway.Api) in 497.1546ms
2023-10-24 23:47:31.356 -05:00 [INF] Executed endpoint 'AirportGateway.Api.Controllers.AirlineController.GetAll (AirportGateway.Api)'
2023-10-24 23:47:31.357 -05:00 [INF] Response:
StatusCode: 200
Content-Type: application/json; charset=utf-8
Date: Wed, 25 Oct 2023 04:47:30 GMT
Server: Kestrel
2023-10-24 23:47:31.358 -05:00 [INF] Request finished HTTP/2 GET https://localhost:7144/api/v1/Airline/GetAll - - - 200 - application/json;+charset=utf-8 651.1229ms
2023-10-24 23:47:41.616 -05:00 [INF] Request starting HTTP/2 GET https://localhost:7144/api/v1/Airline/GetAll - -
2023-10-24 23:47:41.679 -05:00 [INF] Request:
Protocol: HTTP/2
Method: GET
Scheme: https
PathBase: 
Path: /api/v1/Airline/GetAll
Accept: text/plain
Host: localhost:7144
User-Agent: Mozilla/5.0 (Windows NT 10.0; Win64; x64) AppleWebKit/537.36 (KHTML, like Gecko) Chrome/118.0.0.0 Safari/537.36 Edg/118.0.2088.61
Accept-Encoding: gzip, deflate, br
Accept-Language: es,es-ES;q=0.9,en;q=0.8,en-GB;q=0.7,en-US;q=0.6
Authorization: [Redacted]
Referer: [Redacted]
sec-ch-ua: [Redacted]
sec-ch-ua-mobile: [Redacted]
sec-ch-ua-platform: [Redacted]
sec-fetch-site: [Redacted]
sec-fetch-mode: [Redacted]
sec-fetch-dest: [Redacted]
2023-10-24 23:47:41.682 -05:00 [INF] Executing endpoint 'AirportGateway.Api.Controllers.AirlineController.GetAll (AirportGateway.Api)'
2023-10-24 23:47:41.683 -05:00 [INF] Route matched with {action = "GetAll", controller = "Airline"}. Executing controller action with signature System.Threading.Tasks.Task`1[AirportGateway.App.Base.Response`1[System.Collections.Generic.IEnumerable`1[AirportGateway.App.AirportManagement.Http.Dto.AirlineDto]]] GetAll() on controller AirportGateway.Api.Controllers.AirlineController (AirportGateway.Api).
2023-10-24 23:47:41.687 -05:00 [INF] Executing action method AirportGateway.Api.Controllers.AirlineController.GetAll (AirportGateway.Api) - Validation state: "Valid"
2023-10-24 23:47:41.765 -05:00 [ERR] Ocurrió un error GET "https://localhost:7170/api/v1/Airline/GetAll" failed because response status code does not indicate success: 500 (Internal Server Error).
2023-10-24 23:47:41.766 -05:00 [INF] Executed action method AirportGateway.Api.Controllers.AirlineController.GetAll (AirportGateway.Api), returned result Microsoft.AspNetCore.Mvc.ObjectResult in 78.0371ms.
2023-10-24 23:47:41.768 -05:00 [INF] Executing ObjectResult, writing value of type 'AirportGateway.App.Base.Response`1[[System.Collections.Generic.IEnumerable`1[[AirportGateway.App.AirportManagement.Http.Dto.AirlineDto, AirportGateway.App, Version=1.0.0.0, Culture=neutral, PublicKeyToken=null]], System.Private.CoreLib, Version=7.0.0.0, Culture=neutral, PublicKeyToken=7cec85d7bea7798e]]'.
2023-10-24 23:47:41.772 -05:00 [INF] Executed action AirportGateway.Api.Controllers.AirlineController.GetAll (AirportGateway.Api) in 86.5969ms
2023-10-24 23:47:41.774 -05:00 [INF] Executed endpoint 'AirportGateway.Api.Controllers.AirlineController.GetAll (AirportGateway.Api)'
2023-10-24 23:47:41.775 -05:00 [INF] Response:
StatusCode: 200
Content-Type: application/json; charset=utf-8
Date: Wed, 25 Oct 2023 04:47:41 GMT
Server: Kestrel
2023-10-24 23:47:41.776 -05:00 [INF] Request finished HTTP/2 GET https://localhost:7144/api/v1/Airline/GetAll - - - 200 - application/json;+charset=utf-8 160.1069ms
2023-10-24 23:48:48.564 -05:00 [INF] Request starting HTTP/2 GET https://localhost:7144/api/v1/Airline/GetAll - -
2023-10-24 23:48:48.637 -05:00 [INF] Request:
Protocol: HTTP/2
Method: GET
Scheme: https
PathBase: 
Path: /api/v1/Airline/GetAll
Accept: text/plain
Host: localhost:7144
User-Agent: Mozilla/5.0 (Windows NT 10.0; Win64; x64) AppleWebKit/537.36 (KHTML, like Gecko) Chrome/118.0.0.0 Safari/537.36 Edg/118.0.2088.61
Accept-Encoding: gzip, deflate, br
Accept-Language: es,es-ES;q=0.9,en;q=0.8,en-GB;q=0.7,en-US;q=0.6
Authorization: [Redacted]
Referer: [Redacted]
sec-ch-ua: [Redacted]
sec-ch-ua-mobile: [Redacted]
sec-ch-ua-platform: [Redacted]
sec-fetch-site: [Redacted]
sec-fetch-mode: [Redacted]
sec-fetch-dest: [Redacted]
2023-10-24 23:48:48.638 -05:00 [INF] Executing endpoint 'AirportGateway.Api.Controllers.AirlineController.GetAll (AirportGateway.Api)'
2023-10-24 23:48:48.639 -05:00 [INF] Route matched with {action = "GetAll", controller = "Airline"}. Executing controller action with signature System.Threading.Tasks.Task`1[AirportGateway.App.Base.Response`1[System.Collections.Generic.IEnumerable`1[AirportGateway.App.AirportManagement.Http.Dto.AirlineDto]]] GetAll() on controller AirportGateway.Api.Controllers.AirlineController (AirportGateway.Api).
2023-10-24 23:48:48.640 -05:00 [INF] Executing action method AirportGateway.Api.Controllers.AirlineController.GetAll (AirportGateway.Api) - Validation state: "Valid"
2023-10-24 23:49:04.765 -05:00 [ERR] Ocurrió un error GET "https://localhost:7170/api/v1/Airline/GetAll" failed because response status code does not indicate success: 500 (Internal Server Error).
2023-10-24 23:49:04.766 -05:00 [INF] Executed action method AirportGateway.Api.Controllers.AirlineController.GetAll (AirportGateway.Api), returned result Microsoft.AspNetCore.Mvc.ObjectResult in 16125.3344ms.
2023-10-24 23:49:04.768 -05:00 [INF] Executing ObjectResult, writing value of type 'AirportGateway.App.Base.Response`1[[System.Collections.Generic.IEnumerable`1[[AirportGateway.App.AirportManagement.Http.Dto.AirlineDto, AirportGateway.App, Version=1.0.0.0, Culture=neutral, PublicKeyToken=null]], System.Private.CoreLib, Version=7.0.0.0, Culture=neutral, PublicKeyToken=7cec85d7bea7798e]]'.
2023-10-24 23:49:04.769 -05:00 [INF] Executed action AirportGateway.Api.Controllers.AirlineController.GetAll (AirportGateway.Api) in 16128.977ms
2023-10-24 23:49:04.770 -05:00 [INF] Executed endpoint 'AirportGateway.Api.Controllers.AirlineController.GetAll (AirportGateway.Api)'
2023-10-24 23:49:04.770 -05:00 [INF] Response:
StatusCode: 200
Content-Type: application/json; charset=utf-8
Date: Wed, 25 Oct 2023 04:49:04 GMT
Server: Kestrel
2023-10-24 23:49:04.771 -05:00 [INF] Request finished HTTP/2 GET https://localhost:7144/api/v1/Airline/GetAll - - - 200 - application/json;+charset=utf-8 16206.7916ms
2023-10-24 23:49:05.716 -05:00 [INF] Request starting HTTP/2 GET https://localhost:7144/api/v1/Airline/GetAll - -
2023-10-24 23:49:05.768 -05:00 [INF] Request:
Protocol: HTTP/2
Method: GET
Scheme: https
PathBase: 
Path: /api/v1/Airline/GetAll
Accept: text/plain
Host: localhost:7144
User-Agent: Mozilla/5.0 (Windows NT 10.0; Win64; x64) AppleWebKit/537.36 (KHTML, like Gecko) Chrome/118.0.0.0 Safari/537.36 Edg/118.0.2088.61
Accept-Encoding: gzip, deflate, br
Accept-Language: es,es-ES;q=0.9,en;q=0.8,en-GB;q=0.7,en-US;q=0.6
Authorization: [Redacted]
Referer: [Redacted]
sec-ch-ua: [Redacted]
sec-ch-ua-mobile: [Redacted]
sec-ch-ua-platform: [Redacted]
sec-fetch-site: [Redacted]
sec-fetch-mode: [Redacted]
sec-fetch-dest: [Redacted]
2023-10-24 23:49:05.770 -05:00 [INF] Executing endpoint 'AirportGateway.Api.Controllers.AirlineController.GetAll (AirportGateway.Api)'
2023-10-24 23:49:05.771 -05:00 [INF] Route matched with {action = "GetAll", controller = "Airline"}. Executing controller action with signature System.Threading.Tasks.Task`1[AirportGateway.App.Base.Response`1[System.Collections.Generic.IEnumerable`1[AirportGateway.App.AirportManagement.Http.Dto.AirlineDto]]] GetAll() on controller AirportGateway.Api.Controllers.AirlineController (AirportGateway.Api).
2023-10-24 23:49:05.773 -05:00 [INF] Executing action method AirportGateway.Api.Controllers.AirlineController.GetAll (AirportGateway.Api) - Validation state: "Valid"
2023-10-24 23:50:31.831 -05:00 [ERR] Ocurrió un error GET "https://localhost:7170/api/v1/Airline/GetAll" failed because response status code does not indicate success: 500 (Internal Server Error).
2023-10-24 23:50:31.832 -05:00 [INF] Executed action method AirportGateway.Api.Controllers.AirlineController.GetAll (AirportGateway.Api), returned result Microsoft.AspNetCore.Mvc.ObjectResult in 86058.1139ms.
2023-10-24 23:50:31.833 -05:00 [INF] Executing ObjectResult, writing value of type 'AirportGateway.App.Base.Response`1[[System.Collections.Generic.IEnumerable`1[[AirportGateway.App.AirportManagement.Http.Dto.AirlineDto, AirportGateway.App, Version=1.0.0.0, Culture=neutral, PublicKeyToken=null]], System.Private.CoreLib, Version=7.0.0.0, Culture=neutral, PublicKeyToken=7cec85d7bea7798e]]'.
2023-10-24 23:50:31.834 -05:00 [INF] Executed action AirportGateway.Api.Controllers.AirlineController.GetAll (AirportGateway.Api) in 86061.5747ms
2023-10-24 23:50:31.835 -05:00 [INF] Executed endpoint 'AirportGateway.Api.Controllers.AirlineController.GetAll (AirportGateway.Api)'
2023-10-24 23:50:31.836 -05:00 [INF] Response:
StatusCode: 200
Content-Type: application/json; charset=utf-8
Date: Wed, 25 Oct 2023 04:50:31 GMT
Server: Kestrel
2023-10-24 23:50:31.836 -05:00 [INF] Request finished HTTP/2 GET https://localhost:7144/api/v1/Airline/GetAll - - - 200 - application/json;+charset=utf-8 86120.1395ms
2023-10-24 23:52:53.571 -05:00 [INF] Request starting HTTP/2 GET https://localhost:7144/api/v1/Airline/GetAll - -
2023-10-24 23:52:53.689 -05:00 [INF] Request:
Protocol: HTTP/2
Method: GET
Scheme: https
PathBase: 
Path: /api/v1/Airline/GetAll
Accept: text/plain
Host: localhost:7144
User-Agent: Mozilla/5.0 (Windows NT 10.0; Win64; x64) AppleWebKit/537.36 (KHTML, like Gecko) Chrome/118.0.0.0 Safari/537.36 Edg/118.0.2088.61
Accept-Encoding: gzip, deflate, br
Accept-Language: es,es-ES;q=0.9,en;q=0.8,en-GB;q=0.7,en-US;q=0.6
Authorization: [Redacted]
Referer: [Redacted]
sec-ch-ua: [Redacted]
sec-ch-ua-mobile: [Redacted]
sec-ch-ua-platform: [Redacted]
sec-fetch-site: [Redacted]
sec-fetch-mode: [Redacted]
sec-fetch-dest: [Redacted]
2023-10-24 23:52:53.691 -05:00 [INF] Executing endpoint 'AirportGateway.Api.Controllers.AirlineController.GetAll (AirportGateway.Api)'
2023-10-24 23:52:53.692 -05:00 [INF] Route matched with {action = "GetAll", controller = "Airline"}. Executing controller action with signature System.Threading.Tasks.Task`1[AirportGateway.App.Base.Response`1[System.Collections.Generic.IEnumerable`1[AirportGateway.App.AirportManagement.Http.Dto.AirlineDto]]] GetAll() on controller AirportGateway.Api.Controllers.AirlineController (AirportGateway.Api).
2023-10-24 23:52:53.693 -05:00 [INF] Executing action method AirportGateway.Api.Controllers.AirlineController.GetAll (AirportGateway.Api) - Validation state: "Valid"
2023-10-24 23:54:32.787 -05:00 [ERR] Ocurrió un error An error occurred while sending the request.
2023-10-24 23:54:32.788 -05:00 [INF] Executed action method AirportGateway.Api.Controllers.AirlineController.GetAll (AirportGateway.Api), returned result Microsoft.AspNetCore.Mvc.ObjectResult in 99094.6086ms.
2023-10-24 23:54:32.789 -05:00 [INF] Executing ObjectResult, writing value of type 'AirportGateway.App.Base.Response`1[[System.Collections.Generic.IEnumerable`1[[AirportGateway.App.AirportManagement.Http.Dto.AirlineDto, AirportGateway.App, Version=1.0.0.0, Culture=neutral, PublicKeyToken=null]], System.Private.CoreLib, Version=7.0.0.0, Culture=neutral, PublicKeyToken=7cec85d7bea7798e]]'.
2023-10-24 23:54:32.791 -05:00 [INF] Executed action AirportGateway.Api.Controllers.AirlineController.GetAll (AirportGateway.Api) in 99098.0775ms
2023-10-24 23:54:32.795 -05:00 [INF] Executed endpoint 'AirportGateway.Api.Controllers.AirlineController.GetAll (AirportGateway.Api)'
2023-10-24 23:54:32.796 -05:00 [INF] Response:
StatusCode: 200
Content-Type: application/json; charset=utf-8
Date: Wed, 25 Oct 2023 04:54:32 GMT
Server: Kestrel
2023-10-24 23:54:32.796 -05:00 [INF] Request finished HTTP/2 GET https://localhost:7144/api/v1/Airline/GetAll - - - 200 - application/json;+charset=utf-8 99227.3647ms
2023-10-24 23:54:43.728 -05:00 [INF] Request starting HTTP/2 GET https://localhost:7144/api/v1/Airline/GetAll - -
2023-10-24 23:54:43.795 -05:00 [INF] Request:
Protocol: HTTP/2
Method: GET
Scheme: https
PathBase: 
Path: /api/v1/Airline/GetAll
Accept: text/plain
Host: localhost:7144
User-Agent: Mozilla/5.0 (Windows NT 10.0; Win64; x64) AppleWebKit/537.36 (KHTML, like Gecko) Chrome/118.0.0.0 Safari/537.36 Edg/118.0.2088.61
Accept-Encoding: gzip, deflate, br
Accept-Language: es,es-ES;q=0.9,en;q=0.8,en-GB;q=0.7,en-US;q=0.6
Authorization: [Redacted]
Referer: [Redacted]
sec-ch-ua: [Redacted]
sec-ch-ua-mobile: [Redacted]
sec-ch-ua-platform: [Redacted]
sec-fetch-site: [Redacted]
sec-fetch-mode: [Redacted]
sec-fetch-dest: [Redacted]
2023-10-24 23:54:43.796 -05:00 [INF] Executing endpoint 'AirportGateway.Api.Controllers.AirlineController.GetAll (AirportGateway.Api)'
2023-10-24 23:54:43.797 -05:00 [INF] Route matched with {action = "GetAll", controller = "Airline"}. Executing controller action with signature System.Threading.Tasks.Task`1[AirportGateway.App.Base.Response`1[System.Collections.Generic.IEnumerable`1[AirportGateway.App.AirportManagement.Http.Dto.AirlineDto]]] GetAll() on controller AirportGateway.Api.Controllers.AirlineController (AirportGateway.Api).
2023-10-24 23:54:43.802 -05:00 [INF] Executing action method AirportGateway.Api.Controllers.AirlineController.GetAll (AirportGateway.Api) - Validation state: "Valid"
2023-10-24 23:56:04.710 -05:00 [ERR] Ocurrió un error GET "https://localhost:7170/api/v1/Airline/GetAll" failed because response status code does not indicate success: 500 (Internal Server Error).
2023-10-24 23:56:04.711 -05:00 [INF] Executed action method AirportGateway.Api.Controllers.AirlineController.GetAll (AirportGateway.Api), returned result Microsoft.AspNetCore.Mvc.ObjectResult in 80908.3821ms.
2023-10-24 23:56:04.716 -05:00 [INF] Executing ObjectResult, writing value of type 'AirportGateway.App.Base.Response`1[[System.Collections.Generic.IEnumerable`1[[AirportGateway.App.AirportManagement.Http.Dto.AirlineDto, AirportGateway.App, Version=1.0.0.0, Culture=neutral, PublicKeyToken=null]], System.Private.CoreLib, Version=7.0.0.0, Culture=neutral, PublicKeyToken=7cec85d7bea7798e]]'.
2023-10-24 23:56:04.723 -05:00 [INF] Executed action AirportGateway.Api.Controllers.AirlineController.GetAll (AirportGateway.Api) in 80924.2393ms
2023-10-24 23:56:04.724 -05:00 [INF] Executed endpoint 'AirportGateway.Api.Controllers.AirlineController.GetAll (AirportGateway.Api)'
2023-10-24 23:56:04.725 -05:00 [INF] Response:
StatusCode: 200
Content-Type: application/json; charset=utf-8
Date: Wed, 25 Oct 2023 04:56:04 GMT
Server: Kestrel
2023-10-24 23:56:04.726 -05:00 [INF] Request finished HTTP/2 GET https://localhost:7144/api/v1/Airline/GetAll - - - 200 - application/json;+charset=utf-8 80998.2297ms
2023-10-24 23:56:08.024 -05:00 [INF] Request starting HTTP/2 GET https://localhost:7144/api/v1/Airline/GetAll - -
2023-10-24 23:56:08.107 -05:00 [INF] Request:
Protocol: HTTP/2
Method: GET
Scheme: https
PathBase: 
Path: /api/v1/Airline/GetAll
Accept: text/plain
Host: localhost:7144
User-Agent: Mozilla/5.0 (Windows NT 10.0; Win64; x64) AppleWebKit/537.36 (KHTML, like Gecko) Chrome/118.0.0.0 Safari/537.36 Edg/118.0.2088.61
Accept-Encoding: gzip, deflate, br
Accept-Language: es,es-ES;q=0.9,en;q=0.8,en-GB;q=0.7,en-US;q=0.6
Authorization: [Redacted]
Referer: [Redacted]
sec-ch-ua: [Redacted]
sec-ch-ua-mobile: [Redacted]
sec-ch-ua-platform: [Redacted]
sec-fetch-site: [Redacted]
sec-fetch-mode: [Redacted]
sec-fetch-dest: [Redacted]
2023-10-24 23:56:08.109 -05:00 [INF] Executing endpoint 'AirportGateway.Api.Controllers.AirlineController.GetAll (AirportGateway.Api)'
2023-10-24 23:56:08.110 -05:00 [INF] Route matched with {action = "GetAll", controller = "Airline"}. Executing controller action with signature System.Threading.Tasks.Task`1[AirportGateway.App.Base.Response`1[System.Collections.Generic.IEnumerable`1[AirportGateway.App.AirportManagement.Http.Dto.AirlineDto]]] GetAll() on controller AirportGateway.Api.Controllers.AirlineController (AirportGateway.Api).
2023-10-24 23:56:08.112 -05:00 [INF] Executing action method AirportGateway.Api.Controllers.AirlineController.GetAll (AirportGateway.Api) - Validation state: "Valid"
2023-10-24 23:57:14.803 -05:00 [ERR] Ocurrió un error GET "https://localhost:7170/api/v1/Airline/GetAll" failed because response status code does not indicate success: 500 (Internal Server Error).
2023-10-24 23:57:14.804 -05:00 [INF] Executed action method AirportGateway.Api.Controllers.AirlineController.GetAll (AirportGateway.Api), returned result Microsoft.AspNetCore.Mvc.ObjectResult in 66690.5195ms.
2023-10-24 23:57:14.805 -05:00 [INF] Executing ObjectResult, writing value of type 'AirportGateway.App.Base.Response`1[[System.Collections.Generic.IEnumerable`1[[AirportGateway.App.AirportManagement.Http.Dto.AirlineDto, AirportGateway.App, Version=1.0.0.0, Culture=neutral, PublicKeyToken=null]], System.Private.CoreLib, Version=7.0.0.0, Culture=neutral, PublicKeyToken=7cec85d7bea7798e]]'.
2023-10-24 23:57:14.806 -05:00 [INF] Executed action AirportGateway.Api.Controllers.AirlineController.GetAll (AirportGateway.Api) in 66694.2464ms
2023-10-24 23:57:14.810 -05:00 [INF] Executed endpoint 'AirportGateway.Api.Controllers.AirlineController.GetAll (AirportGateway.Api)'
2023-10-24 23:57:14.812 -05:00 [INF] Response:
StatusCode: 200
Content-Type: application/json; charset=utf-8
Date: Wed, 25 Oct 2023 04:57:14 GMT
Server: Kestrel
2023-10-24 23:57:14.812 -05:00 [INF] Request finished HTTP/2 GET https://localhost:7144/api/v1/Airline/GetAll - - - 200 - application/json;+charset=utf-8 66788.4986ms
2023-10-24 23:58:10.763 -05:00 [INF] Request starting HTTP/2 GET https://localhost:7144/api/v1/Airline/GetAll - -
2023-10-24 23:58:10.841 -05:00 [INF] Request:
Protocol: HTTP/2
Method: GET
Scheme: https
PathBase: 
Path: /api/v1/Airline/GetAll
Accept: text/plain
Host: localhost:7144
User-Agent: Mozilla/5.0 (Windows NT 10.0; Win64; x64) AppleWebKit/537.36 (KHTML, like Gecko) Chrome/118.0.0.0 Safari/537.36 Edg/118.0.2088.61
Accept-Encoding: gzip, deflate, br
Accept-Language: es,es-ES;q=0.9,en;q=0.8,en-GB;q=0.7,en-US;q=0.6
Authorization: [Redacted]
Referer: [Redacted]
sec-ch-ua: [Redacted]
sec-ch-ua-mobile: [Redacted]
sec-ch-ua-platform: [Redacted]
sec-fetch-site: [Redacted]
sec-fetch-mode: [Redacted]
sec-fetch-dest: [Redacted]
2023-10-24 23:58:10.843 -05:00 [INF] Executing endpoint 'AirportGateway.Api.Controllers.AirlineController.GetAll (AirportGateway.Api)'
2023-10-24 23:58:10.843 -05:00 [INF] Route matched with {action = "GetAll", controller = "Airline"}. Executing controller action with signature System.Threading.Tasks.Task`1[AirportGateway.App.Base.Response`1[System.Collections.Generic.IEnumerable`1[AirportGateway.App.AirportManagement.Http.Dto.AirlineDto]]] GetAll() on controller AirportGateway.Api.Controllers.AirlineController (AirportGateway.Api).
2023-10-24 23:58:10.845 -05:00 [INF] Executing action method AirportGateway.Api.Controllers.AirlineController.GetAll (AirportGateway.Api) - Validation state: "Valid"
2023-10-24 23:59:22.500 -05:00 [ERR] Ocurrió un error GET "https://localhost:7170/api/v1/Airline/GetAll" failed because response status code does not indicate success: 500 (Internal Server Error).
2023-10-24 23:59:22.501 -05:00 [INF] Executed action method AirportGateway.Api.Controllers.AirlineController.GetAll (AirportGateway.Api), returned result Microsoft.AspNetCore.Mvc.ObjectResult in 71654.9748ms.
2023-10-24 23:59:22.502 -05:00 [INF] Executing ObjectResult, writing value of type 'AirportGateway.App.Base.Response`1[[System.Collections.Generic.IEnumerable`1[[AirportGateway.App.AirportManagement.Http.Dto.AirlineDto, AirportGateway.App, Version=1.0.0.0, Culture=neutral, PublicKeyToken=null]], System.Private.CoreLib, Version=7.0.0.0, Culture=neutral, PublicKeyToken=7cec85d7bea7798e]]'.
2023-10-24 23:59:22.503 -05:00 [INF] Executed action AirportGateway.Api.Controllers.AirlineController.GetAll (AirportGateway.Api) in 71658.2501ms
2023-10-24 23:59:22.506 -05:00 [INF] Executed endpoint 'AirportGateway.Api.Controllers.AirlineController.GetAll (AirportGateway.Api)'
2023-10-24 23:59:22.507 -05:00 [INF] Response:
StatusCode: 200
Content-Type: application/json; charset=utf-8
Date: Wed, 25 Oct 2023 04:59:22 GMT
Server: Kestrel
2023-10-24 23:59:22.507 -05:00 [INF] Request finished HTTP/2 GET https://localhost:7144/api/v1/Airline/GetAll - - - 200 - application/json;+charset=utf-8 71745.9681ms
2023-10-24 23:59:40.097 -05:00 [INF] Request starting HTTP/2 GET https://localhost:7144/api/v1/Airline/GetAll - -
2023-10-24 23:59:40.167 -05:00 [INF] Request:
Protocol: HTTP/2
Method: GET
Scheme: https
PathBase: 
Path: /api/v1/Airline/GetAll
Accept: text/plain
Host: localhost:7144
User-Agent: Mozilla/5.0 (Windows NT 10.0; Win64; x64) AppleWebKit/537.36 (KHTML, like Gecko) Chrome/118.0.0.0 Safari/537.36 Edg/118.0.2088.61
Accept-Encoding: gzip, deflate, br
Accept-Language: es,es-ES;q=0.9,en;q=0.8,en-GB;q=0.7,en-US;q=0.6
Authorization: [Redacted]
Referer: [Redacted]
sec-ch-ua: [Redacted]
sec-ch-ua-mobile: [Redacted]
sec-ch-ua-platform: [Redacted]
sec-fetch-site: [Redacted]
sec-fetch-mode: [Redacted]
sec-fetch-dest: [Redacted]
2023-10-24 23:59:40.169 -05:00 [INF] Executing endpoint 'AirportGateway.Api.Controllers.AirlineController.GetAll (AirportGateway.Api)'
2023-10-24 23:59:40.170 -05:00 [INF] Route matched with {action = "GetAll", controller = "Airline"}. Executing controller action with signature System.Threading.Tasks.Task`1[AirportGateway.App.Base.Response`1[System.Collections.Generic.IEnumerable`1[AirportGateway.App.AirportManagement.Http.Dto.AirlineDto]]] GetAll() on controller AirportGateway.Api.Controllers.AirlineController (AirportGateway.Api).
2023-10-24 23:59:40.172 -05:00 [INF] Executing action method AirportGateway.Api.Controllers.AirlineController.GetAll (AirportGateway.Api) - Validation state: "Valid"
2023-10-24 23:59:44.848 -05:00 [ERR] Ocurrió un error GET "https://localhost:7170/api/v1/Airline/GetAll" failed because response status code does not indicate success: 500 (Internal Server Error).
2023-10-24 23:59:44.848 -05:00 [INF] Executed action method AirportGateway.Api.Controllers.AirlineController.GetAll (AirportGateway.Api), returned result Microsoft.AspNetCore.Mvc.ObjectResult in 4675.7367ms.
2023-10-24 23:59:44.850 -05:00 [INF] Executing ObjectResult, writing value of type 'AirportGateway.App.Base.Response`1[[System.Collections.Generic.IEnumerable`1[[AirportGateway.App.AirportManagement.Http.Dto.AirlineDto, AirportGateway.App, Version=1.0.0.0, Culture=neutral, PublicKeyToken=null]], System.Private.CoreLib, Version=7.0.0.0, Culture=neutral, PublicKeyToken=7cec85d7bea7798e]]'.
2023-10-24 23:59:44.851 -05:00 [INF] Executed action AirportGateway.Api.Controllers.AirlineController.GetAll (AirportGateway.Api) in 4679.8989ms
2023-10-24 23:59:44.853 -05:00 [INF] Executed endpoint 'AirportGateway.Api.Controllers.AirlineController.GetAll (AirportGateway.Api)'
2023-10-24 23:59:44.854 -05:00 [INF] Response:
StatusCode: 200
Content-Type: application/json; charset=utf-8
Date: Wed, 25 Oct 2023 04:59:44 GMT
Server: Kestrel
2023-10-24 23:59:44.855 -05:00 [INF] Request finished HTTP/2 GET https://localhost:7144/api/v1/Airline/GetAll - - - 200 - application/json;+charset=utf-8 4757.7796ms
2023-10-24 23:59:48.058 -05:00 [INF] Request starting HTTP/2 GET https://localhost:7144/api/v1/Airline/GetAll - -
2023-10-24 23:59:48.114 -05:00 [INF] Request:
Protocol: HTTP/2
Method: GET
Scheme: https
PathBase: 
Path: /api/v1/Airline/GetAll
Accept: text/plain
Host: localhost:7144
User-Agent: Mozilla/5.0 (Windows NT 10.0; Win64; x64) AppleWebKit/537.36 (KHTML, like Gecko) Chrome/118.0.0.0 Safari/537.36 Edg/118.0.2088.61
Accept-Encoding: gzip, deflate, br
Accept-Language: es,es-ES;q=0.9,en;q=0.8,en-GB;q=0.7,en-US;q=0.6
Authorization: [Redacted]
Referer: [Redacted]
sec-ch-ua: [Redacted]
sec-ch-ua-mobile: [Redacted]
sec-ch-ua-platform: [Redacted]
sec-fetch-site: [Redacted]
sec-fetch-mode: [Redacted]
sec-fetch-dest: [Redacted]
2023-10-24 23:59:48.116 -05:00 [INF] Executing endpoint 'AirportGateway.Api.Controllers.AirlineController.GetAll (AirportGateway.Api)'
2023-10-24 23:59:48.117 -05:00 [INF] Route matched with {action = "GetAll", controller = "Airline"}. Executing controller action with signature System.Threading.Tasks.Task`1[AirportGateway.App.Base.Response`1[System.Collections.Generic.IEnumerable`1[AirportGateway.App.AirportManagement.Http.Dto.AirlineDto]]] GetAll() on controller AirportGateway.Api.Controllers.AirlineController (AirportGateway.Api).
2023-10-24 23:59:48.118 -05:00 [INF] Executing action method AirportGateway.Api.Controllers.AirlineController.GetAll (AirportGateway.Api) - Validation state: "Valid"
