2023-10-24 17:35:40.230 -05:00 [INF] User profile is available. Using 'C:\Users\AuxiliarN-PC\AppData\Local\ASP.NET\DataProtection-Keys' as key repository and Windows DPAPI to encrypt keys at rest.
2023-10-24 17:35:40.463 -05:00 [INF] Now listening on: http://localhost:5176
2023-10-24 17:35:40.468 -05:00 [INF] Application started. Press Ctrl+C to shut down.
2023-10-24 17:35:40.471 -05:00 [INF] Hosting environment: Development
2023-10-24 17:35:40.473 -05:00 [INF] Content root path: C:\Users\AuxiliarN-PC\RiderProjects\AirportManager\AirportGateway\AirportGateway.Api
2023-10-24 17:35:40.625 -05:00 [INF] Request starting HTTP/1.1 GET http://localhost:5176/swagger - -
2023-10-24 17:35:40.651 -05:00 [INF] Request finished HTTP/1.1 GET http://localhost:5176/swagger - - - 301 0 - 27.2174ms
2023-10-24 17:35:40.657 -05:00 [INF] Request starting HTTP/1.1 GET http://localhost:5176/swagger/index.html - -
2023-10-24 17:35:40.753 -05:00 [INF] Request finished HTTP/1.1 GET http://localhost:5176/swagger/index.html - - - 200 - text/html;charset=utf-8 95.2443ms
2023-10-24 17:35:40.793 -05:00 [INF] Request starting HTTP/1.1 GET http://localhost:5176/swagger/swagger-ui.css - -
2023-10-24 17:35:40.795 -05:00 [INF] Request starting HTTP/1.1 GET http://localhost:5176/swagger/swagger-ui-bundle.js - -
2023-10-24 17:35:40.796 -05:00 [INF] Request starting HTTP/1.1 GET http://localhost:5176/swagger/swagger-ui-standalone-preset.js - -
2023-10-24 17:35:40.875 -05:00 [INF] Sending file. Request path: '/swagger-ui.css'. Physical path: 'N/A'
2023-10-24 17:35:40.875 -05:00 [INF] Sending file. Request path: '/swagger-ui-standalone-preset.js'. Physical path: 'N/A'
2023-10-24 17:35:40.875 -05:00 [INF] Sending file. Request path: '/swagger-ui-bundle.js'. Physical path: 'N/A'
2023-10-24 17:35:40.879 -05:00 [INF] Request finished HTTP/1.1 GET http://localhost:5176/swagger/swagger-ui.css - - - 200 144929 text/css 85.9464ms
2023-10-24 17:35:40.879 -05:00 [INF] Request finished HTTP/1.1 GET http://localhost:5176/swagger/swagger-ui-standalone-preset.js - - - 200 312163 text/javascript 82.7841ms
2023-10-24 17:35:40.880 -05:00 [INF] Request finished HTTP/1.1 GET http://localhost:5176/swagger/swagger-ui-bundle.js - - - 200 1061536 text/javascript 84.8907ms
2023-10-24 17:35:41.265 -05:00 [INF] Request starting HTTP/1.1 GET http://localhost:5176/swagger/v1/swagger.json - -
2023-10-24 17:35:41.276 -05:00 [INF] Request starting HTTP/1.1 GET http://localhost:5176/swagger/favicon-32x32.png - -
2023-10-24 17:35:41.278 -05:00 [INF] Sending file. Request path: '/favicon-32x32.png'. Physical path: 'N/A'
2023-10-24 17:35:41.279 -05:00 [INF] Request finished HTTP/1.1 GET http://localhost:5176/swagger/favicon-32x32.png - - - 200 628 image/png 2.7325ms
2023-10-24 17:35:41.339 -05:00 [ERR] An unhandled exception has occurred while executing the request.
Swashbuckle.AspNetCore.SwaggerGen.SwaggerGeneratorException: Conflicting method/path combination "GET api/v1/Airline/GetAll" for actions - AirportGateway.Api.Controllers.AirlineController.GetAll (AirportGateway.Api),Api.Controllers.AirlineController.GetAll (Api). Actions require a unique method/path combination for Swagger/OpenAPI 3.0. Use ConflictingActionsResolver as a workaround
   at Swashbuckle.AspNetCore.SwaggerGen.SwaggerGenerator.GenerateOperations(IEnumerable`1 apiDescriptions, SchemaRepository schemaRepository)
   at Swashbuckle.AspNetCore.SwaggerGen.SwaggerGenerator.GeneratePaths(IEnumerable`1 apiDescriptions, SchemaRepository schemaRepository)
   at Swashbuckle.AspNetCore.SwaggerGen.SwaggerGenerator.GetSwaggerDocumentWithoutFilters(String documentName, String host, String basePath)
   at Swashbuckle.AspNetCore.SwaggerGen.SwaggerGenerator.GetSwaggerAsync(String documentName, String host, String basePath)
   at Swashbuckle.AspNetCore.Swagger.SwaggerMiddleware.Invoke(HttpContext httpContext, ISwaggerProvider swaggerProvider)
   at Microsoft.AspNetCore.Diagnostics.DeveloperExceptionPageMiddlewareImpl.Invoke(HttpContext context)
2023-10-24 17:35:41.347 -05:00 [INF] Request finished HTTP/1.1 GET http://localhost:5176/swagger/v1/swagger.json - - - 500 - text/plain;+charset=utf-8 81.4834ms
