2023-10-25 00:07:08.355 -05:00 [INF] User profile is available. Using 'C:\Users\AuxiliarN-PC\AppData\Local\ASP.NET\DataProtection-Keys' as key repository and Windows DPAPI to encrypt keys at rest.
2023-10-25 00:07:08.470 -05:00 [INF] Now listening on: https://localhost:7144
2023-10-25 00:07:08.471 -05:00 [INF] Now listening on: http://localhost:5176
2023-10-25 00:07:08.475 -05:00 [INF] Application started. Press Ctrl+C to shut down.
2023-10-25 00:07:08.476 -05:00 [INF] Hosting environment: Development
2023-10-25 00:07:08.477 -05:00 [INF] Content root path: C:\Users\AuxiliarN-PC\RiderProjects\AirportManager\AirportGateway\AirportGateway.Api
2023-10-25 00:07:09.074 -05:00 [INF] Request starting HTTP/2 GET https://localhost:7144/swagger/index.html - -
2023-10-25 00:07:09.184 -05:00 [INF] Request finished HTTP/2 GET https://localhost:7144/swagger/index.html - - - 200 - text/html;charset=utf-8 111.8449ms
2023-10-25 00:07:09.369 -05:00 [INF] Request starting HTTP/2 GET https://localhost:7144/swagger/v1/swagger.json - -
2023-10-25 00:07:09.499 -05:00 [INF] Request finished HTTP/2 GET https://localhost:7144/swagger/v1/swagger.json - - - 200 - application/json;charset=utf-8 130.3960ms
2023-10-25 00:09:18.928 -05:00 [INF] Request starting HTTP/2 GET https://localhost:7144/api/v1/Airline/GetAll - -
2023-10-25 00:09:20.213 -05:00 [INF] Request:
Protocol: HTTP/2
Method: GET
Scheme: https
PathBase: 
Path: /api/v1/Airline/GetAll
Accept: text/plain
Host: localhost:7144
User-Agent: Mozilla/5.0 (Windows NT 10.0; Win64; x64) AppleWebKit/537.36 (KHTML, like Gecko) Chrome/118.0.0.0 Safari/537.36 Edg/118.0.2088.61
Accept-Encoding: gzip, deflate, br
Accept-Language: es,es-ES;q=0.9,en;q=0.8,en-GB;q=0.7,en-US;q=0.6
Authorization: [Redacted]
Referer: [Redacted]
sec-ch-ua: [Redacted]
sec-ch-ua-mobile: [Redacted]
sec-ch-ua-platform: [Redacted]
sec-fetch-site: [Redacted]
sec-fetch-mode: [Redacted]
sec-fetch-dest: [Redacted]
2023-10-25 00:09:20.234 -05:00 [INF] Executing endpoint 'AirportGateway.Api.Controllers.AirlineController.GetAll (AirportGateway.Api)'
2023-10-25 00:09:20.251 -05:00 [INF] Route matched with {action = "GetAll", controller = "Airline"}. Executing controller action with signature System.Threading.Tasks.Task`1[AirportGateway.App.Base.Response`1[System.Collections.Generic.IEnumerable`1[AirportGateway.App.AirportManagement.Http.Dto.AirlineDto]]] GetAll() on controller AirportGateway.Api.Controllers.AirlineController (AirportGateway.Api).
2023-10-25 00:10:24.857 -05:00 [INF] Executing ObjectResult, writing value of type 'AirportGateway.App.Base.Response`1[[System.Collections.Generic.IEnumerable`1[[AirportGateway.App.AirportManagement.Http.Dto.AirlineDto, AirportGateway.App, Version=1.0.0.0, Culture=neutral, PublicKeyToken=null]], System.Private.CoreLib, Version=7.0.0.0, Culture=neutral, PublicKeyToken=7cec85d7bea7798e]]'.
2023-10-25 00:10:24.880 -05:00 [INF] Executed action AirportGateway.Api.Controllers.AirlineController.GetAll (AirportGateway.Api) in 64623.2955ms
2023-10-25 00:10:24.885 -05:00 [INF] Executed endpoint 'AirportGateway.Api.Controllers.AirlineController.GetAll (AirportGateway.Api)'
2023-10-25 00:10:24.888 -05:00 [INF] Response:
StatusCode: 200
Content-Type: application/json; charset=utf-8
Date: Wed, 25 Oct 2023 05:10:24 GMT
Server: Kestrel
2023-10-25 00:10:24.890 -05:00 [INF] Request finished HTTP/2 GET https://localhost:7144/api/v1/Airline/GetAll - - - 200 - application/json;+charset=utf-8 65962.1373ms
2023-10-25 00:13:50.666 -05:00 [INF] Request starting HTTP/2 GET https://localhost:7144/swagger/v1/swagger.json - -
2023-10-25 00:13:50.676 -05:00 [INF] Request finished HTTP/2 GET https://localhost:7144/swagger/v1/swagger.json - - - 200 - application/json;charset=utf-8 9.6161ms
2023-10-25 00:42:46.362 -05:00 [INF] Application is shutting down...
