2023-10-24 20:33:35.855 -05:00 [INF] Entity Framework Core 6.0.14 initialized 'SecurityContext' using provider 'Microsoft.EntityFrameworkCore.SqlServer:6.0.10' with options: MigrationsHistoryTable=_MigrationHistory 
2023-10-24 20:33:36.197 -05:00 [INF] Executed DbCommand (21ms) [Parameters=[], CommandType='"Text"', CommandTimeout='30']
SELECT 1
2023-10-24 20:33:36.230 -05:00 [INF] Executed DbCommand (15ms) [Parameters=[], CommandType='"Text"', CommandTimeout='30']
SELECT OBJECT_ID(N'[_MigrationHistory]');
2023-10-24 20:33:36.259 -05:00 [INF] Executed DbCommand (8ms) [Parameters=[], CommandType='"Text"', CommandTimeout='30']
SELECT [MigrationId], [ProductVersion]
FROM [_MigrationHistory]
ORDER BY [MigrationId];
2023-10-24 20:33:36.314 -05:00 [INF] User profile is available. Using 'C:\Users\AuxiliarN-PC\AppData\Local\ASP.NET\DataProtection-Keys' as key repository and Windows DPAPI to encrypt keys at rest.
2023-10-24 20:33:36.387 -05:00 [INF] Now listening on: https://localhost:7193
2023-10-24 20:33:36.388 -05:00 [INF] Now listening on: http://localhost:5276
2023-10-24 20:33:36.392 -05:00 [INF] Application started. Press Ctrl+C to shut down.
2023-10-24 20:33:36.392 -05:00 [INF] Hosting environment: Development
2023-10-24 20:33:36.393 -05:00 [INF] Content root path: C:\Users\AuxiliarN-PC\RiderProjects\AirportManager\Security.Api\
2023-10-24 20:33:36.568 -05:00 [INF] Request starting HTTP/2 GET https://localhost:7193/swagger/index.html - -
2023-10-24 20:33:36.649 -05:00 [INF] Request finished HTTP/2 GET https://localhost:7193/swagger/index.html - - - 200 - text/html;charset=utf-8 83.8638ms
2023-10-24 20:33:36.821 -05:00 [INF] Request starting HTTP/2 GET https://localhost:7193/swagger/v1/swagger.json - -
2023-10-24 20:33:36.922 -05:00 [INF] Request finished HTTP/2 GET https://localhost:7193/swagger/v1/swagger.json - - - 200 - application/json;charset=utf-8 101.4018ms
2023-10-24 20:34:10.275 -05:00 [INF] Request starting HTTP/2 POST https://localhost:7193/api/v1/Auth/Authenticate application/json 48
2023-10-24 20:34:10.280 -05:00 [INF] CORS policy execution successful.
2023-10-24 20:34:10.300 -05:00 [INF] Request:
Protocol: HTTP/2
Method: POST
Scheme: https
PathBase: 
Path: /api/v1/Auth/Authenticate
Accept: text/plain
Host: localhost:7193
User-Agent: Mozilla/5.0 (Windows NT 10.0; Win64; x64) AppleWebKit/537.36 (KHTML, like Gecko) Chrome/118.0.0.0 Safari/537.36 Edg/118.0.2088.61
:method: [Redacted]
Accept-Encoding: gzip, deflate, br
Accept-Language: es,es-ES;q=0.9,en;q=0.8,en-GB;q=0.7,en-US;q=0.6
Content-Type: application/json
Origin: [Redacted]
Referer: [Redacted]
Content-Length: 48
sec-ch-ua: [Redacted]
sec-ch-ua-mobile: [Redacted]
sec-ch-ua-platform: [Redacted]
sec-fetch-site: [Redacted]
sec-fetch-mode: [Redacted]
sec-fetch-dest: [Redacted]
2023-10-24 20:34:10.303 -05:00 [INF] Executing endpoint 'Security.Api.Controllers.AuthController.Authenticate (Security.Api)'
2023-10-24 20:34:10.322 -05:00 [INF] Route matched with {action = "Authenticate", controller = "Auth"}. Executing controller action with signature System.Threading.Tasks.Task`1[Security.Application.Base.Response`1[Security.Application.Http.Dto.AuthenticateDto]] Authenticate(Security.Application.Http.Request.AuthenticateRequest) on controller Security.Api.Controllers.AuthController (Security.Api).
2023-10-24 20:34:10.660 -05:00 [INF] Executed DbCommand (21ms) [Parameters=[@__ToLower_0='?' (Size = 15), @__GetSha256_1='?' (Size = 4000)], CommandType='"Text"', CommandTimeout='30']
SELECT TOP(2) [u].[Id], [u].[CreatedBy], [u].[CreatedOn], [u].[Email], [u].[LastModifiedBy], [u].[LastModifiedOn], [u].[Name], [u].[Password], [u].[Status], [u].[Username]
FROM [User] AS [u]
WHERE (LOWER([u].[Username]) = @__ToLower_0) AND ([u].[Password] = @__GetSha256_1)
2023-10-24 20:34:10.791 -05:00 [WRN] Compiling a query which loads related collections for more than one collection navigation, either via 'Include' or through projection, but no 'QuerySplittingBehavior' has been configured. By default, Entity Framework will use 'QuerySplittingBehavior.SingleQuery', which can potentially result in slow query performance. See https://go.microsoft.com/fwlink/?linkid=2134277 for more information. To identify the query that's triggering this warning call 'ConfigureWarnings(w => w.Throw(RelationalEventId.MultipleCollectionIncludeWarning))'.
2023-10-24 20:34:10.841 -05:00 [INF] Executed DbCommand (25ms) [Parameters=[@__id_0='?' (DbType = Guid)], CommandType='"Text"', CommandTimeout='30']
SELECT [t].[Id], [t].[CreatedBy], [t].[CreatedOn], [t].[Email], [t].[LastModifiedBy], [t].[LastModifiedOn], [t].[Name], [t].[Password], [t].[Status], [t].[Username], [t0].[RoleId], [t0].[UserId], [t0].[CreatedBy], [t0].[CreatedOn], [t0].[Id], [t0].[LastModifiedBy], [t0].[LastModifiedOn], [t0].[Status], [t0].[Id0], [t0].[CreatedBy0], [t0].[CreatedOn0], [t0].[LastModifiedBy0], [t0].[LastModifiedOn0], [t0].[RoleName], [t0].[Status0], [t0].[RoleId0], [t0].[MenuItemId], [t0].[CreatedBy1], [t0].[CreatedOn1], [t0].[Id1], [t0].[LastModifiedBy1], [t0].[LastModifiedOn1], [t0].[Status1], [t0].[Id00], [t0].[CreatedBy00], [t0].[CreatedOn00], [t0].[Icon], [t0].[Label], [t0].[LastModifiedBy00], [t0].[LastModifiedOn00], [t0].[Order], [t0].[RouterLink], [t0].[Status00]
FROM (
    SELECT TOP(1) [u].[Id], [u].[CreatedBy], [u].[CreatedOn], [u].[Email], [u].[LastModifiedBy], [u].[LastModifiedOn], [u].[Name], [u].[Password], [u].[Status], [u].[Username]
    FROM [User] AS [u]
    WHERE [u].[Id] = @__id_0
) AS [t]
LEFT JOIN (
    SELECT [u0].[RoleId], [u0].[UserId], [u0].[CreatedBy], [u0].[CreatedOn], [u0].[Id], [u0].[LastModifiedBy], [u0].[LastModifiedOn], [u0].[Status], [r].[Id] AS [Id0], [r].[CreatedBy] AS [CreatedBy0], [r].[CreatedOn] AS [CreatedOn0], [r].[LastModifiedBy] AS [LastModifiedBy0], [r].[LastModifiedOn] AS [LastModifiedOn0], [r].[RoleName], [r].[Status] AS [Status0], [t1].[RoleId] AS [RoleId0], [t1].[MenuItemId], [t1].[CreatedBy] AS [CreatedBy1], [t1].[CreatedOn] AS [CreatedOn1], [t1].[Id] AS [Id1], [t1].[LastModifiedBy] AS [LastModifiedBy1], [t1].[LastModifiedOn] AS [LastModifiedOn1], [t1].[Status] AS [Status1], [t1].[Id0] AS [Id00], [t1].[CreatedBy0] AS [CreatedBy00], [t1].[CreatedOn0] AS [CreatedOn00], [t1].[Icon], [t1].[Label], [t1].[LastModifiedBy0] AS [LastModifiedBy00], [t1].[LastModifiedOn0] AS [LastModifiedOn00], [t1].[Order], [t1].[RouterLink], [t1].[Status0] AS [Status00]
    FROM [UserRole] AS [u0]
    INNER JOIN [Role] AS [r] ON [u0].[RoleId] = [r].[Id]
    LEFT JOIN (
        SELECT [m].[RoleId], [m].[MenuItemId], [m].[CreatedBy], [m].[CreatedOn], [m].[Id], [m].[LastModifiedBy], [m].[LastModifiedOn], [m].[Status], [m0].[Id] AS [Id0], [m0].[CreatedBy] AS [CreatedBy0], [m0].[CreatedOn] AS [CreatedOn0], [m0].[Icon], [m0].[Label], [m0].[LastModifiedBy] AS [LastModifiedBy0], [m0].[LastModifiedOn] AS [LastModifiedOn0], [m0].[Order], [m0].[RouterLink], [m0].[Status] AS [Status0]
        FROM [MenuItemRole] AS [m]
        INNER JOIN [MenuItem] AS [m0] ON [m].[MenuItemId] = [m0].[Id]
    ) AS [t1] ON [r].[Id] = [t1].[RoleId]
) AS [t0] ON [t].[Id] = [t0].[UserId]
ORDER BY [t].[Id], [t0].[RoleId], [t0].[UserId], [t0].[Id0], [t0].[RoleId0], [t0].[MenuItemId]
2023-10-24 20:34:11.004 -05:00 [INF] Executed DbCommand (2ms) [Parameters=[@__user_Id_0='?' (DbType = Guid)], CommandType='"Text"', CommandTimeout='30']
SELECT [u].[RoleId], [u].[UserId], [u].[CreatedBy], [u].[CreatedOn], [u].[Id], [u].[LastModifiedBy], [u].[LastModifiedOn], [u].[Status], [r].[Id], [r].[CreatedBy], [r].[CreatedOn], [r].[LastModifiedBy], [r].[LastModifiedOn], [r].[RoleName], [r].[Status]
FROM [UserRole] AS [u]
INNER JOIN [Role] AS [r] ON [u].[RoleId] = [r].[Id]
WHERE [u].[UserId] = @__user_Id_0
2023-10-24 20:34:11.035 -05:00 [INF] Executed DbCommand (1ms) [Parameters=[@__userDtoRole_Id_0='?' (DbType = Guid)], CommandType='"Text"', CommandTimeout='30']
SELECT [m].[RoleId], [m].[MenuItemId], [m].[CreatedBy], [m].[CreatedOn], [m].[Id], [m].[LastModifiedBy], [m].[LastModifiedOn], [m].[Status]
FROM [MenuItemRole] AS [m]
WHERE [m].[RoleId] = @__userDtoRole_Id_0
2023-10-24 20:34:11.045 -05:00 [INF] Executed DbCommand (2ms) [Parameters=[@__r_MenuItemId_0='?' (DbType = Guid)], CommandType='"Text"', CommandTimeout='30']
SELECT [m].[Id], [m].[CreatedBy], [m].[CreatedOn], [m].[Icon], [m].[Label], [m].[LastModifiedBy], [m].[LastModifiedOn], [m].[Order], [m].[RouterLink], [m].[Status]
FROM [MenuItem] AS [m]
WHERE [m].[Id] = @__r_MenuItemId_0
ORDER BY [m].[Order]
2023-10-24 20:34:11.050 -05:00 [INF] Executed DbCommand (0ms) [Parameters=[@__r_MenuItemId_0='?' (DbType = Guid)], CommandType='"Text"', CommandTimeout='30']
SELECT [m].[Id], [m].[CreatedBy], [m].[CreatedOn], [m].[Icon], [m].[Label], [m].[LastModifiedBy], [m].[LastModifiedOn], [m].[Order], [m].[RouterLink], [m].[Status]
FROM [MenuItem] AS [m]
WHERE [m].[Id] = @__r_MenuItemId_0
ORDER BY [m].[Order]
2023-10-24 20:34:11.102 -05:00 [ERR] Error mapping types.

Mapping types:
UserDto -> UserDto
Security.Application.Http.Dto.UserDto -> Security.Infrastructure.Security.Models.UserDto

Type Map configuration:
UserDto -> UserDto
Security.Application.Http.Dto.UserDto -> Security.Infrastructure.Security.Models.UserDto

Destination Member:
Roles
. 
 Full StackTrace:    at lambda_method350(Closure , Object , UserDto , ResolutionContext )
   at Security.Application.Service.Implementation.AuthService.Authenticate(AuthenticateRequest authenticateRequest) in C:\Users\AuxiliarN-PC\RiderProjects\AirportManager\Security.Application\Service\Implementation\AuthService.cs:line 44
   at Security.Api.Controllers.AuthController.Authenticate(AuthenticateRequest authenticateRequest) in C:\Users\AuxiliarN-PC\RiderProjects\AirportManager\Security.Api\Controllers\AuthController.cs:line 25
   at lambda_method49(Closure , Object )
   at Microsoft.AspNetCore.Mvc.Infrastructure.ActionMethodExecutor.AwaitableObjectResultExecutor.Execute(IActionResultTypeMapper mapper, ObjectMethodExecutor executor, Object controller, Object[] arguments)
   at Microsoft.AspNetCore.Mvc.Infrastructure.ControllerActionInvoker.<InvokeActionMethodAsync>g__Awaited|12_0(ControllerActionInvoker invoker, ValueTask`1 actionResultValueTask)
   at Microsoft.AspNetCore.Mvc.Infrastructure.ControllerActionInvoker.<InvokeNextActionFilterAsync>g__Awaited|10_0(ControllerActionInvoker invoker, Task lastTask, State next, Scope scope, Object state, Boolean isCompleted)
   at Microsoft.AspNetCore.Mvc.Infrastructure.ControllerActionInvoker.Rethrow(ActionExecutedContextSealed context)
   at Microsoft.AspNetCore.Mvc.Infrastructure.ControllerActionInvoker.Next(State& next, Scope& scope, Object& state, Boolean& isCompleted)
   at Microsoft.AspNetCore.Mvc.Infrastructure.ControllerActionInvoker.<InvokeInnerFilterAsync>g__Awaited|13_0(ControllerActionInvoker invoker, Task lastTask, State next, Scope scope, Object state, Boolean isCompleted)
   at Microsoft.AspNetCore.Mvc.Infrastructure.ResourceInvoker.<InvokeNextExceptionFilterAsync>g__Awaited|26_0(ResourceInvoker invoker, Task lastTask, State next, Scope scope, Object state, Boolean isCompleted)
AutoMapper.AutoMapperMappingException: Error mapping types.

Mapping types:
UserDto -> UserDto
Security.Application.Http.Dto.UserDto -> Security.Infrastructure.Security.Models.UserDto

Type Map configuration:
UserDto -> UserDto
Security.Application.Http.Dto.UserDto -> Security.Infrastructure.Security.Models.UserDto

Destination Member:
Roles

 ---> AutoMapper.AutoMapperMappingException: Missing type map configuration or unsupported mapping.

Mapping types:
RoleDto -> RoleDto
Security.Application.Http.Dto.RoleDto -> Security.Infrastructure.Security.Models.RoleDto
   at lambda_method351(Closure , RoleDto , RoleDto , ResolutionContext )
   at lambda_method350(Closure , Object , UserDto , ResolutionContext )
   --- End of inner exception stack trace ---
   at lambda_method350(Closure , Object , UserDto , ResolutionContext )
   at Security.Application.Service.Implementation.AuthService.Authenticate(AuthenticateRequest authenticateRequest) in C:\Users\AuxiliarN-PC\RiderProjects\AirportManager\Security.Application\Service\Implementation\AuthService.cs:line 44
   at Security.Api.Controllers.AuthController.Authenticate(AuthenticateRequest authenticateRequest) in C:\Users\AuxiliarN-PC\RiderProjects\AirportManager\Security.Api\Controllers\AuthController.cs:line 25
   at lambda_method49(Closure , Object )
   at Microsoft.AspNetCore.Mvc.Infrastructure.ActionMethodExecutor.AwaitableObjectResultExecutor.Execute(IActionResultTypeMapper mapper, ObjectMethodExecutor executor, Object controller, Object[] arguments)
   at Microsoft.AspNetCore.Mvc.Infrastructure.ControllerActionInvoker.<InvokeActionMethodAsync>g__Awaited|12_0(ControllerActionInvoker invoker, ValueTask`1 actionResultValueTask)
   at Microsoft.AspNetCore.Mvc.Infrastructure.ControllerActionInvoker.<InvokeNextActionFilterAsync>g__Awaited|10_0(ControllerActionInvoker invoker, Task lastTask, State next, Scope scope, Object state, Boolean isCompleted)
   at Microsoft.AspNetCore.Mvc.Infrastructure.ControllerActionInvoker.Rethrow(ActionExecutedContextSealed context)
   at Microsoft.AspNetCore.Mvc.Infrastructure.ControllerActionInvoker.Next(State& next, Scope& scope, Object& state, Boolean& isCompleted)
   at Microsoft.AspNetCore.Mvc.Infrastructure.ControllerActionInvoker.<InvokeInnerFilterAsync>g__Awaited|13_0(ControllerActionInvoker invoker, Task lastTask, State next, Scope scope, Object state, Boolean isCompleted)
   at Microsoft.AspNetCore.Mvc.Infrastructure.ResourceInvoker.<InvokeNextExceptionFilterAsync>g__Awaited|26_0(ResourceInvoker invoker, Task lastTask, State next, Scope scope, Object state, Boolean isCompleted)
2023-10-24 20:34:11.121 -05:00 [INF] Executing ObjectResult, writing value of type '<>f__AnonymousType1`1[[System.String, System.Private.CoreLib, Version=6.0.0.0, Culture=neutral, PublicKeyToken=7cec85d7bea7798e]]'.
2023-10-24 20:34:11.132 -05:00 [INF] Executed action Security.Api.Controllers.AuthController.Authenticate (Security.Api) in 801.4172ms
2023-10-24 20:34:11.134 -05:00 [INF] Executed endpoint 'Security.Api.Controllers.AuthController.Authenticate (Security.Api)'
2023-10-24 20:34:11.136 -05:00 [INF] Response:
StatusCode: 500
Content-Type: application/json; charset=utf-8
Date: Wed, 25 Oct 2023 01:34:10 GMT
Server: Kestrel
Access-Control-Allow-Origin: [Redacted]
2023-10-24 20:34:11.139 -05:00 [INF] Request finished HTTP/2 POST https://localhost:7193/api/v1/Auth/Authenticate application/json 48 - 500 - application/json;+charset=utf-8 864.4957ms
2023-10-24 20:34:32.099 -05:00 [INF] Application is shutting down...
