2022-05-15 11:56:57.875 -05:00 [INF] User profile is available. Using 'C:\Users\kevin\AppData\Local\ASP.NET\DataProtection-Keys' as key repository and Windows DPAPI to encrypt keys at rest.
2022-05-15 11:56:58.103 -05:00 [INF] Now listening on: https://localhost:7170
2022-05-15 11:56:58.105 -05:00 [INF] Now listening on: http://localhost:5094
2022-05-15 11:56:58.109 -05:00 [INF] Application started. Press Ctrl+C to shut down.
2022-05-15 11:56:58.110 -05:00 [INF] Hosting environment: Development
2022-05-15 11:56:58.112 -05:00 [INF] Content root path: D:\GitHub\AirportManagementApi\Api\
2022-05-15 11:57:09.294 -05:00 [INF] Request starting HTTP/2 OPTIONS https://localhost:7170/api/City/Update - -
2022-05-15 11:57:09.635 -05:00 [INF] CORS policy execution successful.
2022-05-15 11:57:09.646 -05:00 [INF] Request finished HTTP/2 OPTIONS https://localhost:7170/api/City/Update - - - 204 - - 356.3618ms
2022-05-15 11:57:09.648 -05:00 [INF] Request starting HTTP/2 PUT https://localhost:7170/api/City/Update application/json 85
2022-05-15 11:57:11.566 -05:00 [INF] Entity Framework Core 6.0.5 initialized 'PersistenceContext' using provider 'Microsoft.EntityFrameworkCore.SqlServer:6.0.5' with options: MigrationsHistoryTable=Airport._MigrationHistory 
2022-05-15 11:57:12.749 -05:00 [INF] Executed DbCommand (92ms) [Parameters=[@__id_0='?' (DbType = Guid)], CommandType='"Text"', CommandTimeout='30']
SELECT [u].[Id], [u].[CreatedBy], [u].[CreatedOn], [u].[LastModifiedOn], [u].[Name], [u].[pazzword], [u].[Status], [u].[UpdatedBy], [u].[Username], [u0].[RoleId], [u0].[UserId], [u0].[CreatedBy], [u0].[CreatedOn], [u0].[Id], [u0].[LastModifiedOn], [u0].[Status], [u0].[UpdatedBy]
FROM [Airport].[User] AS [u]
LEFT JOIN [Airport].[UserRole] AS [u0] ON [u].[Id] = [u0].[UserId]
WHERE [u].[Id] = @__id_0
ORDER BY [u].[Id], [u0].[RoleId]
2022-05-15 11:57:13.091 -05:00 [INF] Executed DbCommand (9ms) [Parameters=[@__id_0='?' (DbType = Guid)], CommandType='"Text"', CommandTimeout='30']
SELECT [t].[Id], [t].[CreatedBy], [t].[CreatedOn], [t].[LastModifiedOn], [t].[Name], [t].[pazzword], [t].[Status], [t].[UpdatedBy], [t].[Username], [u0].[RoleId], [u0].[UserId], [u0].[CreatedBy], [u0].[CreatedOn], [u0].[Id], [u0].[LastModifiedOn], [u0].[Status], [u0].[UpdatedBy]
FROM (
    SELECT TOP(1) [u].[Id], [u].[CreatedBy], [u].[CreatedOn], [u].[LastModifiedOn], [u].[Name], [u].[pazzword], [u].[Status], [u].[UpdatedBy], [u].[Username]
    FROM [Airport].[User] AS [u]
    WHERE [u].[Id] = @__id_0
) AS [t]
LEFT JOIN [Airport].[UserRole] AS [u0] ON [t].[Id] = [u0].[UserId]
ORDER BY [t].[Id], [u0].[RoleId]
2022-05-15 11:57:13.189 -05:00 [INF] Executed DbCommand (20ms) [Parameters=[@__user_Id_0='?' (DbType = Guid)], CommandType='"Text"', CommandTimeout='30']
SELECT [u].[RoleId], [u].[UserId], [u].[CreatedBy], [u].[CreatedOn], [u].[Id], [u].[LastModifiedOn], [u].[Status], [u].[UpdatedBy], [r].[Id], [r].[CreatedBy], [r].[CreatedOn], [r].[LastModifiedOn], [r].[RoleName], [r].[Status], [r].[UpdatedBy]
FROM [Airport].[UserRole] AS [u]
INNER JOIN [Airport].[Role] AS [r] ON [u].[RoleId] = [r].[Id]
WHERE [u].[UserId] = @__user_Id_0
2022-05-15 11:57:13.229 -05:00 [INF] CORS policy execution successful.
2022-05-15 11:57:13.285 -05:00 [INF] Request:
Protocol: HTTP/2
Method: PUT
Scheme: https
PathBase: 
Path: /api/City/Update
Accept: application/json, text/plain, */*
Host: localhost:7170
User-Agent: Mozilla/5.0 (Windows NT 10.0; Win64; x64) AppleWebKit/537.36 (KHTML, like Gecko) Chrome/101.0.4951.64 Safari/537.36 Edg/101.0.1210.47
Accept-Encoding: gzip, deflate, br
Accept-Language: es,es-ES;q=0.9,en;q=0.8,en-GB;q=0.7,en-US;q=0.6
Authorization: [Redacted]
Content-Type: application/json
Origin: [Redacted]
Referer: [Redacted]
Content-Length: 85
sec-ch-ua: [Redacted]
sec-ch-ua-mobile: [Redacted]
sec-ch-ua-platform: [Redacted]
sec-fetch-site: [Redacted]
sec-fetch-mode: [Redacted]
sec-fetch-dest: [Redacted]
2022-05-15 11:57:13.345 -05:00 [INF] Executing endpoint 'Api.Controllers.CityController.Update (Api)'
2022-05-15 11:57:13.387 -05:00 [INF] Route matched with {action = "Update", controller = "City"}. Executing controller action with signature System.Threading.Tasks.Task`1[Application.Common.Response.Response`1[System.Boolean]] Update(Application.Airport.Http.Request.CityUpdateRequest) on controller Api.Controllers.CityController (Api).
2022-05-15 11:57:13.463 -05:00 [INF] Executed DbCommand (4ms) [Parameters=[@__get_Item_0='?' (DbType = Guid)], CommandType='"Text"', CommandTimeout='30']
SELECT TOP(1) [c].[Id], [c].[CreatedBy], [c].[CreatedOn], [c].[LastModifiedOn], [c].[Name], [c].[Status], [c].[UpdatedBy]
FROM [Airport].[City] AS [c]
WHERE [c].[Id] = @__get_Item_0
2022-05-15 11:57:13.767 -05:00 [INF] Executed DbCommand (6ms) [Parameters=[@p0='?' (DbType = Guid), @p1='?' (Size = 35), @p2='?' (DbType = DateTime2), @p3='?' (Size = 4000), @p4='?' (DbType = Boolean), @p5='?' (Size = 35)], CommandType='"Text"', CommandTimeout='30']
SET NOCOUNT ON;
INSERT INTO [Airport].[City] ([Id], [CreatedBy], [CreatedOn], [Name], [Status], [UpdatedBy])
VALUES (@p0, @p1, @p2, @p3, @p4, @p5);
SELECT [LastModifiedOn]
FROM [Airport].[City]
WHERE @@ROWCOUNT = 1 AND [Id] = @p0;
2022-05-15 11:57:13.848 -05:00 [INF] Executing ObjectResult, writing value of type 'Application.Common.Response.Response`1[[System.Boolean, System.Private.CoreLib, Version=6.0.0.0, Culture=neutral, PublicKeyToken=7cec85d7bea7798e]]'.
2022-05-15 11:57:13.894 -05:00 [INF] Executed action Api.Controllers.CityController.Update (Api) in 492.1893ms
2022-05-15 11:57:13.897 -05:00 [INF] Executed endpoint 'Api.Controllers.CityController.Update (Api)'
2022-05-15 11:57:13.901 -05:00 [INF] Response:
StatusCode: 200
Content-Type: application/json; charset=utf-8
Date: Sun, 15 May 2022 16:57:13 GMT
Server: Kestrel
Access-Control-Allow-Origin: [Redacted]
2022-05-15 11:57:13.911 -05:00 [INF] Request finished HTTP/2 PUT https://localhost:7170/api/City/Update application/json 85 - 200 - application/json;+charset=utf-8 4263.4572ms
2022-05-15 11:57:15.336 -05:00 [INF] Request starting HTTP/2 OPTIONS https://localhost:7170/api/City/GetAll - -
2022-05-15 11:57:15.352 -05:00 [INF] CORS policy execution successful.
2022-05-15 11:57:15.353 -05:00 [INF] Request finished HTTP/2 OPTIONS https://localhost:7170/api/City/GetAll - - - 204 - - 16.9725ms
2022-05-15 11:57:15.357 -05:00 [INF] Request starting HTTP/2 GET https://localhost:7170/api/City/GetAll - -
2022-05-15 11:57:15.470 -05:00 [INF] Entity Framework Core 6.0.5 initialized 'PersistenceContext' using provider 'Microsoft.EntityFrameworkCore.SqlServer:6.0.5' with options: MigrationsHistoryTable=Airport._MigrationHistory 
2022-05-15 11:57:15.488 -05:00 [INF] Executed DbCommand (6ms) [Parameters=[@__id_0='?' (DbType = Guid)], CommandType='"Text"', CommandTimeout='30']
SELECT [u].[Id], [u].[CreatedBy], [u].[CreatedOn], [u].[LastModifiedOn], [u].[Name], [u].[pazzword], [u].[Status], [u].[UpdatedBy], [u].[Username], [u0].[RoleId], [u0].[UserId], [u0].[CreatedBy], [u0].[CreatedOn], [u0].[Id], [u0].[LastModifiedOn], [u0].[Status], [u0].[UpdatedBy]
FROM [Airport].[User] AS [u]
LEFT JOIN [Airport].[UserRole] AS [u0] ON [u].[Id] = [u0].[UserId]
WHERE [u].[Id] = @__id_0
ORDER BY [u].[Id], [u0].[RoleId]
2022-05-15 11:57:15.498 -05:00 [INF] Executed DbCommand (4ms) [Parameters=[@__id_0='?' (DbType = Guid)], CommandType='"Text"', CommandTimeout='30']
SELECT [t].[Id], [t].[CreatedBy], [t].[CreatedOn], [t].[LastModifiedOn], [t].[Name], [t].[pazzword], [t].[Status], [t].[UpdatedBy], [t].[Username], [u0].[RoleId], [u0].[UserId], [u0].[CreatedBy], [u0].[CreatedOn], [u0].[Id], [u0].[LastModifiedOn], [u0].[Status], [u0].[UpdatedBy]
FROM (
    SELECT TOP(1) [u].[Id], [u].[CreatedBy], [u].[CreatedOn], [u].[LastModifiedOn], [u].[Name], [u].[pazzword], [u].[Status], [u].[UpdatedBy], [u].[Username]
    FROM [Airport].[User] AS [u]
    WHERE [u].[Id] = @__id_0
) AS [t]
LEFT JOIN [Airport].[UserRole] AS [u0] ON [t].[Id] = [u0].[UserId]
ORDER BY [t].[Id], [u0].[RoleId]
2022-05-15 11:57:15.508 -05:00 [INF] Executed DbCommand (5ms) [Parameters=[@__user_Id_0='?' (DbType = Guid)], CommandType='"Text"', CommandTimeout='30']
SELECT [u].[RoleId], [u].[UserId], [u].[CreatedBy], [u].[CreatedOn], [u].[Id], [u].[LastModifiedOn], [u].[Status], [u].[UpdatedBy], [r].[Id], [r].[CreatedBy], [r].[CreatedOn], [r].[LastModifiedOn], [r].[RoleName], [r].[Status], [r].[UpdatedBy]
FROM [Airport].[UserRole] AS [u]
INNER JOIN [Airport].[Role] AS [r] ON [u].[RoleId] = [r].[Id]
WHERE [u].[UserId] = @__user_Id_0
2022-05-15 11:57:15.513 -05:00 [INF] CORS policy execution successful.
2022-05-15 11:57:15.520 -05:00 [INF] Request:
Protocol: HTTP/2
Method: GET
Scheme: https
PathBase: 
Path: /api/City/GetAll
Accept: application/json, text/plain, */*
Host: localhost:7170
User-Agent: Mozilla/5.0 (Windows NT 10.0; Win64; x64) AppleWebKit/537.36 (KHTML, like Gecko) Chrome/101.0.4951.64 Safari/537.36 Edg/101.0.1210.47
:method: [Redacted]
Accept-Encoding: gzip, deflate, br
Accept-Language: es,es-ES;q=0.9,en;q=0.8,en-GB;q=0.7,en-US;q=0.6
Authorization: [Redacted]
Origin: [Redacted]
Referer: [Redacted]
sec-ch-ua: [Redacted]
sec-ch-ua-mobile: [Redacted]
sec-ch-ua-platform: [Redacted]
sec-fetch-site: [Redacted]
sec-fetch-mode: [Redacted]
sec-fetch-dest: [Redacted]
2022-05-15 11:57:15.524 -05:00 [INF] Executing endpoint 'Api.Controllers.CityController.GetAll (Api)'
2022-05-15 11:57:15.532 -05:00 [INF] Route matched with {action = "GetAll", controller = "City"}. Executing controller action with signature System.Threading.Tasks.Task`1[Application.Common.Response.Response`1[System.Collections.Generic.IEnumerable`1[Application.Airport.Http.Dto.CityDto]]] GetAll() on controller Api.Controllers.CityController (Api).
2022-05-15 11:57:15.548 -05:00 [INF] Executed DbCommand (4ms) [Parameters=[], CommandType='"Text"', CommandTimeout='30']
SELECT [c].[Id], [c].[CreatedBy], [c].[CreatedOn], [c].[LastModifiedOn], [c].[Name], [c].[Status], [c].[UpdatedBy]
FROM [Airport].[City] AS [c]
2022-05-15 11:57:15.560 -05:00 [INF] Executing ObjectResult, writing value of type 'Application.Common.Response.Response`1[[System.Collections.Generic.IEnumerable`1[[Application.Airport.Http.Dto.CityDto, Application, Version=1.0.0.0, Culture=neutral, PublicKeyToken=null]], System.Private.CoreLib, Version=6.0.0.0, Culture=neutral, PublicKeyToken=7cec85d7bea7798e]]'.
2022-05-15 11:57:15.572 -05:00 [INF] Executed action Api.Controllers.CityController.GetAll (Api) in 37.5821ms
2022-05-15 11:57:15.576 -05:00 [INF] Executed endpoint 'Api.Controllers.CityController.GetAll (Api)'
2022-05-15 11:57:15.577 -05:00 [INF] Response:
StatusCode: 200
Content-Type: application/json; charset=utf-8
Date: Sun, 15 May 2022 16:57:15 GMT
Server: Kestrel
Access-Control-Allow-Origin: [Redacted]
2022-05-15 11:57:15.579 -05:00 [INF] Request finished HTTP/2 GET https://localhost:7170/api/City/GetAll - - - 200 - application/json;+charset=utf-8 221.2454ms
2022-05-15 11:58:46.844 -05:00 [INF] Request starting HTTP/2 OPTIONS https://localhost:7170/api/City/GetAll - -
2022-05-15 11:58:46.845 -05:00 [INF] CORS policy execution successful.
2022-05-15 11:58:46.846 -05:00 [INF] Request finished HTTP/2 OPTIONS https://localhost:7170/api/City/GetAll - - - 204 - - 2.3489ms
2022-05-15 11:58:46.848 -05:00 [INF] Request starting HTTP/2 GET https://localhost:7170/api/City/GetAll - -
2022-05-15 11:58:46.868 -05:00 [INF] Entity Framework Core 6.0.5 initialized 'PersistenceContext' using provider 'Microsoft.EntityFrameworkCore.SqlServer:6.0.5' with options: MigrationsHistoryTable=Airport._MigrationHistory 
2022-05-15 11:58:46.880 -05:00 [INF] Executed DbCommand (4ms) [Parameters=[@__id_0='?' (DbType = Guid)], CommandType='"Text"', CommandTimeout='30']
SELECT [u].[Id], [u].[CreatedBy], [u].[CreatedOn], [u].[LastModifiedOn], [u].[Name], [u].[pazzword], [u].[Status], [u].[UpdatedBy], [u].[Username], [u0].[RoleId], [u0].[UserId], [u0].[CreatedBy], [u0].[CreatedOn], [u0].[Id], [u0].[LastModifiedOn], [u0].[Status], [u0].[UpdatedBy]
FROM [Airport].[User] AS [u]
LEFT JOIN [Airport].[UserRole] AS [u0] ON [u].[Id] = [u0].[UserId]
WHERE [u].[Id] = @__id_0
ORDER BY [u].[Id], [u0].[RoleId]
2022-05-15 11:58:46.890 -05:00 [INF] Executed DbCommand (5ms) [Parameters=[@__id_0='?' (DbType = Guid)], CommandType='"Text"', CommandTimeout='30']
SELECT [t].[Id], [t].[CreatedBy], [t].[CreatedOn], [t].[LastModifiedOn], [t].[Name], [t].[pazzword], [t].[Status], [t].[UpdatedBy], [t].[Username], [u0].[RoleId], [u0].[UserId], [u0].[CreatedBy], [u0].[CreatedOn], [u0].[Id], [u0].[LastModifiedOn], [u0].[Status], [u0].[UpdatedBy]
FROM (
    SELECT TOP(1) [u].[Id], [u].[CreatedBy], [u].[CreatedOn], [u].[LastModifiedOn], [u].[Name], [u].[pazzword], [u].[Status], [u].[UpdatedBy], [u].[Username]
    FROM [Airport].[User] AS [u]
    WHERE [u].[Id] = @__id_0
) AS [t]
LEFT JOIN [Airport].[UserRole] AS [u0] ON [t].[Id] = [u0].[UserId]
ORDER BY [t].[Id], [u0].[RoleId]
2022-05-15 11:58:46.899 -05:00 [INF] Executed DbCommand (5ms) [Parameters=[@__user_Id_0='?' (DbType = Guid)], CommandType='"Text"', CommandTimeout='30']
SELECT [u].[RoleId], [u].[UserId], [u].[CreatedBy], [u].[CreatedOn], [u].[Id], [u].[LastModifiedOn], [u].[Status], [u].[UpdatedBy], [r].[Id], [r].[CreatedBy], [r].[CreatedOn], [r].[LastModifiedOn], [r].[RoleName], [r].[Status], [r].[UpdatedBy]
FROM [Airport].[UserRole] AS [u]
INNER JOIN [Airport].[Role] AS [r] ON [u].[RoleId] = [r].[Id]
WHERE [u].[UserId] = @__user_Id_0
2022-05-15 11:58:46.902 -05:00 [INF] CORS policy execution successful.
2022-05-15 11:58:46.903 -05:00 [INF] Request:
Protocol: HTTP/2
Method: GET
Scheme: https
PathBase: 
Path: /api/City/GetAll
Accept: application/json, text/plain, */*
Host: localhost:7170
User-Agent: Mozilla/5.0 (Windows NT 10.0; Win64; x64) AppleWebKit/537.36 (KHTML, like Gecko) Chrome/101.0.4951.64 Safari/537.36 Edg/101.0.1210.47
:method: [Redacted]
Accept-Encoding: gzip, deflate, br
Accept-Language: es,es-ES;q=0.9,en;q=0.8,en-GB;q=0.7,en-US;q=0.6
Authorization: [Redacted]
Origin: [Redacted]
Referer: [Redacted]
sec-ch-ua: [Redacted]
sec-ch-ua-mobile: [Redacted]
sec-ch-ua-platform: [Redacted]
sec-fetch-site: [Redacted]
sec-fetch-mode: [Redacted]
sec-fetch-dest: [Redacted]
2022-05-15 11:58:46.906 -05:00 [INF] Executing endpoint 'Api.Controllers.CityController.GetAll (Api)'
2022-05-15 11:58:46.908 -05:00 [INF] Route matched with {action = "GetAll", controller = "City"}. Executing controller action with signature System.Threading.Tasks.Task`1[Application.Common.Response.Response`1[System.Collections.Generic.IEnumerable`1[Application.Airport.Http.Dto.CityDto]]] GetAll() on controller Api.Controllers.CityController (Api).
2022-05-15 11:58:46.915 -05:00 [INF] Executed DbCommand (3ms) [Parameters=[], CommandType='"Text"', CommandTimeout='30']
SELECT [c].[Id], [c].[CreatedBy], [c].[CreatedOn], [c].[LastModifiedOn], [c].[Name], [c].[Status], [c].[UpdatedBy]
FROM [Airport].[City] AS [c]
2022-05-15 11:58:46.992 -05:00 [INF] Executing ObjectResult, writing value of type 'Application.Common.Response.Response`1[[System.Collections.Generic.IEnumerable`1[[Application.Airport.Http.Dto.CityDto, Application, Version=1.0.0.0, Culture=neutral, PublicKeyToken=null]], System.Private.CoreLib, Version=6.0.0.0, Culture=neutral, PublicKeyToken=7cec85d7bea7798e]]'.
2022-05-15 11:58:46.993 -05:00 [INF] Executed action Api.Controllers.CityController.GetAll (Api) in 83.1376ms
2022-05-15 11:58:46.995 -05:00 [INF] Executed endpoint 'Api.Controllers.CityController.GetAll (Api)'
2022-05-15 11:58:46.995 -05:00 [INF] Response:
StatusCode: 200
Content-Type: application/json; charset=utf-8
Date: Sun, 15 May 2022 16:58:46 GMT
Server: Kestrel
Access-Control-Allow-Origin: [Redacted]
2022-05-15 11:58:46.996 -05:00 [INF] Request finished HTTP/2 GET https://localhost:7170/api/City/GetAll - - - 200 - application/json;+charset=utf-8 148.3858ms
2022-05-15 11:59:26.229 -05:00 [INF] Request starting HTTP/2 OPTIONS https://localhost:7170/api/City/Update - -
2022-05-15 11:59:26.231 -05:00 [INF] CORS policy execution successful.
2022-05-15 11:59:26.236 -05:00 [INF] Request finished HTTP/2 OPTIONS https://localhost:7170/api/City/Update - - - 204 - - 7.1824ms
2022-05-15 11:59:26.239 -05:00 [INF] Request starting HTTP/2 PUT https://localhost:7170/api/City/Update application/json 84
2022-05-15 11:59:26.242 -05:00 [INF] Entity Framework Core 6.0.5 initialized 'PersistenceContext' using provider 'Microsoft.EntityFrameworkCore.SqlServer:6.0.5' with options: MigrationsHistoryTable=Airport._MigrationHistory 
2022-05-15 11:59:26.249 -05:00 [INF] Executed DbCommand (4ms) [Parameters=[@__id_0='?' (DbType = Guid)], CommandType='"Text"', CommandTimeout='30']
SELECT [u].[Id], [u].[CreatedBy], [u].[CreatedOn], [u].[LastModifiedOn], [u].[Name], [u].[pazzword], [u].[Status], [u].[UpdatedBy], [u].[Username], [u0].[RoleId], [u0].[UserId], [u0].[CreatedBy], [u0].[CreatedOn], [u0].[Id], [u0].[LastModifiedOn], [u0].[Status], [u0].[UpdatedBy]
FROM [Airport].[User] AS [u]
LEFT JOIN [Airport].[UserRole] AS [u0] ON [u].[Id] = [u0].[UserId]
WHERE [u].[Id] = @__id_0
ORDER BY [u].[Id], [u0].[RoleId]
2022-05-15 11:59:26.256 -05:00 [INF] Executed DbCommand (3ms) [Parameters=[@__id_0='?' (DbType = Guid)], CommandType='"Text"', CommandTimeout='30']
SELECT [t].[Id], [t].[CreatedBy], [t].[CreatedOn], [t].[LastModifiedOn], [t].[Name], [t].[pazzword], [t].[Status], [t].[UpdatedBy], [t].[Username], [u0].[RoleId], [u0].[UserId], [u0].[CreatedBy], [u0].[CreatedOn], [u0].[Id], [u0].[LastModifiedOn], [u0].[Status], [u0].[UpdatedBy]
FROM (
    SELECT TOP(1) [u].[Id], [u].[CreatedBy], [u].[CreatedOn], [u].[LastModifiedOn], [u].[Name], [u].[pazzword], [u].[Status], [u].[UpdatedBy], [u].[Username]
    FROM [Airport].[User] AS [u]
    WHERE [u].[Id] = @__id_0
) AS [t]
LEFT JOIN [Airport].[UserRole] AS [u0] ON [t].[Id] = [u0].[UserId]
ORDER BY [t].[Id], [u0].[RoleId]
2022-05-15 11:59:26.264 -05:00 [INF] Executed DbCommand (4ms) [Parameters=[@__user_Id_0='?' (DbType = Guid)], CommandType='"Text"', CommandTimeout='30']
SELECT [u].[RoleId], [u].[UserId], [u].[CreatedBy], [u].[CreatedOn], [u].[Id], [u].[LastModifiedOn], [u].[Status], [u].[UpdatedBy], [r].[Id], [r].[CreatedBy], [r].[CreatedOn], [r].[LastModifiedOn], [r].[RoleName], [r].[Status], [r].[UpdatedBy]
FROM [Airport].[UserRole] AS [u]
INNER JOIN [Airport].[Role] AS [r] ON [u].[RoleId] = [r].[Id]
WHERE [u].[UserId] = @__user_Id_0
2022-05-15 11:59:26.267 -05:00 [INF] CORS policy execution successful.
2022-05-15 11:59:26.268 -05:00 [INF] Request:
Protocol: HTTP/2
Method: PUT
Scheme: https
PathBase: 
Path: /api/City/Update
Accept: application/json, text/plain, */*
Host: localhost:7170
User-Agent: Mozilla/5.0 (Windows NT 10.0; Win64; x64) AppleWebKit/537.36 (KHTML, like Gecko) Chrome/101.0.4951.64 Safari/537.36 Edg/101.0.1210.47
Accept-Encoding: gzip, deflate, br
Accept-Language: es,es-ES;q=0.9,en;q=0.8,en-GB;q=0.7,en-US;q=0.6
Authorization: [Redacted]
Content-Type: application/json
Origin: [Redacted]
Referer: [Redacted]
Content-Length: 84
sec-ch-ua: [Redacted]
sec-ch-ua-mobile: [Redacted]
sec-ch-ua-platform: [Redacted]
sec-fetch-site: [Redacted]
sec-fetch-mode: [Redacted]
sec-fetch-dest: [Redacted]
2022-05-15 11:59:26.270 -05:00 [INF] Executing endpoint 'Api.Controllers.CityController.Update (Api)'
2022-05-15 11:59:26.271 -05:00 [INF] Route matched with {action = "Update", controller = "City"}. Executing controller action with signature System.Threading.Tasks.Task`1[Application.Common.Response.Response`1[System.Boolean]] Update(Application.Airport.Http.Request.CityUpdateRequest) on controller Api.Controllers.CityController (Api).
2022-05-15 11:59:26.286 -05:00 [INF] Executed DbCommand (2ms) [Parameters=[@__get_Item_0='?' (DbType = Guid)], CommandType='"Text"', CommandTimeout='30']
SELECT TOP(1) [c].[Id], [c].[CreatedBy], [c].[CreatedOn], [c].[LastModifiedOn], [c].[Name], [c].[Status], [c].[UpdatedBy]
FROM [Airport].[City] AS [c]
WHERE [c].[Id] = @__get_Item_0
2022-05-15 11:59:26.298 -05:00 [INF] Executed DbCommand (7ms) [Parameters=[@p0='?' (DbType = Guid), @p1='?' (Size = 35), @p2='?' (DbType = DateTime2), @p3='?' (Size = 4000), @p4='?' (DbType = Boolean), @p5='?' (Size = 35)], CommandType='"Text"', CommandTimeout='30']
SET NOCOUNT ON;
INSERT INTO [Airport].[City] ([Id], [CreatedBy], [CreatedOn], [Name], [Status], [UpdatedBy])
VALUES (@p0, @p1, @p2, @p3, @p4, @p5);
SELECT [LastModifiedOn]
FROM [Airport].[City]
WHERE @@ROWCOUNT = 1 AND [Id] = @p0;
2022-05-15 11:59:26.303 -05:00 [INF] Executing ObjectResult, writing value of type 'Application.Common.Response.Response`1[[System.Boolean, System.Private.CoreLib, Version=6.0.0.0, Culture=neutral, PublicKeyToken=7cec85d7bea7798e]]'.
2022-05-15 11:59:26.305 -05:00 [INF] Executed action Api.Controllers.CityController.Update (Api) in 31.2167ms
2022-05-15 11:59:26.306 -05:00 [INF] Executed endpoint 'Api.Controllers.CityController.Update (Api)'
2022-05-15 11:59:26.308 -05:00 [INF] Response:
StatusCode: 200
Content-Type: application/json; charset=utf-8
Date: Sun, 15 May 2022 16:59:25 GMT
Server: Kestrel
Access-Control-Allow-Origin: [Redacted]
2022-05-15 11:59:26.310 -05:00 [INF] Request finished HTTP/2 PUT https://localhost:7170/api/City/Update application/json 84 - 200 - application/json;+charset=utf-8 71.4386ms
2022-05-15 11:59:32.038 -05:00 [INF] Request starting HTTP/2 OPTIONS https://localhost:7170/api/City/GetAll - -
2022-05-15 11:59:32.041 -05:00 [INF] CORS policy execution successful.
2022-05-15 11:59:32.042 -05:00 [INF] Request finished HTTP/2 OPTIONS https://localhost:7170/api/City/GetAll - - - 204 - - 3.4573ms
2022-05-15 11:59:32.044 -05:00 [INF] Request starting HTTP/2 GET https://localhost:7170/api/City/GetAll - -
2022-05-15 11:59:32.054 -05:00 [INF] Entity Framework Core 6.0.5 initialized 'PersistenceContext' using provider 'Microsoft.EntityFrameworkCore.SqlServer:6.0.5' with options: MigrationsHistoryTable=Airport._MigrationHistory 
2022-05-15 11:59:32.063 -05:00 [INF] Executed DbCommand (5ms) [Parameters=[@__id_0='?' (DbType = Guid)], CommandType='"Text"', CommandTimeout='30']
SELECT [u].[Id], [u].[CreatedBy], [u].[CreatedOn], [u].[LastModifiedOn], [u].[Name], [u].[pazzword], [u].[Status], [u].[UpdatedBy], [u].[Username], [u0].[RoleId], [u0].[UserId], [u0].[CreatedBy], [u0].[CreatedOn], [u0].[Id], [u0].[LastModifiedOn], [u0].[Status], [u0].[UpdatedBy]
FROM [Airport].[User] AS [u]
LEFT JOIN [Airport].[UserRole] AS [u0] ON [u].[Id] = [u0].[UserId]
WHERE [u].[Id] = @__id_0
ORDER BY [u].[Id], [u0].[RoleId]
2022-05-15 11:59:32.072 -05:00 [INF] Executed DbCommand (5ms) [Parameters=[@__id_0='?' (DbType = Guid)], CommandType='"Text"', CommandTimeout='30']
SELECT [t].[Id], [t].[CreatedBy], [t].[CreatedOn], [t].[LastModifiedOn], [t].[Name], [t].[pazzword], [t].[Status], [t].[UpdatedBy], [t].[Username], [u0].[RoleId], [u0].[UserId], [u0].[CreatedBy], [u0].[CreatedOn], [u0].[Id], [u0].[LastModifiedOn], [u0].[Status], [u0].[UpdatedBy]
FROM (
    SELECT TOP(1) [u].[Id], [u].[CreatedBy], [u].[CreatedOn], [u].[LastModifiedOn], [u].[Name], [u].[pazzword], [u].[Status], [u].[UpdatedBy], [u].[Username]
    FROM [Airport].[User] AS [u]
    WHERE [u].[Id] = @__id_0
) AS [t]
LEFT JOIN [Airport].[UserRole] AS [u0] ON [t].[Id] = [u0].[UserId]
ORDER BY [t].[Id], [u0].[RoleId]
2022-05-15 11:59:32.085 -05:00 [INF] Executed DbCommand (8ms) [Parameters=[@__user_Id_0='?' (DbType = Guid)], CommandType='"Text"', CommandTimeout='30']
SELECT [u].[RoleId], [u].[UserId], [u].[CreatedBy], [u].[CreatedOn], [u].[Id], [u].[LastModifiedOn], [u].[Status], [u].[UpdatedBy], [r].[Id], [r].[CreatedBy], [r].[CreatedOn], [r].[LastModifiedOn], [r].[RoleName], [r].[Status], [r].[UpdatedBy]
FROM [Airport].[UserRole] AS [u]
INNER JOIN [Airport].[Role] AS [r] ON [u].[RoleId] = [r].[Id]
WHERE [u].[UserId] = @__user_Id_0
2022-05-15 11:59:32.090 -05:00 [INF] CORS policy execution successful.
2022-05-15 11:59:32.092 -05:00 [INF] Request:
Protocol: HTTP/2
Method: GET
Scheme: https
PathBase: 
Path: /api/City/GetAll
Accept: application/json, text/plain, */*
Host: localhost:7170
User-Agent: Mozilla/5.0 (Windows NT 10.0; Win64; x64) AppleWebKit/537.36 (KHTML, like Gecko) Chrome/101.0.4951.64 Safari/537.36 Edg/101.0.1210.47
:method: [Redacted]
Accept-Encoding: gzip, deflate, br
Accept-Language: es,es-ES;q=0.9,en;q=0.8,en-GB;q=0.7,en-US;q=0.6
Authorization: [Redacted]
Origin: [Redacted]
Referer: [Redacted]
sec-ch-ua: [Redacted]
sec-ch-ua-mobile: [Redacted]
sec-ch-ua-platform: [Redacted]
sec-fetch-site: [Redacted]
sec-fetch-mode: [Redacted]
sec-fetch-dest: [Redacted]
2022-05-15 11:59:32.093 -05:00 [INF] Executing endpoint 'Api.Controllers.CityController.GetAll (Api)'
2022-05-15 11:59:32.095 -05:00 [INF] Route matched with {action = "GetAll", controller = "City"}. Executing controller action with signature System.Threading.Tasks.Task`1[Application.Common.Response.Response`1[System.Collections.Generic.IEnumerable`1[Application.Airport.Http.Dto.CityDto]]] GetAll() on controller Api.Controllers.CityController (Api).
2022-05-15 11:59:32.100 -05:00 [INF] Executed DbCommand (2ms) [Parameters=[], CommandType='"Text"', CommandTimeout='30']
SELECT [c].[Id], [c].[CreatedBy], [c].[CreatedOn], [c].[LastModifiedOn], [c].[Name], [c].[Status], [c].[UpdatedBy]
FROM [Airport].[City] AS [c]
2022-05-15 11:59:32.102 -05:00 [INF] Executing ObjectResult, writing value of type 'Application.Common.Response.Response`1[[System.Collections.Generic.IEnumerable`1[[Application.Airport.Http.Dto.CityDto, Application, Version=1.0.0.0, Culture=neutral, PublicKeyToken=null]], System.Private.CoreLib, Version=6.0.0.0, Culture=neutral, PublicKeyToken=7cec85d7bea7798e]]'.
2022-05-15 11:59:32.114 -05:00 [INF] Executed action Api.Controllers.CityController.GetAll (Api) in 16.3116ms
2022-05-15 11:59:32.116 -05:00 [INF] Executed endpoint 'Api.Controllers.CityController.GetAll (Api)'
2022-05-15 11:59:32.118 -05:00 [INF] Response:
StatusCode: 200
Content-Type: application/json; charset=utf-8
Date: Sun, 15 May 2022 16:59:31 GMT
Server: Kestrel
Access-Control-Allow-Origin: [Redacted]
2022-05-15 11:59:32.119 -05:00 [INF] Request finished HTTP/2 GET https://localhost:7170/api/City/GetAll - - - 200 - application/json;+charset=utf-8 75.6290ms
2022-05-15 11:59:44.190 -05:00 [INF] Request starting HTTP/2 GET https://localhost:7170/api/Flight/GetAll - -
2022-05-15 11:59:44.191 -05:00 [INF] Request:
Protocol: HTTP/2
Method: GET
Scheme: https
PathBase: 
Path: /api/Flight/GetAll
Accept: text/plain
Host: localhost:7170
User-Agent: Mozilla/5.0 (Windows NT 10.0; Win64; x64) AppleWebKit/537.36 (KHTML, like Gecko) Chrome/101.0.4951.64 Safari/537.36 Edg/101.0.1210.47
:method: [Redacted]
Accept-Encoding: gzip, deflate, br
Accept-Language: es,es-ES;q=0.9,en;q=0.8,en-GB;q=0.7,en-US;q=0.6
Referer: [Redacted]
sec-ch-ua: [Redacted]
sec-ch-ua-mobile: [Redacted]
sec-ch-ua-platform: [Redacted]
sec-fetch-site: [Redacted]
sec-fetch-mode: [Redacted]
sec-fetch-dest: [Redacted]
2022-05-15 11:59:44.193 -05:00 [INF] Executing endpoint 'Api.Controllers.FlightController.GetAll (Api)'
2022-05-15 11:59:44.197 -05:00 [INF] Route matched with {action = "GetAll", controller = "Flight"}. Executing controller action with signature System.Threading.Tasks.Task`1[Application.Common.Response.Response`1[System.Collections.Generic.IEnumerable`1[Application.Airport.Http.Dto.FlightDto]]] GetAll() on controller Api.Controllers.FlightController (Api).
2022-05-15 11:59:44.218 -05:00 [INF] Entity Framework Core 6.0.5 initialized 'PersistenceContext' using provider 'Microsoft.EntityFrameworkCore.SqlServer:6.0.5' with options: MigrationsHistoryTable=Airport._MigrationHistory 
2022-05-15 11:59:44.231 -05:00 [INF] Executed DbCommand (4ms) [Parameters=[], CommandType='"Text"', CommandTimeout='30']
SELECT [f].[Id], [f].[CheckInTime], [f].[CheckOutDate], [f].[CheckOutTime], [f].[CreatedBy], [f].[CreatedOn], [f].[DepartureCityId], [f].[DestinyCityId], [f].[FlightStatus], [f].[LastModifiedOn], [f].[Status], [f].[UpdatedBy]
FROM [Airport].[Flight] AS [f]
2022-05-15 11:59:44.243 -05:00 [INF] Executing ObjectResult, writing value of type 'Application.Common.Response.Response`1[[System.Collections.Generic.IEnumerable`1[[Application.Airport.Http.Dto.FlightDto, Application, Version=1.0.0.0, Culture=neutral, PublicKeyToken=null]], System.Private.CoreLib, Version=6.0.0.0, Culture=neutral, PublicKeyToken=7cec85d7bea7798e]]'.
2022-05-15 11:59:44.253 -05:00 [INF] Executed action Api.Controllers.FlightController.GetAll (Api) in 47.8825ms
2022-05-15 11:59:44.254 -05:00 [INF] Executed endpoint 'Api.Controllers.FlightController.GetAll (Api)'
2022-05-15 11:59:44.255 -05:00 [INF] Response:
StatusCode: 200
Content-Type: application/json; charset=utf-8
Date: Sun, 15 May 2022 16:59:43 GMT
Server: Kestrel
2022-05-15 11:59:44.256 -05:00 [INF] Request finished HTTP/2 GET https://localhost:7170/api/Flight/GetAll - - - 200 - application/json;+charset=utf-8 66.0499ms
2022-05-15 11:59:52.314 -05:00 [INF] Request starting HTTP/2 GET https://localhost:7170/api/City/GetAll - -
2022-05-15 11:59:52.316 -05:00 [INF] Request:
Protocol: HTTP/2
Method: GET
Scheme: https
PathBase: 
Path: /api/City/GetAll
Accept: text/plain
Host: localhost:7170
User-Agent: Mozilla/5.0 (Windows NT 10.0; Win64; x64) AppleWebKit/537.36 (KHTML, like Gecko) Chrome/101.0.4951.64 Safari/537.36 Edg/101.0.1210.47
:method: [Redacted]
Accept-Encoding: gzip, deflate, br
Accept-Language: es,es-ES;q=0.9,en;q=0.8,en-GB;q=0.7,en-US;q=0.6
Referer: [Redacted]
sec-ch-ua: [Redacted]
sec-ch-ua-mobile: [Redacted]
sec-ch-ua-platform: [Redacted]
sec-fetch-site: [Redacted]
sec-fetch-mode: [Redacted]
sec-fetch-dest: [Redacted]
2022-05-15 11:59:52.317 -05:00 [INF] Executing endpoint 'Api.Controllers.CityController.GetAll (Api)'
2022-05-15 11:59:52.319 -05:00 [INF] Route matched with {action = "GetAll", controller = "City"}. Executing controller action with signature System.Threading.Tasks.Task`1[Application.Common.Response.Response`1[System.Collections.Generic.IEnumerable`1[Application.Airport.Http.Dto.CityDto]]] GetAll() on controller Api.Controllers.CityController (Api).
2022-05-15 11:59:52.321 -05:00 [INF] Authorization failed for the request at filter 'Application.Security.AuthorizeAttribute'.
2022-05-15 11:59:52.326 -05:00 [INF] Executing ObjectResult, writing value of type 'Microsoft.AspNetCore.Mvc.ProblemDetails'.
2022-05-15 11:59:52.332 -05:00 [INF] Executed action Api.Controllers.CityController.GetAll (Api) in 11.5644ms
2022-05-15 11:59:52.334 -05:00 [INF] Executed endpoint 'Api.Controllers.CityController.GetAll (Api)'
2022-05-15 11:59:52.335 -05:00 [INF] Response:
StatusCode: 401
Content-Type: application/problem+json; charset=utf-8
Date: Sun, 15 May 2022 16:59:51 GMT
Server: Kestrel
2022-05-15 11:59:52.336 -05:00 [INF] Request finished HTTP/2 GET https://localhost:7170/api/City/GetAll - - - 401 - application/problem+json;+charset=utf-8 22.4092ms
2022-05-15 12:02:21.544 -05:00 [INF] Application is shutting down...
