2022-05-14 22:31:50.539 -05:00 [INF] User profile is available. Using 'C:\Users\kevin\AppData\Local\ASP.NET\DataProtection-Keys' as key repository and Windows DPAPI to encrypt keys at rest.
2022-05-14 22:31:50.959 -05:00 [INF] Now listening on: https://localhost:7170
2022-05-14 22:31:50.964 -05:00 [INF] Now listening on: http://localhost:5094
2022-05-14 22:31:50.975 -05:00 [INF] Application started. Press Ctrl+C to shut down.
2022-05-14 22:31:50.980 -05:00 [INF] Hosting environment: Development
2022-05-14 22:31:50.984 -05:00 [INF] Content root path: D:\GitHub\AirportManagementApi\Api\
2022-05-14 22:31:51.868 -05:00 [INF] Request starting HTTP/2 GET https://localhost:7170/ - -
2022-05-14 22:31:52.500 -05:00 [INF] Request:
Protocol: HTTP/2
Method: GET
Scheme: https
PathBase: 
Path: /
Accept: text/html,application/xhtml+xml,application/xml;q=0.9,image/webp,image/apng,*/*;q=0.8,application/signed-exchange;v=b3;q=0.9
Host: localhost:7170
User-Agent: Mozilla/5.0 (Windows NT 10.0; Win64; x64) AppleWebKit/537.36 (KHTML, like Gecko) Chrome/101.0.4951.54 Safari/537.36 Edg/101.0.1210.39
:method: [Redacted]
Accept-Encoding: gzip, deflate, br
Accept-Language: es,es-ES;q=0.9,en;q=0.8,en-GB;q=0.7,en-US;q=0.6
Upgrade-Insecure-Requests: [Redacted]
sec-ch-ua: [Redacted]
sec-ch-ua-mobile: [Redacted]
sec-ch-ua-platform: [Redacted]
sec-fetch-site: [Redacted]
sec-fetch-mode: [Redacted]
sec-fetch-user: [Redacted]
sec-fetch-dest: [Redacted]
2022-05-14 22:31:52.660 -05:00 [INF] Response:
StatusCode: 404
2022-05-14 22:31:52.672 -05:00 [INF] Request finished HTTP/2 GET https://localhost:7170/ - - - 0 - - 810.9157ms
2022-05-14 22:31:54.172 -05:00 [INF] Request starting HTTP/2 GET https://localhost:7170/api/User/FindById/4a77cee4-5cfa-4c90-b41a-08da36159118 - -
2022-05-14 22:31:55.646 -05:00 [INF] Entity Framework Core 6.0.5 initialized 'PersistenceContext' using provider 'Microsoft.EntityFrameworkCore.SqlServer:6.0.5' with options: MigrationsHistoryTable=Airport._MigrationHistory 
2022-05-14 22:31:56.914 -05:00 [INF] Executed DbCommand (79ms) [Parameters=[@__id_0='?' (DbType = Guid)], CommandType='"Text"', CommandTimeout='30']
SELECT [u].[Id], [u].[CreatedBy], [u].[CreatedOn], [u].[LastModifiedOn], [u].[Name], [u].[pazzword], [u].[Status], [u].[UpdatedBy], [u].[Username], [u0].[RoleId], [u0].[UserId], [u0].[CreatedBy], [u0].[CreatedOn], [u0].[Id], [u0].[LastModifiedOn], [u0].[Status], [u0].[UpdatedBy]
FROM [Airport].[User] AS [u]
LEFT JOIN [Airport].[UserRole] AS [u0] ON [u].[Id] = [u0].[UserId]
WHERE [u].[Id] = @__id_0
ORDER BY [u].[Id], [u0].[RoleId]
2022-05-14 22:31:57.322 -05:00 [INF] Executed DbCommand (9ms) [Parameters=[@__id_0='?' (DbType = Guid)], CommandType='"Text"', CommandTimeout='30']
SELECT [t].[Id], [t].[CreatedBy], [t].[CreatedOn], [t].[LastModifiedOn], [t].[Name], [t].[pazzword], [t].[Status], [t].[UpdatedBy], [t].[Username], [u0].[RoleId], [u0].[UserId], [u0].[CreatedBy], [u0].[CreatedOn], [u0].[Id], [u0].[LastModifiedOn], [u0].[Status], [u0].[UpdatedBy]
FROM (
    SELECT TOP(1) [u].[Id], [u].[CreatedBy], [u].[CreatedOn], [u].[LastModifiedOn], [u].[Name], [u].[pazzword], [u].[Status], [u].[UpdatedBy], [u].[Username]
    FROM [Airport].[User] AS [u]
    WHERE [u].[Id] = @__id_0
) AS [t]
LEFT JOIN [Airport].[UserRole] AS [u0] ON [t].[Id] = [u0].[UserId]
ORDER BY [t].[Id], [u0].[RoleId]
2022-05-14 22:31:57.500 -05:00 [INF] Executed DbCommand (47ms) [Parameters=[@__user_Id_0='?' (DbType = Guid)], CommandType='"Text"', CommandTimeout='30']
SELECT [u].[RoleId], [u].[UserId], [u].[CreatedBy], [u].[CreatedOn], [u].[Id], [u].[LastModifiedOn], [u].[Status], [u].[UpdatedBy], [r].[Id], [r].[CreatedBy], [r].[CreatedOn], [r].[LastModifiedOn], [r].[RoleName], [r].[Status], [r].[UpdatedBy]
FROM [Airport].[UserRole] AS [u]
INNER JOIN [Airport].[Role] AS [r] ON [u].[RoleId] = [r].[Id]
WHERE [u].[UserId] = @__user_Id_0
2022-05-14 22:31:58.075 -05:00 [INF] Request:
Protocol: HTTP/2
Method: GET
Scheme: https
PathBase: 
Path: /api/User/FindById/4a77cee4-5cfa-4c90-b41a-08da36159118
Accept: text/plain
Host: localhost:7170
User-Agent: Mozilla/5.0 (Windows NT 10.0; Win64; x64) AppleWebKit/537.36 (KHTML, like Gecko) Chrome/101.0.4951.54 Safari/537.36 Edg/101.0.1210.39
:method: [Redacted]
Accept-Encoding: gzip, deflate, br
Accept-Language: es,es-ES;q=0.9,en;q=0.8,en-GB;q=0.7,en-US;q=0.6
Authorization: [Redacted]
Referer: [Redacted]
sec-ch-ua: [Redacted]
sec-ch-ua-mobile: [Redacted]
sec-ch-ua-platform: [Redacted]
sec-fetch-site: [Redacted]
sec-fetch-mode: [Redacted]
sec-fetch-dest: [Redacted]
2022-05-14 22:31:58.176 -05:00 [INF] Executing endpoint 'Api.Controllers.UserController.GetById (Api)'
2022-05-14 22:31:58.247 -05:00 [INF] Route matched with {action = "GetById", controller = "User"}. Executing controller action with signature System.Threading.Tasks.Task`1[Application.Common.Response.Response`1[Application.Security.Http.Dto.UserDto]] GetById(System.Guid) on controller Api.Controllers.UserController (Api).
2022-05-14 22:31:58.337 -05:00 [INF] Authorization failed for the request at filter 'Infrastructure.Security.AuthorizeAttribute'.
2022-05-14 22:31:58.367 -05:00 [INF] Executing ObjectResult, writing value of type 'Microsoft.AspNetCore.Mvc.ProblemDetails'.
2022-05-14 22:31:58.501 -05:00 [INF] Executed action Api.Controllers.UserController.GetById (Api) in 156.371ms
2022-05-14 22:31:58.577 -05:00 [INF] Executed endpoint 'Api.Controllers.UserController.GetById (Api)'
2022-05-14 22:31:58.580 -05:00 [INF] Response:
StatusCode: 401
Content-Type: application/problem+json; charset=utf-8
Date: Sun, 15 May 2022 03:31:57 GMT
Server: Kestrel
2022-05-14 22:31:58.594 -05:00 [INF] Request finished HTTP/2 GET https://localhost:7170/api/User/FindById/4a77cee4-5cfa-4c90-b41a-08da36159118 - - - 401 - application/problem+json;+charset=utf-8 4422.0307ms
2022-05-14 22:32:02.778 -05:00 [INF] Request starting HTTP/2 GET https://localhost:7170/api/User/FindById/4a77cee4-5cfa-4c90-b41a-08da36159118 - -
2022-05-14 22:32:02.818 -05:00 [INF] Entity Framework Core 6.0.5 initialized 'PersistenceContext' using provider 'Microsoft.EntityFrameworkCore.SqlServer:6.0.5' with options: MigrationsHistoryTable=Airport._MigrationHistory 
2022-05-14 22:32:02.834 -05:00 [INF] Executed DbCommand (5ms) [Parameters=[@__id_0='?' (DbType = Guid)], CommandType='"Text"', CommandTimeout='30']
SELECT [u].[Id], [u].[CreatedBy], [u].[CreatedOn], [u].[LastModifiedOn], [u].[Name], [u].[pazzword], [u].[Status], [u].[UpdatedBy], [u].[Username], [u0].[RoleId], [u0].[UserId], [u0].[CreatedBy], [u0].[CreatedOn], [u0].[Id], [u0].[LastModifiedOn], [u0].[Status], [u0].[UpdatedBy]
FROM [Airport].[User] AS [u]
LEFT JOIN [Airport].[UserRole] AS [u0] ON [u].[Id] = [u0].[UserId]
WHERE [u].[Id] = @__id_0
ORDER BY [u].[Id], [u0].[RoleId]
2022-05-14 22:32:02.847 -05:00 [INF] Executed DbCommand (4ms) [Parameters=[@__id_0='?' (DbType = Guid)], CommandType='"Text"', CommandTimeout='30']
SELECT [t].[Id], [t].[CreatedBy], [t].[CreatedOn], [t].[LastModifiedOn], [t].[Name], [t].[pazzword], [t].[Status], [t].[UpdatedBy], [t].[Username], [u0].[RoleId], [u0].[UserId], [u0].[CreatedBy], [u0].[CreatedOn], [u0].[Id], [u0].[LastModifiedOn], [u0].[Status], [u0].[UpdatedBy]
FROM (
    SELECT TOP(1) [u].[Id], [u].[CreatedBy], [u].[CreatedOn], [u].[LastModifiedOn], [u].[Name], [u].[pazzword], [u].[Status], [u].[UpdatedBy], [u].[Username]
    FROM [Airport].[User] AS [u]
    WHERE [u].[Id] = @__id_0
) AS [t]
LEFT JOIN [Airport].[UserRole] AS [u0] ON [t].[Id] = [u0].[UserId]
ORDER BY [t].[Id], [u0].[RoleId]
2022-05-14 22:32:02.858 -05:00 [INF] Executed DbCommand (4ms) [Parameters=[@__user_Id_0='?' (DbType = Guid)], CommandType='"Text"', CommandTimeout='30']
SELECT [u].[RoleId], [u].[UserId], [u].[CreatedBy], [u].[CreatedOn], [u].[Id], [u].[LastModifiedOn], [u].[Status], [u].[UpdatedBy], [r].[Id], [r].[CreatedBy], [r].[CreatedOn], [r].[LastModifiedOn], [r].[RoleName], [r].[Status], [r].[UpdatedBy]
FROM [Airport].[UserRole] AS [u]
INNER JOIN [Airport].[Role] AS [r] ON [u].[RoleId] = [r].[Id]
WHERE [u].[UserId] = @__user_Id_0
2022-05-14 22:32:02.934 -05:00 [INF] Request:
Protocol: HTTP/2
Method: GET
Scheme: https
PathBase: 
Path: /api/User/FindById/4a77cee4-5cfa-4c90-b41a-08da36159118
Accept: text/plain
Host: localhost:7170
User-Agent: Mozilla/5.0 (Windows NT 10.0; Win64; x64) AppleWebKit/537.36 (KHTML, like Gecko) Chrome/101.0.4951.54 Safari/537.36 Edg/101.0.1210.39
:method: [Redacted]
Accept-Encoding: gzip, deflate, br
Accept-Language: es,es-ES;q=0.9,en;q=0.8,en-GB;q=0.7,en-US;q=0.6
Authorization: [Redacted]
Referer: [Redacted]
sec-ch-ua: [Redacted]
sec-ch-ua-mobile: [Redacted]
sec-ch-ua-platform: [Redacted]
sec-fetch-site: [Redacted]
sec-fetch-mode: [Redacted]
sec-fetch-dest: [Redacted]
2022-05-14 22:32:02.939 -05:00 [INF] Executing endpoint 'Api.Controllers.UserController.GetById (Api)'
2022-05-14 22:32:02.941 -05:00 [INF] Route matched with {action = "GetById", controller = "User"}. Executing controller action with signature System.Threading.Tasks.Task`1[Application.Common.Response.Response`1[Application.Security.Http.Dto.UserDto]] GetById(System.Guid) on controller Api.Controllers.UserController (Api).
2022-05-14 22:32:02.955 -05:00 [INF] Authorization failed for the request at filter 'Infrastructure.Security.AuthorizeAttribute'.
2022-05-14 22:32:02.965 -05:00 [INF] Executing ObjectResult, writing value of type 'Microsoft.AspNetCore.Mvc.ProblemDetails'.
2022-05-14 22:32:02.976 -05:00 [INF] Executed action Api.Controllers.UserController.GetById (Api) in 21.3034ms
2022-05-14 22:32:02.989 -05:00 [INF] Executed endpoint 'Api.Controllers.UserController.GetById (Api)'
2022-05-14 22:32:02.992 -05:00 [INF] Response:
StatusCode: 401
Content-Type: application/problem+json; charset=utf-8
Date: Sun, 15 May 2022 03:32:02 GMT
Server: Kestrel
2022-05-14 22:32:02.995 -05:00 [INF] Request finished HTTP/2 GET https://localhost:7170/api/User/FindById/4a77cee4-5cfa-4c90-b41a-08da36159118 - - - 401 - application/problem+json;+charset=utf-8 217.3583ms
2022-05-14 22:32:08.125 -05:00 [INF] Request starting HTTP/2 POST https://localhost:7170/api/User/Authenticate application/json 47
2022-05-14 22:32:08.145 -05:00 [INF] Entity Framework Core 6.0.5 initialized 'PersistenceContext' using provider 'Microsoft.EntityFrameworkCore.SqlServer:6.0.5' with options: MigrationsHistoryTable=Airport._MigrationHistory 
2022-05-14 22:32:08.159 -05:00 [INF] Executed DbCommand (5ms) [Parameters=[@__id_0='?' (DbType = Guid)], CommandType='"Text"', CommandTimeout='30']
SELECT [u].[Id], [u].[CreatedBy], [u].[CreatedOn], [u].[LastModifiedOn], [u].[Name], [u].[pazzword], [u].[Status], [u].[UpdatedBy], [u].[Username], [u0].[RoleId], [u0].[UserId], [u0].[CreatedBy], [u0].[CreatedOn], [u0].[Id], [u0].[LastModifiedOn], [u0].[Status], [u0].[UpdatedBy]
FROM [Airport].[User] AS [u]
LEFT JOIN [Airport].[UserRole] AS [u0] ON [u].[Id] = [u0].[UserId]
WHERE [u].[Id] = @__id_0
ORDER BY [u].[Id], [u0].[RoleId]
2022-05-14 22:32:08.168 -05:00 [INF] Executed DbCommand (3ms) [Parameters=[@__id_0='?' (DbType = Guid)], CommandType='"Text"', CommandTimeout='30']
SELECT [t].[Id], [t].[CreatedBy], [t].[CreatedOn], [t].[LastModifiedOn], [t].[Name], [t].[pazzword], [t].[Status], [t].[UpdatedBy], [t].[Username], [u0].[RoleId], [u0].[UserId], [u0].[CreatedBy], [u0].[CreatedOn], [u0].[Id], [u0].[LastModifiedOn], [u0].[Status], [u0].[UpdatedBy]
FROM (
    SELECT TOP(1) [u].[Id], [u].[CreatedBy], [u].[CreatedOn], [u].[LastModifiedOn], [u].[Name], [u].[pazzword], [u].[Status], [u].[UpdatedBy], [u].[Username]
    FROM [Airport].[User] AS [u]
    WHERE [u].[Id] = @__id_0
) AS [t]
LEFT JOIN [Airport].[UserRole] AS [u0] ON [t].[Id] = [u0].[UserId]
ORDER BY [t].[Id], [u0].[RoleId]
2022-05-14 22:32:08.177 -05:00 [INF] Executed DbCommand (3ms) [Parameters=[@__user_Id_0='?' (DbType = Guid)], CommandType='"Text"', CommandTimeout='30']
SELECT [u].[RoleId], [u].[UserId], [u].[CreatedBy], [u].[CreatedOn], [u].[Id], [u].[LastModifiedOn], [u].[Status], [u].[UpdatedBy], [r].[Id], [r].[CreatedBy], [r].[CreatedOn], [r].[LastModifiedOn], [r].[RoleName], [r].[Status], [r].[UpdatedBy]
FROM [Airport].[UserRole] AS [u]
INNER JOIN [Airport].[Role] AS [r] ON [u].[RoleId] = [r].[Id]
WHERE [u].[UserId] = @__user_Id_0
2022-05-14 22:32:08.242 -05:00 [INF] CORS policy execution successful.
2022-05-14 22:32:08.244 -05:00 [INF] Request:
Protocol: HTTP/2
Method: POST
Scheme: https
PathBase: 
Path: /api/User/Authenticate
Accept: text/plain
Host: localhost:7170
User-Agent: Mozilla/5.0 (Windows NT 10.0; Win64; x64) AppleWebKit/537.36 (KHTML, like Gecko) Chrome/101.0.4951.54 Safari/537.36 Edg/101.0.1210.39
:method: [Redacted]
Accept-Encoding: gzip, deflate, br
Accept-Language: es,es-ES;q=0.9,en;q=0.8,en-GB;q=0.7,en-US;q=0.6
Authorization: [Redacted]
Content-Type: application/json
Origin: [Redacted]
Referer: [Redacted]
Content-Length: 47
sec-ch-ua: [Redacted]
sec-ch-ua-mobile: [Redacted]
sec-ch-ua-platform: [Redacted]
sec-fetch-site: [Redacted]
sec-fetch-mode: [Redacted]
sec-fetch-dest: [Redacted]
2022-05-14 22:32:08.246 -05:00 [INF] Executing endpoint 'Api.Controllers.UserController.Authenticate (Api)'
2022-05-14 22:32:08.252 -05:00 [INF] Route matched with {action = "Authenticate", controller = "User"}. Executing controller action with signature System.Threading.Tasks.Task`1[Application.Common.Response.Response`1[Application.Security.Http.Dto.AuthenticateDto]] Authenticate(Application.Security.Http.Request.AuthenticateRequest) on controller Api.Controllers.UserController (Api).
2022-05-14 22:32:08.294 -05:00 [INF] Executed DbCommand (2ms) [Parameters=[], CommandType='"Text"', CommandTimeout='30']
SELECT [u].[Id], [u].[CreatedBy], [u].[CreatedOn], [u].[LastModifiedOn], [u].[Name], [u].[pazzword], [u].[Status], [u].[UpdatedBy], [u].[Username]
FROM [Airport].[User] AS [u]
2022-05-14 22:33:50.686 -05:00 [INF] Executing ObjectResult, writing value of type 'Application.Common.Response.Response`1[[Application.Security.Http.Dto.AuthenticateDto, Application, Version=1.0.0.0, Culture=neutral, PublicKeyToken=null]]'.
2022-05-14 22:33:50.707 -05:00 [INF] Executed action Api.Controllers.UserController.Authenticate (Api) in 102453.2859ms
2022-05-14 22:33:50.710 -05:00 [INF] Executed endpoint 'Api.Controllers.UserController.Authenticate (Api)'
2022-05-14 22:33:50.719 -05:00 [INF] Response:
StatusCode: 200
Content-Type: application/json; charset=utf-8
Date: Sun, 15 May 2022 03:33:50 GMT
Server: Kestrel
Access-Control-Allow-Origin: [Redacted]
2022-05-14 22:33:50.723 -05:00 [INF] Request finished HTTP/2 POST https://localhost:7170/api/User/Authenticate application/json 47 - 200 - application/json;+charset=utf-8 102597.5672ms
2022-05-14 22:33:54.063 -05:00 [INF] Request starting HTTP/2 GET https://localhost:7170/api/User/FindById/4a77cee4-5cfa-4c90-b41a-08da36159118 - -
2022-05-14 22:35:02.536 -05:00 [INF] Entity Framework Core 6.0.5 initialized 'PersistenceContext' using provider 'Microsoft.EntityFrameworkCore.SqlServer:6.0.5' with options: MigrationsHistoryTable=Airport._MigrationHistory 
2022-05-14 22:35:02.545 -05:00 [INF] Executed DbCommand (4ms) [Parameters=[@__id_0='?' (DbType = Guid)], CommandType='"Text"', CommandTimeout='30']
SELECT [u].[Id], [u].[CreatedBy], [u].[CreatedOn], [u].[LastModifiedOn], [u].[Name], [u].[pazzword], [u].[Status], [u].[UpdatedBy], [u].[Username], [u0].[RoleId], [u0].[UserId], [u0].[CreatedBy], [u0].[CreatedOn], [u0].[Id], [u0].[LastModifiedOn], [u0].[Status], [u0].[UpdatedBy]
FROM [Airport].[User] AS [u]
LEFT JOIN [Airport].[UserRole] AS [u0] ON [u].[Id] = [u0].[UserId]
WHERE [u].[Id] = @__id_0
ORDER BY [u].[Id], [u0].[RoleId]
2022-05-14 22:35:02.554 -05:00 [INF] Executed DbCommand (3ms) [Parameters=[@__id_0='?' (DbType = Guid)], CommandType='"Text"', CommandTimeout='30']
SELECT [t].[Id], [t].[CreatedBy], [t].[CreatedOn], [t].[LastModifiedOn], [t].[Name], [t].[pazzword], [t].[Status], [t].[UpdatedBy], [t].[Username], [u0].[RoleId], [u0].[UserId], [u0].[CreatedBy], [u0].[CreatedOn], [u0].[Id], [u0].[LastModifiedOn], [u0].[Status], [u0].[UpdatedBy]
FROM (
    SELECT TOP(1) [u].[Id], [u].[CreatedBy], [u].[CreatedOn], [u].[LastModifiedOn], [u].[Name], [u].[pazzword], [u].[Status], [u].[UpdatedBy], [u].[Username]
    FROM [Airport].[User] AS [u]
    WHERE [u].[Id] = @__id_0
) AS [t]
LEFT JOIN [Airport].[UserRole] AS [u0] ON [t].[Id] = [u0].[UserId]
ORDER BY [t].[Id], [u0].[RoleId]
2022-05-14 22:35:02.581 -05:00 [INF] Executed DbCommand (15ms) [Parameters=[@__user_Id_0='?' (DbType = Guid)], CommandType='"Text"', CommandTimeout='30']
SELECT [u].[RoleId], [u].[UserId], [u].[CreatedBy], [u].[CreatedOn], [u].[Id], [u].[LastModifiedOn], [u].[Status], [u].[UpdatedBy], [r].[Id], [r].[CreatedBy], [r].[CreatedOn], [r].[LastModifiedOn], [r].[RoleName], [r].[Status], [r].[UpdatedBy]
FROM [Airport].[UserRole] AS [u]
INNER JOIN [Airport].[Role] AS [r] ON [u].[RoleId] = [r].[Id]
WHERE [u].[UserId] = @__user_Id_0
