2022-05-14 19:10:08.992 -05:00 [INF] User profile is available. Using 'C:\Users\kevin\AppData\Local\ASP.NET\DataProtection-Keys' as key repository and Windows DPAPI to encrypt keys at rest.
2022-05-14 19:10:09.326 -05:00 [INF] Now listening on: https://localhost:7170
2022-05-14 19:10:09.330 -05:00 [INF] Now listening on: http://localhost:5094
2022-05-14 19:10:09.335 -05:00 [INF] Application started. Press Ctrl+C to shut down.
2022-05-14 19:10:09.338 -05:00 [INF] Hosting environment: Development
2022-05-14 19:10:09.341 -05:00 [INF] Content root path: D:\GitHub\AirportManagementApi\Api\
2022-05-14 19:10:09.802 -05:00 [INF] Request starting HTTP/2 GET https://localhost:7170/ - -
2022-05-14 19:10:10.086 -05:00 [INF] Request:
Protocol: HTTP/2
Method: GET
Scheme: https
PathBase: 
Path: /
Accept: text/html,application/xhtml+xml,application/xml;q=0.9,image/webp,image/apng,*/*;q=0.8,application/signed-exchange;v=b3;q=0.9
Host: localhost:7170
User-Agent: Mozilla/5.0 (Windows NT 10.0; Win64; x64) AppleWebKit/537.36 (KHTML, like Gecko) Chrome/101.0.4951.54 Safari/537.36 Edg/101.0.1210.39
:method: [Redacted]
Accept-Encoding: gzip, deflate, br
Accept-Language: es,es-ES;q=0.9,en;q=0.8,en-GB;q=0.7,en-US;q=0.6
Upgrade-Insecure-Requests: [Redacted]
sec-ch-ua: [Redacted]
sec-ch-ua-mobile: [Redacted]
sec-ch-ua-platform: [Redacted]
sec-fetch-site: [Redacted]
sec-fetch-mode: [Redacted]
sec-fetch-user: [Redacted]
sec-fetch-dest: [Redacted]
2022-05-14 19:10:10.153 -05:00 [INF] Response:
StatusCode: 404
2022-05-14 19:10:10.162 -05:00 [INF] Request finished HTTP/2 GET https://localhost:7170/ - - - 404 0 - 364.4492ms
2022-05-14 19:10:16.324 -05:00 [INF] Request starting HTTP/2 POST https://localhost:7170/api/User/Authenticate application/json 47
2022-05-14 19:10:16.329 -05:00 [INF] CORS policy execution successful.
2022-05-14 19:10:16.335 -05:00 [INF] Request:
Protocol: HTTP/2
Method: POST
Scheme: https
PathBase: 
Path: /api/User/Authenticate
Accept: text/plain
Host: localhost:7170
User-Agent: Mozilla/5.0 (Windows NT 10.0; Win64; x64) AppleWebKit/537.36 (KHTML, like Gecko) Chrome/101.0.4951.54 Safari/537.36 Edg/101.0.1210.39
:method: [Redacted]
Accept-Encoding: gzip, deflate, br
Accept-Language: es,es-ES;q=0.9,en;q=0.8,en-GB;q=0.7,en-US;q=0.6
Content-Type: application/json
Origin: [Redacted]
Referer: [Redacted]
Content-Length: 47
sec-ch-ua: [Redacted]
sec-ch-ua-mobile: [Redacted]
sec-ch-ua-platform: [Redacted]
sec-fetch-site: [Redacted]
sec-fetch-mode: [Redacted]
sec-fetch-dest: [Redacted]
2022-05-14 19:10:16.343 -05:00 [INF] Executing endpoint 'Api.Controllers.UserController.Authenticate (Api)'
2022-05-14 19:10:16.378 -05:00 [INF] Route matched with {action = "Authenticate", controller = "User"}. Executing controller action with signature System.Threading.Tasks.Task`1[Application.Common.Response.Response`1[Application.Security.Http.Dto.AuthenticateDto]] Authenticate(Application.Security.Http.Request.AuthenticateRequest) on controller Api.Controllers.UserController (Api).
2022-05-14 19:10:29.437 -05:00 [INF] Entity Framework Core 5.0.10 initialized 'PersistenceContext' using provider 'Microsoft.EntityFrameworkCore.SqlServer' with options: MigrationsHistoryTable=Airport._MigrationHistory 
2022-05-14 19:10:30.076 -05:00 [INF] Executed DbCommand (40ms) [Parameters=[], CommandType='"Text"', CommandTimeout='30']
SELECT [u].[Id], [u].[CreatedBy], [u].[CreatedOn], [u].[LastModifiedOn], [u].[Name], [u].[pazzword], [u].[Status], [u].[UpdatedBy], [u].[Username]
FROM [Airport].[User] AS [u]
2022-05-14 19:10:30.178 -05:00 [ERR] An exception occurred while iterating over the results of a query for context type 'Infrastructure.Repository.PersistenceContext'.
System.Data.SqlTypes.SqlNullValueException: Data is Null. This method or property cannot be called on Null values.
   at Microsoft.Data.SqlClient.SqlBuffer.ThrowIfNull()
   at Microsoft.Data.SqlClient.SqlBuffer.get_String()
   at Microsoft.Data.SqlClient.SqlDataReader.GetString(Int32 i)
   at lambda_method13(Closure , QueryContext , DbDataReader , ResultContext , SingleQueryResultCoordinator )
   at Microsoft.EntityFrameworkCore.Query.Internal.SingleQueryingEnumerable`1.AsyncEnumerator.MoveNextAsync()
System.Data.SqlTypes.SqlNullValueException: Data is Null. This method or property cannot be called on Null values.
   at Microsoft.Data.SqlClient.SqlBuffer.ThrowIfNull()
   at Microsoft.Data.SqlClient.SqlBuffer.get_String()
   at Microsoft.Data.SqlClient.SqlDataReader.GetString(Int32 i)
   at lambda_method13(Closure , QueryContext , DbDataReader , ResultContext , SingleQueryResultCoordinator )
   at Microsoft.EntityFrameworkCore.Query.Internal.SingleQueryingEnumerable`1.AsyncEnumerator.MoveNextAsync()
2022-05-14 19:10:30.439 -05:00 [ERR] Data is Null. This method or property cannot be called on Null values.
System.Data.SqlTypes.SqlNullValueException: Data is Null. This method or property cannot be called on Null values.
   at Microsoft.Data.SqlClient.SqlBuffer.ThrowIfNull()
   at Microsoft.Data.SqlClient.SqlBuffer.get_String()
   at Microsoft.Data.SqlClient.SqlDataReader.GetString(Int32 i)
   at lambda_method13(Closure , QueryContext , DbDataReader , ResultContext , SingleQueryResultCoordinator )
   at Microsoft.EntityFrameworkCore.Query.Internal.SingleQueryingEnumerable`1.AsyncEnumerator.MoveNextAsync()
   at Microsoft.EntityFrameworkCore.EntityFrameworkQueryableExtensions.ToListAsync[TSource](IQueryable`1 source, CancellationToken cancellationToken)
   at Microsoft.EntityFrameworkCore.EntityFrameworkQueryableExtensions.ToListAsync[TSource](IQueryable`1 source, CancellationToken cancellationToken)
   at Infrastructure.Repository.GenericRepository`1.GetAsync(Expression`1 filter, Func`2 orderBy, Boolean isTracking, String includeStringProperties) in D:\GitHub\AirportManagementApi\Infrastructure\Repository\GenericRepository.cs:line 0
   at Application.Security.Service.Implementation.AuthService.Authenticate(AuthenticateRequest authenticateRequest) in D:\GitHub\AirportManagementApi\Application\Security\Service\Implementation\AuthService.cs:line 25
   at Api.Controllers.UserController.Authenticate(AuthenticateRequest authenticateRequest) in D:\GitHub\AirportManagementApi\Api\Controllers\UserController.cs:line 26
   at lambda_method8(Closure , Object )
   at Microsoft.AspNetCore.Mvc.Infrastructure.ActionMethodExecutor.AwaitableObjectResultExecutor.Execute(IActionResultTypeMapper mapper, ObjectMethodExecutor executor, Object controller, Object[] arguments)
   at Microsoft.AspNetCore.Mvc.Infrastructure.ControllerActionInvoker.<InvokeActionMethodAsync>g__Awaited|12_0(ControllerActionInvoker invoker, ValueTask`1 actionResultValueTask)
   at Microsoft.AspNetCore.Mvc.Infrastructure.ControllerActionInvoker.<InvokeNextActionFilterAsync>g__Awaited|10_0(ControllerActionInvoker invoker, Task lastTask, State next, Scope scope, Object state, Boolean isCompleted)
   at Microsoft.AspNetCore.Mvc.Infrastructure.ControllerActionInvoker.Rethrow(ActionExecutedContextSealed context)
   at Microsoft.AspNetCore.Mvc.Infrastructure.ControllerActionInvoker.Next(State& next, Scope& scope, Object& state, Boolean& isCompleted)
   at Microsoft.AspNetCore.Mvc.Infrastructure.ControllerActionInvoker.<InvokeInnerFilterAsync>g__Awaited|13_0(ControllerActionInvoker invoker, Task lastTask, State next, Scope scope, Object state, Boolean isCompleted)
   at Microsoft.AspNetCore.Mvc.Infrastructure.ResourceInvoker.<InvokeNextExceptionFilterAsync>g__Awaited|26_0(ResourceInvoker invoker, Task lastTask, State next, Scope scope, Object state, Boolean isCompleted)
2022-05-14 19:10:30.461 -05:00 [INF] Executing ObjectResult, writing value of type '<>f__AnonymousType0`1[[System.String, System.Private.CoreLib, Version=6.0.0.0, Culture=neutral, PublicKeyToken=7cec85d7bea7798e]]'.
2022-05-14 19:10:30.481 -05:00 [INF] Executed action Api.Controllers.UserController.Authenticate (Api) in 14094.2308ms
2022-05-14 19:10:30.484 -05:00 [INF] Executed endpoint 'Api.Controllers.UserController.Authenticate (Api)'
2022-05-14 19:10:30.488 -05:00 [INF] Response:
StatusCode: 500
Content-Type: application/json; charset=utf-8
Date: Sun, 15 May 2022 00:10:29 GMT
Server: Kestrel
Access-Control-Allow-Origin: [Redacted]
2022-05-14 19:10:30.497 -05:00 [INF] Request finished HTTP/2 POST https://localhost:7170/api/User/Authenticate application/json 47 - 500 - application/json;+charset=utf-8 14173.0608ms
