2022-06-04 15:57:38.694 -05:00 [INF] User profile is available. Using 'C:\Users\kevin\AppData\Local\ASP.NET\DataProtection-Keys' as key repository and Windows DPAPI to encrypt keys at rest.
2022-06-04 15:57:38.923 -05:00 [INF] Now listening on: https://localhost:7170
2022-06-04 15:57:38.924 -05:00 [INF] Now listening on: http://localhost:5094
2022-06-04 15:57:38.933 -05:00 [INF] Application started. Press Ctrl+C to shut down.
2022-06-04 15:57:38.934 -05:00 [INF] Hosting environment: Development
2022-06-04 15:57:38.935 -05:00 [INF] Content root path: D:\GitHub\AirportManagementApi\Api\
2022-06-04 15:57:39.840 -05:00 [INF] Request starting HTTP/2 GET https://localhost:7170/ - -
2022-06-04 15:57:40.396 -05:00 [INF] Request:
Protocol: HTTP/2
Method: GET
Scheme: https
PathBase: 
Path: /
Accept: text/html,application/xhtml+xml,application/xml;q=0.9,image/webp,image/apng,*/*;q=0.8,application/signed-exchange;v=b3;q=0.9
Host: localhost:7170
User-Agent: Mozilla/5.0 (Windows NT 10.0; Win64; x64) AppleWebKit/537.36 (KHTML, like Gecko) Chrome/102.0.5005.63 Safari/537.36 Edg/102.0.1245.30
:method: [Redacted]
Accept-Encoding: gzip, deflate, br
Accept-Language: es,es-ES;q=0.9,en;q=0.8,en-GB;q=0.7,en-US;q=0.6
Cookie: [Redacted]
Upgrade-Insecure-Requests: [Redacted]
sec-ch-ua: [Redacted]
sec-ch-ua-mobile: [Redacted]
sec-ch-ua-platform: [Redacted]
sec-fetch-site: [Redacted]
sec-fetch-mode: [Redacted]
sec-fetch-user: [Redacted]
sec-fetch-dest: [Redacted]
2022-06-04 15:57:40.476 -05:00 [INF] Response:
StatusCode: 404
2022-06-04 15:57:40.486 -05:00 [INF] Request finished HTTP/2 GET https://localhost:7170/ - - - 404 0 - 652.7725ms
2022-06-04 15:57:44.928 -05:00 [INF] Application is shutting down...
