2022-05-15 12:42:58.297 -05:00 [INF] User profile is available. Using 'C:\Users\kevin\AppData\Local\ASP.NET\DataProtection-Keys' as key repository and Windows DPAPI to encrypt keys at rest.
2022-05-15 12:42:58.658 -05:00 [INF] Now listening on: https://localhost:7170
2022-05-15 12:42:58.659 -05:00 [INF] Now listening on: http://localhost:5094
2022-05-15 12:42:58.666 -05:00 [INF] Application started. Press Ctrl+C to shut down.
2022-05-15 12:42:58.667 -05:00 [INF] Hosting environment: Development
2022-05-15 12:42:58.669 -05:00 [INF] Content root path: D:\GitHub\AirportManagementApi\Api\
2022-05-15 12:43:00.065 -05:00 [INF] Request starting HTTP/2 GET https://localhost:7170/ - -
2022-05-15 12:43:01.104 -05:00 [INF] Request:
Protocol: HTTP/2
Method: GET
Scheme: https
PathBase: 
Path: /
Accept: text/html,application/xhtml+xml,application/xml;q=0.9,image/webp,image/apng,*/*;q=0.8,application/signed-exchange;v=b3;q=0.9
Host: localhost:7170
User-Agent: Mozilla/5.0 (Windows NT 10.0; Win64; x64) AppleWebKit/537.36 (KHTML, like Gecko) Chrome/101.0.4951.64 Safari/537.36 Edg/101.0.1210.47
:method: [Redacted]
Accept-Encoding: gzip, deflate, br
Accept-Language: es,es-ES;q=0.9,en;q=0.8,en-GB;q=0.7,en-US;q=0.6
Upgrade-Insecure-Requests: [Redacted]
sec-ch-ua: [Redacted]
sec-ch-ua-mobile: [Redacted]
sec-ch-ua-platform: [Redacted]
sec-fetch-site: [Redacted]
sec-fetch-mode: [Redacted]
sec-fetch-user: [Redacted]
sec-fetch-dest: [Redacted]
2022-05-15 12:43:01.311 -05:00 [INF] Response:
StatusCode: 404
2022-05-15 12:43:01.342 -05:00 [INF] Request finished HTTP/2 GET https://localhost:7170/ - - - 404 0 - 1290.3795ms
2022-05-15 12:43:28.223 -05:00 [INF] Request starting HTTP/2 OPTIONS https://localhost:7170/api/Airline/Create - -
2022-05-15 12:43:28.248 -05:00 [INF] CORS policy execution successful.
2022-05-15 12:43:28.252 -05:00 [INF] Request finished HTTP/2 OPTIONS https://localhost:7170/api/Airline/Create - - - 204 - - 29.2459ms
2022-05-15 12:43:28.260 -05:00 [INF] Request starting HTTP/2 POST https://localhost:7170/api/Airline/Create application/json 42
2022-05-15 12:43:30.439 -05:00 [INF] Entity Framework Core 6.0.5 initialized 'PersistenceContext' using provider 'Microsoft.EntityFrameworkCore.SqlServer:6.0.5' with options: MigrationsHistoryTable=Airport._MigrationHistory 
2022-05-15 12:43:31.667 -05:00 [INF] Executed DbCommand (67ms) [Parameters=[@__id_0='?' (DbType = Guid)], CommandType='"Text"', CommandTimeout='30']
SELECT [u].[Id], [u].[CreatedBy], [u].[CreatedOn], [u].[LastModifiedOn], [u].[Name], [u].[pazzword], [u].[Status], [u].[UpdatedBy], [u].[Username], [u0].[RoleId], [u0].[UserId], [u0].[CreatedBy], [u0].[CreatedOn], [u0].[Id], [u0].[LastModifiedOn], [u0].[Status], [u0].[UpdatedBy]
FROM [Airport].[User] AS [u]
LEFT JOIN [Airport].[UserRole] AS [u0] ON [u].[Id] = [u0].[UserId]
WHERE [u].[Id] = @__id_0
ORDER BY [u].[Id], [u0].[RoleId]
2022-05-15 12:43:31.951 -05:00 [INF] Executed DbCommand (8ms) [Parameters=[@__id_0='?' (DbType = Guid)], CommandType='"Text"', CommandTimeout='30']
SELECT [t].[Id], [t].[CreatedBy], [t].[CreatedOn], [t].[LastModifiedOn], [t].[Name], [t].[pazzword], [t].[Status], [t].[UpdatedBy], [t].[Username], [u0].[RoleId], [u0].[UserId], [u0].[CreatedBy], [u0].[CreatedOn], [u0].[Id], [u0].[LastModifiedOn], [u0].[Status], [u0].[UpdatedBy]
FROM (
    SELECT TOP(1) [u].[Id], [u].[CreatedBy], [u].[CreatedOn], [u].[LastModifiedOn], [u].[Name], [u].[pazzword], [u].[Status], [u].[UpdatedBy], [u].[Username]
    FROM [Airport].[User] AS [u]
    WHERE [u].[Id] = @__id_0
) AS [t]
LEFT JOIN [Airport].[UserRole] AS [u0] ON [t].[Id] = [u0].[UserId]
ORDER BY [t].[Id], [u0].[RoleId]
2022-05-15 12:43:32.050 -05:00 [INF] Executed DbCommand (26ms) [Parameters=[@__user_Id_0='?' (DbType = Guid)], CommandType='"Text"', CommandTimeout='30']
SELECT [u].[RoleId], [u].[UserId], [u].[CreatedBy], [u].[CreatedOn], [u].[Id], [u].[LastModifiedOn], [u].[Status], [u].[UpdatedBy], [r].[Id], [r].[CreatedBy], [r].[CreatedOn], [r].[LastModifiedOn], [r].[RoleName], [r].[Status], [r].[UpdatedBy]
FROM [Airport].[UserRole] AS [u]
INNER JOIN [Airport].[Role] AS [r] ON [u].[RoleId] = [r].[Id]
WHERE [u].[UserId] = @__user_Id_0
2022-05-15 12:43:32.105 -05:00 [INF] CORS policy execution successful.
2022-05-15 12:43:32.109 -05:00 [INF] Request:
Protocol: HTTP/2
Method: POST
Scheme: https
PathBase: 
Path: /api/Airline/Create
Accept: application/json, text/plain, */*
Host: localhost:7170
User-Agent: Mozilla/5.0 (Windows NT 10.0; Win64; x64) AppleWebKit/537.36 (KHTML, like Gecko) Chrome/101.0.4951.64 Safari/537.36 Edg/101.0.1210.47
:method: [Redacted]
Accept-Encoding: gzip, deflate, br
Accept-Language: es,es-ES;q=0.9,en;q=0.8,en-GB;q=0.7,en-US;q=0.6
Authorization: [Redacted]
Content-Type: application/json
Origin: [Redacted]
Referer: [Redacted]
Content-Length: 42
sec-ch-ua: [Redacted]
sec-ch-ua-mobile: [Redacted]
sec-ch-ua-platform: [Redacted]
sec-fetch-site: [Redacted]
sec-fetch-mode: [Redacted]
sec-fetch-dest: [Redacted]
2022-05-15 12:43:32.133 -05:00 [INF] Executing endpoint 'Api.Controllers.AirlineController.Save (Api)'
2022-05-15 12:43:32.171 -05:00 [INF] Route matched with {action = "Save", controller = "Airline"}. Executing controller action with signature System.Threading.Tasks.Task`1[Application.Common.Response.Response`1[Application.Airport.Http.Dto.AirlineDto]] Save(Application.Airport.Http.Request.AirlineRequest) on controller Api.Controllers.AirlineController (Api).
2022-05-15 12:43:33.216 -05:00 [INF] Executed DbCommand (104ms) [Parameters=[@p0='?' (DbType = Guid), @p1='?' (Size = 35), @p2='?' (DbType = DateTime2), @p3='?' (Size = 4000), @p4='?' (DbType = Boolean), @p5='?' (Size = 35)], CommandType='"Text"', CommandTimeout='30']
SET NOCOUNT ON;
INSERT INTO [Airport].[Airline] ([Id], [CreatedBy], [CreatedOn], [Name], [Status], [UpdatedBy])
VALUES (@p0, @p1, @p2, @p3, @p4, @p5);
SELECT [LastModifiedOn]
FROM [Airport].[Airline]
WHERE @@ROWCOUNT = 1 AND [Id] = @p0;
2022-05-15 12:43:33.332 -05:00 [INF] Executing ObjectResult, writing value of type 'Application.Common.Response.Response`1[[Application.Airport.Http.Dto.AirlineDto, Application, Version=1.0.0.0, Culture=neutral, PublicKeyToken=null]]'.
2022-05-15 12:43:33.400 -05:00 [INF] Executed action Api.Controllers.AirlineController.Save (Api) in 1215.3594ms
2022-05-15 12:43:33.404 -05:00 [INF] Executed endpoint 'Api.Controllers.AirlineController.Save (Api)'
2022-05-15 12:43:33.414 -05:00 [INF] Response:
StatusCode: 200
Content-Type: application/json; charset=utf-8
Date: Sun, 15 May 2022 17:43:32 GMT
Server: Kestrel
Access-Control-Allow-Origin: [Redacted]
2022-05-15 12:43:33.434 -05:00 [INF] Request finished HTTP/2 POST https://localhost:7170/api/Airline/Create application/json 42 - 200 - application/json;+charset=utf-8 5174.1900ms
2022-05-15 12:43:34.495 -05:00 [INF] Request starting HTTP/2 OPTIONS https://localhost:7170/api/Airline/GetAll - -
2022-05-15 12:43:34.499 -05:00 [INF] CORS policy execution successful.
2022-05-15 12:43:34.500 -05:00 [INF] Request finished HTTP/2 OPTIONS https://localhost:7170/api/Airline/GetAll - - - 204 - - 5.0324ms
2022-05-15 12:43:34.503 -05:00 [INF] Request starting HTTP/2 GET https://localhost:7170/api/Airline/GetAll - -
2022-05-15 12:43:34.565 -05:00 [INF] Entity Framework Core 6.0.5 initialized 'PersistenceContext' using provider 'Microsoft.EntityFrameworkCore.SqlServer:6.0.5' with options: MigrationsHistoryTable=Airport._MigrationHistory 
2022-05-15 12:43:34.575 -05:00 [INF] Executed DbCommand (4ms) [Parameters=[@__id_0='?' (DbType = Guid)], CommandType='"Text"', CommandTimeout='30']
SELECT [u].[Id], [u].[CreatedBy], [u].[CreatedOn], [u].[LastModifiedOn], [u].[Name], [u].[pazzword], [u].[Status], [u].[UpdatedBy], [u].[Username], [u0].[RoleId], [u0].[UserId], [u0].[CreatedBy], [u0].[CreatedOn], [u0].[Id], [u0].[LastModifiedOn], [u0].[Status], [u0].[UpdatedBy]
FROM [Airport].[User] AS [u]
LEFT JOIN [Airport].[UserRole] AS [u0] ON [u].[Id] = [u0].[UserId]
WHERE [u].[Id] = @__id_0
ORDER BY [u].[Id], [u0].[RoleId]
2022-05-15 12:43:34.584 -05:00 [INF] Executed DbCommand (3ms) [Parameters=[@__id_0='?' (DbType = Guid)], CommandType='"Text"', CommandTimeout='30']
SELECT [t].[Id], [t].[CreatedBy], [t].[CreatedOn], [t].[LastModifiedOn], [t].[Name], [t].[pazzword], [t].[Status], [t].[UpdatedBy], [t].[Username], [u0].[RoleId], [u0].[UserId], [u0].[CreatedBy], [u0].[CreatedOn], [u0].[Id], [u0].[LastModifiedOn], [u0].[Status], [u0].[UpdatedBy]
FROM (
    SELECT TOP(1) [u].[Id], [u].[CreatedBy], [u].[CreatedOn], [u].[LastModifiedOn], [u].[Name], [u].[pazzword], [u].[Status], [u].[UpdatedBy], [u].[Username]
    FROM [Airport].[User] AS [u]
    WHERE [u].[Id] = @__id_0
) AS [t]
LEFT JOIN [Airport].[UserRole] AS [u0] ON [t].[Id] = [u0].[UserId]
ORDER BY [t].[Id], [u0].[RoleId]
2022-05-15 12:43:34.593 -05:00 [INF] Executed DbCommand (4ms) [Parameters=[@__user_Id_0='?' (DbType = Guid)], CommandType='"Text"', CommandTimeout='30']
SELECT [u].[RoleId], [u].[UserId], [u].[CreatedBy], [u].[CreatedOn], [u].[Id], [u].[LastModifiedOn], [u].[Status], [u].[UpdatedBy], [r].[Id], [r].[CreatedBy], [r].[CreatedOn], [r].[LastModifiedOn], [r].[RoleName], [r].[Status], [r].[UpdatedBy]
FROM [Airport].[UserRole] AS [u]
INNER JOIN [Airport].[Role] AS [r] ON [u].[RoleId] = [r].[Id]
WHERE [u].[UserId] = @__user_Id_0
2022-05-15 12:43:34.598 -05:00 [INF] CORS policy execution successful.
2022-05-15 12:43:34.602 -05:00 [INF] Request:
Protocol: HTTP/2
Method: GET
Scheme: https
PathBase: 
Path: /api/Airline/GetAll
Accept: application/json, text/plain, */*
Host: localhost:7170
User-Agent: Mozilla/5.0 (Windows NT 10.0; Win64; x64) AppleWebKit/537.36 (KHTML, like Gecko) Chrome/101.0.4951.64 Safari/537.36 Edg/101.0.1210.47
:method: [Redacted]
Accept-Encoding: gzip, deflate, br
Accept-Language: es,es-ES;q=0.9,en;q=0.8,en-GB;q=0.7,en-US;q=0.6
Authorization: [Redacted]
Origin: [Redacted]
Referer: [Redacted]
sec-ch-ua: [Redacted]
sec-ch-ua-mobile: [Redacted]
sec-ch-ua-platform: [Redacted]
sec-fetch-site: [Redacted]
sec-fetch-mode: [Redacted]
sec-fetch-dest: [Redacted]
2022-05-15 12:43:34.606 -05:00 [INF] Executing endpoint 'Api.Controllers.AirlineController.GetAll (Api)'
2022-05-15 12:43:34.613 -05:00 [INF] Route matched with {action = "GetAll", controller = "Airline"}. Executing controller action with signature System.Threading.Tasks.Task`1[Application.Common.Response.Response`1[System.Collections.Generic.IEnumerable`1[Application.Airport.Http.Dto.AirlineDto]]] GetAll() on controller Api.Controllers.AirlineController (Api).
2022-05-15 12:43:34.626 -05:00 [INF] Executed DbCommand (3ms) [Parameters=[], CommandType='"Text"', CommandTimeout='30']
SELECT [a].[Id], [a].[CreatedBy], [a].[CreatedOn], [a].[LastModifiedOn], [a].[Name], [a].[Status], [a].[UpdatedBy]
FROM [Airport].[Airline] AS [a]
2022-05-15 12:43:34.640 -05:00 [INF] Executing ObjectResult, writing value of type 'Application.Common.Response.Response`1[[System.Collections.Generic.IEnumerable`1[[Application.Airport.Http.Dto.AirlineDto, Application, Version=1.0.0.0, Culture=neutral, PublicKeyToken=null]], System.Private.CoreLib, Version=6.0.0.0, Culture=neutral, PublicKeyToken=7cec85d7bea7798e]]'.
2022-05-15 12:43:34.648 -05:00 [INF] Executed action Api.Controllers.AirlineController.GetAll (Api) in 33.7898ms
2022-05-15 12:43:34.650 -05:00 [INF] Executed endpoint 'Api.Controllers.AirlineController.GetAll (Api)'
2022-05-15 12:43:34.651 -05:00 [INF] Response:
StatusCode: 200
Content-Type: application/json; charset=utf-8
Date: Sun, 15 May 2022 17:43:33 GMT
Server: Kestrel
Access-Control-Allow-Origin: [Redacted]
2022-05-15 12:43:34.653 -05:00 [INF] Request finished HTTP/2 GET https://localhost:7170/api/Airline/GetAll - - - 200 - application/json;+charset=utf-8 150.2536ms
2022-05-15 12:43:40.310 -05:00 [INF] Request starting HTTP/2 OPTIONS https://localhost:7170/api/Airline/Update - -
2022-05-15 12:43:40.313 -05:00 [INF] CORS policy execution successful.
2022-05-15 12:43:40.314 -05:00 [INF] Request finished HTTP/2 OPTIONS https://localhost:7170/api/Airline/Update - - - 204 - - 4.0024ms
2022-05-15 12:43:40.316 -05:00 [INF] Request starting HTTP/2 PUT https://localhost:7170/api/Airline/Update application/json 78
2022-05-15 12:43:40.336 -05:00 [INF] Entity Framework Core 6.0.5 initialized 'PersistenceContext' using provider 'Microsoft.EntityFrameworkCore.SqlServer:6.0.5' with options: MigrationsHistoryTable=Airport._MigrationHistory 
2022-05-15 12:43:40.346 -05:00 [INF] Executed DbCommand (4ms) [Parameters=[@__id_0='?' (DbType = Guid)], CommandType='"Text"', CommandTimeout='30']
SELECT [u].[Id], [u].[CreatedBy], [u].[CreatedOn], [u].[LastModifiedOn], [u].[Name], [u].[pazzword], [u].[Status], [u].[UpdatedBy], [u].[Username], [u0].[RoleId], [u0].[UserId], [u0].[CreatedBy], [u0].[CreatedOn], [u0].[Id], [u0].[LastModifiedOn], [u0].[Status], [u0].[UpdatedBy]
FROM [Airport].[User] AS [u]
LEFT JOIN [Airport].[UserRole] AS [u0] ON [u].[Id] = [u0].[UserId]
WHERE [u].[Id] = @__id_0
ORDER BY [u].[Id], [u0].[RoleId]
2022-05-15 12:43:40.356 -05:00 [INF] Executed DbCommand (4ms) [Parameters=[@__id_0='?' (DbType = Guid)], CommandType='"Text"', CommandTimeout='30']
SELECT [t].[Id], [t].[CreatedBy], [t].[CreatedOn], [t].[LastModifiedOn], [t].[Name], [t].[pazzword], [t].[Status], [t].[UpdatedBy], [t].[Username], [u0].[RoleId], [u0].[UserId], [u0].[CreatedBy], [u0].[CreatedOn], [u0].[Id], [u0].[LastModifiedOn], [u0].[Status], [u0].[UpdatedBy]
FROM (
    SELECT TOP(1) [u].[Id], [u].[CreatedBy], [u].[CreatedOn], [u].[LastModifiedOn], [u].[Name], [u].[pazzword], [u].[Status], [u].[UpdatedBy], [u].[Username]
    FROM [Airport].[User] AS [u]
    WHERE [u].[Id] = @__id_0
) AS [t]
LEFT JOIN [Airport].[UserRole] AS [u0] ON [t].[Id] = [u0].[UserId]
ORDER BY [t].[Id], [u0].[RoleId]
2022-05-15 12:43:40.364 -05:00 [INF] Executed DbCommand (3ms) [Parameters=[@__user_Id_0='?' (DbType = Guid)], CommandType='"Text"', CommandTimeout='30']
SELECT [u].[RoleId], [u].[UserId], [u].[CreatedBy], [u].[CreatedOn], [u].[Id], [u].[LastModifiedOn], [u].[Status], [u].[UpdatedBy], [r].[Id], [r].[CreatedBy], [r].[CreatedOn], [r].[LastModifiedOn], [r].[RoleName], [r].[Status], [r].[UpdatedBy]
FROM [Airport].[UserRole] AS [u]
INNER JOIN [Airport].[Role] AS [r] ON [u].[RoleId] = [r].[Id]
WHERE [u].[UserId] = @__user_Id_0
2022-05-15 12:43:40.368 -05:00 [INF] CORS policy execution successful.
2022-05-15 12:43:40.369 -05:00 [INF] Request:
Protocol: HTTP/2
Method: PUT
Scheme: https
PathBase: 
Path: /api/Airline/Update
Accept: application/json, text/plain, */*
Host: localhost:7170
User-Agent: Mozilla/5.0 (Windows NT 10.0; Win64; x64) AppleWebKit/537.36 (KHTML, like Gecko) Chrome/101.0.4951.64 Safari/537.36 Edg/101.0.1210.47
Accept-Encoding: gzip, deflate, br
Accept-Language: es,es-ES;q=0.9,en;q=0.8,en-GB;q=0.7,en-US;q=0.6
Authorization: [Redacted]
Content-Type: application/json
Origin: [Redacted]
Referer: [Redacted]
Content-Length: 78
sec-ch-ua: [Redacted]
sec-ch-ua-mobile: [Redacted]
sec-ch-ua-platform: [Redacted]
sec-fetch-site: [Redacted]
sec-fetch-mode: [Redacted]
sec-fetch-dest: [Redacted]
2022-05-15 12:43:40.372 -05:00 [INF] Executing endpoint 'Api.Controllers.AirlineController.Update (Api)'
2022-05-15 12:43:40.379 -05:00 [INF] Route matched with {action = "Update", controller = "Airline"}. Executing controller action with signature System.Threading.Tasks.Task`1[Application.Common.Response.Response`1[System.Boolean]] Update(Application.Airport.Http.Request.AirlineUpdateRequest) on controller Api.Controllers.AirlineController (Api).
2022-05-15 12:43:40.397 -05:00 [INF] Executing BadRequestObjectResult, writing value of type 'Microsoft.AspNetCore.Mvc.ValidationProblemDetails'.
2022-05-15 12:43:40.400 -05:00 [INF] Executed action Api.Controllers.AirlineController.Update (Api) in 17.4809ms
2022-05-15 12:43:40.401 -05:00 [INF] Executed endpoint 'Api.Controllers.AirlineController.Update (Api)'
2022-05-15 12:43:40.402 -05:00 [INF] Response:
StatusCode: 400
Content-Type: application/problem+json; charset=utf-8
Date: Sun, 15 May 2022 17:43:39 GMT
Server: Kestrel
Access-Control-Allow-Origin: [Redacted]
2022-05-15 12:43:40.403 -05:00 [INF] Request finished HTTP/2 PUT https://localhost:7170/api/Airline/Update application/json 78 - 400 - application/problem+json;+charset=utf-8 86.7915ms
2022-05-15 12:43:41.076 -05:00 [INF] Request starting HTTP/2 OPTIONS https://localhost:7170/api/Airline/GetAll - -
2022-05-15 12:43:41.077 -05:00 [INF] CORS policy execution successful.
2022-05-15 12:43:41.078 -05:00 [INF] Request finished HTTP/2 OPTIONS https://localhost:7170/api/Airline/GetAll - - - 204 - - 2.2171ms
2022-05-15 12:43:41.080 -05:00 [INF] Request starting HTTP/2 GET https://localhost:7170/api/Airline/GetAll - -
2022-05-15 12:43:41.082 -05:00 [INF] Entity Framework Core 6.0.5 initialized 'PersistenceContext' using provider 'Microsoft.EntityFrameworkCore.SqlServer:6.0.5' with options: MigrationsHistoryTable=Airport._MigrationHistory 
2022-05-15 12:43:41.090 -05:00 [INF] Executed DbCommand (5ms) [Parameters=[@__id_0='?' (DbType = Guid)], CommandType='"Text"', CommandTimeout='30']
SELECT [u].[Id], [u].[CreatedBy], [u].[CreatedOn], [u].[LastModifiedOn], [u].[Name], [u].[pazzword], [u].[Status], [u].[UpdatedBy], [u].[Username], [u0].[RoleId], [u0].[UserId], [u0].[CreatedBy], [u0].[CreatedOn], [u0].[Id], [u0].[LastModifiedOn], [u0].[Status], [u0].[UpdatedBy]
FROM [Airport].[User] AS [u]
LEFT JOIN [Airport].[UserRole] AS [u0] ON [u].[Id] = [u0].[UserId]
WHERE [u].[Id] = @__id_0
ORDER BY [u].[Id], [u0].[RoleId]
2022-05-15 12:43:41.098 -05:00 [INF] Executed DbCommand (3ms) [Parameters=[@__id_0='?' (DbType = Guid)], CommandType='"Text"', CommandTimeout='30']
SELECT [t].[Id], [t].[CreatedBy], [t].[CreatedOn], [t].[LastModifiedOn], [t].[Name], [t].[pazzword], [t].[Status], [t].[UpdatedBy], [t].[Username], [u0].[RoleId], [u0].[UserId], [u0].[CreatedBy], [u0].[CreatedOn], [u0].[Id], [u0].[LastModifiedOn], [u0].[Status], [u0].[UpdatedBy]
FROM (
    SELECT TOP(1) [u].[Id], [u].[CreatedBy], [u].[CreatedOn], [u].[LastModifiedOn], [u].[Name], [u].[pazzword], [u].[Status], [u].[UpdatedBy], [u].[Username]
    FROM [Airport].[User] AS [u]
    WHERE [u].[Id] = @__id_0
) AS [t]
LEFT JOIN [Airport].[UserRole] AS [u0] ON [t].[Id] = [u0].[UserId]
ORDER BY [t].[Id], [u0].[RoleId]
2022-05-15 12:43:41.105 -05:00 [INF] Executed DbCommand (3ms) [Parameters=[@__user_Id_0='?' (DbType = Guid)], CommandType='"Text"', CommandTimeout='30']
SELECT [u].[RoleId], [u].[UserId], [u].[CreatedBy], [u].[CreatedOn], [u].[Id], [u].[LastModifiedOn], [u].[Status], [u].[UpdatedBy], [r].[Id], [r].[CreatedBy], [r].[CreatedOn], [r].[LastModifiedOn], [r].[RoleName], [r].[Status], [r].[UpdatedBy]
FROM [Airport].[UserRole] AS [u]
INNER JOIN [Airport].[Role] AS [r] ON [u].[RoleId] = [r].[Id]
WHERE [u].[UserId] = @__user_Id_0
2022-05-15 12:43:41.109 -05:00 [INF] CORS policy execution successful.
2022-05-15 12:43:41.110 -05:00 [INF] Request:
Protocol: HTTP/2
Method: GET
Scheme: https
PathBase: 
Path: /api/Airline/GetAll
Accept: application/json, text/plain, */*
Host: localhost:7170
User-Agent: Mozilla/5.0 (Windows NT 10.0; Win64; x64) AppleWebKit/537.36 (KHTML, like Gecko) Chrome/101.0.4951.64 Safari/537.36 Edg/101.0.1210.47
:method: [Redacted]
Accept-Encoding: gzip, deflate, br
Accept-Language: es,es-ES;q=0.9,en;q=0.8,en-GB;q=0.7,en-US;q=0.6
Authorization: [Redacted]
Origin: [Redacted]
Referer: [Redacted]
sec-ch-ua: [Redacted]
sec-ch-ua-mobile: [Redacted]
sec-ch-ua-platform: [Redacted]
sec-fetch-site: [Redacted]
sec-fetch-mode: [Redacted]
sec-fetch-dest: [Redacted]
2022-05-15 12:43:41.112 -05:00 [INF] Executing endpoint 'Api.Controllers.AirlineController.GetAll (Api)'
2022-05-15 12:43:41.113 -05:00 [INF] Route matched with {action = "GetAll", controller = "Airline"}. Executing controller action with signature System.Threading.Tasks.Task`1[Application.Common.Response.Response`1[System.Collections.Generic.IEnumerable`1[Application.Airport.Http.Dto.AirlineDto]]] GetAll() on controller Api.Controllers.AirlineController (Api).
2022-05-15 12:43:41.117 -05:00 [INF] Executed DbCommand (1ms) [Parameters=[], CommandType='"Text"', CommandTimeout='30']
SELECT [a].[Id], [a].[CreatedBy], [a].[CreatedOn], [a].[LastModifiedOn], [a].[Name], [a].[Status], [a].[UpdatedBy]
FROM [Airport].[Airline] AS [a]
2022-05-15 12:43:41.120 -05:00 [INF] Executing ObjectResult, writing value of type 'Application.Common.Response.Response`1[[System.Collections.Generic.IEnumerable`1[[Application.Airport.Http.Dto.AirlineDto, Application, Version=1.0.0.0, Culture=neutral, PublicKeyToken=null]], System.Private.CoreLib, Version=6.0.0.0, Culture=neutral, PublicKeyToken=7cec85d7bea7798e]]'.
2022-05-15 12:43:41.122 -05:00 [INF] Executed action Api.Controllers.AirlineController.GetAll (Api) in 7.1206ms
2022-05-15 12:43:41.127 -05:00 [INF] Executed endpoint 'Api.Controllers.AirlineController.GetAll (Api)'
2022-05-15 12:43:41.128 -05:00 [INF] Response:
StatusCode: 200
Content-Type: application/json; charset=utf-8
Date: Sun, 15 May 2022 17:43:40 GMT
Server: Kestrel
Access-Control-Allow-Origin: [Redacted]
2022-05-15 12:43:41.129 -05:00 [INF] Request finished HTTP/2 GET https://localhost:7170/api/Airline/GetAll - - - 200 - application/json;+charset=utf-8 49.1289ms
2022-05-15 12:43:57.683 -05:00 [INF] Application is shutting down...
