2022-05-14 15:16:09.584 -05:00 [INF] User profile is available. Using 'C:\Users\kevin\AppData\Local\ASP.NET\DataProtection-Keys' as key repository and Windows DPAPI to encrypt keys at rest.
2022-05-14 15:16:09.791 -05:00 [INF] Now listening on: https://localhost:7170
2022-05-14 15:16:09.792 -05:00 [INF] Now listening on: http://localhost:5094
2022-05-14 15:16:09.796 -05:00 [INF] Application started. Press Ctrl+C to shut down.
2022-05-14 15:16:09.797 -05:00 [INF] Hosting environment: Development
2022-05-14 15:16:09.798 -05:00 [INF] Content root path: D:\GitHub\AirportManagementApi\Api\
2022-05-14 15:16:10.832 -05:00 [INF] Request starting HTTP/2 GET https://localhost:7170/ - -
2022-05-14 15:16:11.153 -05:00 [INF] Request:
Protocol: HTTP/2
Method: GET
Scheme: https
PathBase: 
Path: /
Accept: text/html,application/xhtml+xml,application/xml;q=0.9,image/webp,image/apng,*/*;q=0.8,application/signed-exchange;v=b3;q=0.9
Host: localhost:7170
User-Agent: Mozilla/5.0 (Windows NT 10.0; Win64; x64) AppleWebKit/537.36 (KHTML, like Gecko) Chrome/101.0.4951.54 Safari/537.36 Edg/101.0.1210.39
:method: [Redacted]
Accept-Encoding: gzip, deflate, br
Accept-Language: es,es-ES;q=0.9,en;q=0.8,en-GB;q=0.7,en-US;q=0.6
Upgrade-Insecure-Requests: [Redacted]
sec-ch-ua: [Redacted]
sec-ch-ua-mobile: [Redacted]
sec-ch-ua-platform: [Redacted]
sec-fetch-site: [Redacted]
sec-fetch-mode: [Redacted]
sec-fetch-user: [Redacted]
sec-fetch-dest: [Redacted]
2022-05-14 15:16:11.207 -05:00 [INF] Response:
StatusCode: 404
2022-05-14 15:16:11.216 -05:00 [INF] Request finished HTTP/2 GET https://localhost:7170/ - - - 404 0 - 394.6577ms
2022-05-14 15:16:12.209 -05:00 [INF] Application is shutting down...
2022-05-14 20:43:06.596 -05:00 [INF] User profile is available. Using 'C:\Users\kevin\AppData\Local\ASP.NET\DataProtection-Keys' as key repository and Windows DPAPI to encrypt keys at rest.
2022-05-14 20:43:06.805 -05:00 [INF] Now listening on: https://localhost:7170
2022-05-14 20:43:06.806 -05:00 [INF] Now listening on: http://localhost:5094
2022-05-14 20:43:06.809 -05:00 [INF] Application started. Press Ctrl+C to shut down.
2022-05-14 20:43:06.810 -05:00 [INF] Hosting environment: Development
2022-05-14 20:43:06.811 -05:00 [INF] Content root path: D:\GitHub\AirportManagementApi\Api\
2022-05-14 20:43:07.139 -05:00 [INF] Request starting HTTP/2 GET https://localhost:7170/ - -
2022-05-14 20:43:07.360 -05:00 [INF] Request:
Protocol: HTTP/2
Method: GET
Scheme: https
PathBase: 
Path: /
Accept: text/html,application/xhtml+xml,application/xml;q=0.9,image/webp,image/apng,*/*;q=0.8,application/signed-exchange;v=b3;q=0.9
Host: localhost:7170
User-Agent: Mozilla/5.0 (Windows NT 10.0; Win64; x64) AppleWebKit/537.36 (KHTML, like Gecko) Chrome/101.0.4951.54 Safari/537.36 Edg/101.0.1210.39
:method: [Redacted]
Accept-Encoding: gzip, deflate, br
Accept-Language: es,es-ES;q=0.9,en;q=0.8,en-GB;q=0.7,en-US;q=0.6
Upgrade-Insecure-Requests: [Redacted]
sec-ch-ua: [Redacted]
sec-ch-ua-mobile: [Redacted]
sec-ch-ua-platform: [Redacted]
sec-fetch-site: [Redacted]
sec-fetch-mode: [Redacted]
sec-fetch-user: [Redacted]
sec-fetch-dest: [Redacted]
2022-05-14 20:43:07.407 -05:00 [INF] Response:
StatusCode: 404
2022-05-14 20:43:07.417 -05:00 [INF] Request finished HTTP/2 GET https://localhost:7170/ - - - 404 0 - 282.8594ms
2022-05-14 20:43:14.170 -05:00 [INF] Request starting HTTP/2 POST https://localhost:7170/api/User/Save application/json 114
2022-05-14 20:43:15.498 -05:00 [INF] Entity Framework Core 5.0.10 initialized 'PersistenceContext' using provider 'Microsoft.EntityFrameworkCore.SqlServer' with options: MigrationsHistoryTable=Airport._MigrationHistory 
2022-05-14 20:43:16.357 -05:00 [INF] Executed DbCommand (84ms) [Parameters=[@__get_Item_0='?' (DbType = Guid)], CommandType='"Text"', CommandTimeout='30']
SELECT TOP(1) [u].[Id], [u].[CreatedBy], [u].[CreatedOn], [u].[LastModifiedOn], [u].[Name], [u].[pazzword], [u].[Status], [u].[UpdatedBy], [u].[Username]
FROM [Airport].[User] AS [u]
WHERE [u].[Id] = @__get_Item_0
2022-05-14 20:43:16.537 -05:00 [INF] CORS policy execution successful.
2022-05-14 20:43:16.541 -05:00 [INF] Request:
Protocol: HTTP/2
Method: POST
Scheme: https
PathBase: 
Path: /api/User/Save
Accept: text/plain
Host: localhost:7170
User-Agent: Mozilla/5.0 (Windows NT 10.0; Win64; x64) AppleWebKit/537.36 (KHTML, like Gecko) Chrome/101.0.4951.54 Safari/537.36 Edg/101.0.1210.39
:method: [Redacted]
Accept-Encoding: gzip, deflate, br
Accept-Language: es,es-ES;q=0.9,en;q=0.8,en-GB;q=0.7,en-US;q=0.6
Authorization: [Redacted]
Content-Type: application/json
Origin: [Redacted]
Referer: [Redacted]
Content-Length: 114
sec-ch-ua: [Redacted]
sec-ch-ua-mobile: [Redacted]
sec-ch-ua-platform: [Redacted]
sec-fetch-site: [Redacted]
sec-fetch-mode: [Redacted]
sec-fetch-dest: [Redacted]
2022-05-14 20:43:16.561 -05:00 [INF] Executing endpoint 'Api.Controllers.UserController.Save (Api)'
2022-05-14 20:43:16.584 -05:00 [INF] Route matched with {action = "Save", controller = "User"}. Executing controller action with signature System.Threading.Tasks.Task`1[Application.Common.Response.Response`1[Application.Security.Http.Dto.UserDto]] Save(Application.Security.Http.Request.UserRequest) on controller Api.Controllers.UserController (Api).
2022-05-14 20:43:16.708 -05:00 [INF] Executed DbCommand (8ms) [Parameters=[@__userRequest_Username_0='?' (Size = 4000)], CommandType='"Text"', CommandTimeout='30']
SELECT [u].[Id], [u].[CreatedBy], [u].[CreatedOn], [u].[LastModifiedOn], [u].[Name], [u].[pazzword], [u].[Status], [u].[UpdatedBy], [u].[Username]
FROM [Airport].[User] AS [u]
WHERE LOWER([u].[Username]) = @__userRequest_Username_0
2022-05-14 20:43:16.732 -05:00 [INF] Executed DbCommand (3ms) [Parameters=[@__userRequest_Username_0='?' (Size = 4000)], CommandType='"Text"', CommandTimeout='30']
SELECT TOP(1) [u].[Id], [u].[CreatedBy], [u].[CreatedOn], [u].[LastModifiedOn], [u].[Name], [u].[pazzword], [u].[Status], [u].[UpdatedBy], [u].[Username]
FROM [Airport].[User] AS [u]
WHERE LOWER([u].[Username]) = @__userRequest_Username_0
2022-05-14 20:43:16.750 -05:00 [INF] Executing ObjectResult, writing value of type 'Application.Common.Response.Response`1[[Application.Security.Http.Dto.UserDto, Application, Version=1.0.0.0, Culture=neutral, PublicKeyToken=null]]'.
2022-05-14 20:43:16.798 -05:00 [INF] Executed action Api.Controllers.UserController.Save (Api) in 201.7717ms
2022-05-14 20:43:16.800 -05:00 [INF] Executed endpoint 'Api.Controllers.UserController.Save (Api)'
2022-05-14 20:43:16.801 -05:00 [INF] Response:
StatusCode: 200
Content-Type: application/json; charset=utf-8
Date: Sun, 15 May 2022 01:43:16 GMT
Server: Kestrel
Access-Control-Allow-Origin: [Redacted]
2022-05-14 20:43:16.807 -05:00 [INF] Request finished HTTP/2 POST https://localhost:7170/api/User/Save application/json 114 - 200 - application/json;+charset=utf-8 2637.0603ms
2022-05-14 20:43:21.797 -05:00 [INF] Request starting HTTP/2 POST https://localhost:7170/api/User/Save application/json 115
2022-05-14 20:43:21.849 -05:00 [INF] Entity Framework Core 5.0.10 initialized 'PersistenceContext' using provider 'Microsoft.EntityFrameworkCore.SqlServer' with options: MigrationsHistoryTable=Airport._MigrationHistory 
2022-05-14 20:43:21.859 -05:00 [INF] Executed DbCommand (1ms) [Parameters=[@__get_Item_0='?' (DbType = Guid)], CommandType='"Text"', CommandTimeout='30']
SELECT TOP(1) [u].[Id], [u].[CreatedBy], [u].[CreatedOn], [u].[LastModifiedOn], [u].[Name], [u].[pazzword], [u].[Status], [u].[UpdatedBy], [u].[Username]
FROM [Airport].[User] AS [u]
WHERE [u].[Id] = @__get_Item_0
2022-05-14 20:43:21.862 -05:00 [INF] CORS policy execution successful.
2022-05-14 20:43:21.865 -05:00 [INF] Request:
Protocol: HTTP/2
Method: POST
Scheme: https
PathBase: 
Path: /api/User/Save
Accept: text/plain
Host: localhost:7170
User-Agent: Mozilla/5.0 (Windows NT 10.0; Win64; x64) AppleWebKit/537.36 (KHTML, like Gecko) Chrome/101.0.4951.54 Safari/537.36 Edg/101.0.1210.39
:method: [Redacted]
Accept-Encoding: gzip, deflate, br
Accept-Language: es,es-ES;q=0.9,en;q=0.8,en-GB;q=0.7,en-US;q=0.6
Authorization: [Redacted]
Content-Type: application/json
Origin: [Redacted]
Referer: [Redacted]
Content-Length: 115
sec-ch-ua: [Redacted]
sec-ch-ua-mobile: [Redacted]
sec-ch-ua-platform: [Redacted]
sec-fetch-site: [Redacted]
sec-fetch-mode: [Redacted]
sec-fetch-dest: [Redacted]
2022-05-14 20:43:21.870 -05:00 [INF] Executing endpoint 'Api.Controllers.UserController.Save (Api)'
2022-05-14 20:43:21.874 -05:00 [INF] Route matched with {action = "Save", controller = "User"}. Executing controller action with signature System.Threading.Tasks.Task`1[Application.Common.Response.Response`1[Application.Security.Http.Dto.UserDto]] Save(Application.Security.Http.Request.UserRequest) on controller Api.Controllers.UserController (Api).
2022-05-14 20:43:21.878 -05:00 [INF] Executed DbCommand (0ms) [Parameters=[@__userRequest_Username_0='?' (Size = 4000)], CommandType='"Text"', CommandTimeout='30']
SELECT [u].[Id], [u].[CreatedBy], [u].[CreatedOn], [u].[LastModifiedOn], [u].[Name], [u].[pazzword], [u].[Status], [u].[UpdatedBy], [u].[Username]
FROM [Airport].[User] AS [u]
WHERE LOWER([u].[Username]) = @__userRequest_Username_0
2022-05-14 20:43:22.155 -05:00 [INF] Executed DbCommand (7ms) [Parameters=[@p0='?' (DbType = Guid), @p1='?' (Size = 35), @p2='?' (DbType = DateTime2), @p3='?' (Size = 4000), @p4='?' (Size = 4000), @p5='?' (DbType = Boolean), @p6='?' (Size = 35), @p7='?' (Size = 4000)], CommandType='"Text"', CommandTimeout='30']
SET NOCOUNT ON;
INSERT INTO [Airport].[User] ([Id], [CreatedBy], [CreatedOn], [Name], [pazzword], [Status], [UpdatedBy], [Username])
VALUES (@p0, @p1, @p2, @p3, @p4, @p5, @p6, @p7);
SELECT [LastModifiedOn]
FROM [Airport].[User]
WHERE @@ROWCOUNT = 1 AND [Id] = @p0;
2022-05-14 20:43:22.358 -05:00 [ERR] An exception occurred in the database while saving changes for context type 'Infrastructure.Repository.PersistenceContext'.
System.InvalidOperationException: The value of 'UserRole.RoleId' is unknown when attempting to save changes. This is because the property is also part of a foreign key for which the principal entity in the relationship is not known.
   at Microsoft.EntityFrameworkCore.ChangeTracking.Internal.InternalEntityEntry.PrepareToSave()
   at Microsoft.EntityFrameworkCore.ChangeTracking.Internal.StateManager.GetEntriesToSave(Boolean cascadeChanges)
   at Microsoft.EntityFrameworkCore.ChangeTracking.Internal.StateManager.SaveChangesAsync(DbContext _, Boolean acceptAllChangesOnSuccess, CancellationToken cancellationToken)
   at Microsoft.EntityFrameworkCore.SqlServer.Storage.Internal.SqlServerExecutionStrategy.ExecuteAsync[TState,TResult](TState state, Func`4 operation, Func`4 verifySucceeded, CancellationToken cancellationToken)
   at Microsoft.EntityFrameworkCore.DbContext.SaveChangesAsync(Boolean acceptAllChangesOnSuccess, CancellationToken cancellationToken)
System.InvalidOperationException: The value of 'UserRole.RoleId' is unknown when attempting to save changes. This is because the property is also part of a foreign key for which the principal entity in the relationship is not known.
   at Microsoft.EntityFrameworkCore.ChangeTracking.Internal.InternalEntityEntry.PrepareToSave()
   at Microsoft.EntityFrameworkCore.ChangeTracking.Internal.StateManager.GetEntriesToSave(Boolean cascadeChanges)
   at Microsoft.EntityFrameworkCore.ChangeTracking.Internal.StateManager.SaveChangesAsync(DbContext _, Boolean acceptAllChangesOnSuccess, CancellationToken cancellationToken)
   at Microsoft.EntityFrameworkCore.SqlServer.Storage.Internal.SqlServerExecutionStrategy.ExecuteAsync[TState,TResult](TState state, Func`4 operation, Func`4 verifySucceeded, CancellationToken cancellationToken)
   at Microsoft.EntityFrameworkCore.DbContext.SaveChangesAsync(Boolean acceptAllChangesOnSuccess, CancellationToken cancellationToken)
2022-05-14 20:43:22.397 -05:00 [INF] Executing ObjectResult, writing value of type 'Application.Common.Response.Response`1[[Application.Security.Http.Dto.UserDto, Application, Version=1.0.0.0, Culture=neutral, PublicKeyToken=null]]'.
2022-05-14 20:43:22.402 -05:00 [INF] Executed action Api.Controllers.UserController.Save (Api) in 527.0803ms
2022-05-14 20:43:22.406 -05:00 [INF] Executed endpoint 'Api.Controllers.UserController.Save (Api)'
2022-05-14 20:43:22.413 -05:00 [INF] Response:
StatusCode: 200
Content-Type: application/json; charset=utf-8
Date: Sun, 15 May 2022 01:43:21 GMT
Server: Kestrel
Access-Control-Allow-Origin: [Redacted]
2022-05-14 20:43:22.424 -05:00 [INF] Request finished HTTP/2 POST https://localhost:7170/api/User/Save application/json 115 - 200 - application/json;+charset=utf-8 626.9148ms
2022-05-14 20:44:13.418 -05:00 [INF] Application is shutting down...
