2022-05-14 09:07:27.265 -05:00 [INF] User profile is available. Using 'C:\Users\kevin\AppData\Local\ASP.NET\DataProtection-Keys' as key repository and Windows DPAPI to encrypt keys at rest.
2022-05-14 09:07:27.447 -05:00 [INF] Now listening on: https://localhost:7170
2022-05-14 09:07:27.449 -05:00 [INF] Now listening on: http://localhost:5094
2022-05-14 09:07:27.455 -05:00 [INF] Application started. Press Ctrl+C to shut down.
2022-05-14 09:07:27.455 -05:00 [INF] Hosting environment: Development
2022-05-14 09:07:27.456 -05:00 [INF] Content root path: D:\GitHub\AirportManagementApi\Api\
2022-05-14 09:07:27.854 -05:00 [INF] Request starting HTTP/2 GET https://localhost:7170/ - -
2022-05-14 09:07:27.983 -05:00 [INF] Request:
Protocol: HTTP/2
Method: GET
Scheme: https
PathBase: 
Path: /
Accept: text/html,application/xhtml+xml,application/xml;q=0.9,image/webp,image/apng,*/*;q=0.8,application/signed-exchange;v=b3;q=0.9
Host: localhost:7170
User-Agent: Mozilla/5.0 (Windows NT 10.0; Win64; x64) AppleWebKit/537.36 (KHTML, like Gecko) Chrome/101.0.4951.54 Safari/537.36 Edg/101.0.1210.39
:method: [Redacted]
Accept-Encoding: gzip, deflate, br
Accept-Language: es,es-ES;q=0.9,en;q=0.8,en-GB;q=0.7,en-US;q=0.6
Upgrade-Insecure-Requests: [Redacted]
sec-ch-ua: [Redacted]
sec-ch-ua-mobile: [Redacted]
sec-ch-ua-platform: [Redacted]
sec-fetch-site: [Redacted]
sec-fetch-mode: [Redacted]
sec-fetch-user: [Redacted]
sec-fetch-dest: [Redacted]
2022-05-14 09:07:27.986 -05:00 [INF] Response:
StatusCode: 404
2022-05-14 09:07:27.995 -05:00 [INF] Request finished HTTP/2 GET https://localhost:7170/ - - - 404 0 - 147.0180ms
2022-05-14 09:10:53.542 -05:00 [INF] Request starting HTTP/2 GET https://localhost:7170/api/Flights - -
2022-05-14 09:10:53.546 -05:00 [INF] Request:
Protocol: HTTP/2
Method: GET
Scheme: https
PathBase: 
Path: /api/Flights
Accept: text/html,application/xhtml+xml,application/xml;q=0.9,image/webp,image/apng,*/*;q=0.8,application/signed-exchange;v=b3;q=0.9
Host: localhost:7170
User-Agent: Mozilla/5.0 (Windows NT 10.0; Win64; x64) AppleWebKit/537.36 (KHTML, like Gecko) Chrome/101.0.4951.54 Safari/537.36 Edg/101.0.1210.39
:method: [Redacted]
Accept-Encoding: gzip, deflate, br
Accept-Language: es,es-ES;q=0.9,en;q=0.8,en-GB;q=0.7,en-US;q=0.6
Upgrade-Insecure-Requests: [Redacted]
sec-ch-ua: [Redacted]
sec-ch-ua-mobile: [Redacted]
sec-ch-ua-platform: [Redacted]
sec-fetch-site: [Redacted]
sec-fetch-mode: [Redacted]
sec-fetch-user: [Redacted]
sec-fetch-dest: [Redacted]
2022-05-14 09:10:53.548 -05:00 [INF] Response:
StatusCode: 404
2022-05-14 09:10:53.549 -05:00 [INF] Request finished HTTP/2 GET https://localhost:7170/api/Flights - - - 404 0 - 7.0262ms
2022-05-14 09:11:09.219 -05:00 [INF] Request starting HTTP/2 GET https://localhost:7170/api/Flight - -
2022-05-14 09:11:09.225 -05:00 [INF] Request:
Protocol: HTTP/2
Method: GET
Scheme: https
PathBase: 
Path: /api/Flight
Accept: text/html,application/xhtml+xml,application/xml;q=0.9,image/webp,image/apng,*/*;q=0.8,application/signed-exchange;v=b3;q=0.9
Host: localhost:7170
User-Agent: Mozilla/5.0 (Windows NT 10.0; Win64; x64) AppleWebKit/537.36 (KHTML, like Gecko) Chrome/101.0.4951.54 Safari/537.36 Edg/101.0.1210.39
:method: [Redacted]
Accept-Encoding: gzip, deflate, br
Accept-Language: es,es-ES;q=0.9,en;q=0.8,en-GB;q=0.7,en-US;q=0.6
Upgrade-Insecure-Requests: [Redacted]
sec-ch-ua: [Redacted]
sec-ch-ua-mobile: [Redacted]
sec-ch-ua-platform: [Redacted]
sec-fetch-site: [Redacted]
sec-fetch-mode: [Redacted]
sec-fetch-user: [Redacted]
sec-fetch-dest: [Redacted]
2022-05-14 09:11:09.226 -05:00 [INF] Response:
StatusCode: 404
2022-05-14 09:11:09.228 -05:00 [INF] Request finished HTTP/2 GET https://localhost:7170/api/Flight - - - 404 0 - 8.6830ms
2022-05-14 09:11:10.809 -05:00 [INF] Request starting HTTP/2 GET https://localhost:7170/api/Flight - -
2022-05-14 09:11:10.811 -05:00 [INF] Request:
Protocol: HTTP/2
Method: GET
Scheme: https
PathBase: 
Path: /api/Flight
Accept: text/html,application/xhtml+xml,application/xml;q=0.9,image/webp,image/apng,*/*;q=0.8,application/signed-exchange;v=b3;q=0.9
Host: localhost:7170
User-Agent: Mozilla/5.0 (Windows NT 10.0; Win64; x64) AppleWebKit/537.36 (KHTML, like Gecko) Chrome/101.0.4951.54 Safari/537.36 Edg/101.0.1210.39
:method: [Redacted]
Accept-Encoding: gzip, deflate, br
Accept-Language: es,es-ES;q=0.9,en;q=0.8,en-GB;q=0.7,en-US;q=0.6
Cache-Control: max-age=0
Upgrade-Insecure-Requests: [Redacted]
sec-ch-ua: [Redacted]
sec-ch-ua-mobile: [Redacted]
sec-ch-ua-platform: [Redacted]
sec-fetch-site: [Redacted]
sec-fetch-mode: [Redacted]
sec-fetch-user: [Redacted]
sec-fetch-dest: [Redacted]
2022-05-14 09:11:10.813 -05:00 [INF] Response:
StatusCode: 404
2022-05-14 09:11:10.814 -05:00 [INF] Request finished HTTP/2 GET https://localhost:7170/api/Flight - - - 404 0 - 4.6639ms
2022-05-14 09:12:00.918 -05:00 [INF] Request starting HTTP/1.1 GET https://localhost:7170/api/flight/findAll application/json 81
2022-05-14 09:12:00.920 -05:00 [INF] Request:
Protocol: HTTP/1.1
Method: GET
Scheme: https
PathBase: 
Path: /api/flight/findAll
Accept: */*
Connection: keep-alive
Host: localhost:7170
User-Agent: PostmanRuntime/7.29.0
Accept-Encoding: gzip, deflate, br
Content-Type: application/json
Content-Length: 81
Postman-Token: [Redacted]
2022-05-14 09:12:00.922 -05:00 [INF] Response:
StatusCode: 404
2022-05-14 09:12:00.926 -05:00 [INF] Request finished HTTP/1.1 GET https://localhost:7170/api/flight/findAll application/json 81 - 404 0 - 7.9688ms
2022-05-14 09:12:10.886 -05:00 [INF] Request starting HTTP/1.1 GET https://localhost:7170/api/Flight/findAll application/json 81
2022-05-14 09:12:10.888 -05:00 [INF] Request:
Protocol: HTTP/1.1
Method: GET
Scheme: https
PathBase: 
Path: /api/Flight/findAll
Accept: */*
Connection: keep-alive
Host: localhost:7170
User-Agent: PostmanRuntime/7.29.0
Accept-Encoding: gzip, deflate, br
Content-Type: application/json
Content-Length: 81
Postman-Token: [Redacted]
2022-05-14 09:12:10.889 -05:00 [INF] Response:
StatusCode: 404
2022-05-14 09:12:10.891 -05:00 [INF] Request finished HTTP/1.1 GET https://localhost:7170/api/Flight/findAll application/json 81 - 404 0 - 4.1420ms
2022-05-14 09:12:34.214 -05:00 [INF] Request starting HTTP/2 GET https://localhost:7170/api/Flight/findAll - -
2022-05-14 09:12:34.216 -05:00 [INF] Request:
Protocol: HTTP/2
Method: GET
Scheme: https
PathBase: 
Path: /api/Flight/findAll
Accept: text/html,application/xhtml+xml,application/xml;q=0.9,image/webp,image/apng,*/*;q=0.8,application/signed-exchange;v=b3;q=0.9
Host: localhost:7170
User-Agent: Mozilla/5.0 (Windows NT 10.0; Win64; x64) AppleWebKit/537.36 (KHTML, like Gecko) Chrome/101.0.4951.54 Safari/537.36 Edg/101.0.1210.39
:method: [Redacted]
Accept-Encoding: gzip, deflate, br
Accept-Language: es,es-ES;q=0.9,en;q=0.8,en-GB;q=0.7,en-US;q=0.6
Upgrade-Insecure-Requests: [Redacted]
sec-ch-ua: [Redacted]
sec-ch-ua-mobile: [Redacted]
sec-ch-ua-platform: [Redacted]
sec-fetch-site: [Redacted]
sec-fetch-mode: [Redacted]
sec-fetch-user: [Redacted]
sec-fetch-dest: [Redacted]
2022-05-14 09:12:34.219 -05:00 [INF] Response:
StatusCode: 404
2022-05-14 09:12:34.222 -05:00 [INF] Request finished HTTP/2 GET https://localhost:7170/api/Flight/findAll - - - 404 0 - 8.1423ms
2022-05-14 09:12:35.618 -05:00 [INF] Request starting HTTP/2 GET https://localhost:7170/api/Flight/findAll - -
2022-05-14 09:12:35.621 -05:00 [INF] Request:
Protocol: HTTP/2
Method: GET
Scheme: https
PathBase: 
Path: /api/Flight/findAll
Accept: text/html,application/xhtml+xml,application/xml;q=0.9,image/webp,image/apng,*/*;q=0.8,application/signed-exchange;v=b3;q=0.9
Host: localhost:7170
User-Agent: Mozilla/5.0 (Windows NT 10.0; Win64; x64) AppleWebKit/537.36 (KHTML, like Gecko) Chrome/101.0.4951.54 Safari/537.36 Edg/101.0.1210.39
:method: [Redacted]
Accept-Encoding: gzip, deflate, br
Accept-Language: es,es-ES;q=0.9,en;q=0.8,en-GB;q=0.7,en-US;q=0.6
Cache-Control: max-age=0
Upgrade-Insecure-Requests: [Redacted]
sec-ch-ua: [Redacted]
sec-ch-ua-mobile: [Redacted]
sec-ch-ua-platform: [Redacted]
sec-fetch-site: [Redacted]
sec-fetch-mode: [Redacted]
sec-fetch-user: [Redacted]
sec-fetch-dest: [Redacted]
2022-05-14 09:12:35.624 -05:00 [INF] Response:
StatusCode: 404
2022-05-14 09:12:35.625 -05:00 [INF] Request finished HTTP/2 GET https://localhost:7170/api/Flight/findAll - - - 404 0 - 6.8829ms
2022-05-14 09:15:45.937 -05:00 [INF] Request starting HTTP/2 GET https://localhost:7170/swagger/index.html - -
2022-05-14 09:15:46.054 -05:00 [INF] Request finished HTTP/2 GET https://localhost:7170/swagger/index.html - - - 200 - text/html;charset=utf-8 116.9288ms
2022-05-14 09:15:46.073 -05:00 [INF] Request starting HTTP/2 GET https://localhost:7170/swagger/swagger-ui.css - -
2022-05-14 09:15:46.074 -05:00 [INF] Request starting HTTP/2 GET https://localhost:7170/swagger/swagger-ui-standalone-preset.js - -
2022-05-14 09:15:46.074 -05:00 [INF] Request starting HTTP/2 GET https://localhost:7170/swagger/swagger-ui-bundle.js - -
2022-05-14 09:15:46.122 -05:00 [INF] Sending file. Request path: '/swagger-ui.css'. Physical path: 'N/A'
2022-05-14 09:15:46.138 -05:00 [INF] Request finished HTTP/2 GET https://localhost:7170/swagger/swagger-ui.css - - - 200 143943 text/css 64.6735ms
2022-05-14 09:15:46.141 -05:00 [INF] Sending file. Request path: '/swagger-ui-standalone-preset.js'. Physical path: 'N/A'
2022-05-14 09:15:46.150 -05:00 [INF] Request finished HTTP/2 GET https://localhost:7170/swagger/swagger-ui-standalone-preset.js - - - 200 339486 application/javascript 75.5835ms
2022-05-14 09:15:46.157 -05:00 [INF] Sending file. Request path: '/swagger-ui-bundle.js'. Physical path: 'N/A'
2022-05-14 09:15:46.159 -05:00 [INF] Request finished HTTP/2 GET https://localhost:7170/swagger/swagger-ui-bundle.js - - - 200 1095087 application/javascript 84.4890ms
2022-05-14 09:15:46.417 -05:00 [INF] Request starting HTTP/2 GET https://localhost:7170/swagger/v1/swagger.json - -
2022-05-14 09:15:46.460 -05:00 [INF] Request starting HTTP/2 GET https://localhost:7170/swagger/favicon-32x32.png - -
2022-05-14 09:15:46.461 -05:00 [INF] Sending file. Request path: '/favicon-32x32.png'. Physical path: 'N/A'
2022-05-14 09:15:46.464 -05:00 [INF] Request finished HTTP/2 GET https://localhost:7170/swagger/favicon-32x32.png - - - 200 628 image/png 3.7804ms
2022-05-14 09:15:46.666 -05:00 [ERR] An unhandled exception has occurred while executing the request.
Swashbuckle.AspNetCore.SwaggerGen.SwaggerGeneratorException: Conflicting method/path combination "POST create" for actions - Api.Controller.CityController.Save (Api),Api.Controller.FlightController.Save (Api). Actions require a unique method/path combination for Swagger/OpenAPI 3.0. Use ConflictingActionsResolver as a workaround
   at Swashbuckle.AspNetCore.SwaggerGen.SwaggerGenerator.GenerateOperations(IEnumerable`1 apiDescriptions, SchemaRepository schemaRepository)
   at Swashbuckle.AspNetCore.SwaggerGen.SwaggerGenerator.GeneratePaths(IEnumerable`1 apiDescriptions, SchemaRepository schemaRepository)
   at Swashbuckle.AspNetCore.SwaggerGen.SwaggerGenerator.GetSwagger(String documentName, String host, String basePath)
   at Swashbuckle.AspNetCore.Swagger.SwaggerMiddleware.Invoke(HttpContext httpContext, ISwaggerProvider swaggerProvider)
   at Microsoft.AspNetCore.Diagnostics.DeveloperExceptionPageMiddleware.Invoke(HttpContext context)
2022-05-14 09:15:46.672 -05:00 [INF] Request finished HTTP/2 GET https://localhost:7170/swagger/v1/swagger.json - - - 500 - text/plain;+charset=utf-8 255.6280ms
2022-05-14 09:34:10.888 -05:00 [INF] Application is shutting down...
