2022-05-14 21:18:01.467 -05:00 [INF] User profile is available. Using 'C:\Users\kevin\AppData\Local\ASP.NET\DataProtection-Keys' as key repository and Windows DPAPI to encrypt keys at rest.
2022-05-14 21:18:01.743 -05:00 [INF] Now listening on: https://localhost:7170
2022-05-14 21:18:01.746 -05:00 [INF] Now listening on: http://localhost:5094
2022-05-14 21:18:01.752 -05:00 [INF] Application started. Press Ctrl+C to shut down.
2022-05-14 21:18:01.755 -05:00 [INF] Hosting environment: Development
2022-05-14 21:18:01.758 -05:00 [INF] Content root path: D:\GitHub\AirportManagementApi\Api\
2022-05-14 21:18:02.400 -05:00 [INF] Request starting HTTP/2 GET https://localhost:7170/ - -
2022-05-14 21:18:02.629 -05:00 [INF] Request:
Protocol: HTTP/2
Method: GET
Scheme: https
PathBase: 
Path: /
Accept: text/html,application/xhtml+xml,application/xml;q=0.9,image/webp,image/apng,*/*;q=0.8,application/signed-exchange;v=b3;q=0.9
Host: localhost:7170
User-Agent: Mozilla/5.0 (Windows NT 10.0; Win64; x64) AppleWebKit/537.36 (KHTML, like Gecko) Chrome/101.0.4951.54 Safari/537.36 Edg/101.0.1210.39
:method: [Redacted]
Accept-Encoding: gzip, deflate, br
Accept-Language: es,es-ES;q=0.9,en;q=0.8,en-GB;q=0.7,en-US;q=0.6
Upgrade-Insecure-Requests: [Redacted]
sec-ch-ua: [Redacted]
sec-ch-ua-mobile: [Redacted]
sec-ch-ua-platform: [Redacted]
sec-fetch-site: [Redacted]
sec-fetch-mode: [Redacted]
sec-fetch-user: [Redacted]
sec-fetch-dest: [Redacted]
2022-05-14 21:18:02.719 -05:00 [INF] Response:
StatusCode: 404
2022-05-14 21:18:02.726 -05:00 [INF] Request finished HTTP/2 GET https://localhost:7170/ - - - 404 0 - 329.0558ms
2022-05-14 21:18:07.463 -05:00 [INF] Request starting HTTP/2 GET https://localhost:7170/api/User/FindById/4a77cee4-5cfa-4c90-b41a-08da36159118 - -
2022-05-14 21:18:08.258 -05:00 [INF] Entity Framework Core 5.0.10 initialized 'PersistenceContext' using provider 'Microsoft.EntityFrameworkCore.SqlServer' with options: MigrationsHistoryTable=Airport._MigrationHistory 
2022-05-14 21:18:08.929 -05:00 [INF] Executed DbCommand (45ms) [Parameters=[@__get_Item_0='?' (DbType = Guid)], CommandType='"Text"', CommandTimeout='30']
SELECT TOP(1) [u].[Id], [u].[CreatedBy], [u].[CreatedOn], [u].[LastModifiedOn], [u].[Name], [u].[pazzword], [u].[Status], [u].[UpdatedBy], [u].[Username]
FROM [Airport].[User] AS [u]
WHERE [u].[Id] = @__get_Item_0
2022-05-14 21:18:09.038 -05:00 [INF] Request:
Protocol: HTTP/2
Method: GET
Scheme: https
PathBase: 
Path: /api/User/FindById/4a77cee4-5cfa-4c90-b41a-08da36159118
Accept: text/plain
Host: localhost:7170
User-Agent: Mozilla/5.0 (Windows NT 10.0; Win64; x64) AppleWebKit/537.36 (KHTML, like Gecko) Chrome/101.0.4951.54 Safari/537.36 Edg/101.0.1210.39
:method: [Redacted]
Accept-Encoding: gzip, deflate, br
Accept-Language: es,es-ES;q=0.9,en;q=0.8,en-GB;q=0.7,en-US;q=0.6
Authorization: [Redacted]
Referer: [Redacted]
sec-ch-ua: [Redacted]
sec-ch-ua-mobile: [Redacted]
sec-ch-ua-platform: [Redacted]
sec-fetch-site: [Redacted]
sec-fetch-mode: [Redacted]
sec-fetch-dest: [Redacted]
2022-05-14 21:18:09.057 -05:00 [INF] Executing endpoint 'Api.Controllers.UserController.GetById (Api)'
2022-05-14 21:18:09.080 -05:00 [INF] Route matched with {action = "GetById", controller = "User"}. Executing controller action with signature System.Threading.Tasks.Task`1[Application.Common.Response.Response`1[Application.Security.Http.Dto.UserDto]] GetById(System.Guid) on controller Api.Controllers.UserController (Api).
2022-05-14 21:18:09.202 -05:00 [INF] Executing ObjectResult, writing value of type 'Application.Common.Response.Response`1[[Application.Security.Http.Dto.UserDto, Application, Version=1.0.0.0, Culture=neutral, PublicKeyToken=null]]'.
2022-05-14 21:18:09.242 -05:00 [INF] Executed action Api.Controllers.UserController.GetById (Api) in 153.325ms
2022-05-14 21:18:09.244 -05:00 [INF] Executed endpoint 'Api.Controllers.UserController.GetById (Api)'
2022-05-14 21:18:09.246 -05:00 [INF] Response:
StatusCode: 200
Content-Type: application/json; charset=utf-8
Date: Sun, 15 May 2022 02:18:08 GMT
Server: Kestrel
2022-05-14 21:18:09.252 -05:00 [INF] Request finished HTTP/2 GET https://localhost:7170/api/User/FindById/4a77cee4-5cfa-4c90-b41a-08da36159118 - - - 200 - application/json;+charset=utf-8 1788.1915ms
