2022-05-14 11:11:49.608 -05:00 [INF] Now listening on: https://localhost:7170
2022-05-14 11:11:49.658 -05:00 [INF] Now listening on: http://localhost:5094
2022-05-14 11:11:49.665 -05:00 [INF] Application started. Press Ctrl+C to shut down.
2022-05-14 11:11:49.666 -05:00 [INF] Hosting environment: Development
2022-05-14 11:11:49.667 -05:00 [INF] Content root path: D:\GitHub\AirportManagementApi\Api\
2022-05-14 11:11:50.108 -05:00 [INF] Request starting HTTP/2 GET https://localhost:7170/ - -
2022-05-14 11:11:50.221 -05:00 [INF] Request:
Protocol: HTTP/2
Method: GET
Scheme: https
PathBase: 
Path: /
Accept: text/html,application/xhtml+xml,application/xml;q=0.9,image/webp,image/apng,*/*;q=0.8,application/signed-exchange;v=b3;q=0.9
Host: localhost:7170
User-Agent: Mozilla/5.0 (Windows NT 10.0; Win64; x64) AppleWebKit/537.36 (KHTML, like Gecko) Chrome/101.0.4951.54 Safari/537.36 Edg/101.0.1210.39
:method: [Redacted]
Accept-Encoding: gzip, deflate, br
Accept-Language: es,es-ES;q=0.9,en;q=0.8,en-GB;q=0.7,en-US;q=0.6
Upgrade-Insecure-Requests: [Redacted]
sec-ch-ua: [Redacted]
sec-ch-ua-mobile: [Redacted]
sec-ch-ua-platform: [Redacted]
sec-fetch-site: [Redacted]
sec-fetch-mode: [Redacted]
sec-fetch-user: [Redacted]
sec-fetch-dest: [Redacted]
2022-05-14 11:11:50.224 -05:00 [INF] Response:
StatusCode: 404
2022-05-14 11:11:50.232 -05:00 [INF] Request finished HTTP/2 GET https://localhost:7170/ - - - 404 0 - 129.9409ms
2022-05-14 11:11:52.442 -05:00 [INF] Request starting HTTP/2 GET https://localhost:7170/swagger/index.html - -
2022-05-14 11:11:52.511 -05:00 [INF] Request finished HTTP/2 GET https://localhost:7170/swagger/index.html - - - 200 - text/html;charset=utf-8 69.1614ms
2022-05-14 11:11:52.529 -05:00 [INF] Request starting HTTP/2 GET https://localhost:7170/swagger/swagger-ui.css - -
2022-05-14 11:11:52.546 -05:00 [INF] Sending file. Request path: '/swagger-ui.css'. Physical path: 'N/A'
2022-05-14 11:11:52.548 -05:00 [INF] Request finished HTTP/2 GET https://localhost:7170/swagger/swagger-ui.css - - - 200 143632 text/css 18.9704ms
2022-05-14 11:11:52.836 -05:00 [INF] Request starting HTTP/2 GET https://localhost:7170/swagger/v1/swagger.json - -
2022-05-14 11:11:52.983 -05:00 [INF] Request finished HTTP/2 GET https://localhost:7170/swagger/v1/swagger.json - - - 200 - application/json;charset=utf-8 146.6833ms
2022-05-14 11:12:40.998 -05:00 [INF] Request starting HTTP/2 POST https://localhost:7170/api/City/SaveAll application/json 133
2022-05-14 11:12:41.006 -05:00 [INF] CORS policy execution successful.
2022-05-14 11:12:41.011 -05:00 [INF] Request:
Protocol: HTTP/2
Method: POST
Scheme: https
PathBase: 
Path: /api/City/SaveAll
Accept: text/plain
Host: localhost:7170
User-Agent: Mozilla/5.0 (Windows NT 10.0; Win64; x64) AppleWebKit/537.36 (KHTML, like Gecko) Chrome/101.0.4951.54 Safari/537.36 Edg/101.0.1210.39
:method: [Redacted]
Accept-Encoding: gzip, deflate, br
Accept-Language: es,es-ES;q=0.9,en;q=0.8,en-GB;q=0.7,en-US;q=0.6
Content-Type: application/json
Origin: [Redacted]
Referer: [Redacted]
Content-Length: 133
sec-ch-ua: [Redacted]
sec-ch-ua-mobile: [Redacted]
sec-ch-ua-platform: [Redacted]
sec-fetch-site: [Redacted]
sec-fetch-mode: [Redacted]
sec-fetch-dest: [Redacted]
2022-05-14 11:12:41.018 -05:00 [INF] Executing endpoint 'Api.Controllers.CityController.Save (Api)'
2022-05-14 11:12:41.061 -05:00 [INF] Route matched with {action = "Save", controller = "City"}. Executing controller action with signature System.Threading.Tasks.Task`1[Application.Common.Response.Response`1[System.Boolean]] Save(System.Collections.Generic.IEnumerable`1[Application.Airport.Http.Request.CityRequest]) on controller Api.Controllers.CityController (Api).
2022-05-14 11:12:41.270 -05:00 [INF] Executing ObjectResult, writing value of type 'Application.Common.Response.Response`1[[System.Boolean, System.Private.CoreLib, Version=6.0.0.0, Culture=neutral, PublicKeyToken=7cec85d7bea7798e]]'.
2022-05-14 11:12:41.284 -05:00 [INF] Executed action Api.Controllers.CityController.Save (Api) in 213.2779ms
2022-05-14 11:12:41.289 -05:00 [INF] Executed endpoint 'Api.Controllers.CityController.Save (Api)'
2022-05-14 11:12:41.290 -05:00 [INF] Response:
StatusCode: 200
Content-Type: application/json; charset=utf-8
Date: Sat, 14 May 2022 16:12:40 GMT
Server: Kestrel
Access-Control-Allow-Origin: [Redacted]
2022-05-14 11:12:41.294 -05:00 [INF] Request finished HTTP/2 POST https://localhost:7170/api/City/SaveAll application/json 133 - 200 - application/json;+charset=utf-8 295.4551ms
2022-05-14 11:12:48.435 -05:00 [INF] Request starting HTTP/2 GET https://localhost:7170/api/City/GetAll - -
2022-05-14 11:12:48.441 -05:00 [INF] Request:
Protocol: HTTP/2
Method: GET
Scheme: https
PathBase: 
Path: /api/City/GetAll
Accept: text/plain
Host: localhost:7170
User-Agent: Mozilla/5.0 (Windows NT 10.0; Win64; x64) AppleWebKit/537.36 (KHTML, like Gecko) Chrome/101.0.4951.54 Safari/537.36 Edg/101.0.1210.39
:method: [Redacted]
Accept-Encoding: gzip, deflate, br
Accept-Language: es,es-ES;q=0.9,en;q=0.8,en-GB;q=0.7,en-US;q=0.6
Referer: [Redacted]
sec-ch-ua: [Redacted]
sec-ch-ua-mobile: [Redacted]
sec-ch-ua-platform: [Redacted]
sec-fetch-site: [Redacted]
sec-fetch-mode: [Redacted]
sec-fetch-dest: [Redacted]
2022-05-14 11:12:48.443 -05:00 [INF] Executing endpoint 'Api.Controllers.CityController.GetAll (Api)'
2022-05-14 11:12:48.449 -05:00 [INF] Route matched with {action = "GetAll", controller = "City"}. Executing controller action with signature System.Threading.Tasks.Task`1[Application.Common.Response.Response`1[System.Collections.Generic.IEnumerable`1[Application.Airport.Http.Dto.CityDto]]] GetAll() on controller Api.Controllers.CityController (Api).
2022-05-14 11:12:49.524 -05:00 [INF] Entity Framework Core 5.0.10 initialized 'PersistenceContext' using provider 'Microsoft.EntityFrameworkCore.SqlServer' with options: MigrationsHistoryTable=Airport._MigrationHistory 
2022-05-14 11:12:50.481 -05:00 [INF] Executed DbCommand (74ms) [Parameters=[], CommandType='"Text"', CommandTimeout='30']
SELECT [c].[Id], [c].[CreatedBy], [c].[CreatedOn], [c].[LastModifiedOn], [c].[Name], [c].[Status], [c].[UpdatedBy]
FROM [Airport].[City] AS [c]
2022-05-14 11:12:50.535 -05:00 [INF] Executing ObjectResult, writing value of type 'Application.Common.Response.Response`1[[System.Collections.Generic.IEnumerable`1[[Application.Airport.Http.Dto.CityDto, Application, Version=1.0.0.0, Culture=neutral, PublicKeyToken=null]], System.Private.CoreLib, Version=6.0.0.0, Culture=neutral, PublicKeyToken=7cec85d7bea7798e]]'.
2022-05-14 11:12:50.539 -05:00 [INF] Executed action Api.Controllers.CityController.GetAll (Api) in 2088.5841ms
2022-05-14 11:12:50.542 -05:00 [INF] Executed endpoint 'Api.Controllers.CityController.GetAll (Api)'
2022-05-14 11:12:50.544 -05:00 [INF] Response:
StatusCode: 200
Content-Type: application/json; charset=utf-8
Date: Sat, 14 May 2022 16:12:49 GMT
Server: Kestrel
2022-05-14 11:12:50.557 -05:00 [INF] Request finished HTTP/2 GET https://localhost:7170/api/City/GetAll - - - 200 - application/json;+charset=utf-8 2122.2254ms
2022-05-14 11:14:23.175 -05:00 [INF] Application is shutting down...
