2022-05-14 14:14:27.536 -05:00 [INF] User profile is available. Using 'C:\Users\kevin\AppData\Local\ASP.NET\DataProtection-Keys' as key repository and Windows DPAPI to encrypt keys at rest.
2022-05-14 14:14:27.765 -05:00 [INF] Now listening on: https://localhost:7170
2022-05-14 14:14:27.767 -05:00 [INF] Now listening on: http://localhost:5094
2022-05-14 14:14:27.772 -05:00 [INF] Application started. Press Ctrl+C to shut down.
2022-05-14 14:14:27.774 -05:00 [INF] Hosting environment: Development
2022-05-14 14:14:27.783 -05:00 [INF] Content root path: D:\GitHub\AirportManagementApi\Api\
2022-05-14 14:14:28.370 -05:00 [INF] Request starting HTTP/2 GET https://localhost:7170/ - -
2022-05-14 14:14:29.084 -05:00 [INF] Request:
Protocol: HTTP/2
Method: GET
Scheme: https
PathBase: 
Path: /
Accept: text/html,application/xhtml+xml,application/xml;q=0.9,image/webp,image/apng,*/*;q=0.8,application/signed-exchange;v=b3;q=0.9
Host: localhost:7170
User-Agent: Mozilla/5.0 (Windows NT 10.0; Win64; x64) AppleWebKit/537.36 (KHTML, like Gecko) Chrome/101.0.4951.54 Safari/537.36 Edg/101.0.1210.39
:method: [Redacted]
Accept-Encoding: gzip, deflate, br
Accept-Language: es,es-ES;q=0.9,en;q=0.8,en-GB;q=0.7,en-US;q=0.6
Upgrade-Insecure-Requests: [Redacted]
sec-ch-ua: [Redacted]
sec-ch-ua-mobile: [Redacted]
sec-ch-ua-platform: [Redacted]
sec-fetch-site: [Redacted]
sec-fetch-mode: [Redacted]
sec-fetch-user: [Redacted]
sec-fetch-dest: [Redacted]
2022-05-14 14:14:29.181 -05:00 [INF] Response:
StatusCode: 404
2022-05-14 14:14:29.192 -05:00 [INF] Request finished HTTP/2 GET https://localhost:7170/ - - - 404 0 - 833.1529ms
2022-05-14 14:14:33.143 -05:00 [INF] Request starting HTTP/2 POST https://localhost:7170/api/User/Save application/json 93
2022-05-14 14:14:33.150 -05:00 [INF] CORS policy execution successful.
2022-05-14 14:14:33.154 -05:00 [INF] Request:
Protocol: HTTP/2
Method: POST
Scheme: https
PathBase: 
Path: /api/User/Save
Accept: text/plain
Host: localhost:7170
User-Agent: Mozilla/5.0 (Windows NT 10.0; Win64; x64) AppleWebKit/537.36 (KHTML, like Gecko) Chrome/101.0.4951.54 Safari/537.36 Edg/101.0.1210.39
:method: [Redacted]
Accept-Encoding: gzip, deflate, br
Accept-Language: es,es-ES;q=0.9,en;q=0.8,en-GB;q=0.7,en-US;q=0.6
Content-Type: application/json
Origin: [Redacted]
Referer: [Redacted]
Content-Length: 93
sec-ch-ua: [Redacted]
sec-ch-ua-mobile: [Redacted]
sec-ch-ua-platform: [Redacted]
sec-fetch-site: [Redacted]
sec-fetch-mode: [Redacted]
sec-fetch-dest: [Redacted]
2022-05-14 14:14:33.163 -05:00 [INF] Executing endpoint 'Api.Controllers.UserController.Save (Api)'
2022-05-14 14:14:33.201 -05:00 [INF] Route matched with {action = "Save", controller = "User"}. Executing controller action with signature System.Threading.Tasks.Task`1[Application.Common.Response.Response`1[Application.Security.Http.Dto.UserDto]] Save(Application.Security.Http.Request.UserRequest) on controller Api.Controllers.UserController (Api).
2022-05-14 14:14:33.301 -05:00 [INF] Executing ObjectResult, writing value of type 'Application.Common.Response.Response`1[[Application.Security.Http.Dto.UserDto, Application, Version=1.0.0.0, Culture=neutral, PublicKeyToken=null]]'.
2022-05-14 14:14:33.344 -05:00 [INF] Executed action Api.Controllers.UserController.Save (Api) in 129.5053ms
2022-05-14 14:14:33.350 -05:00 [INF] Executed endpoint 'Api.Controllers.UserController.Save (Api)'
2022-05-14 14:14:33.351 -05:00 [INF] Response:
StatusCode: 200
Content-Type: application/json; charset=utf-8
Date: Sat, 14 May 2022 19:14:32 GMT
Server: Kestrel
Access-Control-Allow-Origin: [Redacted]
2022-05-14 14:14:33.352 -05:00 [INF] Request finished HTTP/2 POST https://localhost:7170/api/User/Save application/json 93 - 200 - application/json;+charset=utf-8 209.5358ms
2022-05-14 14:15:03.347 -05:00 [INF] Application is shutting down...
