2022-05-14 23:49:40.809 -05:00 [INF] User profile is available. Using 'C:\Users\kevin\AppData\Local\ASP.NET\DataProtection-Keys' as key repository and Windows DPAPI to encrypt keys at rest.
2022-05-14 23:49:40.992 -05:00 [INF] Now listening on: https://localhost:7170
2022-05-14 23:49:40.993 -05:00 [INF] Now listening on: http://localhost:5094
2022-05-14 23:49:40.998 -05:00 [INF] Application started. Press Ctrl+C to shut down.
2022-05-14 23:49:40.998 -05:00 [INF] Hosting environment: Development
2022-05-14 23:49:41.001 -05:00 [INF] Content root path: D:\GitHub\AirportManagementApi\Api\
2022-05-14 23:49:41.281 -05:00 [INF] Request starting HTTP/2 GET https://localhost:7170/ - -
2022-05-14 23:49:41.686 -05:00 [INF] Request:
Protocol: HTTP/2
Method: GET
Scheme: https
PathBase: 
Path: /
Accept: text/html,application/xhtml+xml,application/xml;q=0.9,image/webp,image/apng,*/*;q=0.8,application/signed-exchange;v=b3;q=0.9
Host: localhost:7170
User-Agent: Mozilla/5.0 (Windows NT 10.0; Win64; x64) AppleWebKit/537.36 (KHTML, like Gecko) Chrome/101.0.4951.54 Safari/537.36 Edg/101.0.1210.39
:method: [Redacted]
Accept-Encoding: gzip, deflate, br
Accept-Language: es,es-ES;q=0.9,en;q=0.8,en-GB;q=0.7,en-US;q=0.6
Upgrade-Insecure-Requests: [Redacted]
sec-ch-ua: [Redacted]
sec-ch-ua-mobile: [Redacted]
sec-ch-ua-platform: [Redacted]
sec-fetch-site: [Redacted]
sec-fetch-mode: [Redacted]
sec-fetch-user: [Redacted]
sec-fetch-dest: [Redacted]
2022-05-14 23:49:41.744 -05:00 [INF] Response:
StatusCode: 404
2022-05-14 23:49:41.757 -05:00 [INF] Request finished HTTP/2 GET https://localhost:7170/ - - - 404 0 - 483.5263ms
2022-05-14 23:49:43.121 -05:00 [INF] Request starting HTTP/2 GET https://localhost:7170/api/User/FindById/4a77cee4-5cfa-4c90-b41a-08da36159118 - -
2022-05-14 23:49:44.652 -05:00 [INF] Entity Framework Core 6.0.5 initialized 'PersistenceContext' using provider 'Microsoft.EntityFrameworkCore.SqlServer:6.0.5' with options: MigrationsHistoryTable=Airport._MigrationHistory 
2022-05-14 23:49:45.737 -05:00 [INF] Executed DbCommand (59ms) [Parameters=[@__id_0='?' (DbType = Guid)], CommandType='"Text"', CommandTimeout='30']
SELECT [u].[Id], [u].[CreatedBy], [u].[CreatedOn], [u].[LastModifiedOn], [u].[Name], [u].[pazzword], [u].[Status], [u].[UpdatedBy], [u].[Username], [u0].[RoleId], [u0].[UserId], [u0].[CreatedBy], [u0].[CreatedOn], [u0].[Id], [u0].[LastModifiedOn], [u0].[Status], [u0].[UpdatedBy]
FROM [Airport].[User] AS [u]
LEFT JOIN [Airport].[UserRole] AS [u0] ON [u].[Id] = [u0].[UserId]
WHERE [u].[Id] = @__id_0
ORDER BY [u].[Id], [u0].[RoleId]
2022-05-14 23:49:46.003 -05:00 [INF] Executed DbCommand (8ms) [Parameters=[@__id_0='?' (DbType = Guid)], CommandType='"Text"', CommandTimeout='30']
SELECT [t].[Id], [t].[CreatedBy], [t].[CreatedOn], [t].[LastModifiedOn], [t].[Name], [t].[pazzword], [t].[Status], [t].[UpdatedBy], [t].[Username], [u0].[RoleId], [u0].[UserId], [u0].[CreatedBy], [u0].[CreatedOn], [u0].[Id], [u0].[LastModifiedOn], [u0].[Status], [u0].[UpdatedBy]
FROM (
    SELECT TOP(1) [u].[Id], [u].[CreatedBy], [u].[CreatedOn], [u].[LastModifiedOn], [u].[Name], [u].[pazzword], [u].[Status], [u].[UpdatedBy], [u].[Username]
    FROM [Airport].[User] AS [u]
    WHERE [u].[Id] = @__id_0
) AS [t]
LEFT JOIN [Airport].[UserRole] AS [u0] ON [t].[Id] = [u0].[UserId]
ORDER BY [t].[Id], [u0].[RoleId]
2022-05-14 23:49:46.092 -05:00 [INF] Executed DbCommand (25ms) [Parameters=[@__user_Id_0='?' (DbType = Guid)], CommandType='"Text"', CommandTimeout='30']
SELECT [u].[RoleId], [u].[UserId], [u].[CreatedBy], [u].[CreatedOn], [u].[Id], [u].[LastModifiedOn], [u].[Status], [u].[UpdatedBy], [r].[Id], [r].[CreatedBy], [r].[CreatedOn], [r].[LastModifiedOn], [r].[RoleName], [r].[Status], [r].[UpdatedBy]
FROM [Airport].[UserRole] AS [u]
INNER JOIN [Airport].[Role] AS [r] ON [u].[RoleId] = [r].[Id]
WHERE [u].[UserId] = @__user_Id_0
2022-05-14 23:49:46.149 -05:00 [INF] Request:
Protocol: HTTP/2
Method: GET
Scheme: https
PathBase: 
Path: /api/User/FindById/4a77cee4-5cfa-4c90-b41a-08da36159118
Accept: text/plain
Host: localhost:7170
User-Agent: Mozilla/5.0 (Windows NT 10.0; Win64; x64) AppleWebKit/537.36 (KHTML, like Gecko) Chrome/101.0.4951.54 Safari/537.36 Edg/101.0.1210.39
:method: [Redacted]
Accept-Encoding: gzip, deflate, br
Accept-Language: es,es-ES;q=0.9,en;q=0.8,en-GB;q=0.7,en-US;q=0.6
Authorization: [Redacted]
Referer: [Redacted]
sec-ch-ua: [Redacted]
sec-ch-ua-mobile: [Redacted]
sec-ch-ua-platform: [Redacted]
sec-fetch-site: [Redacted]
sec-fetch-mode: [Redacted]
sec-fetch-dest: [Redacted]
2022-05-14 23:49:46.166 -05:00 [INF] Executing endpoint 'Api.Controllers.UserController.GetById (Api)'
2022-05-14 23:49:46.197 -05:00 [INF] Route matched with {action = "GetById", controller = "User"}. Executing controller action with signature System.Threading.Tasks.Task`1[Application.Common.Response.Response`1[Application.Security.Http.Dto.UserDto]] GetById(System.Guid) on controller Api.Controllers.UserController (Api).
2022-05-14 23:49:46.220 -05:00 [INF] Executed DbCommand (1ms) [Parameters=[@__id_0='?' (DbType = Guid)], CommandType='"Text"', CommandTimeout='30']
SELECT [u].[Id], [u].[CreatedBy], [u].[CreatedOn], [u].[LastModifiedOn], [u].[Name], [u].[pazzword], [u].[Status], [u].[UpdatedBy], [u].[Username], [u0].[RoleId], [u0].[UserId], [u0].[CreatedBy], [u0].[CreatedOn], [u0].[Id], [u0].[LastModifiedOn], [u0].[Status], [u0].[UpdatedBy]
FROM [Airport].[User] AS [u]
LEFT JOIN [Airport].[UserRole] AS [u0] ON [u].[Id] = [u0].[UserId]
WHERE [u].[Id] = @__id_0
ORDER BY [u].[Id], [u0].[RoleId]
2022-05-14 23:49:46.231 -05:00 [INF] Executed DbCommand (0ms) [Parameters=[@__id_0='?' (DbType = Guid)], CommandType='"Text"', CommandTimeout='30']
SELECT [t].[Id], [t].[CreatedBy], [t].[CreatedOn], [t].[LastModifiedOn], [t].[Name], [t].[pazzword], [t].[Status], [t].[UpdatedBy], [t].[Username], [u0].[RoleId], [u0].[UserId], [u0].[CreatedBy], [u0].[CreatedOn], [u0].[Id], [u0].[LastModifiedOn], [u0].[Status], [u0].[UpdatedBy]
FROM (
    SELECT TOP(1) [u].[Id], [u].[CreatedBy], [u].[CreatedOn], [u].[LastModifiedOn], [u].[Name], [u].[pazzword], [u].[Status], [u].[UpdatedBy], [u].[Username]
    FROM [Airport].[User] AS [u]
    WHERE [u].[Id] = @__id_0
) AS [t]
LEFT JOIN [Airport].[UserRole] AS [u0] ON [t].[Id] = [u0].[UserId]
ORDER BY [t].[Id], [u0].[RoleId]
2022-05-14 23:49:46.239 -05:00 [INF] Executed DbCommand (1ms) [Parameters=[@__user_Id_0='?' (DbType = Guid)], CommandType='"Text"', CommandTimeout='30']
SELECT [u].[RoleId], [u].[UserId], [u].[CreatedBy], [u].[CreatedOn], [u].[Id], [u].[LastModifiedOn], [u].[Status], [u].[UpdatedBy], [r].[Id], [r].[CreatedBy], [r].[CreatedOn], [r].[LastModifiedOn], [r].[RoleName], [r].[Status], [r].[UpdatedBy]
FROM [Airport].[UserRole] AS [u]
INNER JOIN [Airport].[Role] AS [r] ON [u].[RoleId] = [r].[Id]
WHERE [u].[UserId] = @__user_Id_0
2022-05-14 23:49:46.255 -05:00 [INF] Executed DbCommand (4ms) [Parameters=[@__userDtoRole_Id_0='?' (DbType = Guid)], CommandType='"Text"', CommandTimeout='30']
SELECT [m].[RoleId], [m].[MenuItemId], [m].[CreatedBy], [m].[CreatedOn], [m].[Id], [m].[LastModifiedOn], [m].[Status], [m].[UpdatedBy]
FROM [Airport].[MenuItemRole] AS [m]
WHERE [m].[RoleId] = @__userDtoRole_Id_0
2022-05-14 23:49:46.269 -05:00 [INF] Executed DbCommand (2ms) [Parameters=[@__r_MenuItemId_0='?' (DbType = Guid)], CommandType='"Text"', CommandTimeout='30']
SELECT [m].[Id], [m].[CreatedBy], [m].[CreatedOn], [m].[Icon], [m].[Label], [m].[LastModifiedOn], [m].[RouterLink], [m].[Status], [m].[UpdatedBy]
FROM [Airport].[MenuItem] AS [m]
WHERE [m].[Id] = @__r_MenuItemId_0
2022-05-14 23:49:46.307 -05:00 [INF] Executing ObjectResult, writing value of type 'Application.Common.Response.Response`1[[Application.Security.Http.Dto.UserDto, Application, Version=1.0.0.0, Culture=neutral, PublicKeyToken=null]]'.
2022-05-14 23:49:46.387 -05:00 [INF] Executed action Api.Controllers.UserController.GetById (Api) in 177.4107ms
2022-05-14 23:49:46.390 -05:00 [INF] Executed endpoint 'Api.Controllers.UserController.GetById (Api)'
2022-05-14 23:49:46.395 -05:00 [INF] Response:
StatusCode: 200
Content-Type: application/json; charset=utf-8
Date: Sun, 15 May 2022 04:49:45 GMT
Server: Kestrel
2022-05-14 23:49:46.406 -05:00 [INF] Request finished HTTP/2 GET https://localhost:7170/api/User/FindById/4a77cee4-5cfa-4c90-b41a-08da36159118 - - - 200 - application/json;+charset=utf-8 3285.1291ms
2022-05-14 23:52:28.793 -05:00 [INF] Request starting HTTP/2 POST https://localhost:7170/api/City/SaveAll application/json 138
2022-05-14 23:52:28.861 -05:00 [INF] Entity Framework Core 6.0.5 initialized 'PersistenceContext' using provider 'Microsoft.EntityFrameworkCore.SqlServer:6.0.5' with options: MigrationsHistoryTable=Airport._MigrationHistory 
2022-05-14 23:52:28.869 -05:00 [INF] Executed DbCommand (4ms) [Parameters=[@__id_0='?' (DbType = Guid)], CommandType='"Text"', CommandTimeout='30']
SELECT [u].[Id], [u].[CreatedBy], [u].[CreatedOn], [u].[LastModifiedOn], [u].[Name], [u].[pazzword], [u].[Status], [u].[UpdatedBy], [u].[Username], [u0].[RoleId], [u0].[UserId], [u0].[CreatedBy], [u0].[CreatedOn], [u0].[Id], [u0].[LastModifiedOn], [u0].[Status], [u0].[UpdatedBy]
FROM [Airport].[User] AS [u]
LEFT JOIN [Airport].[UserRole] AS [u0] ON [u].[Id] = [u0].[UserId]
WHERE [u].[Id] = @__id_0
ORDER BY [u].[Id], [u0].[RoleId]
2022-05-14 23:52:28.878 -05:00 [INF] Executed DbCommand (3ms) [Parameters=[@__id_0='?' (DbType = Guid)], CommandType='"Text"', CommandTimeout='30']
SELECT [t].[Id], [t].[CreatedBy], [t].[CreatedOn], [t].[LastModifiedOn], [t].[Name], [t].[pazzword], [t].[Status], [t].[UpdatedBy], [t].[Username], [u0].[RoleId], [u0].[UserId], [u0].[CreatedBy], [u0].[CreatedOn], [u0].[Id], [u0].[LastModifiedOn], [u0].[Status], [u0].[UpdatedBy]
FROM (
    SELECT TOP(1) [u].[Id], [u].[CreatedBy], [u].[CreatedOn], [u].[LastModifiedOn], [u].[Name], [u].[pazzword], [u].[Status], [u].[UpdatedBy], [u].[Username]
    FROM [Airport].[User] AS [u]
    WHERE [u].[Id] = @__id_0
) AS [t]
LEFT JOIN [Airport].[UserRole] AS [u0] ON [t].[Id] = [u0].[UserId]
ORDER BY [t].[Id], [u0].[RoleId]
2022-05-14 23:52:28.887 -05:00 [INF] Executed DbCommand (3ms) [Parameters=[@__user_Id_0='?' (DbType = Guid)], CommandType='"Text"', CommandTimeout='30']
SELECT [u].[RoleId], [u].[UserId], [u].[CreatedBy], [u].[CreatedOn], [u].[Id], [u].[LastModifiedOn], [u].[Status], [u].[UpdatedBy], [r].[Id], [r].[CreatedBy], [r].[CreatedOn], [r].[LastModifiedOn], [r].[RoleName], [r].[Status], [r].[UpdatedBy]
FROM [Airport].[UserRole] AS [u]
INNER JOIN [Airport].[Role] AS [r] ON [u].[RoleId] = [r].[Id]
WHERE [u].[UserId] = @__user_Id_0
2022-05-14 23:52:28.895 -05:00 [INF] CORS policy execution successful.
2022-05-14 23:52:28.899 -05:00 [INF] Request:
Protocol: HTTP/2
Method: POST
Scheme: https
PathBase: 
Path: /api/City/SaveAll
Accept: text/plain
Host: localhost:7170
User-Agent: Mozilla/5.0 (Windows NT 10.0; Win64; x64) AppleWebKit/537.36 (KHTML, like Gecko) Chrome/101.0.4951.54 Safari/537.36 Edg/101.0.1210.39
:method: [Redacted]
Accept-Encoding: gzip, deflate, br
Accept-Language: es,es-ES;q=0.9,en;q=0.8,en-GB;q=0.7,en-US;q=0.6
Authorization: [Redacted]
Content-Type: application/json
Origin: [Redacted]
Referer: [Redacted]
Content-Length: 138
sec-ch-ua: [Redacted]
sec-ch-ua-mobile: [Redacted]
sec-ch-ua-platform: [Redacted]
sec-fetch-site: [Redacted]
sec-fetch-mode: [Redacted]
sec-fetch-dest: [Redacted]
2022-05-14 23:52:28.903 -05:00 [INF] Executing endpoint 'Api.Controllers.CityController.Save (Api)'
2022-05-14 23:52:28.908 -05:00 [INF] Route matched with {action = "Save", controller = "City"}. Executing controller action with signature System.Threading.Tasks.Task`1[Application.Common.Response.Response`1[System.Boolean]] Save(System.Collections.Generic.IEnumerable`1[Application.Airport.Http.Request.CityRequest]) on controller Api.Controllers.CityController (Api).
2022-05-14 23:52:28.950 -05:00 [INF] Executing BadRequestObjectResult, writing value of type 'Microsoft.AspNetCore.Mvc.ValidationProblemDetails'.
2022-05-14 23:52:28.955 -05:00 [INF] Executed action Api.Controllers.CityController.Save (Api) in 44.2479ms
2022-05-14 23:52:28.956 -05:00 [INF] Executed endpoint 'Api.Controllers.CityController.Save (Api)'
2022-05-14 23:52:28.958 -05:00 [INF] Response:
StatusCode: 400
Content-Type: application/problem+json; charset=utf-8
Date: Sun, 15 May 2022 04:52:27 GMT
Server: Kestrel
Access-Control-Allow-Origin: [Redacted]
2022-05-14 23:52:28.960 -05:00 [INF] Request finished HTTP/2 POST https://localhost:7170/api/City/SaveAll application/json 138 - 400 - application/problem+json;+charset=utf-8 167.2314ms
2022-05-14 23:53:14.503 -05:00 [INF] Request starting HTTP/2 POST https://localhost:7170/api/City/SaveAll application/json 197
2022-05-14 23:53:14.522 -05:00 [INF] Entity Framework Core 6.0.5 initialized 'PersistenceContext' using provider 'Microsoft.EntityFrameworkCore.SqlServer:6.0.5' with options: MigrationsHistoryTable=Airport._MigrationHistory 
2022-05-14 23:53:14.531 -05:00 [INF] Executed DbCommand (5ms) [Parameters=[@__id_0='?' (DbType = Guid)], CommandType='"Text"', CommandTimeout='30']
SELECT [u].[Id], [u].[CreatedBy], [u].[CreatedOn], [u].[LastModifiedOn], [u].[Name], [u].[pazzword], [u].[Status], [u].[UpdatedBy], [u].[Username], [u0].[RoleId], [u0].[UserId], [u0].[CreatedBy], [u0].[CreatedOn], [u0].[Id], [u0].[LastModifiedOn], [u0].[Status], [u0].[UpdatedBy]
FROM [Airport].[User] AS [u]
LEFT JOIN [Airport].[UserRole] AS [u0] ON [u].[Id] = [u0].[UserId]
WHERE [u].[Id] = @__id_0
ORDER BY [u].[Id], [u0].[RoleId]
2022-05-14 23:53:14.537 -05:00 [INF] Executed DbCommand (3ms) [Parameters=[@__id_0='?' (DbType = Guid)], CommandType='"Text"', CommandTimeout='30']
SELECT [t].[Id], [t].[CreatedBy], [t].[CreatedOn], [t].[LastModifiedOn], [t].[Name], [t].[pazzword], [t].[Status], [t].[UpdatedBy], [t].[Username], [u0].[RoleId], [u0].[UserId], [u0].[CreatedBy], [u0].[CreatedOn], [u0].[Id], [u0].[LastModifiedOn], [u0].[Status], [u0].[UpdatedBy]
FROM (
    SELECT TOP(1) [u].[Id], [u].[CreatedBy], [u].[CreatedOn], [u].[LastModifiedOn], [u].[Name], [u].[pazzword], [u].[Status], [u].[UpdatedBy], [u].[Username]
    FROM [Airport].[User] AS [u]
    WHERE [u].[Id] = @__id_0
) AS [t]
LEFT JOIN [Airport].[UserRole] AS [u0] ON [t].[Id] = [u0].[UserId]
ORDER BY [t].[Id], [u0].[RoleId]
2022-05-14 23:53:14.543 -05:00 [INF] Executed DbCommand (2ms) [Parameters=[@__user_Id_0='?' (DbType = Guid)], CommandType='"Text"', CommandTimeout='30']
SELECT [u].[RoleId], [u].[UserId], [u].[CreatedBy], [u].[CreatedOn], [u].[Id], [u].[LastModifiedOn], [u].[Status], [u].[UpdatedBy], [r].[Id], [r].[CreatedBy], [r].[CreatedOn], [r].[LastModifiedOn], [r].[RoleName], [r].[Status], [r].[UpdatedBy]
FROM [Airport].[UserRole] AS [u]
INNER JOIN [Airport].[Role] AS [r] ON [u].[RoleId] = [r].[Id]
WHERE [u].[UserId] = @__user_Id_0
2022-05-14 23:53:14.550 -05:00 [INF] CORS policy execution successful.
2022-05-14 23:53:14.553 -05:00 [INF] Request:
Protocol: HTTP/2
Method: POST
Scheme: https
PathBase: 
Path: /api/City/SaveAll
Accept: text/plain
Host: localhost:7170
User-Agent: Mozilla/5.0 (Windows NT 10.0; Win64; x64) AppleWebKit/537.36 (KHTML, like Gecko) Chrome/101.0.4951.54 Safari/537.36 Edg/101.0.1210.39
:method: [Redacted]
Accept-Encoding: gzip, deflate, br
Accept-Language: es,es-ES;q=0.9,en;q=0.8,en-GB;q=0.7,en-US;q=0.6
Authorization: [Redacted]
Content-Type: application/json
Origin: [Redacted]
Referer: [Redacted]
Content-Length: 197
sec-ch-ua: [Redacted]
sec-ch-ua-mobile: [Redacted]
sec-ch-ua-platform: [Redacted]
sec-fetch-site: [Redacted]
sec-fetch-mode: [Redacted]
sec-fetch-dest: [Redacted]
2022-05-14 23:53:14.554 -05:00 [INF] Executing endpoint 'Api.Controllers.CityController.Save (Api)'
2022-05-14 23:53:14.555 -05:00 [INF] Route matched with {action = "Save", controller = "City"}. Executing controller action with signature System.Threading.Tasks.Task`1[Application.Common.Response.Response`1[System.Boolean]] Save(System.Collections.Generic.IEnumerable`1[Application.Airport.Http.Request.CityRequest]) on controller Api.Controllers.CityController (Api).
2022-05-14 23:53:14.558 -05:00 [INF] Executing BadRequestObjectResult, writing value of type 'Microsoft.AspNetCore.Mvc.ValidationProblemDetails'.
2022-05-14 23:53:14.559 -05:00 [INF] Executed action Api.Controllers.CityController.Save (Api) in 2.7491ms
2022-05-14 23:53:14.561 -05:00 [INF] Executed endpoint 'Api.Controllers.CityController.Save (Api)'
2022-05-14 23:53:14.562 -05:00 [INF] Response:
StatusCode: 400
Content-Type: application/problem+json; charset=utf-8
Date: Sun, 15 May 2022 04:53:14 GMT
Server: Kestrel
Access-Control-Allow-Origin: [Redacted]
2022-05-14 23:53:14.564 -05:00 [INF] Request finished HTTP/2 POST https://localhost:7170/api/City/SaveAll application/json 197 - 400 - application/problem+json;+charset=utf-8 60.6602ms
2022-05-14 23:54:00.871 -05:00 [INF] Request starting HTTP/2 POST https://localhost:7170/api/City/SaveAll application/json 155
2022-05-14 23:54:00.873 -05:00 [INF] Entity Framework Core 6.0.5 initialized 'PersistenceContext' using provider 'Microsoft.EntityFrameworkCore.SqlServer:6.0.5' with options: MigrationsHistoryTable=Airport._MigrationHistory 
2022-05-14 23:54:00.881 -05:00 [INF] Executed DbCommand (4ms) [Parameters=[@__id_0='?' (DbType = Guid)], CommandType='"Text"', CommandTimeout='30']
SELECT [u].[Id], [u].[CreatedBy], [u].[CreatedOn], [u].[LastModifiedOn], [u].[Name], [u].[pazzword], [u].[Status], [u].[UpdatedBy], [u].[Username], [u0].[RoleId], [u0].[UserId], [u0].[CreatedBy], [u0].[CreatedOn], [u0].[Id], [u0].[LastModifiedOn], [u0].[Status], [u0].[UpdatedBy]
FROM [Airport].[User] AS [u]
LEFT JOIN [Airport].[UserRole] AS [u0] ON [u].[Id] = [u0].[UserId]
WHERE [u].[Id] = @__id_0
ORDER BY [u].[Id], [u0].[RoleId]
2022-05-14 23:54:00.888 -05:00 [INF] Executed DbCommand (3ms) [Parameters=[@__id_0='?' (DbType = Guid)], CommandType='"Text"', CommandTimeout='30']
SELECT [t].[Id], [t].[CreatedBy], [t].[CreatedOn], [t].[LastModifiedOn], [t].[Name], [t].[pazzword], [t].[Status], [t].[UpdatedBy], [t].[Username], [u0].[RoleId], [u0].[UserId], [u0].[CreatedBy], [u0].[CreatedOn], [u0].[Id], [u0].[LastModifiedOn], [u0].[Status], [u0].[UpdatedBy]
FROM (
    SELECT TOP(1) [u].[Id], [u].[CreatedBy], [u].[CreatedOn], [u].[LastModifiedOn], [u].[Name], [u].[pazzword], [u].[Status], [u].[UpdatedBy], [u].[Username]
    FROM [Airport].[User] AS [u]
    WHERE [u].[Id] = @__id_0
) AS [t]
LEFT JOIN [Airport].[UserRole] AS [u0] ON [t].[Id] = [u0].[UserId]
ORDER BY [t].[Id], [u0].[RoleId]
2022-05-14 23:54:00.896 -05:00 [INF] Executed DbCommand (3ms) [Parameters=[@__user_Id_0='?' (DbType = Guid)], CommandType='"Text"', CommandTimeout='30']
SELECT [u].[RoleId], [u].[UserId], [u].[CreatedBy], [u].[CreatedOn], [u].[Id], [u].[LastModifiedOn], [u].[Status], [u].[UpdatedBy], [r].[Id], [r].[CreatedBy], [r].[CreatedOn], [r].[LastModifiedOn], [r].[RoleName], [r].[Status], [r].[UpdatedBy]
FROM [Airport].[UserRole] AS [u]
INNER JOIN [Airport].[Role] AS [r] ON [u].[RoleId] = [r].[Id]
WHERE [u].[UserId] = @__user_Id_0
2022-05-14 23:54:00.898 -05:00 [INF] CORS policy execution successful.
2022-05-14 23:54:00.899 -05:00 [INF] Request:
Protocol: HTTP/2
Method: POST
Scheme: https
PathBase: 
Path: /api/City/SaveAll
Accept: text/plain
Host: localhost:7170
User-Agent: Mozilla/5.0 (Windows NT 10.0; Win64; x64) AppleWebKit/537.36 (KHTML, like Gecko) Chrome/101.0.4951.54 Safari/537.36 Edg/101.0.1210.39
:method: [Redacted]
Accept-Encoding: gzip, deflate, br
Accept-Language: es,es-ES;q=0.9,en;q=0.8,en-GB;q=0.7,en-US;q=0.6
Authorization: [Redacted]
Content-Type: application/json
Origin: [Redacted]
Referer: [Redacted]
Content-Length: 155
sec-ch-ua: [Redacted]
sec-ch-ua-mobile: [Redacted]
sec-ch-ua-platform: [Redacted]
sec-fetch-site: [Redacted]
sec-fetch-mode: [Redacted]
sec-fetch-dest: [Redacted]
2022-05-14 23:54:00.904 -05:00 [INF] Executing endpoint 'Api.Controllers.CityController.Save (Api)'
2022-05-14 23:54:00.905 -05:00 [INF] Route matched with {action = "Save", controller = "City"}. Executing controller action with signature System.Threading.Tasks.Task`1[Application.Common.Response.Response`1[System.Boolean]] Save(System.Collections.Generic.IEnumerable`1[Application.Airport.Http.Request.CityRequest]) on controller Api.Controllers.CityController (Api).
2022-05-14 23:54:00.907 -05:00 [INF] Executing BadRequestObjectResult, writing value of type 'Microsoft.AspNetCore.Mvc.ValidationProblemDetails'.
2022-05-14 23:54:00.908 -05:00 [INF] Executed action Api.Controllers.CityController.Save (Api) in 1.9848ms
2022-05-14 23:54:00.909 -05:00 [INF] Executed endpoint 'Api.Controllers.CityController.Save (Api)'
2022-05-14 23:54:00.910 -05:00 [INF] Response:
StatusCode: 400
Content-Type: application/problem+json; charset=utf-8
Date: Sun, 15 May 2022 04:54:00 GMT
Server: Kestrel
Access-Control-Allow-Origin: [Redacted]
2022-05-14 23:54:00.911 -05:00 [INF] Request finished HTTP/2 POST https://localhost:7170/api/City/SaveAll application/json 155 - 400 - application/problem+json;+charset=utf-8 39.7815ms
2022-05-14 23:54:11.543 -05:00 [INF] Request starting HTTP/2 POST https://localhost:7170/api/City/SaveAll application/json 153
2022-05-14 23:54:11.545 -05:00 [INF] Entity Framework Core 6.0.5 initialized 'PersistenceContext' using provider 'Microsoft.EntityFrameworkCore.SqlServer:6.0.5' with options: MigrationsHistoryTable=Airport._MigrationHistory 
2022-05-14 23:54:11.549 -05:00 [INF] Executed DbCommand (1ms) [Parameters=[@__id_0='?' (DbType = Guid)], CommandType='"Text"', CommandTimeout='30']
SELECT [u].[Id], [u].[CreatedBy], [u].[CreatedOn], [u].[LastModifiedOn], [u].[Name], [u].[pazzword], [u].[Status], [u].[UpdatedBy], [u].[Username], [u0].[RoleId], [u0].[UserId], [u0].[CreatedBy], [u0].[CreatedOn], [u0].[Id], [u0].[LastModifiedOn], [u0].[Status], [u0].[UpdatedBy]
FROM [Airport].[User] AS [u]
LEFT JOIN [Airport].[UserRole] AS [u0] ON [u].[Id] = [u0].[UserId]
WHERE [u].[Id] = @__id_0
ORDER BY [u].[Id], [u0].[RoleId]
2022-05-14 23:54:11.555 -05:00 [INF] Executed DbCommand (1ms) [Parameters=[@__id_0='?' (DbType = Guid)], CommandType='"Text"', CommandTimeout='30']
SELECT [t].[Id], [t].[CreatedBy], [t].[CreatedOn], [t].[LastModifiedOn], [t].[Name], [t].[pazzword], [t].[Status], [t].[UpdatedBy], [t].[Username], [u0].[RoleId], [u0].[UserId], [u0].[CreatedBy], [u0].[CreatedOn], [u0].[Id], [u0].[LastModifiedOn], [u0].[Status], [u0].[UpdatedBy]
FROM (
    SELECT TOP(1) [u].[Id], [u].[CreatedBy], [u].[CreatedOn], [u].[LastModifiedOn], [u].[Name], [u].[pazzword], [u].[Status], [u].[UpdatedBy], [u].[Username]
    FROM [Airport].[User] AS [u]
    WHERE [u].[Id] = @__id_0
) AS [t]
LEFT JOIN [Airport].[UserRole] AS [u0] ON [t].[Id] = [u0].[UserId]
ORDER BY [t].[Id], [u0].[RoleId]
2022-05-14 23:54:11.561 -05:00 [INF] Executed DbCommand (1ms) [Parameters=[@__user_Id_0='?' (DbType = Guid)], CommandType='"Text"', CommandTimeout='30']
SELECT [u].[RoleId], [u].[UserId], [u].[CreatedBy], [u].[CreatedOn], [u].[Id], [u].[LastModifiedOn], [u].[Status], [u].[UpdatedBy], [r].[Id], [r].[CreatedBy], [r].[CreatedOn], [r].[LastModifiedOn], [r].[RoleName], [r].[Status], [r].[UpdatedBy]
FROM [Airport].[UserRole] AS [u]
INNER JOIN [Airport].[Role] AS [r] ON [u].[RoleId] = [r].[Id]
WHERE [u].[UserId] = @__user_Id_0
2022-05-14 23:54:11.563 -05:00 [INF] CORS policy execution successful.
2022-05-14 23:54:11.564 -05:00 [INF] Request:
Protocol: HTTP/2
Method: POST
Scheme: https
PathBase: 
Path: /api/City/SaveAll
Accept: text/plain
Host: localhost:7170
User-Agent: Mozilla/5.0 (Windows NT 10.0; Win64; x64) AppleWebKit/537.36 (KHTML, like Gecko) Chrome/101.0.4951.54 Safari/537.36 Edg/101.0.1210.39
:method: [Redacted]
Accept-Encoding: gzip, deflate, br
Accept-Language: es,es-ES;q=0.9,en;q=0.8,en-GB;q=0.7,en-US;q=0.6
Authorization: [Redacted]
Content-Type: application/json
Origin: [Redacted]
Referer: [Redacted]
Content-Length: 153
sec-ch-ua: [Redacted]
sec-ch-ua-mobile: [Redacted]
sec-ch-ua-platform: [Redacted]
sec-fetch-site: [Redacted]
sec-fetch-mode: [Redacted]
sec-fetch-dest: [Redacted]
2022-05-14 23:54:11.569 -05:00 [INF] Executing endpoint 'Api.Controllers.CityController.Save (Api)'
2022-05-14 23:54:11.570 -05:00 [INF] Route matched with {action = "Save", controller = "City"}. Executing controller action with signature System.Threading.Tasks.Task`1[Application.Common.Response.Response`1[System.Boolean]] Save(System.Collections.Generic.IEnumerable`1[Application.Airport.Http.Request.CityRequest]) on controller Api.Controllers.CityController (Api).
2022-05-14 23:54:11.571 -05:00 [INF] Executing BadRequestObjectResult, writing value of type 'Microsoft.AspNetCore.Mvc.ValidationProblemDetails'.
2022-05-14 23:54:11.573 -05:00 [INF] Executed action Api.Controllers.CityController.Save (Api) in 1.951ms
2022-05-14 23:54:11.574 -05:00 [INF] Executed endpoint 'Api.Controllers.CityController.Save (Api)'
2022-05-14 23:54:11.575 -05:00 [INF] Response:
StatusCode: 400
Content-Type: application/problem+json; charset=utf-8
Date: Sun, 15 May 2022 04:54:10 GMT
Server: Kestrel
Access-Control-Allow-Origin: [Redacted]
2022-05-14 23:54:11.576 -05:00 [INF] Request finished HTTP/2 POST https://localhost:7170/api/City/SaveAll application/json 153 - 400 - application/problem+json;+charset=utf-8 33.0997ms
2022-05-14 23:55:48.433 -05:00 [INF] Request starting HTTP/2 POST https://localhost:7170/api/City/SaveAll application/json 153
2022-05-14 23:55:48.436 -05:00 [INF] Entity Framework Core 6.0.5 initialized 'PersistenceContext' using provider 'Microsoft.EntityFrameworkCore.SqlServer:6.0.5' with options: MigrationsHistoryTable=Airport._MigrationHistory 
2022-05-14 23:55:48.447 -05:00 [INF] Executed DbCommand (7ms) [Parameters=[@__id_0='?' (DbType = Guid)], CommandType='"Text"', CommandTimeout='30']
SELECT [u].[Id], [u].[CreatedBy], [u].[CreatedOn], [u].[LastModifiedOn], [u].[Name], [u].[pazzword], [u].[Status], [u].[UpdatedBy], [u].[Username], [u0].[RoleId], [u0].[UserId], [u0].[CreatedBy], [u0].[CreatedOn], [u0].[Id], [u0].[LastModifiedOn], [u0].[Status], [u0].[UpdatedBy]
FROM [Airport].[User] AS [u]
LEFT JOIN [Airport].[UserRole] AS [u0] ON [u].[Id] = [u0].[UserId]
WHERE [u].[Id] = @__id_0
ORDER BY [u].[Id], [u0].[RoleId]
2022-05-14 23:55:48.456 -05:00 [INF] Executed DbCommand (4ms) [Parameters=[@__id_0='?' (DbType = Guid)], CommandType='"Text"', CommandTimeout='30']
SELECT [t].[Id], [t].[CreatedBy], [t].[CreatedOn], [t].[LastModifiedOn], [t].[Name], [t].[pazzword], [t].[Status], [t].[UpdatedBy], [t].[Username], [u0].[RoleId], [u0].[UserId], [u0].[CreatedBy], [u0].[CreatedOn], [u0].[Id], [u0].[LastModifiedOn], [u0].[Status], [u0].[UpdatedBy]
FROM (
    SELECT TOP(1) [u].[Id], [u].[CreatedBy], [u].[CreatedOn], [u].[LastModifiedOn], [u].[Name], [u].[pazzword], [u].[Status], [u].[UpdatedBy], [u].[Username]
    FROM [Airport].[User] AS [u]
    WHERE [u].[Id] = @__id_0
) AS [t]
LEFT JOIN [Airport].[UserRole] AS [u0] ON [t].[Id] = [u0].[UserId]
ORDER BY [t].[Id], [u0].[RoleId]
2022-05-14 23:55:48.467 -05:00 [INF] Executed DbCommand (4ms) [Parameters=[@__user_Id_0='?' (DbType = Guid)], CommandType='"Text"', CommandTimeout='30']
SELECT [u].[RoleId], [u].[UserId], [u].[CreatedBy], [u].[CreatedOn], [u].[Id], [u].[LastModifiedOn], [u].[Status], [u].[UpdatedBy], [r].[Id], [r].[CreatedBy], [r].[CreatedOn], [r].[LastModifiedOn], [r].[RoleName], [r].[Status], [r].[UpdatedBy]
FROM [Airport].[UserRole] AS [u]
INNER JOIN [Airport].[Role] AS [r] ON [u].[RoleId] = [r].[Id]
WHERE [u].[UserId] = @__user_Id_0
2022-05-14 23:55:48.472 -05:00 [INF] CORS policy execution successful.
2022-05-14 23:55:48.473 -05:00 [INF] Request:
Protocol: HTTP/2
Method: POST
Scheme: https
PathBase: 
Path: /api/City/SaveAll
Accept: text/plain
Host: localhost:7170
User-Agent: Mozilla/5.0 (Windows NT 10.0; Win64; x64) AppleWebKit/537.36 (KHTML, like Gecko) Chrome/101.0.4951.54 Safari/537.36 Edg/101.0.1210.39
:method: [Redacted]
Accept-Encoding: gzip, deflate, br
Accept-Language: es,es-ES;q=0.9,en;q=0.8,en-GB;q=0.7,en-US;q=0.6
Authorization: [Redacted]
Content-Type: application/json
Origin: [Redacted]
Referer: [Redacted]
Content-Length: 153
sec-ch-ua: [Redacted]
sec-ch-ua-mobile: [Redacted]
sec-ch-ua-platform: [Redacted]
sec-fetch-site: [Redacted]
sec-fetch-mode: [Redacted]
sec-fetch-dest: [Redacted]
2022-05-14 23:55:48.480 -05:00 [INF] Executing endpoint 'Api.Controllers.CityController.Save (Api)'
2022-05-14 23:55:48.481 -05:00 [INF] Route matched with {action = "Save", controller = "City"}. Executing controller action with signature System.Threading.Tasks.Task`1[Application.Common.Response.Response`1[System.Boolean]] Save(System.Collections.Generic.IEnumerable`1[Application.Airport.Http.Request.CityRequest]) on controller Api.Controllers.CityController (Api).
2022-05-14 23:55:48.484 -05:00 [INF] Executing BadRequestObjectResult, writing value of type 'Microsoft.AspNetCore.Mvc.ValidationProblemDetails'.
2022-05-14 23:55:48.486 -05:00 [INF] Executed action Api.Controllers.CityController.Save (Api) in 2.8035ms
2022-05-14 23:55:48.491 -05:00 [INF] Executed endpoint 'Api.Controllers.CityController.Save (Api)'
2022-05-14 23:55:48.493 -05:00 [INF] Response:
StatusCode: 400
Content-Type: application/problem+json; charset=utf-8
Date: Sun, 15 May 2022 04:55:48 GMT
Server: Kestrel
Access-Control-Allow-Origin: [Redacted]
2022-05-14 23:55:48.496 -05:00 [INF] Request finished HTTP/2 POST https://localhost:7170/api/City/SaveAll application/json 153 - 400 - application/problem+json;+charset=utf-8 62.2240ms
2022-05-14 23:56:02.689 -05:00 [INF] Request starting HTTP/2 POST https://localhost:7170/api/City/SaveAll application/json 153
2022-05-14 23:56:02.691 -05:00 [INF] Entity Framework Core 6.0.5 initialized 'PersistenceContext' using provider 'Microsoft.EntityFrameworkCore.SqlServer:6.0.5' with options: MigrationsHistoryTable=Airport._MigrationHistory 
2022-05-14 23:56:02.701 -05:00 [INF] Executed DbCommand (5ms) [Parameters=[@__id_0='?' (DbType = Guid)], CommandType='"Text"', CommandTimeout='30']
SELECT [u].[Id], [u].[CreatedBy], [u].[CreatedOn], [u].[LastModifiedOn], [u].[Name], [u].[pazzword], [u].[Status], [u].[UpdatedBy], [u].[Username], [u0].[RoleId], [u0].[UserId], [u0].[CreatedBy], [u0].[CreatedOn], [u0].[Id], [u0].[LastModifiedOn], [u0].[Status], [u0].[UpdatedBy]
FROM [Airport].[User] AS [u]
LEFT JOIN [Airport].[UserRole] AS [u0] ON [u].[Id] = [u0].[UserId]
WHERE [u].[Id] = @__id_0
ORDER BY [u].[Id], [u0].[RoleId]
2022-05-14 23:56:02.709 -05:00 [INF] Executed DbCommand (3ms) [Parameters=[@__id_0='?' (DbType = Guid)], CommandType='"Text"', CommandTimeout='30']
SELECT [t].[Id], [t].[CreatedBy], [t].[CreatedOn], [t].[LastModifiedOn], [t].[Name], [t].[pazzword], [t].[Status], [t].[UpdatedBy], [t].[Username], [u0].[RoleId], [u0].[UserId], [u0].[CreatedBy], [u0].[CreatedOn], [u0].[Id], [u0].[LastModifiedOn], [u0].[Status], [u0].[UpdatedBy]
FROM (
    SELECT TOP(1) [u].[Id], [u].[CreatedBy], [u].[CreatedOn], [u].[LastModifiedOn], [u].[Name], [u].[pazzword], [u].[Status], [u].[UpdatedBy], [u].[Username]
    FROM [Airport].[User] AS [u]
    WHERE [u].[Id] = @__id_0
) AS [t]
LEFT JOIN [Airport].[UserRole] AS [u0] ON [t].[Id] = [u0].[UserId]
ORDER BY [t].[Id], [u0].[RoleId]
2022-05-14 23:56:02.719 -05:00 [INF] Executed DbCommand (4ms) [Parameters=[@__user_Id_0='?' (DbType = Guid)], CommandType='"Text"', CommandTimeout='30']
SELECT [u].[RoleId], [u].[UserId], [u].[CreatedBy], [u].[CreatedOn], [u].[Id], [u].[LastModifiedOn], [u].[Status], [u].[UpdatedBy], [r].[Id], [r].[CreatedBy], [r].[CreatedOn], [r].[LastModifiedOn], [r].[RoleName], [r].[Status], [r].[UpdatedBy]
FROM [Airport].[UserRole] AS [u]
INNER JOIN [Airport].[Role] AS [r] ON [u].[RoleId] = [r].[Id]
WHERE [u].[UserId] = @__user_Id_0
2022-05-14 23:56:02.722 -05:00 [INF] CORS policy execution successful.
2022-05-14 23:56:02.723 -05:00 [INF] Request:
Protocol: HTTP/2
Method: POST
Scheme: https
PathBase: 
Path: /api/City/SaveAll
Accept: text/plain
Host: localhost:7170
User-Agent: Mozilla/5.0 (Windows NT 10.0; Win64; x64) AppleWebKit/537.36 (KHTML, like Gecko) Chrome/101.0.4951.54 Safari/537.36 Edg/101.0.1210.39
:method: [Redacted]
Accept-Encoding: gzip, deflate, br
Accept-Language: es,es-ES;q=0.9,en;q=0.8,en-GB;q=0.7,en-US;q=0.6
Authorization: [Redacted]
Content-Type: application/json
Origin: [Redacted]
Referer: [Redacted]
Content-Length: 153
sec-ch-ua: [Redacted]
sec-ch-ua-mobile: [Redacted]
sec-ch-ua-platform: [Redacted]
sec-fetch-site: [Redacted]
sec-fetch-mode: [Redacted]
sec-fetch-dest: [Redacted]
2022-05-14 23:56:02.726 -05:00 [INF] Executing endpoint 'Api.Controllers.CityController.Save (Api)'
2022-05-14 23:56:02.728 -05:00 [INF] Route matched with {action = "Save", controller = "City"}. Executing controller action with signature System.Threading.Tasks.Task`1[Application.Common.Response.Response`1[System.Boolean]] Save(System.Collections.Generic.IEnumerable`1[Application.Airport.Http.Request.CityRequest]) on controller Api.Controllers.CityController (Api).
2022-05-14 23:56:02.731 -05:00 [INF] Executing BadRequestObjectResult, writing value of type 'Microsoft.AspNetCore.Mvc.ValidationProblemDetails'.
2022-05-14 23:56:02.732 -05:00 [INF] Executed action Api.Controllers.CityController.Save (Api) in 1.8832ms
2022-05-14 23:56:02.734 -05:00 [INF] Executed endpoint 'Api.Controllers.CityController.Save (Api)'
2022-05-14 23:56:02.735 -05:00 [INF] Response:
StatusCode: 400
Content-Type: application/problem+json; charset=utf-8
Date: Sun, 15 May 2022 04:56:02 GMT
Server: Kestrel
Access-Control-Allow-Origin: [Redacted]
2022-05-14 23:56:02.737 -05:00 [INF] Request finished HTTP/2 POST https://localhost:7170/api/City/SaveAll application/json 153 - 400 - application/problem+json;+charset=utf-8 47.2482ms
2022-05-14 23:56:16.749 -05:00 [INF] Request starting HTTP/2 POST https://localhost:7170/api/City/SaveAll application/json 155
2022-05-14 23:56:16.756 -05:00 [INF] Entity Framework Core 6.0.5 initialized 'PersistenceContext' using provider 'Microsoft.EntityFrameworkCore.SqlServer:6.0.5' with options: MigrationsHistoryTable=Airport._MigrationHistory 
2022-05-14 23:56:16.773 -05:00 [INF] Executed DbCommand (12ms) [Parameters=[@__id_0='?' (DbType = Guid)], CommandType='"Text"', CommandTimeout='30']
SELECT [u].[Id], [u].[CreatedBy], [u].[CreatedOn], [u].[LastModifiedOn], [u].[Name], [u].[pazzword], [u].[Status], [u].[UpdatedBy], [u].[Username], [u0].[RoleId], [u0].[UserId], [u0].[CreatedBy], [u0].[CreatedOn], [u0].[Id], [u0].[LastModifiedOn], [u0].[Status], [u0].[UpdatedBy]
FROM [Airport].[User] AS [u]
LEFT JOIN [Airport].[UserRole] AS [u0] ON [u].[Id] = [u0].[UserId]
WHERE [u].[Id] = @__id_0
ORDER BY [u].[Id], [u0].[RoleId]
2022-05-14 23:56:16.794 -05:00 [INF] Executed DbCommand (9ms) [Parameters=[@__id_0='?' (DbType = Guid)], CommandType='"Text"', CommandTimeout='30']
SELECT [t].[Id], [t].[CreatedBy], [t].[CreatedOn], [t].[LastModifiedOn], [t].[Name], [t].[pazzword], [t].[Status], [t].[UpdatedBy], [t].[Username], [u0].[RoleId], [u0].[UserId], [u0].[CreatedBy], [u0].[CreatedOn], [u0].[Id], [u0].[LastModifiedOn], [u0].[Status], [u0].[UpdatedBy]
FROM (
    SELECT TOP(1) [u].[Id], [u].[CreatedBy], [u].[CreatedOn], [u].[LastModifiedOn], [u].[Name], [u].[pazzword], [u].[Status], [u].[UpdatedBy], [u].[Username]
    FROM [Airport].[User] AS [u]
    WHERE [u].[Id] = @__id_0
) AS [t]
LEFT JOIN [Airport].[UserRole] AS [u0] ON [t].[Id] = [u0].[UserId]
ORDER BY [t].[Id], [u0].[RoleId]
2022-05-14 23:56:16.810 -05:00 [INF] Executed DbCommand (6ms) [Parameters=[@__user_Id_0='?' (DbType = Guid)], CommandType='"Text"', CommandTimeout='30']
SELECT [u].[RoleId], [u].[UserId], [u].[CreatedBy], [u].[CreatedOn], [u].[Id], [u].[LastModifiedOn], [u].[Status], [u].[UpdatedBy], [r].[Id], [r].[CreatedBy], [r].[CreatedOn], [r].[LastModifiedOn], [r].[RoleName], [r].[Status], [r].[UpdatedBy]
FROM [Airport].[UserRole] AS [u]
INNER JOIN [Airport].[Role] AS [r] ON [u].[RoleId] = [r].[Id]
WHERE [u].[UserId] = @__user_Id_0
2022-05-14 23:56:16.819 -05:00 [INF] CORS policy execution successful.
2022-05-14 23:56:16.822 -05:00 [INF] Request:
Protocol: HTTP/2
Method: POST
Scheme: https
PathBase: 
Path: /api/City/SaveAll
Accept: text/plain
Host: localhost:7170
User-Agent: Mozilla/5.0 (Windows NT 10.0; Win64; x64) AppleWebKit/537.36 (KHTML, like Gecko) Chrome/101.0.4951.54 Safari/537.36 Edg/101.0.1210.39
:method: [Redacted]
Accept-Encoding: gzip, deflate, br
Accept-Language: es,es-ES;q=0.9,en;q=0.8,en-GB;q=0.7,en-US;q=0.6
Authorization: [Redacted]
Content-Type: application/json
Origin: [Redacted]
Referer: [Redacted]
Content-Length: 155
sec-ch-ua: [Redacted]
sec-ch-ua-mobile: [Redacted]
sec-ch-ua-platform: [Redacted]
sec-fetch-site: [Redacted]
sec-fetch-mode: [Redacted]
sec-fetch-dest: [Redacted]
2022-05-14 23:56:16.825 -05:00 [INF] Executing endpoint 'Api.Controllers.CityController.Save (Api)'
2022-05-14 23:56:16.833 -05:00 [INF] Route matched with {action = "Save", controller = "City"}. Executing controller action with signature System.Threading.Tasks.Task`1[Application.Common.Response.Response`1[System.Boolean]] Save(System.Collections.Generic.IEnumerable`1[Application.Airport.Http.Request.CityRequest]) on controller Api.Controllers.CityController (Api).
2022-05-14 23:56:16.839 -05:00 [INF] Executing BadRequestObjectResult, writing value of type 'Microsoft.AspNetCore.Mvc.ValidationProblemDetails'.
2022-05-14 23:56:16.841 -05:00 [INF] Executed action Api.Controllers.CityController.Save (Api) in 3.0867ms
2022-05-14 23:56:16.845 -05:00 [INF] Executed endpoint 'Api.Controllers.CityController.Save (Api)'
2022-05-14 23:56:16.846 -05:00 [INF] Response:
StatusCode: 400
Content-Type: application/problem+json; charset=utf-8
Date: Sun, 15 May 2022 04:56:16 GMT
Server: Kestrel
Access-Control-Allow-Origin: [Redacted]
2022-05-14 23:56:16.850 -05:00 [INF] Request finished HTTP/2 POST https://localhost:7170/api/City/SaveAll application/json 155 - 400 - application/problem+json;+charset=utf-8 100.2977ms
2022-05-14 23:56:53.946 -05:00 [INF] Request starting HTTP/2 POST https://localhost:7170/api/City/Create application/json 27
2022-05-14 23:56:53.950 -05:00 [INF] Entity Framework Core 6.0.5 initialized 'PersistenceContext' using provider 'Microsoft.EntityFrameworkCore.SqlServer:6.0.5' with options: MigrationsHistoryTable=Airport._MigrationHistory 
2022-05-14 23:56:53.958 -05:00 [INF] Executed DbCommand (4ms) [Parameters=[@__id_0='?' (DbType = Guid)], CommandType='"Text"', CommandTimeout='30']
SELECT [u].[Id], [u].[CreatedBy], [u].[CreatedOn], [u].[LastModifiedOn], [u].[Name], [u].[pazzword], [u].[Status], [u].[UpdatedBy], [u].[Username], [u0].[RoleId], [u0].[UserId], [u0].[CreatedBy], [u0].[CreatedOn], [u0].[Id], [u0].[LastModifiedOn], [u0].[Status], [u0].[UpdatedBy]
FROM [Airport].[User] AS [u]
LEFT JOIN [Airport].[UserRole] AS [u0] ON [u].[Id] = [u0].[UserId]
WHERE [u].[Id] = @__id_0
ORDER BY [u].[Id], [u0].[RoleId]
2022-05-14 23:56:53.965 -05:00 [INF] Executed DbCommand (3ms) [Parameters=[@__id_0='?' (DbType = Guid)], CommandType='"Text"', CommandTimeout='30']
SELECT [t].[Id], [t].[CreatedBy], [t].[CreatedOn], [t].[LastModifiedOn], [t].[Name], [t].[pazzword], [t].[Status], [t].[UpdatedBy], [t].[Username], [u0].[RoleId], [u0].[UserId], [u0].[CreatedBy], [u0].[CreatedOn], [u0].[Id], [u0].[LastModifiedOn], [u0].[Status], [u0].[UpdatedBy]
FROM (
    SELECT TOP(1) [u].[Id], [u].[CreatedBy], [u].[CreatedOn], [u].[LastModifiedOn], [u].[Name], [u].[pazzword], [u].[Status], [u].[UpdatedBy], [u].[Username]
    FROM [Airport].[User] AS [u]
    WHERE [u].[Id] = @__id_0
) AS [t]
LEFT JOIN [Airport].[UserRole] AS [u0] ON [t].[Id] = [u0].[UserId]
ORDER BY [t].[Id], [u0].[RoleId]
2022-05-14 23:56:53.974 -05:00 [INF] Executed DbCommand (3ms) [Parameters=[@__user_Id_0='?' (DbType = Guid)], CommandType='"Text"', CommandTimeout='30']
SELECT [u].[RoleId], [u].[UserId], [u].[CreatedBy], [u].[CreatedOn], [u].[Id], [u].[LastModifiedOn], [u].[Status], [u].[UpdatedBy], [r].[Id], [r].[CreatedBy], [r].[CreatedOn], [r].[LastModifiedOn], [r].[RoleName], [r].[Status], [r].[UpdatedBy]
FROM [Airport].[UserRole] AS [u]
INNER JOIN [Airport].[Role] AS [r] ON [u].[RoleId] = [r].[Id]
WHERE [u].[UserId] = @__user_Id_0
2022-05-14 23:56:53.977 -05:00 [INF] CORS policy execution successful.
2022-05-14 23:56:53.978 -05:00 [INF] Request:
Protocol: HTTP/2
Method: POST
Scheme: https
PathBase: 
Path: /api/City/Create
Accept: text/plain
Host: localhost:7170
User-Agent: Mozilla/5.0 (Windows NT 10.0; Win64; x64) AppleWebKit/537.36 (KHTML, like Gecko) Chrome/101.0.4951.54 Safari/537.36 Edg/101.0.1210.39
:method: [Redacted]
Accept-Encoding: gzip, deflate, br
Accept-Language: es,es-ES;q=0.9,en;q=0.8,en-GB;q=0.7,en-US;q=0.6
Authorization: [Redacted]
Content-Type: application/json
Origin: [Redacted]
Referer: [Redacted]
Content-Length: 27
sec-ch-ua: [Redacted]
sec-ch-ua-mobile: [Redacted]
sec-ch-ua-platform: [Redacted]
sec-fetch-site: [Redacted]
sec-fetch-mode: [Redacted]
sec-fetch-dest: [Redacted]
2022-05-14 23:56:53.980 -05:00 [INF] Executing endpoint 'Api.Controllers.CityController.Save (Api)'
2022-05-14 23:56:53.986 -05:00 [INF] Route matched with {action = "Save", controller = "City"}. Executing controller action with signature System.Threading.Tasks.Task`1[Application.Common.Response.Response`1[Application.Airport.Http.Dto.CityDto]] Save(Application.Airport.Http.Request.CityRequest) on controller Api.Controllers.CityController (Api).
2022-05-14 23:56:54.799 -05:00 [ERR] Failed executing DbCommand (42ms) [Parameters=[@p0='?' (DbType = Guid), @p1='?' (Size = 35), @p2='?' (DbType = DateTime2), @p3='?' (Size = 4000), @p4='?' (DbType = Boolean), @p5='?' (Size = 35)], CommandType='"Text"', CommandTimeout='30']
SET NOCOUNT ON;
INSERT INTO [Airport].[City] ([Id], [CreatedBy], [CreatedOn], [Name], [Status], [UpdatedBy])
VALUES (@p0, @p1, @p2, @p3, @p4, @p5);
SELECT [LastModifiedOn]
FROM [Airport].[City]
WHERE @@ROWCOUNT = 1 AND [Id] = @p0;
2022-05-14 23:56:55.935 -05:00 [ERR] An exception occurred in the database while saving changes for context type 'Infrastructure.Repository.PersistenceContext'.
Microsoft.EntityFrameworkCore.DbUpdateException: An error occurred while saving the entity changes. See the inner exception for details.
 ---> Microsoft.Data.SqlClient.SqlException (0x80131904): Cannot insert the value NULL into column 'CreatedBy', table 'AirportMng.Airport.City'; column does not allow nulls. INSERT fails.
The statement has been terminated.
   at Microsoft.Data.SqlClient.SqlCommand.<>c.<ExecuteDbDataReaderAsync>b__188_0(Task`1 result)
   at System.Threading.Tasks.ContinuationResultTaskFromResultTask`2.InnerInvoke()
   at System.Threading.ExecutionContext.RunInternal(ExecutionContext executionContext, ContextCallback callback, Object state)
--- End of stack trace from previous location ---
   at System.Threading.Tasks.Task.ExecuteWithThreadLocal(Task& currentTaskSlot, Thread threadPoolThread)
--- End of stack trace from previous location ---
   at Microsoft.EntityFrameworkCore.Storage.RelationalCommand.ExecuteReaderAsync(RelationalCommandParameterObject parameterObject, CancellationToken cancellationToken)
   at Microsoft.EntityFrameworkCore.Storage.RelationalCommand.ExecuteReaderAsync(RelationalCommandParameterObject parameterObject, CancellationToken cancellationToken)
   at Microsoft.EntityFrameworkCore.Update.ReaderModificationCommandBatch.ExecuteAsync(IRelationalConnection connection, CancellationToken cancellationToken)
ClientConnectionId:f721243c-e8e8-4e41-a1bd-4b6cd13b8998
Error Number:515,State:2,Class:16
   --- End of inner exception stack trace ---
   at Microsoft.EntityFrameworkCore.Update.ReaderModificationCommandBatch.ExecuteAsync(IRelationalConnection connection, CancellationToken cancellationToken)
   at Microsoft.EntityFrameworkCore.Update.Internal.BatchExecutor.ExecuteAsync(IEnumerable`1 commandBatches, IRelationalConnection connection, CancellationToken cancellationToken)
   at Microsoft.EntityFrameworkCore.Update.Internal.BatchExecutor.ExecuteAsync(IEnumerable`1 commandBatches, IRelationalConnection connection, CancellationToken cancellationToken)
   at Microsoft.EntityFrameworkCore.Update.Internal.BatchExecutor.ExecuteAsync(IEnumerable`1 commandBatches, IRelationalConnection connection, CancellationToken cancellationToken)
   at Microsoft.EntityFrameworkCore.ChangeTracking.Internal.StateManager.SaveChangesAsync(IList`1 entriesToSave, CancellationToken cancellationToken)
   at Microsoft.EntityFrameworkCore.ChangeTracking.Internal.StateManager.SaveChangesAsync(StateManager stateManager, Boolean acceptAllChangesOnSuccess, CancellationToken cancellationToken)
   at Microsoft.EntityFrameworkCore.SqlServer.Storage.Internal.SqlServerExecutionStrategy.ExecuteAsync[TState,TResult](TState state, Func`4 operation, Func`4 verifySucceeded, CancellationToken cancellationToken)
   at Microsoft.EntityFrameworkCore.DbContext.SaveChangesAsync(Boolean acceptAllChangesOnSuccess, CancellationToken cancellationToken)
Microsoft.EntityFrameworkCore.DbUpdateException: An error occurred while saving the entity changes. See the inner exception for details.
 ---> Microsoft.Data.SqlClient.SqlException (0x80131904): Cannot insert the value NULL into column 'CreatedBy', table 'AirportMng.Airport.City'; column does not allow nulls. INSERT fails.
The statement has been terminated.
   at Microsoft.Data.SqlClient.SqlCommand.<>c.<ExecuteDbDataReaderAsync>b__188_0(Task`1 result)
   at System.Threading.Tasks.ContinuationResultTaskFromResultTask`2.InnerInvoke()
   at System.Threading.ExecutionContext.RunInternal(ExecutionContext executionContext, ContextCallback callback, Object state)
--- End of stack trace from previous location ---
   at System.Threading.Tasks.Task.ExecuteWithThreadLocal(Task& currentTaskSlot, Thread threadPoolThread)
--- End of stack trace from previous location ---
   at Microsoft.EntityFrameworkCore.Storage.RelationalCommand.ExecuteReaderAsync(RelationalCommandParameterObject parameterObject, CancellationToken cancellationToken)
   at Microsoft.EntityFrameworkCore.Storage.RelationalCommand.ExecuteReaderAsync(RelationalCommandParameterObject parameterObject, CancellationToken cancellationToken)
   at Microsoft.EntityFrameworkCore.Update.ReaderModificationCommandBatch.ExecuteAsync(IRelationalConnection connection, CancellationToken cancellationToken)
ClientConnectionId:f721243c-e8e8-4e41-a1bd-4b6cd13b8998
Error Number:515,State:2,Class:16
   --- End of inner exception stack trace ---
   at Microsoft.EntityFrameworkCore.Update.ReaderModificationCommandBatch.ExecuteAsync(IRelationalConnection connection, CancellationToken cancellationToken)
   at Microsoft.EntityFrameworkCore.Update.Internal.BatchExecutor.ExecuteAsync(IEnumerable`1 commandBatches, IRelationalConnection connection, CancellationToken cancellationToken)
   at Microsoft.EntityFrameworkCore.Update.Internal.BatchExecutor.ExecuteAsync(IEnumerable`1 commandBatches, IRelationalConnection connection, CancellationToken cancellationToken)
   at Microsoft.EntityFrameworkCore.Update.Internal.BatchExecutor.ExecuteAsync(IEnumerable`1 commandBatches, IRelationalConnection connection, CancellationToken cancellationToken)
   at Microsoft.EntityFrameworkCore.ChangeTracking.Internal.StateManager.SaveChangesAsync(IList`1 entriesToSave, CancellationToken cancellationToken)
   at Microsoft.EntityFrameworkCore.ChangeTracking.Internal.StateManager.SaveChangesAsync(StateManager stateManager, Boolean acceptAllChangesOnSuccess, CancellationToken cancellationToken)
   at Microsoft.EntityFrameworkCore.SqlServer.Storage.Internal.SqlServerExecutionStrategy.ExecuteAsync[TState,TResult](TState state, Func`4 operation, Func`4 verifySucceeded, CancellationToken cancellationToken)
   at Microsoft.EntityFrameworkCore.DbContext.SaveChangesAsync(Boolean acceptAllChangesOnSuccess, CancellationToken cancellationToken)
2022-05-14 23:56:55.959 -05:00 [INF] Executing ObjectResult, writing value of type 'Application.Common.Response.Response`1[[Application.Airport.Http.Dto.CityDto, Application, Version=1.0.0.0, Culture=neutral, PublicKeyToken=null]]'.
2022-05-14 23:56:55.967 -05:00 [INF] Executed action Api.Controllers.CityController.Save (Api) in 1979.3343ms
2022-05-14 23:56:55.968 -05:00 [INF] Executed endpoint 'Api.Controllers.CityController.Save (Api)'
2022-05-14 23:56:55.969 -05:00 [INF] Response:
StatusCode: 200
Content-Type: application/json; charset=utf-8
Date: Sun, 15 May 2022 04:56:55 GMT
Server: Kestrel
Access-Control-Allow-Origin: [Redacted]
2022-05-14 23:56:55.970 -05:00 [INF] Request finished HTTP/2 POST https://localhost:7170/api/City/Create application/json 27 - 200 - application/json;+charset=utf-8 2023.4745ms
2022-05-14 23:57:45.141 -05:00 [INF] Request starting HTTP/2 POST https://localhost:7170/api/City/Create application/json 45
2022-05-14 23:57:45.158 -05:00 [INF] Entity Framework Core 6.0.5 initialized 'PersistenceContext' using provider 'Microsoft.EntityFrameworkCore.SqlServer:6.0.5' with options: MigrationsHistoryTable=Airport._MigrationHistory 
2022-05-14 23:57:45.168 -05:00 [INF] Executed DbCommand (4ms) [Parameters=[@__id_0='?' (DbType = Guid)], CommandType='"Text"', CommandTimeout='30']
SELECT [u].[Id], [u].[CreatedBy], [u].[CreatedOn], [u].[LastModifiedOn], [u].[Name], [u].[pazzword], [u].[Status], [u].[UpdatedBy], [u].[Username], [u0].[RoleId], [u0].[UserId], [u0].[CreatedBy], [u0].[CreatedOn], [u0].[Id], [u0].[LastModifiedOn], [u0].[Status], [u0].[UpdatedBy]
FROM [Airport].[User] AS [u]
LEFT JOIN [Airport].[UserRole] AS [u0] ON [u].[Id] = [u0].[UserId]
WHERE [u].[Id] = @__id_0
ORDER BY [u].[Id], [u0].[RoleId]
2022-05-14 23:57:45.176 -05:00 [INF] Executed DbCommand (3ms) [Parameters=[@__id_0='?' (DbType = Guid)], CommandType='"Text"', CommandTimeout='30']
SELECT [t].[Id], [t].[CreatedBy], [t].[CreatedOn], [t].[LastModifiedOn], [t].[Name], [t].[pazzword], [t].[Status], [t].[UpdatedBy], [t].[Username], [u0].[RoleId], [u0].[UserId], [u0].[CreatedBy], [u0].[CreatedOn], [u0].[Id], [u0].[LastModifiedOn], [u0].[Status], [u0].[UpdatedBy]
FROM (
    SELECT TOP(1) [u].[Id], [u].[CreatedBy], [u].[CreatedOn], [u].[LastModifiedOn], [u].[Name], [u].[pazzword], [u].[Status], [u].[UpdatedBy], [u].[Username]
    FROM [Airport].[User] AS [u]
    WHERE [u].[Id] = @__id_0
) AS [t]
LEFT JOIN [Airport].[UserRole] AS [u0] ON [t].[Id] = [u0].[UserId]
ORDER BY [t].[Id], [u0].[RoleId]
2022-05-14 23:57:45.199 -05:00 [INF] Executed DbCommand (5ms) [Parameters=[@__user_Id_0='?' (DbType = Guid)], CommandType='"Text"', CommandTimeout='30']
SELECT [u].[RoleId], [u].[UserId], [u].[CreatedBy], [u].[CreatedOn], [u].[Id], [u].[LastModifiedOn], [u].[Status], [u].[UpdatedBy], [r].[Id], [r].[CreatedBy], [r].[CreatedOn], [r].[LastModifiedOn], [r].[RoleName], [r].[Status], [r].[UpdatedBy]
FROM [Airport].[UserRole] AS [u]
INNER JOIN [Airport].[Role] AS [r] ON [u].[RoleId] = [r].[Id]
WHERE [u].[UserId] = @__user_Id_0
2022-05-14 23:57:45.205 -05:00 [INF] CORS policy execution successful.
2022-05-14 23:57:45.206 -05:00 [INF] Request:
Protocol: HTTP/2
Method: POST
Scheme: https
PathBase: 
Path: /api/City/Create
Accept: text/plain
Host: localhost:7170
User-Agent: Mozilla/5.0 (Windows NT 10.0; Win64; x64) AppleWebKit/537.36 (KHTML, like Gecko) Chrome/101.0.4951.54 Safari/537.36 Edg/101.0.1210.39
:method: [Redacted]
Accept-Encoding: gzip, deflate, br
Accept-Language: es,es-ES;q=0.9,en;q=0.8,en-GB;q=0.7,en-US;q=0.6
Authorization: [Redacted]
Content-Type: application/json
Origin: [Redacted]
Referer: [Redacted]
Content-Length: 45
sec-ch-ua: [Redacted]
sec-ch-ua-mobile: [Redacted]
sec-ch-ua-platform: [Redacted]
sec-fetch-site: [Redacted]
sec-fetch-mode: [Redacted]
sec-fetch-dest: [Redacted]
2022-05-14 23:57:45.209 -05:00 [INF] Executing endpoint 'Api.Controllers.CityController.Save (Api)'
2022-05-14 23:57:45.216 -05:00 [INF] Route matched with {action = "Save", controller = "City"}. Executing controller action with signature System.Threading.Tasks.Task`1[Application.Common.Response.Response`1[Application.Airport.Http.Dto.CityDto]] Save(Application.Airport.Http.Request.CityRequest) on controller Api.Controllers.CityController (Api).
2022-05-14 23:57:45.236 -05:00 [ERR] Failed executing DbCommand (6ms) [Parameters=[@p0='?' (DbType = Guid), @p1='?' (Size = 35), @p2='?' (DbType = DateTime2), @p3='?' (Size = 4000), @p4='?' (DbType = Boolean), @p5='?' (Size = 35)], CommandType='"Text"', CommandTimeout='30']
SET NOCOUNT ON;
INSERT INTO [Airport].[City] ([Id], [CreatedBy], [CreatedOn], [Name], [Status], [UpdatedBy])
VALUES (@p0, @p1, @p2, @p3, @p4, @p5);
SELECT [LastModifiedOn]
FROM [Airport].[City]
WHERE @@ROWCOUNT = 1 AND [Id] = @p0;
2022-05-14 23:57:45.248 -05:00 [ERR] An exception occurred in the database while saving changes for context type 'Infrastructure.Repository.PersistenceContext'.
Microsoft.EntityFrameworkCore.DbUpdateException: An error occurred while saving the entity changes. See the inner exception for details.
 ---> Microsoft.Data.SqlClient.SqlException (0x80131904): Cannot insert the value NULL into column 'CreatedBy', table 'AirportMng.Airport.City'; column does not allow nulls. INSERT fails.
The statement has been terminated.
   at Microsoft.Data.SqlClient.SqlCommand.<>c.<ExecuteDbDataReaderAsync>b__188_0(Task`1 result)
   at System.Threading.Tasks.ContinuationResultTaskFromResultTask`2.InnerInvoke()
   at System.Threading.ExecutionContext.RunInternal(ExecutionContext executionContext, ContextCallback callback, Object state)
--- End of stack trace from previous location ---
   at System.Threading.Tasks.Task.ExecuteWithThreadLocal(Task& currentTaskSlot, Thread threadPoolThread)
--- End of stack trace from previous location ---
   at Microsoft.EntityFrameworkCore.Storage.RelationalCommand.ExecuteReaderAsync(RelationalCommandParameterObject parameterObject, CancellationToken cancellationToken)
   at Microsoft.EntityFrameworkCore.Storage.RelationalCommand.ExecuteReaderAsync(RelationalCommandParameterObject parameterObject, CancellationToken cancellationToken)
   at Microsoft.EntityFrameworkCore.Update.ReaderModificationCommandBatch.ExecuteAsync(IRelationalConnection connection, CancellationToken cancellationToken)
ClientConnectionId:f721243c-e8e8-4e41-a1bd-4b6cd13b8998
Error Number:515,State:2,Class:16
   --- End of inner exception stack trace ---
   at Microsoft.EntityFrameworkCore.Update.ReaderModificationCommandBatch.ExecuteAsync(IRelationalConnection connection, CancellationToken cancellationToken)
   at Microsoft.EntityFrameworkCore.Update.Internal.BatchExecutor.ExecuteAsync(IEnumerable`1 commandBatches, IRelationalConnection connection, CancellationToken cancellationToken)
   at Microsoft.EntityFrameworkCore.Update.Internal.BatchExecutor.ExecuteAsync(IEnumerable`1 commandBatches, IRelationalConnection connection, CancellationToken cancellationToken)
   at Microsoft.EntityFrameworkCore.Update.Internal.BatchExecutor.ExecuteAsync(IEnumerable`1 commandBatches, IRelationalConnection connection, CancellationToken cancellationToken)
   at Microsoft.EntityFrameworkCore.ChangeTracking.Internal.StateManager.SaveChangesAsync(IList`1 entriesToSave, CancellationToken cancellationToken)
   at Microsoft.EntityFrameworkCore.ChangeTracking.Internal.StateManager.SaveChangesAsync(StateManager stateManager, Boolean acceptAllChangesOnSuccess, CancellationToken cancellationToken)
   at Microsoft.EntityFrameworkCore.SqlServer.Storage.Internal.SqlServerExecutionStrategy.ExecuteAsync[TState,TResult](TState state, Func`4 operation, Func`4 verifySucceeded, CancellationToken cancellationToken)
   at Microsoft.EntityFrameworkCore.DbContext.SaveChangesAsync(Boolean acceptAllChangesOnSuccess, CancellationToken cancellationToken)
Microsoft.EntityFrameworkCore.DbUpdateException: An error occurred while saving the entity changes. See the inner exception for details.
 ---> Microsoft.Data.SqlClient.SqlException (0x80131904): Cannot insert the value NULL into column 'CreatedBy', table 'AirportMng.Airport.City'; column does not allow nulls. INSERT fails.
The statement has been terminated.
   at Microsoft.Data.SqlClient.SqlCommand.<>c.<ExecuteDbDataReaderAsync>b__188_0(Task`1 result)
   at System.Threading.Tasks.ContinuationResultTaskFromResultTask`2.InnerInvoke()
   at System.Threading.ExecutionContext.RunInternal(ExecutionContext executionContext, ContextCallback callback, Object state)
--- End of stack trace from previous location ---
   at System.Threading.Tasks.Task.ExecuteWithThreadLocal(Task& currentTaskSlot, Thread threadPoolThread)
--- End of stack trace from previous location ---
   at Microsoft.EntityFrameworkCore.Storage.RelationalCommand.ExecuteReaderAsync(RelationalCommandParameterObject parameterObject, CancellationToken cancellationToken)
   at Microsoft.EntityFrameworkCore.Storage.RelationalCommand.ExecuteReaderAsync(RelationalCommandParameterObject parameterObject, CancellationToken cancellationToken)
   at Microsoft.EntityFrameworkCore.Update.ReaderModificationCommandBatch.ExecuteAsync(IRelationalConnection connection, CancellationToken cancellationToken)
ClientConnectionId:f721243c-e8e8-4e41-a1bd-4b6cd13b8998
Error Number:515,State:2,Class:16
   --- End of inner exception stack trace ---
   at Microsoft.EntityFrameworkCore.Update.ReaderModificationCommandBatch.ExecuteAsync(IRelationalConnection connection, CancellationToken cancellationToken)
   at Microsoft.EntityFrameworkCore.Update.Internal.BatchExecutor.ExecuteAsync(IEnumerable`1 commandBatches, IRelationalConnection connection, CancellationToken cancellationToken)
   at Microsoft.EntityFrameworkCore.Update.Internal.BatchExecutor.ExecuteAsync(IEnumerable`1 commandBatches, IRelationalConnection connection, CancellationToken cancellationToken)
   at Microsoft.EntityFrameworkCore.Update.Internal.BatchExecutor.ExecuteAsync(IEnumerable`1 commandBatches, IRelationalConnection connection, CancellationToken cancellationToken)
   at Microsoft.EntityFrameworkCore.ChangeTracking.Internal.StateManager.SaveChangesAsync(IList`1 entriesToSave, CancellationToken cancellationToken)
   at Microsoft.EntityFrameworkCore.ChangeTracking.Internal.StateManager.SaveChangesAsync(StateManager stateManager, Boolean acceptAllChangesOnSuccess, CancellationToken cancellationToken)
   at Microsoft.EntityFrameworkCore.SqlServer.Storage.Internal.SqlServerExecutionStrategy.ExecuteAsync[TState,TResult](TState state, Func`4 operation, Func`4 verifySucceeded, CancellationToken cancellationToken)
   at Microsoft.EntityFrameworkCore.DbContext.SaveChangesAsync(Boolean acceptAllChangesOnSuccess, CancellationToken cancellationToken)
2022-05-14 23:57:45.290 -05:00 [INF] Executing ObjectResult, writing value of type 'Application.Common.Response.Response`1[[Application.Airport.Http.Dto.CityDto, Application, Version=1.0.0.0, Culture=neutral, PublicKeyToken=null]]'.
2022-05-14 23:57:45.297 -05:00 [INF] Executed action Api.Controllers.CityController.Save (Api) in 75.6176ms
2022-05-14 23:57:45.299 -05:00 [INF] Executed endpoint 'Api.Controllers.CityController.Save (Api)'
2022-05-14 23:57:45.300 -05:00 [INF] Response:
StatusCode: 200
Content-Type: application/json; charset=utf-8
Date: Sun, 15 May 2022 04:57:45 GMT
Server: Kestrel
Access-Control-Allow-Origin: [Redacted]
2022-05-14 23:57:45.302 -05:00 [INF] Request finished HTTP/2 POST https://localhost:7170/api/City/Create application/json 45 - 200 - application/json;+charset=utf-8 161.1291ms
2022-05-14 23:58:17.714 -05:00 [INF] Request starting HTTP/2 POST https://localhost:7170/api/City/Create application/json 47
2022-05-14 23:58:17.718 -05:00 [INF] Entity Framework Core 6.0.5 initialized 'PersistenceContext' using provider 'Microsoft.EntityFrameworkCore.SqlServer:6.0.5' with options: MigrationsHistoryTable=Airport._MigrationHistory 
2022-05-14 23:58:17.738 -05:00 [INF] Executed DbCommand (7ms) [Parameters=[@__id_0='?' (DbType = Guid)], CommandType='"Text"', CommandTimeout='30']
SELECT [u].[Id], [u].[CreatedBy], [u].[CreatedOn], [u].[LastModifiedOn], [u].[Name], [u].[pazzword], [u].[Status], [u].[UpdatedBy], [u].[Username], [u0].[RoleId], [u0].[UserId], [u0].[CreatedBy], [u0].[CreatedOn], [u0].[Id], [u0].[LastModifiedOn], [u0].[Status], [u0].[UpdatedBy]
FROM [Airport].[User] AS [u]
LEFT JOIN [Airport].[UserRole] AS [u0] ON [u].[Id] = [u0].[UserId]
WHERE [u].[Id] = @__id_0
ORDER BY [u].[Id], [u0].[RoleId]
2022-05-14 23:58:17.745 -05:00 [INF] Executed DbCommand (4ms) [Parameters=[@__id_0='?' (DbType = Guid)], CommandType='"Text"', CommandTimeout='30']
SELECT [t].[Id], [t].[CreatedBy], [t].[CreatedOn], [t].[LastModifiedOn], [t].[Name], [t].[pazzword], [t].[Status], [t].[UpdatedBy], [t].[Username], [u0].[RoleId], [u0].[UserId], [u0].[CreatedBy], [u0].[CreatedOn], [u0].[Id], [u0].[LastModifiedOn], [u0].[Status], [u0].[UpdatedBy]
FROM (
    SELECT TOP(1) [u].[Id], [u].[CreatedBy], [u].[CreatedOn], [u].[LastModifiedOn], [u].[Name], [u].[pazzword], [u].[Status], [u].[UpdatedBy], [u].[Username]
    FROM [Airport].[User] AS [u]
    WHERE [u].[Id] = @__id_0
) AS [t]
LEFT JOIN [Airport].[UserRole] AS [u0] ON [t].[Id] = [u0].[UserId]
ORDER BY [t].[Id], [u0].[RoleId]
2022-05-14 23:58:17.753 -05:00 [INF] Executed DbCommand (3ms) [Parameters=[@__user_Id_0='?' (DbType = Guid)], CommandType='"Text"', CommandTimeout='30']
SELECT [u].[RoleId], [u].[UserId], [u].[CreatedBy], [u].[CreatedOn], [u].[Id], [u].[LastModifiedOn], [u].[Status], [u].[UpdatedBy], [r].[Id], [r].[CreatedBy], [r].[CreatedOn], [r].[LastModifiedOn], [r].[RoleName], [r].[Status], [r].[UpdatedBy]
FROM [Airport].[UserRole] AS [u]
INNER JOIN [Airport].[Role] AS [r] ON [u].[RoleId] = [r].[Id]
WHERE [u].[UserId] = @__user_Id_0
2022-05-14 23:58:17.756 -05:00 [INF] CORS policy execution successful.
2022-05-14 23:58:17.759 -05:00 [INF] Request:
Protocol: HTTP/2
Method: POST
Scheme: https
PathBase: 
Path: /api/City/Create
Accept: text/plain
Host: localhost:7170
User-Agent: Mozilla/5.0 (Windows NT 10.0; Win64; x64) AppleWebKit/537.36 (KHTML, like Gecko) Chrome/101.0.4951.54 Safari/537.36 Edg/101.0.1210.39
:method: [Redacted]
Accept-Encoding: gzip, deflate, br
Accept-Language: es,es-ES;q=0.9,en;q=0.8,en-GB;q=0.7,en-US;q=0.6
Authorization: [Redacted]
Content-Type: application/json
Origin: [Redacted]
Referer: [Redacted]
Content-Length: 47
sec-ch-ua: [Redacted]
sec-ch-ua-mobile: [Redacted]
sec-ch-ua-platform: [Redacted]
sec-fetch-site: [Redacted]
sec-fetch-mode: [Redacted]
sec-fetch-dest: [Redacted]
2022-05-14 23:58:17.762 -05:00 [INF] Executing endpoint 'Api.Controllers.CityController.Save (Api)'
2022-05-14 23:58:17.763 -05:00 [INF] Route matched with {action = "Save", controller = "City"}. Executing controller action with signature System.Threading.Tasks.Task`1[Application.Common.Response.Response`1[Application.Airport.Http.Dto.CityDto]] Save(Application.Airport.Http.Request.CityRequest) on controller Api.Controllers.CityController (Api).
2022-05-14 23:58:17.772 -05:00 [ERR] Failed executing DbCommand (4ms) [Parameters=[@p0='?' (DbType = Guid), @p1='?' (Size = 35), @p2='?' (DbType = DateTime2), @p3='?' (Size = 4000), @p4='?' (DbType = Boolean), @p5='?' (Size = 35)], CommandType='"Text"', CommandTimeout='30']
SET NOCOUNT ON;
INSERT INTO [Airport].[City] ([Id], [CreatedBy], [CreatedOn], [Name], [Status], [UpdatedBy])
VALUES (@p0, @p1, @p2, @p3, @p4, @p5);
SELECT [LastModifiedOn]
FROM [Airport].[City]
WHERE @@ROWCOUNT = 1 AND [Id] = @p0;
2022-05-14 23:58:17.783 -05:00 [ERR] An exception occurred in the database while saving changes for context type 'Infrastructure.Repository.PersistenceContext'.
Microsoft.EntityFrameworkCore.DbUpdateException: An error occurred while saving the entity changes. See the inner exception for details.
 ---> Microsoft.Data.SqlClient.SqlException (0x80131904): Cannot insert the value NULL into column 'CreatedBy', table 'AirportMng.Airport.City'; column does not allow nulls. INSERT fails.
The statement has been terminated.
   at Microsoft.Data.SqlClient.SqlCommand.<>c.<ExecuteDbDataReaderAsync>b__188_0(Task`1 result)
   at System.Threading.Tasks.ContinuationResultTaskFromResultTask`2.InnerInvoke()
   at System.Threading.ExecutionContext.RunInternal(ExecutionContext executionContext, ContextCallback callback, Object state)
--- End of stack trace from previous location ---
   at System.Threading.Tasks.Task.ExecuteWithThreadLocal(Task& currentTaskSlot, Thread threadPoolThread)
--- End of stack trace from previous location ---
   at Microsoft.EntityFrameworkCore.Storage.RelationalCommand.ExecuteReaderAsync(RelationalCommandParameterObject parameterObject, CancellationToken cancellationToken)
   at Microsoft.EntityFrameworkCore.Storage.RelationalCommand.ExecuteReaderAsync(RelationalCommandParameterObject parameterObject, CancellationToken cancellationToken)
   at Microsoft.EntityFrameworkCore.Update.ReaderModificationCommandBatch.ExecuteAsync(IRelationalConnection connection, CancellationToken cancellationToken)
ClientConnectionId:f721243c-e8e8-4e41-a1bd-4b6cd13b8998
Error Number:515,State:2,Class:16
   --- End of inner exception stack trace ---
   at Microsoft.EntityFrameworkCore.Update.ReaderModificationCommandBatch.ExecuteAsync(IRelationalConnection connection, CancellationToken cancellationToken)
   at Microsoft.EntityFrameworkCore.Update.Internal.BatchExecutor.ExecuteAsync(IEnumerable`1 commandBatches, IRelationalConnection connection, CancellationToken cancellationToken)
   at Microsoft.EntityFrameworkCore.Update.Internal.BatchExecutor.ExecuteAsync(IEnumerable`1 commandBatches, IRelationalConnection connection, CancellationToken cancellationToken)
   at Microsoft.EntityFrameworkCore.Update.Internal.BatchExecutor.ExecuteAsync(IEnumerable`1 commandBatches, IRelationalConnection connection, CancellationToken cancellationToken)
   at Microsoft.EntityFrameworkCore.ChangeTracking.Internal.StateManager.SaveChangesAsync(IList`1 entriesToSave, CancellationToken cancellationToken)
   at Microsoft.EntityFrameworkCore.ChangeTracking.Internal.StateManager.SaveChangesAsync(StateManager stateManager, Boolean acceptAllChangesOnSuccess, CancellationToken cancellationToken)
   at Microsoft.EntityFrameworkCore.SqlServer.Storage.Internal.SqlServerExecutionStrategy.ExecuteAsync[TState,TResult](TState state, Func`4 operation, Func`4 verifySucceeded, CancellationToken cancellationToken)
   at Microsoft.EntityFrameworkCore.DbContext.SaveChangesAsync(Boolean acceptAllChangesOnSuccess, CancellationToken cancellationToken)
Microsoft.EntityFrameworkCore.DbUpdateException: An error occurred while saving the entity changes. See the inner exception for details.
 ---> Microsoft.Data.SqlClient.SqlException (0x80131904): Cannot insert the value NULL into column 'CreatedBy', table 'AirportMng.Airport.City'; column does not allow nulls. INSERT fails.
The statement has been terminated.
   at Microsoft.Data.SqlClient.SqlCommand.<>c.<ExecuteDbDataReaderAsync>b__188_0(Task`1 result)
   at System.Threading.Tasks.ContinuationResultTaskFromResultTask`2.InnerInvoke()
   at System.Threading.ExecutionContext.RunInternal(ExecutionContext executionContext, ContextCallback callback, Object state)
--- End of stack trace from previous location ---
   at System.Threading.Tasks.Task.ExecuteWithThreadLocal(Task& currentTaskSlot, Thread threadPoolThread)
--- End of stack trace from previous location ---
   at Microsoft.EntityFrameworkCore.Storage.RelationalCommand.ExecuteReaderAsync(RelationalCommandParameterObject parameterObject, CancellationToken cancellationToken)
   at Microsoft.EntityFrameworkCore.Storage.RelationalCommand.ExecuteReaderAsync(RelationalCommandParameterObject parameterObject, CancellationToken cancellationToken)
   at Microsoft.EntityFrameworkCore.Update.ReaderModificationCommandBatch.ExecuteAsync(IRelationalConnection connection, CancellationToken cancellationToken)
ClientConnectionId:f721243c-e8e8-4e41-a1bd-4b6cd13b8998
Error Number:515,State:2,Class:16
   --- End of inner exception stack trace ---
   at Microsoft.EntityFrameworkCore.Update.ReaderModificationCommandBatch.ExecuteAsync(IRelationalConnection connection, CancellationToken cancellationToken)
   at Microsoft.EntityFrameworkCore.Update.Internal.BatchExecutor.ExecuteAsync(IEnumerable`1 commandBatches, IRelationalConnection connection, CancellationToken cancellationToken)
   at Microsoft.EntityFrameworkCore.Update.Internal.BatchExecutor.ExecuteAsync(IEnumerable`1 commandBatches, IRelationalConnection connection, CancellationToken cancellationToken)
   at Microsoft.EntityFrameworkCore.Update.Internal.BatchExecutor.ExecuteAsync(IEnumerable`1 commandBatches, IRelationalConnection connection, CancellationToken cancellationToken)
   at Microsoft.EntityFrameworkCore.ChangeTracking.Internal.StateManager.SaveChangesAsync(IList`1 entriesToSave, CancellationToken cancellationToken)
   at Microsoft.EntityFrameworkCore.ChangeTracking.Internal.StateManager.SaveChangesAsync(StateManager stateManager, Boolean acceptAllChangesOnSuccess, CancellationToken cancellationToken)
   at Microsoft.EntityFrameworkCore.SqlServer.Storage.Internal.SqlServerExecutionStrategy.ExecuteAsync[TState,TResult](TState state, Func`4 operation, Func`4 verifySucceeded, CancellationToken cancellationToken)
   at Microsoft.EntityFrameworkCore.DbContext.SaveChangesAsync(Boolean acceptAllChangesOnSuccess, CancellationToken cancellationToken)
2022-05-14 23:58:17.801 -05:00 [INF] Executing ObjectResult, writing value of type 'Application.Common.Response.Response`1[[Application.Airport.Http.Dto.CityDto, Application, Version=1.0.0.0, Culture=neutral, PublicKeyToken=null]]'.
2022-05-14 23:58:17.802 -05:00 [INF] Executed action Api.Controllers.CityController.Save (Api) in 37.6668ms
2022-05-14 23:58:17.804 -05:00 [INF] Executed endpoint 'Api.Controllers.CityController.Save (Api)'
2022-05-14 23:58:17.805 -05:00 [INF] Response:
StatusCode: 200
Content-Type: application/json; charset=utf-8
Date: Sun, 15 May 2022 04:58:17 GMT
Server: Kestrel
Access-Control-Allow-Origin: [Redacted]
2022-05-14 23:58:17.806 -05:00 [INF] Request finished HTTP/2 POST https://localhost:7170/api/City/Create application/json 47 - 200 - application/json;+charset=utf-8 91.8864ms
2022-05-14 23:58:20.157 -05:00 [INF] Request starting HTTP/2 GET https://localhost:7170/swagger/index.html - -
2022-05-14 23:58:20.262 -05:00 [INF] Request finished HTTP/2 GET https://localhost:7170/swagger/index.html - - - 200 - text/html;charset=utf-8 104.7006ms
2022-05-14 23:58:20.519 -05:00 [INF] Request starting HTTP/2 GET https://localhost:7170/swagger/v1/swagger.json - -
2022-05-14 23:58:20.721 -05:00 [INF] Request finished HTTP/2 GET https://localhost:7170/swagger/v1/swagger.json - - - 200 - application/json;charset=utf-8 202.3850ms
2022-05-14 23:58:53.501 -05:00 [INF] Request starting HTTP/2 POST https://localhost:7170/api/City/Create application/json 50
2022-05-14 23:58:53.504 -05:00 [INF] Entity Framework Core 6.0.5 initialized 'PersistenceContext' using provider 'Microsoft.EntityFrameworkCore.SqlServer:6.0.5' with options: MigrationsHistoryTable=Airport._MigrationHistory 
2022-05-14 23:58:53.507 -05:00 [INF] Executed DbCommand (1ms) [Parameters=[@__id_0='?' (DbType = Guid)], CommandType='"Text"', CommandTimeout='30']
SELECT [u].[Id], [u].[CreatedBy], [u].[CreatedOn], [u].[LastModifiedOn], [u].[Name], [u].[pazzword], [u].[Status], [u].[UpdatedBy], [u].[Username], [u0].[RoleId], [u0].[UserId], [u0].[CreatedBy], [u0].[CreatedOn], [u0].[Id], [u0].[LastModifiedOn], [u0].[Status], [u0].[UpdatedBy]
FROM [Airport].[User] AS [u]
LEFT JOIN [Airport].[UserRole] AS [u0] ON [u].[Id] = [u0].[UserId]
WHERE [u].[Id] = @__id_0
ORDER BY [u].[Id], [u0].[RoleId]
2022-05-14 23:58:53.511 -05:00 [INF] Executed DbCommand (1ms) [Parameters=[@__id_0='?' (DbType = Guid)], CommandType='"Text"', CommandTimeout='30']
SELECT [t].[Id], [t].[CreatedBy], [t].[CreatedOn], [t].[LastModifiedOn], [t].[Name], [t].[pazzword], [t].[Status], [t].[UpdatedBy], [t].[Username], [u0].[RoleId], [u0].[UserId], [u0].[CreatedBy], [u0].[CreatedOn], [u0].[Id], [u0].[LastModifiedOn], [u0].[Status], [u0].[UpdatedBy]
FROM (
    SELECT TOP(1) [u].[Id], [u].[CreatedBy], [u].[CreatedOn], [u].[LastModifiedOn], [u].[Name], [u].[pazzword], [u].[Status], [u].[UpdatedBy], [u].[Username]
    FROM [Airport].[User] AS [u]
    WHERE [u].[Id] = @__id_0
) AS [t]
LEFT JOIN [Airport].[UserRole] AS [u0] ON [t].[Id] = [u0].[UserId]
ORDER BY [t].[Id], [u0].[RoleId]
2022-05-14 23:58:53.516 -05:00 [INF] Executed DbCommand (1ms) [Parameters=[@__user_Id_0='?' (DbType = Guid)], CommandType='"Text"', CommandTimeout='30']
SELECT [u].[RoleId], [u].[UserId], [u].[CreatedBy], [u].[CreatedOn], [u].[Id], [u].[LastModifiedOn], [u].[Status], [u].[UpdatedBy], [r].[Id], [r].[CreatedBy], [r].[CreatedOn], [r].[LastModifiedOn], [r].[RoleName], [r].[Status], [r].[UpdatedBy]
FROM [Airport].[UserRole] AS [u]
INNER JOIN [Airport].[Role] AS [r] ON [u].[RoleId] = [r].[Id]
WHERE [u].[UserId] = @__user_Id_0
2022-05-14 23:58:53.520 -05:00 [INF] CORS policy execution successful.
2022-05-14 23:58:53.520 -05:00 [INF] Request:
Protocol: HTTP/2
Method: POST
Scheme: https
PathBase: 
Path: /api/City/Create
Accept: text/plain
Host: localhost:7170
User-Agent: Mozilla/5.0 (Windows NT 10.0; Win64; x64) AppleWebKit/537.36 (KHTML, like Gecko) Chrome/101.0.4951.54 Safari/537.36 Edg/101.0.1210.39
:method: [Redacted]
Accept-Encoding: gzip, deflate, br
Accept-Language: es,es-ES;q=0.9,en;q=0.8,en-GB;q=0.7,en-US;q=0.6
Authorization: [Redacted]
Content-Type: application/json
Origin: [Redacted]
Referer: [Redacted]
Content-Length: 50
sec-ch-ua: [Redacted]
sec-ch-ua-mobile: [Redacted]
sec-ch-ua-platform: [Redacted]
sec-fetch-site: [Redacted]
sec-fetch-mode: [Redacted]
sec-fetch-dest: [Redacted]
2022-05-14 23:58:53.522 -05:00 [INF] Executing endpoint 'Api.Controllers.CityController.Save (Api)'
2022-05-14 23:58:53.522 -05:00 [INF] Route matched with {action = "Save", controller = "City"}. Executing controller action with signature System.Threading.Tasks.Task`1[Application.Common.Response.Response`1[Application.Airport.Http.Dto.CityDto]] Save(Application.Airport.Http.Request.CityRequest) on controller Api.Controllers.CityController (Api).
2022-05-14 23:58:53.527 -05:00 [ERR] Failed executing DbCommand (1ms) [Parameters=[@p0='?' (DbType = Guid), @p1='?' (Size = 35), @p2='?' (DbType = DateTime2), @p3='?' (Size = 4000), @p4='?' (DbType = Boolean), @p5='?' (Size = 35)], CommandType='"Text"', CommandTimeout='30']
SET NOCOUNT ON;
INSERT INTO [Airport].[City] ([Id], [CreatedBy], [CreatedOn], [Name], [Status], [UpdatedBy])
VALUES (@p0, @p1, @p2, @p3, @p4, @p5);
SELECT [LastModifiedOn]
FROM [Airport].[City]
WHERE @@ROWCOUNT = 1 AND [Id] = @p0;
2022-05-14 23:58:53.536 -05:00 [ERR] An exception occurred in the database while saving changes for context type 'Infrastructure.Repository.PersistenceContext'.
Microsoft.EntityFrameworkCore.DbUpdateException: An error occurred while saving the entity changes. See the inner exception for details.
 ---> Microsoft.Data.SqlClient.SqlException (0x80131904): Cannot insert the value NULL into column 'CreatedBy', table 'AirportMng.Airport.City'; column does not allow nulls. INSERT fails.
The statement has been terminated.
   at Microsoft.Data.SqlClient.SqlCommand.<>c.<ExecuteDbDataReaderAsync>b__188_0(Task`1 result)
   at System.Threading.Tasks.ContinuationResultTaskFromResultTask`2.InnerInvoke()
   at System.Threading.ExecutionContext.RunInternal(ExecutionContext executionContext, ContextCallback callback, Object state)
--- End of stack trace from previous location ---
   at System.Threading.Tasks.Task.ExecuteWithThreadLocal(Task& currentTaskSlot, Thread threadPoolThread)
--- End of stack trace from previous location ---
   at Microsoft.EntityFrameworkCore.Storage.RelationalCommand.ExecuteReaderAsync(RelationalCommandParameterObject parameterObject, CancellationToken cancellationToken)
   at Microsoft.EntityFrameworkCore.Storage.RelationalCommand.ExecuteReaderAsync(RelationalCommandParameterObject parameterObject, CancellationToken cancellationToken)
   at Microsoft.EntityFrameworkCore.Update.ReaderModificationCommandBatch.ExecuteAsync(IRelationalConnection connection, CancellationToken cancellationToken)
ClientConnectionId:f721243c-e8e8-4e41-a1bd-4b6cd13b8998
Error Number:515,State:2,Class:16
   --- End of inner exception stack trace ---
   at Microsoft.EntityFrameworkCore.Update.ReaderModificationCommandBatch.ExecuteAsync(IRelationalConnection connection, CancellationToken cancellationToken)
   at Microsoft.EntityFrameworkCore.Update.Internal.BatchExecutor.ExecuteAsync(IEnumerable`1 commandBatches, IRelationalConnection connection, CancellationToken cancellationToken)
   at Microsoft.EntityFrameworkCore.Update.Internal.BatchExecutor.ExecuteAsync(IEnumerable`1 commandBatches, IRelationalConnection connection, CancellationToken cancellationToken)
   at Microsoft.EntityFrameworkCore.Update.Internal.BatchExecutor.ExecuteAsync(IEnumerable`1 commandBatches, IRelationalConnection connection, CancellationToken cancellationToken)
   at Microsoft.EntityFrameworkCore.ChangeTracking.Internal.StateManager.SaveChangesAsync(IList`1 entriesToSave, CancellationToken cancellationToken)
   at Microsoft.EntityFrameworkCore.ChangeTracking.Internal.StateManager.SaveChangesAsync(StateManager stateManager, Boolean acceptAllChangesOnSuccess, CancellationToken cancellationToken)
   at Microsoft.EntityFrameworkCore.SqlServer.Storage.Internal.SqlServerExecutionStrategy.ExecuteAsync[TState,TResult](TState state, Func`4 operation, Func`4 verifySucceeded, CancellationToken cancellationToken)
   at Microsoft.EntityFrameworkCore.DbContext.SaveChangesAsync(Boolean acceptAllChangesOnSuccess, CancellationToken cancellationToken)
Microsoft.EntityFrameworkCore.DbUpdateException: An error occurred while saving the entity changes. See the inner exception for details.
 ---> Microsoft.Data.SqlClient.SqlException (0x80131904): Cannot insert the value NULL into column 'CreatedBy', table 'AirportMng.Airport.City'; column does not allow nulls. INSERT fails.
The statement has been terminated.
   at Microsoft.Data.SqlClient.SqlCommand.<>c.<ExecuteDbDataReaderAsync>b__188_0(Task`1 result)
   at System.Threading.Tasks.ContinuationResultTaskFromResultTask`2.InnerInvoke()
   at System.Threading.ExecutionContext.RunInternal(ExecutionContext executionContext, ContextCallback callback, Object state)
--- End of stack trace from previous location ---
   at System.Threading.Tasks.Task.ExecuteWithThreadLocal(Task& currentTaskSlot, Thread threadPoolThread)
--- End of stack trace from previous location ---
   at Microsoft.EntityFrameworkCore.Storage.RelationalCommand.ExecuteReaderAsync(RelationalCommandParameterObject parameterObject, CancellationToken cancellationToken)
   at Microsoft.EntityFrameworkCore.Storage.RelationalCommand.ExecuteReaderAsync(RelationalCommandParameterObject parameterObject, CancellationToken cancellationToken)
   at Microsoft.EntityFrameworkCore.Update.ReaderModificationCommandBatch.ExecuteAsync(IRelationalConnection connection, CancellationToken cancellationToken)
ClientConnectionId:f721243c-e8e8-4e41-a1bd-4b6cd13b8998
Error Number:515,State:2,Class:16
   --- End of inner exception stack trace ---
   at Microsoft.EntityFrameworkCore.Update.ReaderModificationCommandBatch.ExecuteAsync(IRelationalConnection connection, CancellationToken cancellationToken)
   at Microsoft.EntityFrameworkCore.Update.Internal.BatchExecutor.ExecuteAsync(IEnumerable`1 commandBatches, IRelationalConnection connection, CancellationToken cancellationToken)
   at Microsoft.EntityFrameworkCore.Update.Internal.BatchExecutor.ExecuteAsync(IEnumerable`1 commandBatches, IRelationalConnection connection, CancellationToken cancellationToken)
   at Microsoft.EntityFrameworkCore.Update.Internal.BatchExecutor.ExecuteAsync(IEnumerable`1 commandBatches, IRelationalConnection connection, CancellationToken cancellationToken)
   at Microsoft.EntityFrameworkCore.ChangeTracking.Internal.StateManager.SaveChangesAsync(IList`1 entriesToSave, CancellationToken cancellationToken)
   at Microsoft.EntityFrameworkCore.ChangeTracking.Internal.StateManager.SaveChangesAsync(StateManager stateManager, Boolean acceptAllChangesOnSuccess, CancellationToken cancellationToken)
   at Microsoft.EntityFrameworkCore.SqlServer.Storage.Internal.SqlServerExecutionStrategy.ExecuteAsync[TState,TResult](TState state, Func`4 operation, Func`4 verifySucceeded, CancellationToken cancellationToken)
   at Microsoft.EntityFrameworkCore.DbContext.SaveChangesAsync(Boolean acceptAllChangesOnSuccess, CancellationToken cancellationToken)
2022-05-14 23:58:53.557 -05:00 [INF] Executing ObjectResult, writing value of type 'Application.Common.Response.Response`1[[Application.Airport.Http.Dto.CityDto, Application, Version=1.0.0.0, Culture=neutral, PublicKeyToken=null]]'.
2022-05-14 23:58:53.559 -05:00 [INF] Executed action Api.Controllers.CityController.Save (Api) in 35.047ms
2022-05-14 23:58:53.560 -05:00 [INF] Executed endpoint 'Api.Controllers.CityController.Save (Api)'
2022-05-14 23:58:53.561 -05:00 [INF] Response:
StatusCode: 200
Content-Type: application/json; charset=utf-8
Date: Sun, 15 May 2022 04:58:53 GMT
Server: Kestrel
Access-Control-Allow-Origin: [Redacted]
2022-05-14 23:58:53.562 -05:00 [INF] Request finished HTTP/2 POST https://localhost:7170/api/City/Create application/json 50 - 200 - application/json;+charset=utf-8 60.3041ms
2022-05-14 23:59:48.163 -05:00 [INF] Request starting HTTP/2 POST https://localhost:7170/api/City/Create application/json 50
2022-05-14 23:59:48.165 -05:00 [INF] Entity Framework Core 6.0.5 initialized 'PersistenceContext' using provider 'Microsoft.EntityFrameworkCore.SqlServer:6.0.5' with options: MigrationsHistoryTable=Airport._MigrationHistory 
2022-05-14 23:59:48.176 -05:00 [INF] Executed DbCommand (8ms) [Parameters=[@__id_0='?' (DbType = Guid)], CommandType='"Text"', CommandTimeout='30']
SELECT [u].[Id], [u].[CreatedBy], [u].[CreatedOn], [u].[LastModifiedOn], [u].[Name], [u].[pazzword], [u].[Status], [u].[UpdatedBy], [u].[Username], [u0].[RoleId], [u0].[UserId], [u0].[CreatedBy], [u0].[CreatedOn], [u0].[Id], [u0].[LastModifiedOn], [u0].[Status], [u0].[UpdatedBy]
FROM [Airport].[User] AS [u]
LEFT JOIN [Airport].[UserRole] AS [u0] ON [u].[Id] = [u0].[UserId]
WHERE [u].[Id] = @__id_0
ORDER BY [u].[Id], [u0].[RoleId]
2022-05-14 23:59:48.186 -05:00 [INF] Executed DbCommand (5ms) [Parameters=[@__id_0='?' (DbType = Guid)], CommandType='"Text"', CommandTimeout='30']
SELECT [t].[Id], [t].[CreatedBy], [t].[CreatedOn], [t].[LastModifiedOn], [t].[Name], [t].[pazzword], [t].[Status], [t].[UpdatedBy], [t].[Username], [u0].[RoleId], [u0].[UserId], [u0].[CreatedBy], [u0].[CreatedOn], [u0].[Id], [u0].[LastModifiedOn], [u0].[Status], [u0].[UpdatedBy]
FROM (
    SELECT TOP(1) [u].[Id], [u].[CreatedBy], [u].[CreatedOn], [u].[LastModifiedOn], [u].[Name], [u].[pazzword], [u].[Status], [u].[UpdatedBy], [u].[Username]
    FROM [Airport].[User] AS [u]
    WHERE [u].[Id] = @__id_0
) AS [t]
LEFT JOIN [Airport].[UserRole] AS [u0] ON [t].[Id] = [u0].[UserId]
ORDER BY [t].[Id], [u0].[RoleId]
2022-05-14 23:59:48.215 -05:00 [INF] Executed DbCommand (4ms) [Parameters=[@__user_Id_0='?' (DbType = Guid)], CommandType='"Text"', CommandTimeout='30']
SELECT [u].[RoleId], [u].[UserId], [u].[CreatedBy], [u].[CreatedOn], [u].[Id], [u].[LastModifiedOn], [u].[Status], [u].[UpdatedBy], [r].[Id], [r].[CreatedBy], [r].[CreatedOn], [r].[LastModifiedOn], [r].[RoleName], [r].[Status], [r].[UpdatedBy]
FROM [Airport].[UserRole] AS [u]
INNER JOIN [Airport].[Role] AS [r] ON [u].[RoleId] = [r].[Id]
WHERE [u].[UserId] = @__user_Id_0
2022-05-14 23:59:48.219 -05:00 [INF] CORS policy execution successful.
2022-05-14 23:59:48.223 -05:00 [INF] Request:
Protocol: HTTP/2
Method: POST
Scheme: https
PathBase: 
Path: /api/City/Create
Accept: text/plain
Host: localhost:7170
User-Agent: Mozilla/5.0 (Windows NT 10.0; Win64; x64) AppleWebKit/537.36 (KHTML, like Gecko) Chrome/101.0.4951.54 Safari/537.36 Edg/101.0.1210.39
:method: [Redacted]
Accept-Encoding: gzip, deflate, br
Accept-Language: es,es-ES;q=0.9,en;q=0.8,en-GB;q=0.7,en-US;q=0.6
Authorization: [Redacted]
Content-Type: application/json
Origin: [Redacted]
Referer: [Redacted]
Content-Length: 50
sec-ch-ua: [Redacted]
sec-ch-ua-mobile: [Redacted]
sec-ch-ua-platform: [Redacted]
sec-fetch-site: [Redacted]
sec-fetch-mode: [Redacted]
sec-fetch-dest: [Redacted]
2022-05-14 23:59:48.225 -05:00 [INF] Executing endpoint 'Api.Controllers.CityController.Save (Api)'
2022-05-14 23:59:48.231 -05:00 [INF] Route matched with {action = "Save", controller = "City"}. Executing controller action with signature System.Threading.Tasks.Task`1[Application.Common.Response.Response`1[Application.Airport.Http.Dto.CityDto]] Save(Application.Airport.Http.Request.CityRequest) on controller Api.Controllers.CityController (Api).
2022-05-14 23:59:48.243 -05:00 [ERR] Failed executing DbCommand (5ms) [Parameters=[@p0='?' (DbType = Guid), @p1='?' (Size = 35), @p2='?' (DbType = DateTime2), @p3='?' (Size = 4000), @p4='?' (DbType = Boolean), @p5='?' (Size = 35)], CommandType='"Text"', CommandTimeout='30']
SET NOCOUNT ON;
INSERT INTO [Airport].[City] ([Id], [CreatedBy], [CreatedOn], [Name], [Status], [UpdatedBy])
VALUES (@p0, @p1, @p2, @p3, @p4, @p5);
SELECT [LastModifiedOn]
FROM [Airport].[City]
WHERE @@ROWCOUNT = 1 AND [Id] = @p0;
2022-05-14 23:59:48.252 -05:00 [ERR] An exception occurred in the database while saving changes for context type 'Infrastructure.Repository.PersistenceContext'.
Microsoft.EntityFrameworkCore.DbUpdateException: An error occurred while saving the entity changes. See the inner exception for details.
 ---> Microsoft.Data.SqlClient.SqlException (0x80131904): Cannot insert the value NULL into column 'CreatedBy', table 'AirportMng.Airport.City'; column does not allow nulls. INSERT fails.
The statement has been terminated.
   at Microsoft.Data.SqlClient.SqlCommand.<>c.<ExecuteDbDataReaderAsync>b__188_0(Task`1 result)
   at System.Threading.Tasks.ContinuationResultTaskFromResultTask`2.InnerInvoke()
   at System.Threading.ExecutionContext.RunInternal(ExecutionContext executionContext, ContextCallback callback, Object state)
--- End of stack trace from previous location ---
   at System.Threading.Tasks.Task.ExecuteWithThreadLocal(Task& currentTaskSlot, Thread threadPoolThread)
--- End of stack trace from previous location ---
   at Microsoft.EntityFrameworkCore.Storage.RelationalCommand.ExecuteReaderAsync(RelationalCommandParameterObject parameterObject, CancellationToken cancellationToken)
   at Microsoft.EntityFrameworkCore.Storage.RelationalCommand.ExecuteReaderAsync(RelationalCommandParameterObject parameterObject, CancellationToken cancellationToken)
   at Microsoft.EntityFrameworkCore.Update.ReaderModificationCommandBatch.ExecuteAsync(IRelationalConnection connection, CancellationToken cancellationToken)
ClientConnectionId:f721243c-e8e8-4e41-a1bd-4b6cd13b8998
Error Number:515,State:2,Class:16
   --- End of inner exception stack trace ---
   at Microsoft.EntityFrameworkCore.Update.ReaderModificationCommandBatch.ExecuteAsync(IRelationalConnection connection, CancellationToken cancellationToken)
   at Microsoft.EntityFrameworkCore.Update.Internal.BatchExecutor.ExecuteAsync(IEnumerable`1 commandBatches, IRelationalConnection connection, CancellationToken cancellationToken)
   at Microsoft.EntityFrameworkCore.Update.Internal.BatchExecutor.ExecuteAsync(IEnumerable`1 commandBatches, IRelationalConnection connection, CancellationToken cancellationToken)
   at Microsoft.EntityFrameworkCore.Update.Internal.BatchExecutor.ExecuteAsync(IEnumerable`1 commandBatches, IRelationalConnection connection, CancellationToken cancellationToken)
   at Microsoft.EntityFrameworkCore.ChangeTracking.Internal.StateManager.SaveChangesAsync(IList`1 entriesToSave, CancellationToken cancellationToken)
   at Microsoft.EntityFrameworkCore.ChangeTracking.Internal.StateManager.SaveChangesAsync(StateManager stateManager, Boolean acceptAllChangesOnSuccess, CancellationToken cancellationToken)
   at Microsoft.EntityFrameworkCore.SqlServer.Storage.Internal.SqlServerExecutionStrategy.ExecuteAsync[TState,TResult](TState state, Func`4 operation, Func`4 verifySucceeded, CancellationToken cancellationToken)
   at Microsoft.EntityFrameworkCore.DbContext.SaveChangesAsync(Boolean acceptAllChangesOnSuccess, CancellationToken cancellationToken)
Microsoft.EntityFrameworkCore.DbUpdateException: An error occurred while saving the entity changes. See the inner exception for details.
 ---> Microsoft.Data.SqlClient.SqlException (0x80131904): Cannot insert the value NULL into column 'CreatedBy', table 'AirportMng.Airport.City'; column does not allow nulls. INSERT fails.
The statement has been terminated.
   at Microsoft.Data.SqlClient.SqlCommand.<>c.<ExecuteDbDataReaderAsync>b__188_0(Task`1 result)
   at System.Threading.Tasks.ContinuationResultTaskFromResultTask`2.InnerInvoke()
   at System.Threading.ExecutionContext.RunInternal(ExecutionContext executionContext, ContextCallback callback, Object state)
--- End of stack trace from previous location ---
   at System.Threading.Tasks.Task.ExecuteWithThreadLocal(Task& currentTaskSlot, Thread threadPoolThread)
--- End of stack trace from previous location ---
   at Microsoft.EntityFrameworkCore.Storage.RelationalCommand.ExecuteReaderAsync(RelationalCommandParameterObject parameterObject, CancellationToken cancellationToken)
   at Microsoft.EntityFrameworkCore.Storage.RelationalCommand.ExecuteReaderAsync(RelationalCommandParameterObject parameterObject, CancellationToken cancellationToken)
   at Microsoft.EntityFrameworkCore.Update.ReaderModificationCommandBatch.ExecuteAsync(IRelationalConnection connection, CancellationToken cancellationToken)
ClientConnectionId:f721243c-e8e8-4e41-a1bd-4b6cd13b8998
Error Number:515,State:2,Class:16
   --- End of inner exception stack trace ---
   at Microsoft.EntityFrameworkCore.Update.ReaderModificationCommandBatch.ExecuteAsync(IRelationalConnection connection, CancellationToken cancellationToken)
   at Microsoft.EntityFrameworkCore.Update.Internal.BatchExecutor.ExecuteAsync(IEnumerable`1 commandBatches, IRelationalConnection connection, CancellationToken cancellationToken)
   at Microsoft.EntityFrameworkCore.Update.Internal.BatchExecutor.ExecuteAsync(IEnumerable`1 commandBatches, IRelationalConnection connection, CancellationToken cancellationToken)
   at Microsoft.EntityFrameworkCore.Update.Internal.BatchExecutor.ExecuteAsync(IEnumerable`1 commandBatches, IRelationalConnection connection, CancellationToken cancellationToken)
   at Microsoft.EntityFrameworkCore.ChangeTracking.Internal.StateManager.SaveChangesAsync(IList`1 entriesToSave, CancellationToken cancellationToken)
   at Microsoft.EntityFrameworkCore.ChangeTracking.Internal.StateManager.SaveChangesAsync(StateManager stateManager, Boolean acceptAllChangesOnSuccess, CancellationToken cancellationToken)
   at Microsoft.EntityFrameworkCore.SqlServer.Storage.Internal.SqlServerExecutionStrategy.ExecuteAsync[TState,TResult](TState state, Func`4 operation, Func`4 verifySucceeded, CancellationToken cancellationToken)
   at Microsoft.EntityFrameworkCore.DbContext.SaveChangesAsync(Boolean acceptAllChangesOnSuccess, CancellationToken cancellationToken)
2022-05-14 23:59:48.278 -05:00 [INF] Executing ObjectResult, writing value of type 'Application.Common.Response.Response`1[[Application.Airport.Http.Dto.CityDto, Application, Version=1.0.0.0, Culture=neutral, PublicKeyToken=null]]'.
2022-05-14 23:59:48.283 -05:00 [INF] Executed action Api.Controllers.CityController.Save (Api) in 50.0707ms
2022-05-14 23:59:48.288 -05:00 [INF] Executed endpoint 'Api.Controllers.CityController.Save (Api)'
2022-05-14 23:59:48.289 -05:00 [INF] Response:
StatusCode: 200
Content-Type: application/json; charset=utf-8
Date: Sun, 15 May 2022 04:59:47 GMT
Server: Kestrel
Access-Control-Allow-Origin: [Redacted]
2022-05-14 23:59:48.291 -05:00 [INF] Request finished HTTP/2 POST https://localhost:7170/api/City/Create application/json 50 - 200 - application/json;+charset=utf-8 127.9007ms
