2022-05-14 09:41:18.968 -05:00 [INF] User profile is available. Using 'C:\Users\kevin\AppData\Local\ASP.NET\DataProtection-Keys' as key repository and Windows DPAPI to encrypt keys at rest.
2022-05-14 09:41:19.159 -05:00 [INF] Now listening on: https://localhost:7170
2022-05-14 09:41:19.162 -05:00 [INF] Now listening on: http://localhost:5094
2022-05-14 09:41:19.169 -05:00 [INF] Application started. Press Ctrl+C to shut down.
2022-05-14 09:41:19.170 -05:00 [INF] Hosting environment: Development
2022-05-14 09:41:19.171 -05:00 [INF] Content root path: D:\GitHub\AirportManagementApi\Api\
2022-05-14 09:41:19.606 -05:00 [INF] Request starting HTTP/2 GET https://localhost:7170/ - -
2022-05-14 09:41:19.770 -05:00 [INF] Request:
Protocol: HTTP/2
Method: GET
Scheme: https
PathBase: 
Path: /
Accept: text/html,application/xhtml+xml,application/xml;q=0.9,image/webp,image/apng,*/*;q=0.8,application/signed-exchange;v=b3;q=0.9
Host: localhost:7170
User-Agent: Mozilla/5.0 (Windows NT 10.0; Win64; x64) AppleWebKit/537.36 (KHTML, like Gecko) Chrome/101.0.4951.54 Safari/537.36 Edg/101.0.1210.39
:method: [Redacted]
Accept-Encoding: gzip, deflate, br
Accept-Language: es,es-ES;q=0.9,en;q=0.8,en-GB;q=0.7,en-US;q=0.6
Upgrade-Insecure-Requests: [Redacted]
sec-ch-ua: [Redacted]
sec-ch-ua-mobile: [Redacted]
sec-ch-ua-platform: [Redacted]
sec-fetch-site: [Redacted]
sec-fetch-mode: [Redacted]
sec-fetch-user: [Redacted]
sec-fetch-dest: [Redacted]
2022-05-14 09:41:19.774 -05:00 [INF] Response:
StatusCode: 404
2022-05-14 09:41:19.793 -05:00 [INF] Request finished HTTP/2 GET https://localhost:7170/ - - - 404 0 - 195.5856ms
2022-05-14 09:41:22.249 -05:00 [INF] Request starting HTTP/2 GET https://localhost:7170/swagger/index.html - -
2022-05-14 09:41:22.322 -05:00 [INF] Request finished HTTP/2 GET https://localhost:7170/swagger/index.html - - - 200 - text/html;charset=utf-8 72.8958ms
2022-05-14 09:41:22.340 -05:00 [INF] Request starting HTTP/2 GET https://localhost:7170/swagger/swagger-ui.css - -
2022-05-14 09:41:22.362 -05:00 [INF] Sending file. Request path: '/swagger-ui.css'. Physical path: 'N/A'
2022-05-14 09:41:22.363 -05:00 [INF] Request finished HTTP/2 GET https://localhost:7170/swagger/swagger-ui.css - - - 200 143943 text/css 23.1632ms
2022-05-14 09:41:22.489 -05:00 [INF] Request starting HTTP/2 GET https://localhost:7170/swagger/v1/swagger.json - -
2022-05-14 09:41:22.632 -05:00 [ERR] An unhandled exception has occurred while executing the request.
Swashbuckle.AspNetCore.SwaggerGen.SwaggerGeneratorException: Conflicting method/path combination "DELETE remove/{id}" for actions - Api.Controller.CityController.Delete (Api),Api.Controller.FlightController.Delete (Api). Actions require a unique method/path combination for Swagger/OpenAPI 3.0. Use ConflictingActionsResolver as a workaround
   at Swashbuckle.AspNetCore.SwaggerGen.SwaggerGenerator.GenerateOperations(IEnumerable`1 apiDescriptions, SchemaRepository schemaRepository)
   at Swashbuckle.AspNetCore.SwaggerGen.SwaggerGenerator.GeneratePaths(IEnumerable`1 apiDescriptions, SchemaRepository schemaRepository)
   at Swashbuckle.AspNetCore.SwaggerGen.SwaggerGenerator.GetSwagger(String documentName, String host, String basePath)
   at Swashbuckle.AspNetCore.Swagger.SwaggerMiddleware.Invoke(HttpContext httpContext, ISwaggerProvider swaggerProvider)
   at Microsoft.AspNetCore.Diagnostics.DeveloperExceptionPageMiddleware.Invoke(HttpContext context)
2022-05-14 09:41:22.638 -05:00 [INF] Request finished HTTP/2 GET https://localhost:7170/swagger/v1/swagger.json - - - 500 - text/plain;+charset=utf-8 149.1040ms
2022-05-14 09:41:46.726 -05:00 [INF] Request starting HTTP/2 GET https://localhost:7170/swagger/index.html - -
2022-05-14 09:41:46.738 -05:00 [INF] Request finished HTTP/2 GET https://localhost:7170/swagger/index.html - - - 200 - text/html;charset=utf-8 11.6037ms
2022-05-14 09:41:46.755 -05:00 [INF] Request starting HTTP/2 GET https://localhost:7170/swagger/swagger-ui.css - -
2022-05-14 09:41:46.767 -05:00 [INF] Sending file. Request path: '/swagger-ui.css'. Physical path: 'N/A'
2022-05-14 09:41:46.769 -05:00 [INF] Request finished HTTP/2 GET https://localhost:7170/swagger/swagger-ui.css - - - 200 143943 text/css 13.1590ms
2022-05-14 09:41:46.894 -05:00 [INF] Request starting HTTP/2 GET https://localhost:7170/swagger/v1/swagger.json - -
2022-05-14 09:41:46.903 -05:00 [INF] Request starting HTTP/2 GET https://localhost:7170/swagger/favicon-32x32.png - -
2022-05-14 09:41:46.904 -05:00 [INF] Sending file. Request path: '/favicon-32x32.png'. Physical path: 'N/A'
2022-05-14 09:41:46.906 -05:00 [INF] Request finished HTTP/2 GET https://localhost:7170/swagger/favicon-32x32.png - - - 200 628 image/png 2.7448ms
2022-05-14 09:41:46.972 -05:00 [INF] Request finished HTTP/2 GET https://localhost:7170/swagger/v1/swagger.json - - - 200 - application/json;charset=utf-8 77.4152ms
2022-05-14 09:42:31.043 -05:00 [INF] Application is shutting down...
