2022-05-14 14:05:29.687 -05:00 [INF] Now listening on: https://localhost:7170
2022-05-14 14:05:29.800 -05:00 [INF] Now listening on: http://localhost:5094
2022-05-14 14:05:29.809 -05:00 [INF] Application started. Press Ctrl+C to shut down.
2022-05-14 14:05:29.811 -05:00 [INF] Hosting environment: Development
2022-05-14 14:05:29.812 -05:00 [INF] Content root path: D:\GitHub\AirportManagementApi\Api\
2022-05-14 14:05:30.350 -05:00 [INF] Request starting HTTP/2 GET https://localhost:7170/ - -
2022-05-14 14:05:30.529 -05:00 [ERR] An unhandled exception has occurred while executing the request.
System.InvalidOperationException: Unable to resolve service for type 'Infrastructure.Security.Authentication.Service.IAuthService' while attempting to Invoke middleware 'Infrastructure.Security.Jwt.JwtMiddleware'.
   at Microsoft.AspNetCore.Builder.UseMiddlewareExtensions.GetService(IServiceProvider sp, Type type, Type middleware)
   at lambda_method2(Closure , Object , HttpContext , IServiceProvider )
   at Microsoft.AspNetCore.Builder.UseMiddlewareExtensions.<>c__DisplayClass5_1.<UseMiddleware>b__2(HttpContext context)
   at Microsoft.AspNetCore.StaticFiles.StaticFileMiddleware.Invoke(HttpContext context)
   at Swashbuckle.AspNetCore.SwaggerUI.SwaggerUIMiddleware.Invoke(HttpContext httpContext)
   at Swashbuckle.AspNetCore.Swagger.SwaggerMiddleware.Invoke(HttpContext httpContext, ISwaggerProvider swaggerProvider)
   at Microsoft.AspNetCore.Diagnostics.DeveloperExceptionPageMiddleware.Invoke(HttpContext context)
2022-05-14 14:05:30.582 -05:00 [INF] Request finished HTTP/2 GET https://localhost:7170/ - - - 500 - text/html;+charset=utf-8 236.0840ms
2022-05-14 14:05:30.753 -05:00 [INF] Request starting HTTP/2 GET https://localhost:7170/favicon.ico - -
2022-05-14 14:05:30.756 -05:00 [ERR] An unhandled exception has occurred while executing the request.
System.InvalidOperationException: Unable to resolve service for type 'Infrastructure.Security.Authentication.Service.IAuthService' while attempting to Invoke middleware 'Infrastructure.Security.Jwt.JwtMiddleware'.
   at Microsoft.AspNetCore.Builder.UseMiddlewareExtensions.GetService(IServiceProvider sp, Type type, Type middleware)
   at lambda_method2(Closure , Object , HttpContext , IServiceProvider )
   at Microsoft.AspNetCore.Builder.UseMiddlewareExtensions.<>c__DisplayClass5_1.<UseMiddleware>b__2(HttpContext context)
   at Microsoft.AspNetCore.StaticFiles.StaticFileMiddleware.Invoke(HttpContext context)
   at Swashbuckle.AspNetCore.SwaggerUI.SwaggerUIMiddleware.Invoke(HttpContext httpContext)
   at Swashbuckle.AspNetCore.Swagger.SwaggerMiddleware.Invoke(HttpContext httpContext, ISwaggerProvider swaggerProvider)
   at Microsoft.AspNetCore.Diagnostics.DeveloperExceptionPageMiddleware.Invoke(HttpContext context)
2022-05-14 14:05:30.763 -05:00 [INF] Request finished HTTP/2 GET https://localhost:7170/favicon.ico - - - 500 - text/plain;+charset=utf-8 10.4343ms
2022-05-14 14:06:30.779 -05:00 [INF] Application is shutting down...
