2022-05-15 12:52:44.287 -05:00 [INF] User profile is available. Using 'C:\Users\kevin\AppData\Local\ASP.NET\DataProtection-Keys' as key repository and Windows DPAPI to encrypt keys at rest.
2022-05-15 12:52:44.697 -05:00 [INF] Now listening on: https://localhost:7170
2022-05-15 12:52:44.699 -05:00 [INF] Now listening on: http://localhost:5094
2022-05-15 12:52:44.706 -05:00 [INF] Application started. Press Ctrl+C to shut down.
2022-05-15 12:52:44.707 -05:00 [INF] Hosting environment: Development
2022-05-15 12:52:44.709 -05:00 [INF] Content root path: D:\GitHub\AirportManagementApi\Api\
2022-05-15 12:52:45.451 -05:00 [INF] Request starting HTTP/2 GET https://localhost:7170/ - -
2022-05-15 12:52:45.819 -05:00 [INF] Request:
Protocol: HTTP/2
Method: GET
Scheme: https
PathBase: 
Path: /
Accept: text/html,application/xhtml+xml,application/xml;q=0.9,image/webp,image/apng,*/*;q=0.8,application/signed-exchange;v=b3;q=0.9
Host: localhost:7170
User-Agent: Mozilla/5.0 (Windows NT 10.0; Win64; x64) AppleWebKit/537.36 (KHTML, like Gecko) Chrome/101.0.4951.64 Safari/537.36 Edg/101.0.1210.47
:method: [Redacted]
Accept-Encoding: gzip, deflate, br
Accept-Language: es,es-ES;q=0.9,en;q=0.8,en-GB;q=0.7,en-US;q=0.6
Upgrade-Insecure-Requests: [Redacted]
sec-ch-ua: [Redacted]
sec-ch-ua-mobile: [Redacted]
sec-ch-ua-platform: [Redacted]
sec-fetch-site: [Redacted]
sec-fetch-mode: [Redacted]
sec-fetch-user: [Redacted]
sec-fetch-dest: [Redacted]
2022-05-15 12:52:45.894 -05:00 [INF] Response:
StatusCode: 404
2022-05-15 12:52:45.906 -05:00 [INF] Request finished HTTP/2 GET https://localhost:7170/ - - - 404 0 - 470.8214ms
2022-05-15 12:53:02.977 -05:00 [INF] Request starting HTTP/2 OPTIONS https://localhost:7170/api/Flight/GetAll - -
2022-05-15 12:53:03.017 -05:00 [INF] CORS policy execution successful.
2022-05-15 12:53:03.022 -05:00 [INF] Request finished HTTP/2 OPTIONS https://localhost:7170/api/Flight/GetAll - - - 204 - - 44.6337ms
2022-05-15 12:53:03.033 -05:00 [INF] Request starting HTTP/2 GET https://localhost:7170/api/Flight/GetAll - -
2022-05-15 12:53:06.391 -05:00 [INF] Entity Framework Core 6.0.5 initialized 'PersistenceContext' using provider 'Microsoft.EntityFrameworkCore.SqlServer:6.0.5' with options: MigrationsHistoryTable=Airport._MigrationHistory 
2022-05-15 12:53:07.655 -05:00 [INF] Executed DbCommand (58ms) [Parameters=[@__id_0='?' (DbType = Guid)], CommandType='"Text"', CommandTimeout='30']
SELECT [u].[Id], [u].[CreatedBy], [u].[CreatedOn], [u].[LastModifiedOn], [u].[Name], [u].[pazzword], [u].[Status], [u].[UpdatedBy], [u].[Username], [u0].[RoleId], [u0].[UserId], [u0].[CreatedBy], [u0].[CreatedOn], [u0].[Id], [u0].[LastModifiedOn], [u0].[Status], [u0].[UpdatedBy]
FROM [Airport].[User] AS [u]
LEFT JOIN [Airport].[UserRole] AS [u0] ON [u].[Id] = [u0].[UserId]
WHERE [u].[Id] = @__id_0
ORDER BY [u].[Id], [u0].[RoleId]
2022-05-15 12:53:07.888 -05:00 [INF] Executed DbCommand (6ms) [Parameters=[@__id_0='?' (DbType = Guid)], CommandType='"Text"', CommandTimeout='30']
SELECT [t].[Id], [t].[CreatedBy], [t].[CreatedOn], [t].[LastModifiedOn], [t].[Name], [t].[pazzword], [t].[Status], [t].[UpdatedBy], [t].[Username], [u0].[RoleId], [u0].[UserId], [u0].[CreatedBy], [u0].[CreatedOn], [u0].[Id], [u0].[LastModifiedOn], [u0].[Status], [u0].[UpdatedBy]
FROM (
    SELECT TOP(1) [u].[Id], [u].[CreatedBy], [u].[CreatedOn], [u].[LastModifiedOn], [u].[Name], [u].[pazzword], [u].[Status], [u].[UpdatedBy], [u].[Username]
    FROM [Airport].[User] AS [u]
    WHERE [u].[Id] = @__id_0
) AS [t]
LEFT JOIN [Airport].[UserRole] AS [u0] ON [t].[Id] = [u0].[UserId]
ORDER BY [t].[Id], [u0].[RoleId]
2022-05-15 12:53:08.010 -05:00 [INF] Executed DbCommand (35ms) [Parameters=[@__user_Id_0='?' (DbType = Guid)], CommandType='"Text"', CommandTimeout='30']
SELECT [u].[RoleId], [u].[UserId], [u].[CreatedBy], [u].[CreatedOn], [u].[Id], [u].[LastModifiedOn], [u].[Status], [u].[UpdatedBy], [r].[Id], [r].[CreatedBy], [r].[CreatedOn], [r].[LastModifiedOn], [r].[RoleName], [r].[Status], [r].[UpdatedBy]
FROM [Airport].[UserRole] AS [u]
INNER JOIN [Airport].[Role] AS [r] ON [u].[RoleId] = [r].[Id]
WHERE [u].[UserId] = @__user_Id_0
2022-05-15 12:53:08.086 -05:00 [INF] CORS policy execution successful.
2022-05-15 12:53:08.093 -05:00 [INF] Request:
Protocol: HTTP/2
Method: GET
Scheme: https
PathBase: 
Path: /api/Flight/GetAll
Accept: application/json, text/plain, */*
Host: localhost:7170
User-Agent: Mozilla/5.0 (Windows NT 10.0; Win64; x64) AppleWebKit/537.36 (KHTML, like Gecko) Chrome/101.0.4951.64 Safari/537.36 Edg/101.0.1210.47
:method: [Redacted]
Accept-Encoding: gzip, deflate, br
Accept-Language: es,es-ES;q=0.9,en;q=0.8,en-GB;q=0.7,en-US;q=0.6
Authorization: [Redacted]
Origin: [Redacted]
Referer: [Redacted]
sec-ch-ua: [Redacted]
sec-ch-ua-mobile: [Redacted]
sec-ch-ua-platform: [Redacted]
sec-fetch-site: [Redacted]
sec-fetch-mode: [Redacted]
sec-fetch-dest: [Redacted]
2022-05-15 12:53:08.115 -05:00 [INF] Executing endpoint 'Api.Controllers.FlightController.GetAll (Api)'
2022-05-15 12:53:08.140 -05:00 [INF] Route matched with {action = "GetAll", controller = "Flight"}. Executing controller action with signature System.Threading.Tasks.Task`1[Application.Common.Response.Response`1[System.Collections.Generic.IEnumerable`1[Application.Airport.Http.Dto.FlightDto]]] GetAll() on controller Api.Controllers.FlightController (Api).
2022-05-15 12:53:08.208 -05:00 [INF] Executing ObjectResult, writing value of type 'Application.Common.Response.Response`1[[System.Collections.Generic.IEnumerable`1[[Application.Airport.Http.Dto.FlightDto, Application, Version=1.0.0.0, Culture=neutral, PublicKeyToken=null]], System.Private.CoreLib, Version=6.0.0.0, Culture=neutral, PublicKeyToken=7cec85d7bea7798e]]'.
2022-05-15 12:53:08.381 -05:00 [INF] Executed action Api.Controllers.FlightController.GetAll (Api) in 226.6859ms
2022-05-15 12:53:08.383 -05:00 [INF] Executed endpoint 'Api.Controllers.FlightController.GetAll (Api)'
2022-05-15 12:53:08.384 -05:00 [INF] Response:
StatusCode: 200
Content-Type: application/json; charset=utf-8
Date: Sun, 15 May 2022 17:53:07 GMT
Server: Kestrel
Access-Control-Allow-Origin: [Redacted]
2022-05-15 12:53:08.394 -05:00 [INF] Request finished HTTP/2 GET https://localhost:7170/api/Flight/GetAll - - - 200 - application/json;+charset=utf-8 5360.8107ms
2022-05-15 12:53:15.674 -05:00 [INF] Request starting HTTP/2 OPTIONS https://localhost:7170/api/City/GetAll - -
2022-05-15 12:53:15.674 -05:00 [INF] Request starting HTTP/2 OPTIONS https://localhost:7170/api/Airline/GetAll - -
2022-05-15 12:53:15.675 -05:00 [INF] CORS policy execution successful.
2022-05-15 12:53:15.677 -05:00 [INF] CORS policy execution successful.
2022-05-15 12:53:15.678 -05:00 [INF] Request finished HTTP/2 OPTIONS https://localhost:7170/api/City/GetAll - - - 204 - - 4.1235ms
2022-05-15 12:53:15.679 -05:00 [INF] Request finished HTTP/2 OPTIONS https://localhost:7170/api/Airline/GetAll - - - 204 - - 5.4611ms
2022-05-15 12:53:15.682 -05:00 [INF] Request starting HTTP/2 GET https://localhost:7170/api/City/GetAll - -
2022-05-15 12:53:15.682 -05:00 [INF] Request starting HTTP/2 GET https://localhost:7170/api/Airline/GetAll - -
2022-05-15 12:53:15.757 -05:00 [INF] Entity Framework Core 6.0.5 initialized 'PersistenceContext' using provider 'Microsoft.EntityFrameworkCore.SqlServer:6.0.5' with options: MigrationsHistoryTable=Airport._MigrationHistory 
2022-05-15 12:53:15.757 -05:00 [INF] Entity Framework Core 6.0.5 initialized 'PersistenceContext' using provider 'Microsoft.EntityFrameworkCore.SqlServer:6.0.5' with options: MigrationsHistoryTable=Airport._MigrationHistory 
2022-05-15 12:53:15.770 -05:00 [INF] Executed DbCommand (4ms) [Parameters=[@__id_0='?' (DbType = Guid)], CommandType='"Text"', CommandTimeout='30']
SELECT [u].[Id], [u].[CreatedBy], [u].[CreatedOn], [u].[LastModifiedOn], [u].[Name], [u].[pazzword], [u].[Status], [u].[UpdatedBy], [u].[Username], [u0].[RoleId], [u0].[UserId], [u0].[CreatedBy], [u0].[CreatedOn], [u0].[Id], [u0].[LastModifiedOn], [u0].[Status], [u0].[UpdatedBy]
FROM [Airport].[User] AS [u]
LEFT JOIN [Airport].[UserRole] AS [u0] ON [u].[Id] = [u0].[UserId]
WHERE [u].[Id] = @__id_0
ORDER BY [u].[Id], [u0].[RoleId]
2022-05-15 12:53:15.773 -05:00 [INF] Executed DbCommand (0ms) [Parameters=[@__id_0='?' (DbType = Guid)], CommandType='"Text"', CommandTimeout='30']
SELECT [u].[Id], [u].[CreatedBy], [u].[CreatedOn], [u].[LastModifiedOn], [u].[Name], [u].[pazzword], [u].[Status], [u].[UpdatedBy], [u].[Username], [u0].[RoleId], [u0].[UserId], [u0].[CreatedBy], [u0].[CreatedOn], [u0].[Id], [u0].[LastModifiedOn], [u0].[Status], [u0].[UpdatedBy]
FROM [Airport].[User] AS [u]
LEFT JOIN [Airport].[UserRole] AS [u0] ON [u].[Id] = [u0].[UserId]
WHERE [u].[Id] = @__id_0
ORDER BY [u].[Id], [u0].[RoleId]
2022-05-15 12:53:15.778 -05:00 [INF] Executed DbCommand (3ms) [Parameters=[@__id_0='?' (DbType = Guid)], CommandType='"Text"', CommandTimeout='30']
SELECT [t].[Id], [t].[CreatedBy], [t].[CreatedOn], [t].[LastModifiedOn], [t].[Name], [t].[pazzword], [t].[Status], [t].[UpdatedBy], [t].[Username], [u0].[RoleId], [u0].[UserId], [u0].[CreatedBy], [u0].[CreatedOn], [u0].[Id], [u0].[LastModifiedOn], [u0].[Status], [u0].[UpdatedBy]
FROM (
    SELECT TOP(1) [u].[Id], [u].[CreatedBy], [u].[CreatedOn], [u].[LastModifiedOn], [u].[Name], [u].[pazzword], [u].[Status], [u].[UpdatedBy], [u].[Username]
    FROM [Airport].[User] AS [u]
    WHERE [u].[Id] = @__id_0
) AS [t]
LEFT JOIN [Airport].[UserRole] AS [u0] ON [t].[Id] = [u0].[UserId]
ORDER BY [t].[Id], [u0].[RoleId]
2022-05-15 12:53:15.778 -05:00 [INF] Executed DbCommand (0ms) [Parameters=[@__id_0='?' (DbType = Guid)], CommandType='"Text"', CommandTimeout='30']
SELECT [t].[Id], [t].[CreatedBy], [t].[CreatedOn], [t].[LastModifiedOn], [t].[Name], [t].[pazzword], [t].[Status], [t].[UpdatedBy], [t].[Username], [u0].[RoleId], [u0].[UserId], [u0].[CreatedBy], [u0].[CreatedOn], [u0].[Id], [u0].[LastModifiedOn], [u0].[Status], [u0].[UpdatedBy]
FROM (
    SELECT TOP(1) [u].[Id], [u].[CreatedBy], [u].[CreatedOn], [u].[LastModifiedOn], [u].[Name], [u].[pazzword], [u].[Status], [u].[UpdatedBy], [u].[Username]
    FROM [Airport].[User] AS [u]
    WHERE [u].[Id] = @__id_0
) AS [t]
LEFT JOIN [Airport].[UserRole] AS [u0] ON [t].[Id] = [u0].[UserId]
ORDER BY [t].[Id], [u0].[RoleId]
2022-05-15 12:53:15.792 -05:00 [INF] Executed DbCommand (5ms) [Parameters=[@__user_Id_0='?' (DbType = Guid)], CommandType='"Text"', CommandTimeout='30']
SELECT [u].[RoleId], [u].[UserId], [u].[CreatedBy], [u].[CreatedOn], [u].[Id], [u].[LastModifiedOn], [u].[Status], [u].[UpdatedBy], [r].[Id], [r].[CreatedBy], [r].[CreatedOn], [r].[LastModifiedOn], [r].[RoleName], [r].[Status], [r].[UpdatedBy]
FROM [Airport].[UserRole] AS [u]
INNER JOIN [Airport].[Role] AS [r] ON [u].[RoleId] = [r].[Id]
WHERE [u].[UserId] = @__user_Id_0
2022-05-15 12:53:15.792 -05:00 [INF] Executed DbCommand (3ms) [Parameters=[@__user_Id_0='?' (DbType = Guid)], CommandType='"Text"', CommandTimeout='30']
SELECT [u].[RoleId], [u].[UserId], [u].[CreatedBy], [u].[CreatedOn], [u].[Id], [u].[LastModifiedOn], [u].[Status], [u].[UpdatedBy], [r].[Id], [r].[CreatedBy], [r].[CreatedOn], [r].[LastModifiedOn], [r].[RoleName], [r].[Status], [r].[UpdatedBy]
FROM [Airport].[UserRole] AS [u]
INNER JOIN [Airport].[Role] AS [r] ON [u].[RoleId] = [r].[Id]
WHERE [u].[UserId] = @__user_Id_0
2022-05-15 12:53:15.798 -05:00 [INF] CORS policy execution successful.
2022-05-15 12:53:15.800 -05:00 [INF] CORS policy execution successful.
2022-05-15 12:53:15.803 -05:00 [INF] Request:
Protocol: HTTP/2
Method: GET
Scheme: https
PathBase: 
Path: /api/Airline/GetAll
Accept: application/json, text/plain, */*
Host: localhost:7170
User-Agent: Mozilla/5.0 (Windows NT 10.0; Win64; x64) AppleWebKit/537.36 (KHTML, like Gecko) Chrome/101.0.4951.64 Safari/537.36 Edg/101.0.1210.47
:method: [Redacted]
Accept-Encoding: gzip, deflate, br
Accept-Language: es,es-ES;q=0.9,en;q=0.8,en-GB;q=0.7,en-US;q=0.6
Authorization: [Redacted]
Origin: [Redacted]
Referer: [Redacted]
sec-ch-ua: [Redacted]
sec-ch-ua-mobile: [Redacted]
sec-ch-ua-platform: [Redacted]
sec-fetch-site: [Redacted]
sec-fetch-mode: [Redacted]
sec-fetch-dest: [Redacted]
2022-05-15 12:53:15.803 -05:00 [INF] Request:
Protocol: HTTP/2
Method: GET
Scheme: https
PathBase: 
Path: /api/City/GetAll
Accept: application/json, text/plain, */*
Host: localhost:7170
User-Agent: Mozilla/5.0 (Windows NT 10.0; Win64; x64) AppleWebKit/537.36 (KHTML, like Gecko) Chrome/101.0.4951.64 Safari/537.36 Edg/101.0.1210.47
:method: [Redacted]
Accept-Encoding: gzip, deflate, br
Accept-Language: es,es-ES;q=0.9,en;q=0.8,en-GB;q=0.7,en-US;q=0.6
Authorization: [Redacted]
Origin: [Redacted]
Referer: [Redacted]
sec-ch-ua: [Redacted]
sec-ch-ua-mobile: [Redacted]
sec-ch-ua-platform: [Redacted]
sec-fetch-site: [Redacted]
sec-fetch-mode: [Redacted]
sec-fetch-dest: [Redacted]
2022-05-15 12:53:15.809 -05:00 [INF] Executing endpoint 'Api.Controllers.CityController.GetAll (Api)'
2022-05-15 12:53:15.809 -05:00 [INF] Executing endpoint 'Api.Controllers.AirlineController.GetAll (Api)'
2022-05-15 12:53:15.820 -05:00 [INF] Route matched with {action = "GetAll", controller = "City"}. Executing controller action with signature System.Threading.Tasks.Task`1[Application.Common.Response.Response`1[System.Collections.Generic.IEnumerable`1[Application.Airport.Http.Dto.CityDto]]] GetAll() on controller Api.Controllers.CityController (Api).
2022-05-15 12:53:15.820 -05:00 [INF] Route matched with {action = "GetAll", controller = "Airline"}. Executing controller action with signature System.Threading.Tasks.Task`1[Application.Common.Response.Response`1[System.Collections.Generic.IEnumerable`1[Application.Airport.Http.Dto.AirlineDto]]] GetAll() on controller Api.Controllers.AirlineController (Api).
2022-05-15 12:53:15.836 -05:00 [INF] Executed DbCommand (4ms) [Parameters=[], CommandType='"Text"', CommandTimeout='30']
SELECT [a].[Id], [a].[CreatedBy], [a].[CreatedOn], [a].[LastModifiedOn], [a].[Name], [a].[Status], [a].[UpdatedBy]
FROM [Airport].[Airline] AS [a]
2022-05-15 12:53:15.837 -05:00 [INF] Executed DbCommand (5ms) [Parameters=[], CommandType='"Text"', CommandTimeout='30']
SELECT [c].[Id], [c].[CreatedBy], [c].[CreatedOn], [c].[LastModifiedOn], [c].[Name], [c].[Status], [c].[UpdatedBy]
FROM [Airport].[City] AS [c]
2022-05-15 12:53:15.874 -05:00 [INF] Executing ObjectResult, writing value of type 'Application.Common.Response.Response`1[[System.Collections.Generic.IEnumerable`1[[Application.Airport.Http.Dto.AirlineDto, Application, Version=1.0.0.0, Culture=neutral, PublicKeyToken=null]], System.Private.CoreLib, Version=6.0.0.0, Culture=neutral, PublicKeyToken=7cec85d7bea7798e]]'.
2022-05-15 12:53:15.874 -05:00 [INF] Executing ObjectResult, writing value of type 'Application.Common.Response.Response`1[[System.Collections.Generic.IEnumerable`1[[Application.Airport.Http.Dto.CityDto, Application, Version=1.0.0.0, Culture=neutral, PublicKeyToken=null]], System.Private.CoreLib, Version=6.0.0.0, Culture=neutral, PublicKeyToken=7cec85d7bea7798e]]'.
2022-05-15 12:53:15.900 -05:00 [INF] Executed action Api.Controllers.AirlineController.GetAll (Api) in 76.9645ms
2022-05-15 12:53:15.901 -05:00 [INF] Executed action Api.Controllers.CityController.GetAll (Api) in 78.9879ms
2022-05-15 12:53:15.908 -05:00 [INF] Executed endpoint 'Api.Controllers.CityController.GetAll (Api)'
2022-05-15 12:53:15.908 -05:00 [INF] Executed endpoint 'Api.Controllers.AirlineController.GetAll (Api)'
2022-05-15 12:53:15.923 -05:00 [INF] Response:
StatusCode: 200
Content-Type: application/json; charset=utf-8
Date: Sun, 15 May 2022 17:53:15 GMT
Server: Kestrel
Access-Control-Allow-Origin: [Redacted]
2022-05-15 12:53:15.923 -05:00 [INF] Response:
StatusCode: 200
Content-Type: application/json; charset=utf-8
Date: Sun, 15 May 2022 17:53:15 GMT
Server: Kestrel
Access-Control-Allow-Origin: [Redacted]
2022-05-15 12:53:16.014 -05:00 [INF] Request finished HTTP/2 GET https://localhost:7170/api/Airline/GetAll - - - 200 - application/json;+charset=utf-8 332.0440ms
2022-05-15 12:53:16.014 -05:00 [INF] Request finished HTTP/2 GET https://localhost:7170/api/City/GetAll - - - 200 - application/json;+charset=utf-8 332.8942ms
2022-05-15 12:53:30.704 -05:00 [INF] Request starting HTTP/2 OPTIONS https://localhost:7170/api/Flight/Create - -
2022-05-15 12:53:30.706 -05:00 [INF] CORS policy execution successful.
2022-05-15 12:53:30.707 -05:00 [INF] Request finished HTTP/2 OPTIONS https://localhost:7170/api/Flight/Create - - - 204 - - 2.9139ms
2022-05-15 12:53:30.709 -05:00 [INF] Request starting HTTP/2 POST https://localhost:7170/api/Flight/Create application/json 319
2022-05-15 12:53:30.724 -05:00 [INF] Entity Framework Core 6.0.5 initialized 'PersistenceContext' using provider 'Microsoft.EntityFrameworkCore.SqlServer:6.0.5' with options: MigrationsHistoryTable=Airport._MigrationHistory 
2022-05-15 12:53:30.731 -05:00 [INF] Executed DbCommand (4ms) [Parameters=[@__id_0='?' (DbType = Guid)], CommandType='"Text"', CommandTimeout='30']
SELECT [u].[Id], [u].[CreatedBy], [u].[CreatedOn], [u].[LastModifiedOn], [u].[Name], [u].[pazzword], [u].[Status], [u].[UpdatedBy], [u].[Username], [u0].[RoleId], [u0].[UserId], [u0].[CreatedBy], [u0].[CreatedOn], [u0].[Id], [u0].[LastModifiedOn], [u0].[Status], [u0].[UpdatedBy]
FROM [Airport].[User] AS [u]
LEFT JOIN [Airport].[UserRole] AS [u0] ON [u].[Id] = [u0].[UserId]
WHERE [u].[Id] = @__id_0
ORDER BY [u].[Id], [u0].[RoleId]
2022-05-15 12:53:30.740 -05:00 [INF] Executed DbCommand (2ms) [Parameters=[@__id_0='?' (DbType = Guid)], CommandType='"Text"', CommandTimeout='30']
SELECT [t].[Id], [t].[CreatedBy], [t].[CreatedOn], [t].[LastModifiedOn], [t].[Name], [t].[pazzword], [t].[Status], [t].[UpdatedBy], [t].[Username], [u0].[RoleId], [u0].[UserId], [u0].[CreatedBy], [u0].[CreatedOn], [u0].[Id], [u0].[LastModifiedOn], [u0].[Status], [u0].[UpdatedBy]
FROM (
    SELECT TOP(1) [u].[Id], [u].[CreatedBy], [u].[CreatedOn], [u].[LastModifiedOn], [u].[Name], [u].[pazzword], [u].[Status], [u].[UpdatedBy], [u].[Username]
    FROM [Airport].[User] AS [u]
    WHERE [u].[Id] = @__id_0
) AS [t]
LEFT JOIN [Airport].[UserRole] AS [u0] ON [t].[Id] = [u0].[UserId]
ORDER BY [t].[Id], [u0].[RoleId]
2022-05-15 12:53:30.747 -05:00 [INF] Executed DbCommand (3ms) [Parameters=[@__user_Id_0='?' (DbType = Guid)], CommandType='"Text"', CommandTimeout='30']
SELECT [u].[RoleId], [u].[UserId], [u].[CreatedBy], [u].[CreatedOn], [u].[Id], [u].[LastModifiedOn], [u].[Status], [u].[UpdatedBy], [r].[Id], [r].[CreatedBy], [r].[CreatedOn], [r].[LastModifiedOn], [r].[RoleName], [r].[Status], [r].[UpdatedBy]
FROM [Airport].[UserRole] AS [u]
INNER JOIN [Airport].[Role] AS [r] ON [u].[RoleId] = [r].[Id]
WHERE [u].[UserId] = @__user_Id_0
2022-05-15 12:53:30.751 -05:00 [INF] CORS policy execution successful.
2022-05-15 12:53:30.753 -05:00 [INF] Request:
Protocol: HTTP/2
Method: POST
Scheme: https
PathBase: 
Path: /api/Flight/Create
Accept: application/json, text/plain, */*
Host: localhost:7170
User-Agent: Mozilla/5.0 (Windows NT 10.0; Win64; x64) AppleWebKit/537.36 (KHTML, like Gecko) Chrome/101.0.4951.64 Safari/537.36 Edg/101.0.1210.47
:method: [Redacted]
Accept-Encoding: gzip, deflate, br
Accept-Language: es,es-ES;q=0.9,en;q=0.8,en-GB;q=0.7,en-US;q=0.6
Authorization: [Redacted]
Content-Type: application/json
Origin: [Redacted]
Referer: [Redacted]
Content-Length: 319
sec-ch-ua: [Redacted]
sec-ch-ua-mobile: [Redacted]
sec-ch-ua-platform: [Redacted]
sec-fetch-site: [Redacted]
sec-fetch-mode: [Redacted]
sec-fetch-dest: [Redacted]
2022-05-15 12:53:30.756 -05:00 [INF] Executing endpoint 'Api.Controllers.FlightController.Save (Api)'
2022-05-15 12:53:30.778 -05:00 [INF] Route matched with {action = "Save", controller = "Flight"}. Executing controller action with signature System.Threading.Tasks.Task`1[Application.Common.Response.Response`1[Application.Airport.Http.Dto.FlightDto]] Save(Application.Airport.Http.Request.FlightRequest) on controller Api.Controllers.FlightController (Api).
2022-05-15 12:53:31.152 -05:00 [INF] Executed DbCommand (9ms) [Parameters=[@p0='?' (DbType = Guid), @p1='?' (Size = 4000), @p2='?' (DbType = DateTime2), @p3='?' (Size = 4000), @p4='?' (Size = 35), @p5='?' (DbType = DateTime2), @p6='?' (DbType = Guid), @p7='?' (DbType = Guid), @p8='?' (Size = 4000), @p9='?' (DbType = Boolean), @p10='?' (Size = 35)], CommandType='"Text"', CommandTimeout='30']
SET NOCOUNT ON;
INSERT INTO [Airport].[Flight] ([Id], [CheckInTime], [CheckOutDate], [CheckOutTime], [CreatedBy], [CreatedOn], [DepartureCityId], [DestinyCityId], [FlightStatus], [Status], [UpdatedBy])
VALUES (@p0, @p1, @p2, @p3, @p4, @p5, @p6, @p7, @p8, @p9, @p10);
SELECT [LastModifiedOn]
FROM [Airport].[Flight]
WHERE @@ROWCOUNT = 1 AND [Id] = @p0;
2022-05-15 12:53:31.220 -05:00 [INF] Executing ObjectResult, writing value of type 'Application.Common.Response.Response`1[[Application.Airport.Http.Dto.FlightDto, Application, Version=1.0.0.0, Culture=neutral, PublicKeyToken=null]]'.
2022-05-15 12:53:31.238 -05:00 [INF] Executed action Api.Controllers.FlightController.Save (Api) in 458.6852ms
2022-05-15 12:53:31.240 -05:00 [INF] Executed endpoint 'Api.Controllers.FlightController.Save (Api)'
2022-05-15 12:53:31.242 -05:00 [INF] Response:
StatusCode: 200
Content-Type: application/json; charset=utf-8
Date: Sun, 15 May 2022 17:53:30 GMT
Server: Kestrel
Access-Control-Allow-Origin: [Redacted]
2022-05-15 12:53:31.244 -05:00 [INF] Request finished HTTP/2 POST https://localhost:7170/api/Flight/Create application/json 319 - 200 - application/json;+charset=utf-8 534.3601ms
2022-05-15 12:53:31.976 -05:00 [INF] Request starting HTTP/2 OPTIONS https://localhost:7170/api/Flight/GetAll - -
2022-05-15 12:53:31.977 -05:00 [INF] CORS policy execution successful.
2022-05-15 12:53:31.979 -05:00 [INF] Request finished HTTP/2 OPTIONS https://localhost:7170/api/Flight/GetAll - - - 204 - - 2.3427ms
2022-05-15 12:53:31.986 -05:00 [INF] Request starting HTTP/2 GET https://localhost:7170/api/Flight/GetAll - -
2022-05-15 12:53:31.991 -05:00 [INF] Entity Framework Core 6.0.5 initialized 'PersistenceContext' using provider 'Microsoft.EntityFrameworkCore.SqlServer:6.0.5' with options: MigrationsHistoryTable=Airport._MigrationHistory 
2022-05-15 12:53:31.997 -05:00 [INF] Executed DbCommand (3ms) [Parameters=[@__id_0='?' (DbType = Guid)], CommandType='"Text"', CommandTimeout='30']
SELECT [u].[Id], [u].[CreatedBy], [u].[CreatedOn], [u].[LastModifiedOn], [u].[Name], [u].[pazzword], [u].[Status], [u].[UpdatedBy], [u].[Username], [u0].[RoleId], [u0].[UserId], [u0].[CreatedBy], [u0].[CreatedOn], [u0].[Id], [u0].[LastModifiedOn], [u0].[Status], [u0].[UpdatedBy]
FROM [Airport].[User] AS [u]
LEFT JOIN [Airport].[UserRole] AS [u0] ON [u].[Id] = [u0].[UserId]
WHERE [u].[Id] = @__id_0
ORDER BY [u].[Id], [u0].[RoleId]
2022-05-15 12:53:32.004 -05:00 [INF] Executed DbCommand (2ms) [Parameters=[@__id_0='?' (DbType = Guid)], CommandType='"Text"', CommandTimeout='30']
SELECT [t].[Id], [t].[CreatedBy], [t].[CreatedOn], [t].[LastModifiedOn], [t].[Name], [t].[pazzword], [t].[Status], [t].[UpdatedBy], [t].[Username], [u0].[RoleId], [u0].[UserId], [u0].[CreatedBy], [u0].[CreatedOn], [u0].[Id], [u0].[LastModifiedOn], [u0].[Status], [u0].[UpdatedBy]
FROM (
    SELECT TOP(1) [u].[Id], [u].[CreatedBy], [u].[CreatedOn], [u].[LastModifiedOn], [u].[Name], [u].[pazzword], [u].[Status], [u].[UpdatedBy], [u].[Username]
    FROM [Airport].[User] AS [u]
    WHERE [u].[Id] = @__id_0
) AS [t]
LEFT JOIN [Airport].[UserRole] AS [u0] ON [t].[Id] = [u0].[UserId]
ORDER BY [t].[Id], [u0].[RoleId]
2022-05-15 12:53:32.012 -05:00 [INF] Executed DbCommand (3ms) [Parameters=[@__user_Id_0='?' (DbType = Guid)], CommandType='"Text"', CommandTimeout='30']
SELECT [u].[RoleId], [u].[UserId], [u].[CreatedBy], [u].[CreatedOn], [u].[Id], [u].[LastModifiedOn], [u].[Status], [u].[UpdatedBy], [r].[Id], [r].[CreatedBy], [r].[CreatedOn], [r].[LastModifiedOn], [r].[RoleName], [r].[Status], [r].[UpdatedBy]
FROM [Airport].[UserRole] AS [u]
INNER JOIN [Airport].[Role] AS [r] ON [u].[RoleId] = [r].[Id]
WHERE [u].[UserId] = @__user_Id_0
2022-05-15 12:53:32.020 -05:00 [INF] CORS policy execution successful.
2022-05-15 12:53:32.020 -05:00 [INF] Request:
Protocol: HTTP/2
Method: GET
Scheme: https
PathBase: 
Path: /api/Flight/GetAll
Accept: application/json, text/plain, */*
Host: localhost:7170
User-Agent: Mozilla/5.0 (Windows NT 10.0; Win64; x64) AppleWebKit/537.36 (KHTML, like Gecko) Chrome/101.0.4951.64 Safari/537.36 Edg/101.0.1210.47
:method: [Redacted]
Accept-Encoding: gzip, deflate, br
Accept-Language: es,es-ES;q=0.9,en;q=0.8,en-GB;q=0.7,en-US;q=0.6
Authorization: [Redacted]
Origin: [Redacted]
Referer: [Redacted]
sec-ch-ua: [Redacted]
sec-ch-ua-mobile: [Redacted]
sec-ch-ua-platform: [Redacted]
sec-fetch-site: [Redacted]
sec-fetch-mode: [Redacted]
sec-fetch-dest: [Redacted]
2022-05-15 12:53:32.023 -05:00 [INF] Executing endpoint 'Api.Controllers.FlightController.GetAll (Api)'
2022-05-15 12:53:32.024 -05:00 [INF] Route matched with {action = "GetAll", controller = "Flight"}. Executing controller action with signature System.Threading.Tasks.Task`1[Application.Common.Response.Response`1[System.Collections.Generic.IEnumerable`1[Application.Airport.Http.Dto.FlightDto]]] GetAll() on controller Api.Controllers.FlightController (Api).
2022-05-15 12:53:32.026 -05:00 [INF] Executing ObjectResult, writing value of type 'Application.Common.Response.Response`1[[System.Collections.Generic.IEnumerable`1[[Application.Airport.Http.Dto.FlightDto, Application, Version=1.0.0.0, Culture=neutral, PublicKeyToken=null]], System.Private.CoreLib, Version=6.0.0.0, Culture=neutral, PublicKeyToken=7cec85d7bea7798e]]'.
2022-05-15 12:53:32.028 -05:00 [INF] Executed action Api.Controllers.FlightController.GetAll (Api) in 2.8709ms
2022-05-15 12:53:32.029 -05:00 [INF] Executed endpoint 'Api.Controllers.FlightController.GetAll (Api)'
2022-05-15 12:53:32.030 -05:00 [INF] Response:
StatusCode: 200
Content-Type: application/json; charset=utf-8
Date: Sun, 15 May 2022 17:53:31 GMT
Server: Kestrel
Access-Control-Allow-Origin: [Redacted]
2022-05-15 12:53:32.031 -05:00 [INF] Request finished HTTP/2 GET https://localhost:7170/api/Flight/GetAll - - - 200 - application/json;+charset=utf-8 45.3599ms
2022-05-15 12:54:09.475 -05:00 [INF] Request starting HTTP/2 OPTIONS https://localhost:7170/api/Flight/GetAll - -
2022-05-15 12:54:09.476 -05:00 [INF] CORS policy execution successful.
2022-05-15 12:54:09.478 -05:00 [INF] Request finished HTTP/2 OPTIONS https://localhost:7170/api/Flight/GetAll - - - 204 - - 2.4724ms
2022-05-15 12:54:09.480 -05:00 [INF] Request starting HTTP/2 GET https://localhost:7170/api/Flight/GetAll - -
2022-05-15 12:54:09.482 -05:00 [INF] Entity Framework Core 6.0.5 initialized 'PersistenceContext' using provider 'Microsoft.EntityFrameworkCore.SqlServer:6.0.5' with options: MigrationsHistoryTable=Airport._MigrationHistory 
2022-05-15 12:54:09.489 -05:00 [INF] Executed DbCommand (4ms) [Parameters=[@__id_0='?' (DbType = Guid)], CommandType='"Text"', CommandTimeout='30']
SELECT [u].[Id], [u].[CreatedBy], [u].[CreatedOn], [u].[LastModifiedOn], [u].[Name], [u].[pazzword], [u].[Status], [u].[UpdatedBy], [u].[Username], [u0].[RoleId], [u0].[UserId], [u0].[CreatedBy], [u0].[CreatedOn], [u0].[Id], [u0].[LastModifiedOn], [u0].[Status], [u0].[UpdatedBy]
FROM [Airport].[User] AS [u]
LEFT JOIN [Airport].[UserRole] AS [u0] ON [u].[Id] = [u0].[UserId]
WHERE [u].[Id] = @__id_0
ORDER BY [u].[Id], [u0].[RoleId]
2022-05-15 12:54:09.497 -05:00 [INF] Executed DbCommand (5ms) [Parameters=[@__id_0='?' (DbType = Guid)], CommandType='"Text"', CommandTimeout='30']
SELECT [t].[Id], [t].[CreatedBy], [t].[CreatedOn], [t].[LastModifiedOn], [t].[Name], [t].[pazzword], [t].[Status], [t].[UpdatedBy], [t].[Username], [u0].[RoleId], [u0].[UserId], [u0].[CreatedBy], [u0].[CreatedOn], [u0].[Id], [u0].[LastModifiedOn], [u0].[Status], [u0].[UpdatedBy]
FROM (
    SELECT TOP(1) [u].[Id], [u].[CreatedBy], [u].[CreatedOn], [u].[LastModifiedOn], [u].[Name], [u].[pazzword], [u].[Status], [u].[UpdatedBy], [u].[Username]
    FROM [Airport].[User] AS [u]
    WHERE [u].[Id] = @__id_0
) AS [t]
LEFT JOIN [Airport].[UserRole] AS [u0] ON [t].[Id] = [u0].[UserId]
ORDER BY [t].[Id], [u0].[RoleId]
2022-05-15 12:54:09.507 -05:00 [INF] Executed DbCommand (5ms) [Parameters=[@__user_Id_0='?' (DbType = Guid)], CommandType='"Text"', CommandTimeout='30']
SELECT [u].[RoleId], [u].[UserId], [u].[CreatedBy], [u].[CreatedOn], [u].[Id], [u].[LastModifiedOn], [u].[Status], [u].[UpdatedBy], [r].[Id], [r].[CreatedBy], [r].[CreatedOn], [r].[LastModifiedOn], [r].[RoleName], [r].[Status], [r].[UpdatedBy]
FROM [Airport].[UserRole] AS [u]
INNER JOIN [Airport].[Role] AS [r] ON [u].[RoleId] = [r].[Id]
WHERE [u].[UserId] = @__user_Id_0
2022-05-15 12:54:09.511 -05:00 [INF] CORS policy execution successful.
2022-05-15 12:54:09.513 -05:00 [INF] Request:
Protocol: HTTP/2
Method: GET
Scheme: https
PathBase: 
Path: /api/Flight/GetAll
Accept: application/json, text/plain, */*
Host: localhost:7170
User-Agent: Mozilla/5.0 (Windows NT 10.0; Win64; x64) AppleWebKit/537.36 (KHTML, like Gecko) Chrome/101.0.4951.64 Safari/537.36 Edg/101.0.1210.47
:method: [Redacted]
Accept-Encoding: gzip, deflate, br
Accept-Language: es,es-ES;q=0.9,en;q=0.8,en-GB;q=0.7,en-US;q=0.6
Authorization: [Redacted]
Origin: [Redacted]
Referer: [Redacted]
sec-ch-ua: [Redacted]
sec-ch-ua-mobile: [Redacted]
sec-ch-ua-platform: [Redacted]
sec-fetch-site: [Redacted]
sec-fetch-mode: [Redacted]
sec-fetch-dest: [Redacted]
2022-05-15 12:54:09.516 -05:00 [INF] Executing endpoint 'Api.Controllers.FlightController.GetAll (Api)'
2022-05-15 12:54:09.518 -05:00 [INF] Route matched with {action = "GetAll", controller = "Flight"}. Executing controller action with signature System.Threading.Tasks.Task`1[Application.Common.Response.Response`1[System.Collections.Generic.IEnumerable`1[Application.Airport.Http.Dto.FlightDto]]] GetAll() on controller Api.Controllers.FlightController (Api).
2022-05-15 12:54:09.520 -05:00 [INF] Executing ObjectResult, writing value of type 'Application.Common.Response.Response`1[[System.Collections.Generic.IEnumerable`1[[Application.Airport.Http.Dto.FlightDto, Application, Version=1.0.0.0, Culture=neutral, PublicKeyToken=null]], System.Private.CoreLib, Version=6.0.0.0, Culture=neutral, PublicKeyToken=7cec85d7bea7798e]]'.
2022-05-15 12:54:09.521 -05:00 [INF] Executed action Api.Controllers.FlightController.GetAll (Api) in 2.3648ms
2022-05-15 12:54:09.523 -05:00 [INF] Executed endpoint 'Api.Controllers.FlightController.GetAll (Api)'
2022-05-15 12:54:09.525 -05:00 [INF] Response:
StatusCode: 200
Content-Type: application/json; charset=utf-8
Date: Sun, 15 May 2022 17:54:08 GMT
Server: Kestrel
Access-Control-Allow-Origin: [Redacted]
2022-05-15 12:54:09.528 -05:00 [INF] Request finished HTTP/2 GET https://localhost:7170/api/Flight/GetAll - - - 200 - application/json;+charset=utf-8 48.0056ms
2022-05-15 12:57:15.636 -05:00 [INF] Application is shutting down...
