2022-05-14 20:33:51.220 -05:00 [INF] User profile is available. Using 'C:\Users\kevin\AppData\Local\ASP.NET\DataProtection-Keys' as key repository and Windows DPAPI to encrypt keys at rest.
2022-05-14 20:33:51.592 -05:00 [INF] Now listening on: https://localhost:7170
2022-05-14 20:33:51.597 -05:00 [INF] Now listening on: http://localhost:5094
2022-05-14 20:33:51.607 -05:00 [INF] Application started. Press Ctrl+C to shut down.
2022-05-14 20:33:51.611 -05:00 [INF] Hosting environment: Development
2022-05-14 20:33:51.616 -05:00 [INF] Content root path: D:\GitHub\AirportManagementApi\Api\
2022-05-14 20:33:52.011 -05:00 [INF] Request starting HTTP/2 GET https://localhost:7170/ - -
2022-05-14 20:33:52.261 -05:00 [INF] Request:
Protocol: HTTP/2
Method: GET
Scheme: https
PathBase: 
Path: /
Accept: text/html,application/xhtml+xml,application/xml;q=0.9,image/webp,image/apng,*/*;q=0.8,application/signed-exchange;v=b3;q=0.9
Host: localhost:7170
User-Agent: Mozilla/5.0 (Windows NT 10.0; Win64; x64) AppleWebKit/537.36 (KHTML, like Gecko) Chrome/101.0.4951.54 Safari/537.36 Edg/101.0.1210.39
:method: [Redacted]
Accept-Encoding: gzip, deflate, br
Accept-Language: es,es-ES;q=0.9,en;q=0.8,en-GB;q=0.7,en-US;q=0.6
Upgrade-Insecure-Requests: [Redacted]
sec-ch-ua: [Redacted]
sec-ch-ua-mobile: [Redacted]
sec-ch-ua-platform: [Redacted]
sec-fetch-site: [Redacted]
sec-fetch-mode: [Redacted]
sec-fetch-user: [Redacted]
sec-fetch-dest: [Redacted]
2022-05-14 20:33:52.361 -05:00 [INF] Response:
StatusCode: 404
2022-05-14 20:33:52.370 -05:00 [INF] Request finished HTTP/2 GET https://localhost:7170/ - - - 404 0 - 362.7143ms
2022-05-14 20:33:59.380 -05:00 [INF] Request starting HTTP/2 POST https://localhost:7170/api/User/Save application/json 114
2022-05-14 20:34:01.143 -05:00 [INF] Entity Framework Core 5.0.10 initialized 'PersistenceContext' using provider 'Microsoft.EntityFrameworkCore.SqlServer' with options: MigrationsHistoryTable=Airport._MigrationHistory 
2022-05-14 20:34:02.352 -05:00 [INF] Executed DbCommand (78ms) [Parameters=[@__get_Item_0='?' (DbType = Guid)], CommandType='"Text"', CommandTimeout='30']
SELECT TOP(1) [u].[Id], [u].[CreatedBy], [u].[CreatedOn], [u].[LastModifiedOn], [u].[Name], [u].[pazzword], [u].[Status], [u].[UpdatedBy], [u].[Username]
FROM [Airport].[User] AS [u]
WHERE [u].[Id] = @__get_Item_0
2022-05-14 20:34:02.560 -05:00 [INF] CORS policy execution successful.
2022-05-14 20:34:02.588 -05:00 [INF] Request:
Protocol: HTTP/2
Method: POST
Scheme: https
PathBase: 
Path: /api/User/Save
Accept: text/plain
Host: localhost:7170
User-Agent: Mozilla/5.0 (Windows NT 10.0; Win64; x64) AppleWebKit/537.36 (KHTML, like Gecko) Chrome/101.0.4951.54 Safari/537.36 Edg/101.0.1210.39
:method: [Redacted]
Accept-Encoding: gzip, deflate, br
Accept-Language: es,es-ES;q=0.9,en;q=0.8,en-GB;q=0.7,en-US;q=0.6
Authorization: [Redacted]
Content-Type: application/json
Origin: [Redacted]
Referer: [Redacted]
Content-Length: 114
sec-ch-ua: [Redacted]
sec-ch-ua-mobile: [Redacted]
sec-ch-ua-platform: [Redacted]
sec-fetch-site: [Redacted]
sec-fetch-mode: [Redacted]
sec-fetch-dest: [Redacted]
2022-05-14 20:34:02.621 -05:00 [INF] Executing endpoint 'Api.Controllers.UserController.Save (Api)'
2022-05-14 20:34:02.653 -05:00 [INF] Route matched with {action = "Save", controller = "User"}. Executing controller action with signature System.Threading.Tasks.Task`1[Application.Common.Response.Response`1[Application.Security.Http.Dto.UserDto]] Save(Application.Security.Http.Request.UserRequest) on controller Api.Controllers.UserController (Api).
2022-05-14 20:34:21.425 -05:00 [INF] Executed DbCommand (5ms) [Parameters=[@__userRequest_Username_0='?' (Size = 4000)], CommandType='"Text"', CommandTimeout='30']
SELECT [u].[Id], [u].[CreatedBy], [u].[CreatedOn], [u].[LastModifiedOn], [u].[Name], [u].[pazzword], [u].[Status], [u].[UpdatedBy], [u].[Username]
FROM [Airport].[User] AS [u]
WHERE LOWER([u].[Username]) = @__userRequest_Username_0
2022-05-14 20:34:35.384 -05:00 [INF] Executed DbCommand (10ms) [Parameters=[@p0='?' (DbType = Guid), @p1='?' (Size = 35), @p2='?' (DbType = DateTime2), @p3='?' (Size = 4000), @p4='?' (Size = 4000), @p5='?' (DbType = Boolean), @p6='?' (Size = 35), @p7='?' (Size = 4000)], CommandType='"Text"', CommandTimeout='30']
SET NOCOUNT ON;
INSERT INTO [Airport].[User] ([Id], [CreatedBy], [CreatedOn], [Name], [pazzword], [Status], [UpdatedBy], [Username])
VALUES (@p0, @p1, @p2, @p3, @p4, @p5, @p6, @p7);
SELECT [LastModifiedOn]
FROM [Airport].[User]
WHERE @@ROWCOUNT = 1 AND [Id] = @p0;
2022-05-14 20:34:51.276 -05:00 [INF] Executing ObjectResult, writing value of type 'Application.Common.Response.Response`1[[Application.Security.Http.Dto.UserDto, Application, Version=1.0.0.0, Culture=neutral, PublicKeyToken=null]]'.
2022-05-14 20:34:51.306 -05:00 [INF] Executed action Api.Controllers.UserController.Save (Api) in 48643.6126ms
2022-05-14 20:34:51.309 -05:00 [INF] Executed endpoint 'Api.Controllers.UserController.Save (Api)'
2022-05-14 20:34:51.312 -05:00 [INF] Response:
StatusCode: 200
Content-Type: application/json; charset=utf-8
Date: Sun, 15 May 2022 01:34:51 GMT
Server: Kestrel
Access-Control-Allow-Origin: [Redacted]
2022-05-14 20:34:51.318 -05:00 [INF] Request finished HTTP/2 POST https://localhost:7170/api/User/Save application/json 114 - 200 - application/json;+charset=utf-8 51937.6271ms
