2022-05-14 09:43:21.732 -05:00 [INF] User profile is available. Using 'C:\Users\kevin\AppData\Local\ASP.NET\DataProtection-Keys' as key repository and Windows DPAPI to encrypt keys at rest.
2022-05-14 09:43:21.975 -05:00 [INF] Now listening on: https://localhost:7170
2022-05-14 09:43:21.977 -05:00 [INF] Now listening on: http://localhost:5094
2022-05-14 09:43:21.988 -05:00 [INF] Application started. Press Ctrl+C to shut down.
2022-05-14 09:43:21.989 -05:00 [INF] Hosting environment: Development
2022-05-14 09:43:21.991 -05:00 [INF] Content root path: D:\GitHub\AirportManagementApi\Api\
2022-05-14 09:43:23.334 -05:00 [INF] Request starting HTTP/2 GET https://localhost:7170/ - -
2022-05-14 09:43:23.583 -05:00 [INF] Request:
Protocol: HTTP/2
Method: GET
Scheme: https
PathBase: 
Path: /
Accept: text/html,application/xhtml+xml,application/xml;q=0.9,image/webp,image/apng,*/*;q=0.8,application/signed-exchange;v=b3;q=0.9
Host: localhost:7170
User-Agent: Mozilla/5.0 (Windows NT 10.0; Win64; x64) AppleWebKit/537.36 (KHTML, like Gecko) Chrome/101.0.4951.54 Safari/537.36 Edg/101.0.1210.39
:method: [Redacted]
Accept-Encoding: gzip, deflate, br
Accept-Language: es,es-ES;q=0.9,en;q=0.8,en-GB;q=0.7,en-US;q=0.6
Upgrade-Insecure-Requests: [Redacted]
sec-ch-ua: [Redacted]
sec-ch-ua-mobile: [Redacted]
sec-ch-ua-platform: [Redacted]
sec-fetch-site: [Redacted]
sec-fetch-mode: [Redacted]
sec-fetch-user: [Redacted]
sec-fetch-dest: [Redacted]
2022-05-14 09:43:23.592 -05:00 [INF] Response:
StatusCode: 404
2022-05-14 09:43:23.620 -05:00 [INF] Request finished HTTP/2 GET https://localhost:7170/ - - - 404 0 - 302.1714ms
2022-05-14 09:43:27.071 -05:00 [INF] Request starting HTTP/2 GET https://localhost:7170/swagger/index.html - -
2022-05-14 09:43:27.176 -05:00 [INF] Request finished HTTP/2 GET https://localhost:7170/swagger/index.html - - - 200 - text/html;charset=utf-8 104.7700ms
2022-05-14 09:43:27.197 -05:00 [INF] Request starting HTTP/2 GET https://localhost:7170/swagger/swagger-ui.css - -
2022-05-14 09:43:27.221 -05:00 [INF] Sending file. Request path: '/swagger-ui.css'. Physical path: 'N/A'
2022-05-14 09:43:27.222 -05:00 [INF] Request finished HTTP/2 GET https://localhost:7170/swagger/swagger-ui.css - - - 200 143943 text/css 25.6469ms
2022-05-14 09:43:27.442 -05:00 [INF] Request starting HTTP/2 GET https://localhost:7170/swagger/v1/swagger.json - -
2022-05-14 09:43:27.459 -05:00 [INF] Request starting HTTP/2 GET https://localhost:7170/swagger/favicon-32x32.png - -
2022-05-14 09:43:27.470 -05:00 [INF] Sending file. Request path: '/favicon-32x32.png'. Physical path: 'N/A'
2022-05-14 09:43:27.475 -05:00 [INF] Request finished HTTP/2 GET https://localhost:7170/swagger/favicon-32x32.png - - - 200 628 image/png 15.4891ms
2022-05-14 09:43:27.581 -05:00 [ERR] An unhandled exception has occurred while executing the request.
Swashbuckle.AspNetCore.SwaggerGen.SwaggerGeneratorException: Conflicting method/path combination "POST create" for actions - Api.Controller.CityController.Save (Api),Api.Controller.FlightController.Save (Api). Actions require a unique method/path combination for Swagger/OpenAPI 3.0. Use ConflictingActionsResolver as a workaround
   at Swashbuckle.AspNetCore.SwaggerGen.SwaggerGenerator.GenerateOperations(IEnumerable`1 apiDescriptions, SchemaRepository schemaRepository)
   at Swashbuckle.AspNetCore.SwaggerGen.SwaggerGenerator.GeneratePaths(IEnumerable`1 apiDescriptions, SchemaRepository schemaRepository)
   at Swashbuckle.AspNetCore.SwaggerGen.SwaggerGenerator.GetSwagger(String documentName, String host, String basePath)
   at Swashbuckle.AspNetCore.Swagger.SwaggerMiddleware.Invoke(HttpContext httpContext, ISwaggerProvider swaggerProvider)
   at Microsoft.AspNetCore.Diagnostics.DeveloperExceptionPageMiddleware.Invoke(HttpContext context)
2022-05-14 09:43:27.612 -05:00 [INF] Request finished HTTP/2 GET https://localhost:7170/swagger/v1/swagger.json - - - 500 - text/plain;+charset=utf-8 169.2746ms
2022-05-14 09:45:08.221 -05:00 [INF] Application is shutting down...
