2022-05-14 09:42:42.559 -05:00 [INF] User profile is available. Using 'C:\Users\kevin\AppData\Local\ASP.NET\DataProtection-Keys' as key repository and Windows DPAPI to encrypt keys at rest.
2022-05-14 09:42:42.865 -05:00 [INF] Now listening on: https://localhost:7170
2022-05-14 09:42:42.867 -05:00 [INF] Now listening on: http://localhost:5094
2022-05-14 09:42:42.882 -05:00 [INF] Application started. Press Ctrl+C to shut down.
2022-05-14 09:42:42.883 -05:00 [INF] Hosting environment: Development
2022-05-14 09:42:42.888 -05:00 [INF] Content root path: D:\GitHub\AirportManagementApi\Api\
2022-05-14 09:42:43.291 -05:00 [INF] Request starting HTTP/2 GET https://localhost:7170/swagger/index.html - -
2022-05-14 09:42:43.291 -05:00 [INF] Request starting HTTP/2 GET https://localhost:7170/ - -
2022-05-14 09:42:43.908 -05:00 [INF] Request:
Protocol: HTTP/2
Method: GET
Scheme: https
PathBase: 
Path: /
Accept: text/html,application/xhtml+xml,application/xml;q=0.9,image/webp,image/apng,*/*;q=0.8,application/signed-exchange;v=b3;q=0.9
Host: localhost:7170
User-Agent: Mozilla/5.0 (Windows NT 10.0; Win64; x64) AppleWebKit/537.36 (KHTML, like Gecko) Chrome/101.0.4951.54 Safari/537.36 Edg/101.0.1210.39
:method: [Redacted]
Accept-Encoding: gzip, deflate, br
Accept-Language: es,es-ES;q=0.9,en;q=0.8,en-GB;q=0.7,en-US;q=0.6
Upgrade-Insecure-Requests: [Redacted]
sec-ch-ua: [Redacted]
sec-ch-ua-mobile: [Redacted]
sec-ch-ua-platform: [Redacted]
sec-fetch-site: [Redacted]
sec-fetch-mode: [Redacted]
sec-fetch-user: [Redacted]
sec-fetch-dest: [Redacted]
2022-05-14 09:42:44.010 -05:00 [INF] Response:
StatusCode: 404
2022-05-14 09:42:44.086 -05:00 [INF] Request finished HTTP/2 GET https://localhost:7170/ - - - 404 0 - 808.2407ms
2022-05-14 09:42:44.171 -05:00 [INF] Request finished HTTP/2 GET https://localhost:7170/swagger/index.html - - - 200 - text/html;charset=utf-8 894.0227ms
2022-05-14 09:42:44.298 -05:00 [INF] Request starting HTTP/2 GET https://localhost:7170/swagger/swagger-ui-standalone-preset.js - -
2022-05-14 09:42:44.300 -05:00 [INF] Request starting HTTP/2 GET https://localhost:7170/swagger/swagger-ui.css - -
2022-05-14 09:42:44.300 -05:00 [INF] Request starting HTTP/2 GET https://localhost:7170/swagger/swagger-ui-bundle.js - -
2022-05-14 09:42:44.556 -05:00 [INF] Sending file. Request path: '/swagger-ui-bundle.js'. Physical path: 'N/A'
2022-05-14 09:42:44.556 -05:00 [INF] Sending file. Request path: '/swagger-ui.css'. Physical path: 'N/A'
2022-05-14 09:42:44.556 -05:00 [INF] Sending file. Request path: '/swagger-ui-standalone-preset.js'. Physical path: 'N/A'
2022-05-14 09:42:44.576 -05:00 [INF] Request finished HTTP/2 GET https://localhost:7170/swagger/swagger-ui.css - - - 200 143943 text/css 275.8185ms
2022-05-14 09:42:44.576 -05:00 [INF] Request finished HTTP/2 GET https://localhost:7170/swagger/swagger-ui-bundle.js - - - 200 1095087 application/javascript 275.7787ms
2022-05-14 09:42:44.577 -05:00 [INF] Request finished HTTP/2 GET https://localhost:7170/swagger/swagger-ui-standalone-preset.js - - - 200 339486 application/javascript 278.4330ms
2022-05-14 09:42:45.483 -05:00 [INF] Request starting HTTP/2 GET https://localhost:7170/swagger/v1/swagger.json - -
2022-05-14 09:42:45.558 -05:00 [INF] Request starting HTTP/2 GET https://localhost:7170/swagger/favicon-32x32.png - -
2022-05-14 09:42:45.654 -05:00 [INF] Sending file. Request path: '/favicon-32x32.png'. Physical path: 'N/A'
2022-05-14 09:42:45.658 -05:00 [INF] Request finished HTTP/2 GET https://localhost:7170/swagger/favicon-32x32.png - - - 200 628 image/png 99.9845ms
2022-05-14 09:42:46.193 -05:00 [INF] Request finished HTTP/2 GET https://localhost:7170/swagger/v1/swagger.json - - - 200 - application/json;charset=utf-8 711.5002ms
2022-05-14 09:43:12.377 -05:00 [INF] Application is shutting down...
