2022-05-14 19:36:02.671 -05:00 [INF] User profile is available. Using 'C:\Users\kevin\AppData\Local\ASP.NET\DataProtection-Keys' as key repository and Windows DPAPI to encrypt keys at rest.
2022-05-14 19:36:02.932 -05:00 [INF] Now listening on: https://localhost:7170
2022-05-14 19:36:02.934 -05:00 [INF] Now listening on: http://localhost:5094
2022-05-14 19:36:02.939 -05:00 [INF] Application started. Press Ctrl+C to shut down.
2022-05-14 19:36:02.940 -05:00 [INF] Hosting environment: Development
2022-05-14 19:36:02.942 -05:00 [INF] Content root path: D:\GitHub\AirportManagementApi\Api\
2022-05-14 19:36:03.549 -05:00 [INF] Request starting HTTP/2 GET https://localhost:7170/ - -
2022-05-14 19:36:03.946 -05:00 [INF] Request:
Protocol: HTTP/2
Method: GET
Scheme: https
PathBase: 
Path: /
Accept: text/html,application/xhtml+xml,application/xml;q=0.9,image/webp,image/apng,*/*;q=0.8,application/signed-exchange;v=b3;q=0.9
Host: localhost:7170
User-Agent: Mozilla/5.0 (Windows NT 10.0; Win64; x64) AppleWebKit/537.36 (KHTML, like Gecko) Chrome/101.0.4951.54 Safari/537.36 Edg/101.0.1210.39
:method: [Redacted]
Accept-Encoding: gzip, deflate, br
Accept-Language: es,es-ES;q=0.9,en;q=0.8,en-GB;q=0.7,en-US;q=0.6
Upgrade-Insecure-Requests: [Redacted]
sec-ch-ua: [Redacted]
sec-ch-ua-mobile: [Redacted]
sec-ch-ua-platform: [Redacted]
sec-fetch-site: [Redacted]
sec-fetch-mode: [Redacted]
sec-fetch-user: [Redacted]
sec-fetch-dest: [Redacted]
2022-05-14 19:36:04.047 -05:00 [INF] Response:
StatusCode: 404
2022-05-14 19:36:04.054 -05:00 [INF] Request finished HTTP/2 GET https://localhost:7170/ - - - 404 0 - 514.4169ms
2022-05-14 19:36:12.997 -05:00 [INF] Request starting HTTP/2 POST https://localhost:7170/api/User/Authenticate application/json 47
2022-05-14 19:36:13.006 -05:00 [INF] CORS policy execution successful.
2022-05-14 19:36:13.012 -05:00 [INF] Request:
Protocol: HTTP/2
Method: POST
Scheme: https
PathBase: 
Path: /api/User/Authenticate
Accept: text/plain
Host: localhost:7170
User-Agent: Mozilla/5.0 (Windows NT 10.0; Win64; x64) AppleWebKit/537.36 (KHTML, like Gecko) Chrome/101.0.4951.54 Safari/537.36 Edg/101.0.1210.39
:method: [Redacted]
Accept-Encoding: gzip, deflate, br
Accept-Language: es,es-ES;q=0.9,en;q=0.8,en-GB;q=0.7,en-US;q=0.6
Content-Type: application/json
Origin: [Redacted]
Referer: [Redacted]
Content-Length: 47
sec-ch-ua: [Redacted]
sec-ch-ua-mobile: [Redacted]
sec-ch-ua-platform: [Redacted]
sec-fetch-site: [Redacted]
sec-fetch-mode: [Redacted]
sec-fetch-dest: [Redacted]
2022-05-14 19:36:13.019 -05:00 [INF] Executing endpoint 'Api.Controllers.UserController.Authenticate (Api)'
2022-05-14 19:36:13.057 -05:00 [INF] Route matched with {action = "Authenticate", controller = "User"}. Executing controller action with signature System.Threading.Tasks.Task`1[Application.Common.Response.Response`1[Application.Security.Http.Dto.AuthenticateDto]] Authenticate(Application.Security.Http.Request.AuthenticateRequest) on controller Api.Controllers.UserController (Api).
2022-05-14 19:36:14.403 -05:00 [INF] Entity Framework Core 5.0.10 initialized 'PersistenceContext' using provider 'Microsoft.EntityFrameworkCore.SqlServer' with options: MigrationsHistoryTable=Airport._MigrationHistory 
2022-05-14 19:36:15.415 -05:00 [INF] Executed DbCommand (64ms) [Parameters=[], CommandType='"Text"', CommandTimeout='30']
SELECT [u].[Id], [u].[CreatedBy], [u].[CreatedOn], [u].[LastModifiedOn], [u].[Name], [u].[pazzword], [u].[Status], [u].[UpdatedBy], [u].[Username]
FROM [Airport].[User] AS [u]
2022-05-14 19:36:15.735 -05:00 [INF] Executing ObjectResult, writing value of type 'Application.Common.Response.Response`1[[Application.Security.Http.Dto.AuthenticateDto, Application, Version=1.0.0.0, Culture=neutral, PublicKeyToken=null]]'.
2022-05-14 19:36:15.801 -05:00 [INF] Executed action Api.Controllers.UserController.Authenticate (Api) in 2731.2875ms
2022-05-14 19:36:15.804 -05:00 [INF] Executed endpoint 'Api.Controllers.UserController.Authenticate (Api)'
2022-05-14 19:36:15.809 -05:00 [INF] Response:
StatusCode: 200
Content-Type: application/json; charset=utf-8
Date: Sun, 15 May 2022 00:36:14 GMT
Server: Kestrel
Access-Control-Allow-Origin: [Redacted]
2022-05-14 19:36:15.827 -05:00 [INF] Request finished HTTP/2 POST https://localhost:7170/api/User/Authenticate application/json 47 - 200 - application/json;+charset=utf-8 2829.8389ms
2022-05-14 19:37:04.575 -05:00 [INF] Request starting HTTP/2 POST https://localhost:7170/api/City/SaveAll application/json 61
2022-05-14 19:37:04.716 -05:00 [INF] Entity Framework Core 5.0.10 initialized 'PersistenceContext' using provider 'Microsoft.EntityFrameworkCore.SqlServer' with options: MigrationsHistoryTable=Airport._MigrationHistory 
2022-05-14 19:37:04.943 -05:00 [INF] Executed DbCommand (58ms) [Parameters=[@__get_Item_0='?' (DbType = Guid)], CommandType='"Text"', CommandTimeout='30']
SELECT TOP(1) [u].[Id], [u].[CreatedBy], [u].[CreatedOn], [u].[LastModifiedOn], [u].[Name], [u].[pazzword], [u].[Status], [u].[UpdatedBy], [u].[Username]
FROM [Airport].[User] AS [u]
WHERE [u].[Id] = @__get_Item_0
2022-05-14 19:37:05.057 -05:00 [INF] CORS policy execution successful.
2022-05-14 19:37:05.060 -05:00 [INF] Request:
Protocol: HTTP/2
Method: POST
Scheme: https
PathBase: 
Path: /api/City/SaveAll
Accept: text/plain
Host: localhost:7170
User-Agent: Mozilla/5.0 (Windows NT 10.0; Win64; x64) AppleWebKit/537.36 (KHTML, like Gecko) Chrome/101.0.4951.54 Safari/537.36 Edg/101.0.1210.39
:method: [Redacted]
Accept-Encoding: gzip, deflate, br
Accept-Language: es,es-ES;q=0.9,en;q=0.8,en-GB;q=0.7,en-US;q=0.6
Authorization: [Redacted]
Content-Type: application/json
Origin: [Redacted]
Referer: [Redacted]
Content-Length: 61
sec-ch-ua: [Redacted]
sec-ch-ua-mobile: [Redacted]
sec-ch-ua-platform: [Redacted]
sec-fetch-site: [Redacted]
sec-fetch-mode: [Redacted]
sec-fetch-dest: [Redacted]
2022-05-14 19:37:05.206 -05:00 [INF] Request starting HTTP/1.1 GET https://localhost:7170/.well-known/openid-configuration - -
2022-05-14 19:37:05.207 -05:00 [INF] Request:
Protocol: HTTP/1.1
Method: GET
Scheme: https
PathBase: 
Path: /.well-known/openid-configuration
Host: localhost:7170
User-Agent: Microsoft ASP.NET Core JwtBearer handler
traceparent: [Redacted]
2022-05-14 19:37:05.209 -05:00 [INF] Response:
StatusCode: 404
2022-05-14 19:37:05.211 -05:00 [INF] Request finished HTTP/1.1 GET https://localhost:7170/.well-known/openid-configuration - - - 404 0 - 4.9688ms
2022-05-14 19:37:05.281 -05:00 [ERR] Exception occurred while processing message.
System.InvalidOperationException: IDX20803: Unable to obtain configuration from: 'System.String'.
 ---> System.IO.IOException: IDX20807: Unable to retrieve document from: 'System.String'. HttpResponseMessage: 'System.Net.Http.HttpResponseMessage', HttpResponseMessage.Content: 'System.String'.
   at Microsoft.IdentityModel.Protocols.HttpDocumentRetriever.GetDocumentAsync(String address, CancellationToken cancel)
   at Microsoft.IdentityModel.Protocols.OpenIdConnect.OpenIdConnectConfigurationRetriever.GetAsync(String address, IDocumentRetriever retriever, CancellationToken cancel)
   at Microsoft.IdentityModel.Protocols.ConfigurationManager`1.GetConfigurationAsync(CancellationToken cancel)
   --- End of inner exception stack trace ---
   at Microsoft.IdentityModel.Protocols.ConfigurationManager`1.GetConfigurationAsync(CancellationToken cancel)
   at Microsoft.AspNetCore.Authentication.JwtBearer.JwtBearerHandler.HandleAuthenticateAsync()
2022-05-14 19:37:05.336 -05:00 [ERR] An unhandled exception has occurred while executing the request.
System.InvalidOperationException: IDX20803: Unable to obtain configuration from: 'System.String'.
 ---> System.IO.IOException: IDX20807: Unable to retrieve document from: 'System.String'. HttpResponseMessage: 'System.Net.Http.HttpResponseMessage', HttpResponseMessage.Content: 'System.String'.
   at Microsoft.IdentityModel.Protocols.HttpDocumentRetriever.GetDocumentAsync(String address, CancellationToken cancel)
   at Microsoft.IdentityModel.Protocols.OpenIdConnect.OpenIdConnectConfigurationRetriever.GetAsync(String address, IDocumentRetriever retriever, CancellationToken cancel)
   at Microsoft.IdentityModel.Protocols.ConfigurationManager`1.GetConfigurationAsync(CancellationToken cancel)
   --- End of inner exception stack trace ---
   at Microsoft.IdentityModel.Protocols.ConfigurationManager`1.GetConfigurationAsync(CancellationToken cancel)
   at Microsoft.AspNetCore.Authentication.JwtBearer.JwtBearerHandler.HandleAuthenticateAsync()
   at Microsoft.AspNetCore.Authentication.JwtBearer.JwtBearerHandler.HandleAuthenticateAsync()
   at Microsoft.AspNetCore.Authentication.AuthenticationHandler`1.AuthenticateAsync()
   at Microsoft.AspNetCore.Authentication.AuthenticationService.AuthenticateAsync(HttpContext context, String scheme)
   at Microsoft.AspNetCore.Authentication.AuthenticationMiddleware.Invoke(HttpContext context)
   at Microsoft.AspNetCore.Authorization.AuthorizationMiddleware.Invoke(HttpContext context)
   at Microsoft.AspNetCore.HttpLogging.HttpLoggingMiddleware.InvokeInternal(HttpContext context)
   at Application.Security.Jwt.JwtMiddleware.Invoke(HttpContext context, IAuthService authService) in D:\GitHub\AirportManagementApi\Application\Security\Jwt\JwtMiddleware.cs:line 30
   at Swashbuckle.AspNetCore.SwaggerUI.SwaggerUIMiddleware.Invoke(HttpContext httpContext)
   at Swashbuckle.AspNetCore.Swagger.SwaggerMiddleware.Invoke(HttpContext httpContext, ISwaggerProvider swaggerProvider)
   at Microsoft.AspNetCore.Diagnostics.DeveloperExceptionPageMiddleware.Invoke(HttpContext context)
2022-05-14 19:37:05.350 -05:00 [INF] Request finished HTTP/2 POST https://localhost:7170/api/City/SaveAll application/json 61 - 500 - text/plain;+charset=utf-8 774.5586ms
2022-05-14 19:37:41.242 -05:00 [INF] Request starting HTTP/2 POST https://localhost:7170/api/User/Save application/json 91
2022-05-14 19:37:41.257 -05:00 [INF] Entity Framework Core 5.0.10 initialized 'PersistenceContext' using provider 'Microsoft.EntityFrameworkCore.SqlServer' with options: MigrationsHistoryTable=Airport._MigrationHistory 
2022-05-14 19:37:41.268 -05:00 [INF] Executed DbCommand (2ms) [Parameters=[@__get_Item_0='?' (DbType = Guid)], CommandType='"Text"', CommandTimeout='30']
SELECT TOP(1) [u].[Id], [u].[CreatedBy], [u].[CreatedOn], [u].[LastModifiedOn], [u].[Name], [u].[pazzword], [u].[Status], [u].[UpdatedBy], [u].[Username]
FROM [Airport].[User] AS [u]
WHERE [u].[Id] = @__get_Item_0
2022-05-14 19:37:41.271 -05:00 [INF] CORS policy execution successful.
2022-05-14 19:37:41.273 -05:00 [INF] Request:
Protocol: HTTP/2
Method: POST
Scheme: https
PathBase: 
Path: /api/User/Save
Accept: text/plain
Host: localhost:7170
User-Agent: Mozilla/5.0 (Windows NT 10.0; Win64; x64) AppleWebKit/537.36 (KHTML, like Gecko) Chrome/101.0.4951.54 Safari/537.36 Edg/101.0.1210.39
:method: [Redacted]
Accept-Encoding: gzip, deflate, br
Accept-Language: es,es-ES;q=0.9,en;q=0.8,en-GB;q=0.7,en-US;q=0.6
Authorization: [Redacted]
Content-Type: application/json
Origin: [Redacted]
Referer: [Redacted]
Content-Length: 91
sec-ch-ua: [Redacted]
sec-ch-ua-mobile: [Redacted]
sec-ch-ua-platform: [Redacted]
sec-fetch-site: [Redacted]
sec-fetch-mode: [Redacted]
sec-fetch-dest: [Redacted]
2022-05-14 19:37:41.276 -05:00 [ERR] Exception occurred while processing message.
System.InvalidOperationException: IDX20803: Unable to obtain configuration from: 'System.String'.
   at Microsoft.IdentityModel.Protocols.ConfigurationManager`1.GetConfigurationAsync(CancellationToken cancel)
   at Microsoft.AspNetCore.Authentication.JwtBearer.JwtBearerHandler.HandleAuthenticateAsync()
2022-05-14 19:37:41.279 -05:00 [ERR] An unhandled exception has occurred while executing the request.
System.InvalidOperationException: IDX20803: Unable to obtain configuration from: 'System.String'.
   at Microsoft.IdentityModel.Protocols.ConfigurationManager`1.GetConfigurationAsync(CancellationToken cancel)
   at Microsoft.AspNetCore.Authentication.JwtBearer.JwtBearerHandler.HandleAuthenticateAsync()
   at Microsoft.AspNetCore.Authentication.JwtBearer.JwtBearerHandler.HandleAuthenticateAsync()
   at Microsoft.AspNetCore.Authentication.AuthenticationHandler`1.AuthenticateAsync()
   at Microsoft.AspNetCore.Authentication.AuthenticationService.AuthenticateAsync(HttpContext context, String scheme)
   at Microsoft.AspNetCore.Authentication.AuthenticationMiddleware.Invoke(HttpContext context)
   at Microsoft.AspNetCore.Authorization.AuthorizationMiddleware.Invoke(HttpContext context)
   at Microsoft.AspNetCore.HttpLogging.HttpLoggingMiddleware.InvokeInternal(HttpContext context)
   at Application.Security.Jwt.JwtMiddleware.Invoke(HttpContext context, IAuthService authService) in D:\GitHub\AirportManagementApi\Application\Security\Jwt\JwtMiddleware.cs:line 30
   at Swashbuckle.AspNetCore.SwaggerUI.SwaggerUIMiddleware.Invoke(HttpContext httpContext)
   at Swashbuckle.AspNetCore.Swagger.SwaggerMiddleware.Invoke(HttpContext httpContext, ISwaggerProvider swaggerProvider)
   at Microsoft.AspNetCore.Diagnostics.DeveloperExceptionPageMiddleware.Invoke(HttpContext context)
2022-05-14 19:37:41.302 -05:00 [INF] Request finished HTTP/2 POST https://localhost:7170/api/User/Save application/json 91 - 500 - text/plain;+charset=utf-8 59.8123ms
2022-05-14 19:38:25.294 -05:00 [INF] Request starting HTTP/2 POST https://localhost:7170/api/User/Save application/json 91
2022-05-14 19:38:25.296 -05:00 [INF] Entity Framework Core 5.0.10 initialized 'PersistenceContext' using provider 'Microsoft.EntityFrameworkCore.SqlServer' with options: MigrationsHistoryTable=Airport._MigrationHistory 
2022-05-14 19:38:25.304 -05:00 [INF] Executed DbCommand (3ms) [Parameters=[@__get_Item_0='?' (DbType = Guid)], CommandType='"Text"', CommandTimeout='30']
SELECT TOP(1) [u].[Id], [u].[CreatedBy], [u].[CreatedOn], [u].[LastModifiedOn], [u].[Name], [u].[pazzword], [u].[Status], [u].[UpdatedBy], [u].[Username]
FROM [Airport].[User] AS [u]
WHERE [u].[Id] = @__get_Item_0
2022-05-14 19:38:25.309 -05:00 [INF] CORS policy execution successful.
2022-05-14 19:38:25.310 -05:00 [INF] Request:
Protocol: HTTP/2
Method: POST
Scheme: https
PathBase: 
Path: /api/User/Save
Accept: text/plain
Host: localhost:7170
User-Agent: Mozilla/5.0 (Windows NT 10.0; Win64; x64) AppleWebKit/537.36 (KHTML, like Gecko) Chrome/101.0.4951.54 Safari/537.36 Edg/101.0.1210.39
:method: [Redacted]
Accept-Encoding: gzip, deflate, br
Accept-Language: es,es-ES;q=0.9,en;q=0.8,en-GB;q=0.7,en-US;q=0.6
Authorization: [Redacted]
Content-Type: application/json
Origin: [Redacted]
Referer: [Redacted]
Content-Length: 91
sec-ch-ua: [Redacted]
sec-ch-ua-mobile: [Redacted]
sec-ch-ua-platform: [Redacted]
sec-fetch-site: [Redacted]
sec-fetch-mode: [Redacted]
sec-fetch-dest: [Redacted]
2022-05-14 19:38:25.312 -05:00 [ERR] Exception occurred while processing message.
System.InvalidOperationException: IDX20803: Unable to obtain configuration from: 'System.String'.
   at Microsoft.IdentityModel.Protocols.ConfigurationManager`1.GetConfigurationAsync(CancellationToken cancel)
   at Microsoft.AspNetCore.Authentication.JwtBearer.JwtBearerHandler.HandleAuthenticateAsync()
2022-05-14 19:38:25.317 -05:00 [ERR] An unhandled exception has occurred while executing the request.
System.InvalidOperationException: IDX20803: Unable to obtain configuration from: 'System.String'.
   at Microsoft.IdentityModel.Protocols.ConfigurationManager`1.GetConfigurationAsync(CancellationToken cancel)
   at Microsoft.AspNetCore.Authentication.JwtBearer.JwtBearerHandler.HandleAuthenticateAsync()
   at Microsoft.AspNetCore.Authentication.JwtBearer.JwtBearerHandler.HandleAuthenticateAsync()
   at Microsoft.AspNetCore.Authentication.AuthenticationHandler`1.AuthenticateAsync()
   at Microsoft.AspNetCore.Authentication.AuthenticationService.AuthenticateAsync(HttpContext context, String scheme)
   at Microsoft.AspNetCore.Authentication.AuthenticationMiddleware.Invoke(HttpContext context)
   at Microsoft.AspNetCore.Authorization.AuthorizationMiddleware.Invoke(HttpContext context)
   at Microsoft.AspNetCore.HttpLogging.HttpLoggingMiddleware.InvokeInternal(HttpContext context)
   at Application.Security.Jwt.JwtMiddleware.Invoke(HttpContext context, IAuthService authService) in D:\GitHub\AirportManagementApi\Application\Security\Jwt\JwtMiddleware.cs:line 30
   at Swashbuckle.AspNetCore.SwaggerUI.SwaggerUIMiddleware.Invoke(HttpContext httpContext)
   at Swashbuckle.AspNetCore.Swagger.SwaggerMiddleware.Invoke(HttpContext httpContext, ISwaggerProvider swaggerProvider)
   at Microsoft.AspNetCore.Diagnostics.DeveloperExceptionPageMiddleware.Invoke(HttpContext context)
2022-05-14 19:38:25.325 -05:00 [INF] Request finished HTTP/2 POST https://localhost:7170/api/User/Save application/json 91 - 500 - text/plain;+charset=utf-8 30.7802ms
2022-05-14 19:38:29.865 -05:00 [INF] Application is shutting down...
2022-05-14 21:38:22.642 -05:00 [INF] User profile is available. Using 'C:\Users\kevin\AppData\Local\ASP.NET\DataProtection-Keys' as key repository and Windows DPAPI to encrypt keys at rest.
2022-05-14 21:38:22.911 -05:00 [INF] Now listening on: https://localhost:7170
2022-05-14 21:38:22.912 -05:00 [INF] Now listening on: http://localhost:5094
2022-05-14 21:38:22.917 -05:00 [INF] Application started. Press Ctrl+C to shut down.
2022-05-14 21:38:22.919 -05:00 [INF] Hosting environment: Development
2022-05-14 21:38:22.921 -05:00 [INF] Content root path: D:\GitHub\AirportManagementApi\Api\
2022-05-14 21:38:42.098 -05:00 [INF] Request starting HTTP/2 GET https://localhost:7170/api/User/FindById/4a77cee4-5cfa-4c90-b41a-08da36159118 - -
2022-05-14 21:38:43.644 -05:00 [INF] Entity Framework Core 5.0.10 initialized 'PersistenceContext' using provider 'Microsoft.EntityFrameworkCore.SqlServer' with options: MigrationsHistoryTable=Airport._MigrationHistory 
2022-05-14 21:38:44.734 -05:00 [INF] Executed DbCommand (80ms) [Parameters=[@__id_0='?' (DbType = Guid)], CommandType='"Text"', CommandTimeout='30']
SELECT [u].[Id], [u].[CreatedBy], [u].[CreatedOn], [u].[LastModifiedOn], [u].[Name], [u].[pazzword], [u].[Status], [u].[UpdatedBy], [u].[Username], [t].[RoleId], [t].[UserId], [t].[CreatedBy], [t].[CreatedOn], [t].[Id], [t].[LastModifiedOn], [t].[Status], [t].[UpdatedBy], [t].[Id0], [t].[CreatedBy0], [t].[CreatedOn0], [t].[LastModifiedOn0], [t].[RoleName], [t].[Status0], [t].[UpdatedBy0]
FROM [Airport].[User] AS [u]
LEFT JOIN (
    SELECT [u0].[RoleId], [u0].[UserId], [u0].[CreatedBy], [u0].[CreatedOn], [u0].[Id], [u0].[LastModifiedOn], [u0].[Status], [u0].[UpdatedBy], [r].[Id] AS [Id0], [r].[CreatedBy] AS [CreatedBy0], [r].[CreatedOn] AS [CreatedOn0], [r].[LastModifiedOn] AS [LastModifiedOn0], [r].[RoleName], [r].[Status] AS [Status0], [r].[UpdatedBy] AS [UpdatedBy0]
    FROM [Airport].[UserRole] AS [u0]
    INNER JOIN [Airport].[Role] AS [r] ON [u0].[RoleId] = [r].[Id]
) AS [t] ON [u].[Id] = [t].[UserId]
WHERE [u].[Id] = @__id_0
ORDER BY [u].[Id], [t].[RoleId], [t].[UserId], [t].[Id0]
2022-05-14 21:38:44.923 -05:00 [INF] Executed DbCommand (14ms) [Parameters=[@__id_0='?' (DbType = Guid)], CommandType='"Text"', CommandTimeout='30']
SELECT [t].[Id], [t].[CreatedBy], [t].[CreatedOn], [t].[LastModifiedOn], [t].[Name], [t].[pazzword], [t].[Status], [t].[UpdatedBy], [t].[Username], [t0].[RoleId], [t0].[UserId], [t0].[CreatedBy], [t0].[CreatedOn], [t0].[Id], [t0].[LastModifiedOn], [t0].[Status], [t0].[UpdatedBy], [t0].[Id0], [t0].[CreatedBy0], [t0].[CreatedOn0], [t0].[LastModifiedOn0], [t0].[RoleName], [t0].[Status0], [t0].[UpdatedBy0]
FROM (
    SELECT TOP(1) [u].[Id], [u].[CreatedBy], [u].[CreatedOn], [u].[LastModifiedOn], [u].[Name], [u].[pazzword], [u].[Status], [u].[UpdatedBy], [u].[Username]
    FROM [Airport].[User] AS [u]
    WHERE [u].[Id] = @__id_0
) AS [t]
LEFT JOIN (
    SELECT [u0].[RoleId], [u0].[UserId], [u0].[CreatedBy], [u0].[CreatedOn], [u0].[Id], [u0].[LastModifiedOn], [u0].[Status], [u0].[UpdatedBy], [r].[Id] AS [Id0], [r].[CreatedBy] AS [CreatedBy0], [r].[CreatedOn] AS [CreatedOn0], [r].[LastModifiedOn] AS [LastModifiedOn0], [r].[RoleName], [r].[Status] AS [Status0], [r].[UpdatedBy] AS [UpdatedBy0]
    FROM [Airport].[UserRole] AS [u0]
    INNER JOIN [Airport].[Role] AS [r] ON [u0].[RoleId] = [r].[Id]
) AS [t0] ON [t].[Id] = [t0].[UserId]
ORDER BY [t].[Id], [t0].[RoleId], [t0].[UserId], [t0].[Id0]
2022-05-14 21:38:44.987 -05:00 [INF] Request:
Protocol: HTTP/2
Method: GET
Scheme: https
PathBase: 
Path: /api/User/FindById/4a77cee4-5cfa-4c90-b41a-08da36159118
Accept: text/plain
Host: localhost:7170
User-Agent: Mozilla/5.0 (Windows NT 10.0; Win64; x64) AppleWebKit/537.36 (KHTML, like Gecko) Chrome/101.0.4951.54 Safari/537.36 Edg/101.0.1210.39
:method: [Redacted]
Accept-Encoding: gzip, deflate, br
Accept-Language: es,es-ES;q=0.9,en;q=0.8,en-GB;q=0.7,en-US;q=0.6
Authorization: [Redacted]
Referer: [Redacted]
sec-ch-ua: [Redacted]
sec-ch-ua-mobile: [Redacted]
sec-ch-ua-platform: [Redacted]
sec-fetch-site: [Redacted]
sec-fetch-mode: [Redacted]
sec-fetch-dest: [Redacted]
2022-05-14 21:38:45.032 -05:00 [INF] Executing endpoint 'Api.Controllers.UserController.GetById (Api)'
2022-05-14 21:38:45.055 -05:00 [INF] Route matched with {action = "GetById", controller = "User"}. Executing controller action with signature System.Threading.Tasks.Task`1[Application.Common.Response.Response`1[Application.Security.Http.Dto.UserDto]] GetById(System.Guid) on controller Api.Controllers.UserController (Api).
2022-05-14 21:38:45.082 -05:00 [INF] Executing ObjectResult, writing value of type 'Application.Common.Response.Response`1[[Application.Security.Http.Dto.UserDto, Application, Version=1.0.0.0, Culture=neutral, PublicKeyToken=null]]'.
2022-05-14 21:38:45.137 -05:00 [INF] Executed action Api.Controllers.UserController.GetById (Api) in 70.5942ms
2022-05-14 21:38:45.139 -05:00 [INF] Executed endpoint 'Api.Controllers.UserController.GetById (Api)'
2022-05-14 21:38:45.140 -05:00 [INF] Response:
StatusCode: 200
Content-Type: application/json; charset=utf-8
Date: Sun, 15 May 2022 02:38:44 GMT
Server: Kestrel
2022-05-14 21:38:45.149 -05:00 [INF] Request finished HTTP/2 GET https://localhost:7170/api/User/FindById/4a77cee4-5cfa-4c90-b41a-08da36159118 - - - 200 - application/json;+charset=utf-8 3054.4475ms
