2022-05-14 11:14:28.816 -05:00 [INF] Now listening on: https://localhost:7170
2022-05-14 11:14:28.893 -05:00 [INF] Now listening on: http://localhost:5094
2022-05-14 11:14:28.908 -05:00 [INF] Application started. Press Ctrl+C to shut down.
2022-05-14 11:14:28.910 -05:00 [INF] Hosting environment: Development
2022-05-14 11:14:28.911 -05:00 [INF] Content root path: D:\GitHub\AirportManagementApi\Api\
2022-05-14 11:14:29.463 -05:00 [INF] Request starting HTTP/2 GET https://localhost:7170/ - -
2022-05-14 11:14:29.583 -05:00 [INF] Request:
Protocol: HTTP/2
Method: GET
Scheme: https
PathBase: 
Path: /
Accept: text/html,application/xhtml+xml,application/xml;q=0.9,image/webp,image/apng,*/*;q=0.8,application/signed-exchange;v=b3;q=0.9
Host: localhost:7170
User-Agent: Mozilla/5.0 (Windows NT 10.0; Win64; x64) AppleWebKit/537.36 (KHTML, like Gecko) Chrome/101.0.4951.54 Safari/537.36 Edg/101.0.1210.39
:method: [Redacted]
Accept-Encoding: gzip, deflate, br
Accept-Language: es,es-ES;q=0.9,en;q=0.8,en-GB;q=0.7,en-US;q=0.6
Upgrade-Insecure-Requests: [Redacted]
sec-ch-ua: [Redacted]
sec-ch-ua-mobile: [Redacted]
sec-ch-ua-platform: [Redacted]
sec-fetch-site: [Redacted]
sec-fetch-mode: [Redacted]
sec-fetch-user: [Redacted]
sec-fetch-dest: [Redacted]
2022-05-14 11:14:29.586 -05:00 [INF] Response:
StatusCode: 404
2022-05-14 11:14:29.593 -05:00 [INF] Request finished HTTP/2 GET https://localhost:7170/ - - - 404 0 - 135.6964ms
2022-05-14 11:14:36.446 -05:00 [INF] Request starting HTTP/2 GET https://localhost:7170/ - -
2022-05-14 11:14:36.457 -05:00 [INF] Request:
Protocol: HTTP/2
Method: GET
Scheme: https
PathBase: 
Path: /
Accept: text/html,application/xhtml+xml,application/xml;q=0.9,image/webp,image/apng,*/*;q=0.8,application/signed-exchange;v=b3;q=0.9
Host: localhost:7170
User-Agent: Mozilla/5.0 (Windows NT 10.0; Win64; x64) AppleWebKit/537.36 (KHTML, like Gecko) Chrome/101.0.4951.54 Safari/537.36 Edg/101.0.1210.39
:method: [Redacted]
Accept-Encoding: gzip, deflate, br
Accept-Language: es,es-ES;q=0.9,en;q=0.8,en-GB;q=0.7,en-US;q=0.6
Upgrade-Insecure-Requests: [Redacted]
sec-ch-ua: [Redacted]
sec-ch-ua-mobile: [Redacted]
sec-ch-ua-platform: [Redacted]
sec-fetch-site: [Redacted]
sec-fetch-mode: [Redacted]
sec-fetch-user: [Redacted]
sec-fetch-dest: [Redacted]
2022-05-14 11:14:36.463 -05:00 [INF] Response:
StatusCode: 404
2022-05-14 11:14:36.467 -05:00 [INF] Request finished HTTP/2 GET https://localhost:7170/ - - - 404 0 - 23.0231ms
2022-05-14 11:14:42.589 -05:00 [INF] Request starting HTTP/2 POST https://localhost:7170/api/City/SaveAll application/json 133
2022-05-14 11:14:42.598 -05:00 [INF] CORS policy execution successful.
2022-05-14 11:14:42.603 -05:00 [INF] Request:
Protocol: HTTP/2
Method: POST
Scheme: https
PathBase: 
Path: /api/City/SaveAll
Accept: text/plain
Host: localhost:7170
User-Agent: Mozilla/5.0 (Windows NT 10.0; Win64; x64) AppleWebKit/537.36 (KHTML, like Gecko) Chrome/101.0.4951.54 Safari/537.36 Edg/101.0.1210.39
:method: [Redacted]
Accept-Encoding: gzip, deflate, br
Accept-Language: es,es-ES;q=0.9,en;q=0.8,en-GB;q=0.7,en-US;q=0.6
Content-Type: application/json
Origin: [Redacted]
Referer: [Redacted]
Content-Length: 133
sec-ch-ua: [Redacted]
sec-ch-ua-mobile: [Redacted]
sec-ch-ua-platform: [Redacted]
sec-fetch-site: [Redacted]
sec-fetch-mode: [Redacted]
sec-fetch-dest: [Redacted]
2022-05-14 11:14:42.613 -05:00 [INF] Executing endpoint 'Api.Controllers.CityController.Save (Api)'
2022-05-14 11:14:42.659 -05:00 [INF] Route matched with {action = "Save", controller = "City"}. Executing controller action with signature System.Threading.Tasks.Task`1[Application.Common.Response.Response`1[System.Boolean]] Save(System.Collections.Generic.IEnumerable`1[Application.Airport.Http.Request.CityRequest]) on controller Api.Controllers.CityController (Api).
2022-05-14 11:14:42.905 -05:00 [INF] Executing ObjectResult, writing value of type 'Application.Common.Response.Response`1[[System.Boolean, System.Private.CoreLib, Version=6.0.0.0, Culture=neutral, PublicKeyToken=7cec85d7bea7798e]]'.
2022-05-14 11:14:42.923 -05:00 [INF] Executed action Api.Controllers.CityController.Save (Api) in 250.7132ms
2022-05-14 11:14:42.930 -05:00 [INF] Executed endpoint 'Api.Controllers.CityController.Save (Api)'
2022-05-14 11:14:42.931 -05:00 [INF] Response:
StatusCode: 200
Content-Type: application/json; charset=utf-8
Date: Sat, 14 May 2022 16:14:42 GMT
Server: Kestrel
Access-Control-Allow-Origin: [Redacted]
2022-05-14 11:14:42.934 -05:00 [INF] Request finished HTTP/2 POST https://localhost:7170/api/City/SaveAll application/json 133 - 200 - application/json;+charset=utf-8 345.5173ms
2022-05-14 11:14:48.404 -05:00 [INF] Application is shutting down...
