2022-05-14 20:48:53.943 -05:00 [INF] User profile is available. Using 'C:\Users\kevin\AppData\Local\ASP.NET\DataProtection-Keys' as key repository and Windows DPAPI to encrypt keys at rest.
2022-05-14 20:48:54.123 -05:00 [INF] Now listening on: https://localhost:7170
2022-05-14 20:48:54.125 -05:00 [INF] Now listening on: http://localhost:5094
2022-05-14 20:48:54.128 -05:00 [INF] Application started. Press Ctrl+C to shut down.
2022-05-14 20:48:54.129 -05:00 [INF] Hosting environment: Development
2022-05-14 20:48:54.130 -05:00 [INF] Content root path: D:\GitHub\AirportManagementApi\Api\
2022-05-14 20:48:54.787 -05:00 [INF] Request starting HTTP/2 GET https://localhost:7170/ - -
2022-05-14 20:48:55.054 -05:00 [INF] Request:
Protocol: HTTP/2
Method: GET
Scheme: https
PathBase: 
Path: /
Accept: text/html,application/xhtml+xml,application/xml;q=0.9,image/webp,image/apng,*/*;q=0.8,application/signed-exchange;v=b3;q=0.9
Host: localhost:7170
User-Agent: Mozilla/5.0 (Windows NT 10.0; Win64; x64) AppleWebKit/537.36 (KHTML, like Gecko) Chrome/101.0.4951.54 Safari/537.36 Edg/101.0.1210.39
:method: [Redacted]
Accept-Encoding: gzip, deflate, br
Accept-Language: es,es-ES;q=0.9,en;q=0.8,en-GB;q=0.7,en-US;q=0.6
Upgrade-Insecure-Requests: [Redacted]
sec-ch-ua: [Redacted]
sec-ch-ua-mobile: [Redacted]
sec-ch-ua-platform: [Redacted]
sec-fetch-site: [Redacted]
sec-fetch-mode: [Redacted]
sec-fetch-user: [Redacted]
sec-fetch-dest: [Redacted]
2022-05-14 20:48:55.097 -05:00 [INF] Response:
StatusCode: 404
2022-05-14 20:48:55.104 -05:00 [INF] Request finished HTTP/2 GET https://localhost:7170/ - - - 404 0 - 324.1161ms
2022-05-14 20:48:59.552 -05:00 [INF] Request starting HTTP/2 POST https://localhost:7170/api/User/Save application/json 115
2022-05-14 20:49:00.905 -05:00 [INF] Entity Framework Core 5.0.10 initialized 'PersistenceContext' using provider 'Microsoft.EntityFrameworkCore.SqlServer' with options: MigrationsHistoryTable=Airport._MigrationHistory 
2022-05-14 20:49:01.759 -05:00 [INF] Executed DbCommand (84ms) [Parameters=[@__get_Item_0='?' (DbType = Guid)], CommandType='"Text"', CommandTimeout='30']
SELECT TOP(1) [u].[Id], [u].[CreatedBy], [u].[CreatedOn], [u].[LastModifiedOn], [u].[Name], [u].[pazzword], [u].[Status], [u].[UpdatedBy], [u].[Username]
FROM [Airport].[User] AS [u]
WHERE [u].[Id] = @__get_Item_0
2022-05-14 20:49:01.948 -05:00 [INF] CORS policy execution successful.
2022-05-14 20:49:01.951 -05:00 [INF] Request:
Protocol: HTTP/2
Method: POST
Scheme: https
PathBase: 
Path: /api/User/Save
Accept: text/plain
Host: localhost:7170
User-Agent: Mozilla/5.0 (Windows NT 10.0; Win64; x64) AppleWebKit/537.36 (KHTML, like Gecko) Chrome/101.0.4951.54 Safari/537.36 Edg/101.0.1210.39
:method: [Redacted]
Accept-Encoding: gzip, deflate, br
Accept-Language: es,es-ES;q=0.9,en;q=0.8,en-GB;q=0.7,en-US;q=0.6
Authorization: [Redacted]
Content-Type: application/json
Origin: [Redacted]
Referer: [Redacted]
Content-Length: 115
sec-ch-ua: [Redacted]
sec-ch-ua-mobile: [Redacted]
sec-ch-ua-platform: [Redacted]
sec-fetch-site: [Redacted]
sec-fetch-mode: [Redacted]
sec-fetch-dest: [Redacted]
2022-05-14 20:49:01.969 -05:00 [INF] Executing endpoint 'Api.Controllers.UserController.Save (Api)'
2022-05-14 20:49:01.992 -05:00 [INF] Route matched with {action = "Save", controller = "User"}. Executing controller action with signature System.Threading.Tasks.Task`1[Application.Common.Response.Response`1[Application.Security.Http.Dto.UserDto]] Save(Application.Security.Http.Request.UserRequest) on controller Api.Controllers.UserController (Api).
2022-05-14 20:49:02.099 -05:00 [INF] Executed DbCommand (9ms) [Parameters=[@__userRequest_Username_0='?' (Size = 4000)], CommandType='"Text"', CommandTimeout='30']
SELECT [u].[Id], [u].[CreatedBy], [u].[CreatedOn], [u].[LastModifiedOn], [u].[Name], [u].[pazzword], [u].[Status], [u].[UpdatedBy], [u].[Username]
FROM [Airport].[User] AS [u]
WHERE LOWER([u].[Username]) = @__userRequest_Username_0
2022-05-14 20:49:02.119 -05:00 [INF] Executed DbCommand (2ms) [Parameters=[@__userRequest_Username_0='?' (Size = 4000)], CommandType='"Text"', CommandTimeout='30']
SELECT TOP(1) [u].[Id], [u].[CreatedBy], [u].[CreatedOn], [u].[LastModifiedOn], [u].[Name], [u].[pazzword], [u].[Status], [u].[UpdatedBy], [u].[Username]
FROM [Airport].[User] AS [u]
WHERE LOWER([u].[Username]) = @__userRequest_Username_0
2022-05-14 20:49:02.133 -05:00 [INF] Executing ObjectResult, writing value of type 'Application.Common.Response.Response`1[[Application.Security.Http.Dto.UserDto, Application, Version=1.0.0.0, Culture=neutral, PublicKeyToken=null]]'.
2022-05-14 20:49:02.174 -05:00 [INF] Executed action Api.Controllers.UserController.Save (Api) in 171.6895ms
2022-05-14 20:49:02.176 -05:00 [INF] Executed endpoint 'Api.Controllers.UserController.Save (Api)'
2022-05-14 20:49:02.179 -05:00 [INF] Response:
StatusCode: 200
Content-Type: application/json; charset=utf-8
Date: Sun, 15 May 2022 01:49:02 GMT
Server: Kestrel
Access-Control-Allow-Origin: [Redacted]
2022-05-14 20:49:02.185 -05:00 [INF] Request finished HTTP/2 POST https://localhost:7170/api/User/Save application/json 115 - 200 - application/json;+charset=utf-8 2632.4545ms
2022-05-14 20:49:10.625 -05:00 [INF] Request starting HTTP/2 POST https://localhost:7170/api/User/Save application/json 114
2022-05-14 20:49:10.684 -05:00 [INF] Entity Framework Core 5.0.10 initialized 'PersistenceContext' using provider 'Microsoft.EntityFrameworkCore.SqlServer' with options: MigrationsHistoryTable=Airport._MigrationHistory 
2022-05-14 20:49:10.694 -05:00 [INF] Executed DbCommand (1ms) [Parameters=[@__get_Item_0='?' (DbType = Guid)], CommandType='"Text"', CommandTimeout='30']
SELECT TOP(1) [u].[Id], [u].[CreatedBy], [u].[CreatedOn], [u].[LastModifiedOn], [u].[Name], [u].[pazzword], [u].[Status], [u].[UpdatedBy], [u].[Username]
FROM [Airport].[User] AS [u]
WHERE [u].[Id] = @__get_Item_0
2022-05-14 20:49:10.700 -05:00 [INF] CORS policy execution successful.
2022-05-14 20:49:10.705 -05:00 [INF] Request:
Protocol: HTTP/2
Method: POST
Scheme: https
PathBase: 
Path: /api/User/Save
Accept: text/plain
Host: localhost:7170
User-Agent: Mozilla/5.0 (Windows NT 10.0; Win64; x64) AppleWebKit/537.36 (KHTML, like Gecko) Chrome/101.0.4951.54 Safari/537.36 Edg/101.0.1210.39
:method: [Redacted]
Accept-Encoding: gzip, deflate, br
Accept-Language: es,es-ES;q=0.9,en;q=0.8,en-GB;q=0.7,en-US;q=0.6
Authorization: [Redacted]
Content-Type: application/json
Origin: [Redacted]
Referer: [Redacted]
Content-Length: 114
sec-ch-ua: [Redacted]
sec-ch-ua-mobile: [Redacted]
sec-ch-ua-platform: [Redacted]
sec-fetch-site: [Redacted]
sec-fetch-mode: [Redacted]
sec-fetch-dest: [Redacted]
2022-05-14 20:49:10.711 -05:00 [INF] Executing endpoint 'Api.Controllers.UserController.Save (Api)'
2022-05-14 20:49:10.712 -05:00 [INF] Route matched with {action = "Save", controller = "User"}. Executing controller action with signature System.Threading.Tasks.Task`1[Application.Common.Response.Response`1[Application.Security.Http.Dto.UserDto]] Save(Application.Security.Http.Request.UserRequest) on controller Api.Controllers.UserController (Api).
2022-05-14 20:49:10.717 -05:00 [INF] Executed DbCommand (0ms) [Parameters=[@__userRequest_Username_0='?' (Size = 4000)], CommandType='"Text"', CommandTimeout='30']
SELECT [u].[Id], [u].[CreatedBy], [u].[CreatedOn], [u].[LastModifiedOn], [u].[Name], [u].[pazzword], [u].[Status], [u].[UpdatedBy], [u].[Username]
FROM [Airport].[User] AS [u]
WHERE LOWER([u].[Username]) = @__userRequest_Username_0
2022-05-14 20:49:10.732 -05:00 [INF] Executed DbCommand (3ms) [Parameters=[@__userRequest_RoleId_0='?' (DbType = Guid)], CommandType='"Text"', CommandTimeout='30']
SELECT [r].[Id], [r].[CreatedBy], [r].[CreatedOn], [r].[LastModifiedOn], [r].[RoleName], [r].[Status], [r].[UpdatedBy]
FROM [Airport].[Role] AS [r]
WHERE [r].[Id] = @__userRequest_RoleId_0
2022-05-14 20:49:10.738 -05:00 [INF] Executing ObjectResult, writing value of type 'Application.Common.Response.Response`1[[Application.Security.Http.Dto.UserDto, Application, Version=1.0.0.0, Culture=neutral, PublicKeyToken=null]]'.
2022-05-14 20:49:10.740 -05:00 [INF] Executed action Api.Controllers.UserController.Save (Api) in 25.9221ms
2022-05-14 20:49:10.743 -05:00 [INF] Executed endpoint 'Api.Controllers.UserController.Save (Api)'
2022-05-14 20:49:10.744 -05:00 [INF] Response:
StatusCode: 200
Content-Type: application/json; charset=utf-8
Date: Sun, 15 May 2022 01:49:10 GMT
Server: Kestrel
Access-Control-Allow-Origin: [Redacted]
2022-05-14 20:49:10.745 -05:00 [INF] Request finished HTTP/2 POST https://localhost:7170/api/User/Save application/json 114 - 200 - application/json;+charset=utf-8 119.5324ms
2022-05-14 20:49:57.429 -05:00 [INF] Request starting HTTP/2 POST https://localhost:7170/api/User/Save application/json 143
2022-05-14 20:49:57.462 -05:00 [INF] Entity Framework Core 5.0.10 initialized 'PersistenceContext' using provider 'Microsoft.EntityFrameworkCore.SqlServer' with options: MigrationsHistoryTable=Airport._MigrationHistory 
2022-05-14 20:49:57.469 -05:00 [INF] Executed DbCommand (3ms) [Parameters=[@__get_Item_0='?' (DbType = Guid)], CommandType='"Text"', CommandTimeout='30']
SELECT TOP(1) [u].[Id], [u].[CreatedBy], [u].[CreatedOn], [u].[LastModifiedOn], [u].[Name], [u].[pazzword], [u].[Status], [u].[UpdatedBy], [u].[Username]
FROM [Airport].[User] AS [u]
WHERE [u].[Id] = @__get_Item_0
2022-05-14 20:49:57.472 -05:00 [INF] CORS policy execution successful.
2022-05-14 20:49:57.474 -05:00 [INF] Request:
Protocol: HTTP/2
Method: POST
Scheme: https
PathBase: 
Path: /api/User/Save
Accept: text/plain
Host: localhost:7170
User-Agent: Mozilla/5.0 (Windows NT 10.0; Win64; x64) AppleWebKit/537.36 (KHTML, like Gecko) Chrome/101.0.4951.54 Safari/537.36 Edg/101.0.1210.39
:method: [Redacted]
Accept-Encoding: gzip, deflate, br
Accept-Language: es,es-ES;q=0.9,en;q=0.8,en-GB;q=0.7,en-US;q=0.6
Authorization: [Redacted]
Content-Type: application/json
Origin: [Redacted]
Referer: [Redacted]
Content-Length: 143
sec-ch-ua: [Redacted]
sec-ch-ua-mobile: [Redacted]
sec-ch-ua-platform: [Redacted]
sec-fetch-site: [Redacted]
sec-fetch-mode: [Redacted]
sec-fetch-dest: [Redacted]
2022-05-14 20:49:57.476 -05:00 [INF] Executing endpoint 'Api.Controllers.UserController.Save (Api)'
2022-05-14 20:49:57.477 -05:00 [INF] Route matched with {action = "Save", controller = "User"}. Executing controller action with signature System.Threading.Tasks.Task`1[Application.Common.Response.Response`1[Application.Security.Http.Dto.UserDto]] Save(Application.Security.Http.Request.UserRequest) on controller Api.Controllers.UserController (Api).
2022-05-14 20:49:57.489 -05:00 [INF] Executed DbCommand (2ms) [Parameters=[@__userRequest_Username_0='?' (Size = 4000)], CommandType='"Text"', CommandTimeout='30']
SELECT [u].[Id], [u].[CreatedBy], [u].[CreatedOn], [u].[LastModifiedOn], [u].[Name], [u].[pazzword], [u].[Status], [u].[UpdatedBy], [u].[Username]
FROM [Airport].[User] AS [u]
WHERE LOWER([u].[Username]) = @__userRequest_Username_0
2022-05-14 20:49:57.495 -05:00 [INF] Executed DbCommand (1ms) [Parameters=[@__userRequest_RoleId_0='?' (DbType = Guid)], CommandType='"Text"', CommandTimeout='30']
SELECT [r].[Id], [r].[CreatedBy], [r].[CreatedOn], [r].[LastModifiedOn], [r].[RoleName], [r].[Status], [r].[UpdatedBy]
FROM [Airport].[Role] AS [r]
WHERE [r].[Id] = @__userRequest_RoleId_0
2022-05-14 20:49:57.541 -05:00 [INF] Executed DbCommand (3ms) [Parameters=[@__userRequest_RoleId_0='?' (DbType = Guid)], CommandType='"Text"', CommandTimeout='30']
SELECT TOP(1) [r].[Id], [r].[CreatedBy], [r].[CreatedOn], [r].[LastModifiedOn], [r].[RoleName], [r].[Status], [r].[UpdatedBy]
FROM [Airport].[Role] AS [r]
WHERE [r].[Id] = @__userRequest_RoleId_0
2022-05-14 20:49:57.822 -05:00 [INF] Executed DbCommand (5ms) [Parameters=[@p0='?' (DbType = Guid), @p1='?' (Size = 35), @p2='?' (DbType = DateTime2), @p3='?' (Size = 4000), @p4='?' (Size = 4000), @p5='?' (DbType = Boolean), @p6='?' (Size = 35), @p7='?' (Size = 4000)], CommandType='"Text"', CommandTimeout='30']
SET NOCOUNT ON;
INSERT INTO [Airport].[User] ([Id], [CreatedBy], [CreatedOn], [Name], [pazzword], [Status], [UpdatedBy], [Username])
VALUES (@p0, @p1, @p2, @p3, @p4, @p5, @p6, @p7);
SELECT [LastModifiedOn]
FROM [Airport].[User]
WHERE @@ROWCOUNT = 1 AND [Id] = @p0;
2022-05-14 20:49:57.987 -05:00 [ERR] Failed executing DbCommand (9ms) [Parameters=[@p0='?' (DbType = Guid), @p1='?' (DbType = Guid), @p2='?' (Size = 35), @p3='?' (DbType = DateTime2), @p4='?' (DbType = Guid), @p5='?' (DbType = Boolean), @p6='?' (Size = 35)], CommandType='"Text"', CommandTimeout='30']
SET NOCOUNT ON;
INSERT INTO [Airport].[UserRole] ([RoleId], [UserId], [CreatedBy], [CreatedOn], [Id], [Status], [UpdatedBy])
VALUES (@p0, @p1, @p2, @p3, @p4, @p5, @p6);
SELECT [LastModifiedOn]
FROM [Airport].[UserRole]
WHERE @@ROWCOUNT = 1 AND [RoleId] = @p0 AND [UserId] = @p1;
2022-05-14 20:49:58.366 -05:00 [ERR] An exception occurred in the database while saving changes for context type 'Infrastructure.Repository.PersistenceContext'.
Microsoft.EntityFrameworkCore.DbUpdateException: An error occurred while updating the entries. See the inner exception for details.
 ---> Microsoft.Data.SqlClient.SqlException (0x80131904): Invalid column name 'CreatedBy'.
Invalid column name 'CreatedOn'.
Invalid column name 'Id'.
Invalid column name 'Status'.
Invalid column name 'UpdatedBy'.
Invalid column name 'LastModifiedOn'.
   at Microsoft.Data.SqlClient.SqlCommand.<>c.<ExecuteDbDataReaderAsync>b__188_0(Task`1 result)
   at System.Threading.Tasks.ContinuationResultTaskFromResultTask`2.InnerInvoke()
   at System.Threading.Tasks.Task.<>c.<.cctor>b__272_0(Object obj)
   at System.Threading.ExecutionContext.RunInternal(ExecutionContext executionContext, ContextCallback callback, Object state)
--- End of stack trace from previous location ---
   at System.Threading.Tasks.Task.ExecuteWithThreadLocal(Task& currentTaskSlot, Thread threadPoolThread)
--- End of stack trace from previous location ---
   at Microsoft.EntityFrameworkCore.Storage.RelationalCommand.ExecuteReaderAsync(RelationalCommandParameterObject parameterObject, CancellationToken cancellationToken)
   at Microsoft.EntityFrameworkCore.Storage.RelationalCommand.ExecuteReaderAsync(RelationalCommandParameterObject parameterObject, CancellationToken cancellationToken)
   at Microsoft.EntityFrameworkCore.Update.ReaderModificationCommandBatch.ExecuteAsync(IRelationalConnection connection, CancellationToken cancellationToken)
ClientConnectionId:2c232656-0af9-4609-ac6d-2a664366d691
Error Number:207,State:1,Class:16
   --- End of inner exception stack trace ---
   at Microsoft.EntityFrameworkCore.Update.ReaderModificationCommandBatch.ExecuteAsync(IRelationalConnection connection, CancellationToken cancellationToken)
   at Microsoft.EntityFrameworkCore.Update.Internal.BatchExecutor.ExecuteAsync(IEnumerable`1 commandBatches, IRelationalConnection connection, CancellationToken cancellationToken)
   at Microsoft.EntityFrameworkCore.Update.Internal.BatchExecutor.ExecuteAsync(IEnumerable`1 commandBatches, IRelationalConnection connection, CancellationToken cancellationToken)
   at Microsoft.EntityFrameworkCore.Update.Internal.BatchExecutor.ExecuteAsync(IEnumerable`1 commandBatches, IRelationalConnection connection, CancellationToken cancellationToken)
   at Microsoft.EntityFrameworkCore.ChangeTracking.Internal.StateManager.SaveChangesAsync(IList`1 entriesToSave, CancellationToken cancellationToken)
   at Microsoft.EntityFrameworkCore.ChangeTracking.Internal.StateManager.SaveChangesAsync(DbContext _, Boolean acceptAllChangesOnSuccess, CancellationToken cancellationToken)
   at Microsoft.EntityFrameworkCore.SqlServer.Storage.Internal.SqlServerExecutionStrategy.ExecuteAsync[TState,TResult](TState state, Func`4 operation, Func`4 verifySucceeded, CancellationToken cancellationToken)
   at Microsoft.EntityFrameworkCore.DbContext.SaveChangesAsync(Boolean acceptAllChangesOnSuccess, CancellationToken cancellationToken)
Microsoft.EntityFrameworkCore.DbUpdateException: An error occurred while updating the entries. See the inner exception for details.
 ---> Microsoft.Data.SqlClient.SqlException (0x80131904): Invalid column name 'CreatedBy'.
Invalid column name 'CreatedOn'.
Invalid column name 'Id'.
Invalid column name 'Status'.
Invalid column name 'UpdatedBy'.
Invalid column name 'LastModifiedOn'.
   at Microsoft.Data.SqlClient.SqlCommand.<>c.<ExecuteDbDataReaderAsync>b__188_0(Task`1 result)
   at System.Threading.Tasks.ContinuationResultTaskFromResultTask`2.InnerInvoke()
   at System.Threading.Tasks.Task.<>c.<.cctor>b__272_0(Object obj)
   at System.Threading.ExecutionContext.RunInternal(ExecutionContext executionContext, ContextCallback callback, Object state)
--- End of stack trace from previous location ---
   at System.Threading.Tasks.Task.ExecuteWithThreadLocal(Task& currentTaskSlot, Thread threadPoolThread)
--- End of stack trace from previous location ---
   at Microsoft.EntityFrameworkCore.Storage.RelationalCommand.ExecuteReaderAsync(RelationalCommandParameterObject parameterObject, CancellationToken cancellationToken)
   at Microsoft.EntityFrameworkCore.Storage.RelationalCommand.ExecuteReaderAsync(RelationalCommandParameterObject parameterObject, CancellationToken cancellationToken)
   at Microsoft.EntityFrameworkCore.Update.ReaderModificationCommandBatch.ExecuteAsync(IRelationalConnection connection, CancellationToken cancellationToken)
ClientConnectionId:2c232656-0af9-4609-ac6d-2a664366d691
Error Number:207,State:1,Class:16
   --- End of inner exception stack trace ---
   at Microsoft.EntityFrameworkCore.Update.ReaderModificationCommandBatch.ExecuteAsync(IRelationalConnection connection, CancellationToken cancellationToken)
   at Microsoft.EntityFrameworkCore.Update.Internal.BatchExecutor.ExecuteAsync(IEnumerable`1 commandBatches, IRelationalConnection connection, CancellationToken cancellationToken)
   at Microsoft.EntityFrameworkCore.Update.Internal.BatchExecutor.ExecuteAsync(IEnumerable`1 commandBatches, IRelationalConnection connection, CancellationToken cancellationToken)
   at Microsoft.EntityFrameworkCore.Update.Internal.BatchExecutor.ExecuteAsync(IEnumerable`1 commandBatches, IRelationalConnection connection, CancellationToken cancellationToken)
   at Microsoft.EntityFrameworkCore.ChangeTracking.Internal.StateManager.SaveChangesAsync(IList`1 entriesToSave, CancellationToken cancellationToken)
   at Microsoft.EntityFrameworkCore.ChangeTracking.Internal.StateManager.SaveChangesAsync(DbContext _, Boolean acceptAllChangesOnSuccess, CancellationToken cancellationToken)
   at Microsoft.EntityFrameworkCore.SqlServer.Storage.Internal.SqlServerExecutionStrategy.ExecuteAsync[TState,TResult](TState state, Func`4 operation, Func`4 verifySucceeded, CancellationToken cancellationToken)
   at Microsoft.EntityFrameworkCore.DbContext.SaveChangesAsync(Boolean acceptAllChangesOnSuccess, CancellationToken cancellationToken)
2022-05-14 20:49:58.402 -05:00 [INF] Executing ObjectResult, writing value of type 'Application.Common.Response.Response`1[[Application.Security.Http.Dto.UserDto, Application, Version=1.0.0.0, Culture=neutral, PublicKeyToken=null]]'.
2022-05-14 20:49:58.407 -05:00 [INF] Executed action Api.Controllers.UserController.Save (Api) in 928.4846ms
2022-05-14 20:49:58.410 -05:00 [INF] Executed endpoint 'Api.Controllers.UserController.Save (Api)'
2022-05-14 20:49:58.416 -05:00 [INF] Response:
StatusCode: 200
Content-Type: application/json; charset=utf-8
Date: Sun, 15 May 2022 01:49:58 GMT
Server: Kestrel
Access-Control-Allow-Origin: [Redacted]
2022-05-14 20:49:58.425 -05:00 [INF] Request finished HTTP/2 POST https://localhost:7170/api/User/Save application/json 143 - 200 - application/json;+charset=utf-8 995.8406ms
2022-05-14 20:50:57.189 -05:00 [INF] Application is shutting down...
