2022-06-02 21:33:34.862 -05:00 [INF] User profile is available. Using 'C:\Users\kevin\AppData\Local\ASP.NET\DataProtection-Keys' as key repository and Windows DPAPI to encrypt keys at rest.
2022-06-02 21:33:35.062 -05:00 [INF] Now listening on: https://localhost:7170
2022-06-02 21:33:35.064 -05:00 [INF] Now listening on: http://localhost:5094
2022-06-02 21:33:35.068 -05:00 [INF] Application started. Press Ctrl+C to shut down.
2022-06-02 21:33:35.069 -05:00 [INF] Hosting environment: Development
2022-06-02 21:33:35.070 -05:00 [INF] Content root path: D:\GitHub\AirportManagementApi\Api\
2022-06-02 21:33:35.755 -05:00 [INF] Request starting HTTP/2 GET https://localhost:7170/ - -
2022-06-02 21:33:36.110 -05:00 [INF] Request:
Protocol: HTTP/2
Method: GET
Scheme: https
PathBase: 
Path: /
Accept: text/html,application/xhtml+xml,application/xml;q=0.9,image/webp,image/apng,*/*;q=0.8,application/signed-exchange;v=b3;q=0.9
Host: localhost:7170
User-Agent: Mozilla/5.0 (Windows NT 10.0; Win64; x64) AppleWebKit/537.36 (KHTML, like Gecko) Chrome/102.0.5005.63 Safari/537.36 Edg/102.0.1245.30
:method: [Redacted]
Accept-Encoding: gzip, deflate, br
Accept-Language: es,es-ES;q=0.9,en;q=0.8,en-GB;q=0.7,en-US;q=0.6
Cookie: [Redacted]
Upgrade-Insecure-Requests: [Redacted]
sec-ch-ua: [Redacted]
sec-ch-ua-mobile: [Redacted]
sec-ch-ua-platform: [Redacted]
sec-fetch-site: [Redacted]
sec-fetch-mode: [Redacted]
sec-fetch-user: [Redacted]
sec-fetch-dest: [Redacted]
2022-06-02 21:33:36.155 -05:00 [INF] Response:
StatusCode: 404
2022-06-02 21:33:36.164 -05:00 [INF] Request finished HTTP/2 GET https://localhost:7170/ - - - 404 0 - 414.2907ms
2022-06-02 21:34:05.673 -05:00 [INF] Request starting HTTP/2 GET https://localhost:7170/api/Airline/GetById/c0782906-d8bf-4e6b-2abe-08da39b1aa08 - -
2022-06-02 21:34:07.793 -05:00 [INF] Entity Framework Core 6.0.5 initialized 'PersistenceContext' using provider 'Microsoft.EntityFrameworkCore.SqlServer:6.0.5' with options: MigrationsHistoryTable=Airport._MigrationHistory 
2022-06-02 21:34:09.910 -05:00 [INF] Executed DbCommand (186ms) [Parameters=[@__userId_0='?' (DbType = Guid)], CommandType='"Text"', CommandTimeout='30']
SELECT [u].[Id], [u].[CreatedBy], [u].[CreatedOn], [u].[LastModifiedOn], [u].[Name], [u].[pazzword], [u].[Status], [u].[UpdatedBy], [u].[Username], [u0].[RoleId], [u0].[UserId], [u0].[CreatedBy], [u0].[CreatedOn], [u0].[Id], [u0].[LastModifiedOn], [u0].[Status], [u0].[UpdatedBy]
FROM [Airport].[User] AS [u]
LEFT JOIN [Airport].[UserRole] AS [u0] ON [u].[Id] = [u0].[UserId]
WHERE [u].[Id] = @__userId_0
ORDER BY [u].[Id], [u0].[RoleId]
2022-06-02 21:34:10.190 -05:00 [INF] Executed DbCommand (7ms) [Parameters=[@__userId_0='?' (DbType = Guid)], CommandType='"Text"', CommandTimeout='30']
SELECT [t].[Id], [t].[CreatedBy], [t].[CreatedOn], [t].[LastModifiedOn], [t].[Name], [t].[pazzword], [t].[Status], [t].[UpdatedBy], [t].[Username], [u0].[RoleId], [u0].[UserId], [u0].[CreatedBy], [u0].[CreatedOn], [u0].[Id], [u0].[LastModifiedOn], [u0].[Status], [u0].[UpdatedBy]
FROM (
    SELECT TOP(1) [u].[Id], [u].[CreatedBy], [u].[CreatedOn], [u].[LastModifiedOn], [u].[Name], [u].[pazzword], [u].[Status], [u].[UpdatedBy], [u].[Username]
    FROM [Airport].[User] AS [u]
    WHERE [u].[Id] = @__userId_0
) AS [t]
LEFT JOIN [Airport].[UserRole] AS [u0] ON [t].[Id] = [u0].[UserId]
ORDER BY [t].[Id], [u0].[RoleId]
2022-06-02 21:34:10.313 -05:00 [INF] Executed DbCommand (57ms) [Parameters=[@__user_Id_0='?' (DbType = Guid)], CommandType='"Text"', CommandTimeout='30']
SELECT [u].[RoleId], [u].[UserId], [u].[CreatedBy], [u].[CreatedOn], [u].[Id], [u].[LastModifiedOn], [u].[Status], [u].[UpdatedBy], [r].[Id], [r].[CreatedBy], [r].[CreatedOn], [r].[LastModifiedOn], [r].[RoleName], [r].[Status], [r].[UpdatedBy]
FROM [Airport].[UserRole] AS [u]
INNER JOIN [Airport].[Role] AS [r] ON [u].[RoleId] = [r].[Id]
WHERE [u].[UserId] = @__user_Id_0
2022-06-02 21:34:10.365 -05:00 [INF] Request:
Protocol: HTTP/2
Method: GET
Scheme: https
PathBase: 
Path: /api/Airline/GetById/c0782906-d8bf-4e6b-2abe-08da39b1aa08
Accept: text/plain
Host: localhost:7170
User-Agent: Mozilla/5.0 (Windows NT 10.0; Win64; x64) AppleWebKit/537.36 (KHTML, like Gecko) Chrome/102.0.5005.63 Safari/537.36 Edg/102.0.1245.30
:method: [Redacted]
Accept-Encoding: gzip, deflate, br
Accept-Language: es,es-ES;q=0.9,en;q=0.8,en-GB;q=0.7,en-US;q=0.6
Authorization: [Redacted]
Cookie: [Redacted]
Referer: [Redacted]
sec-ch-ua: [Redacted]
sec-ch-ua-mobile: [Redacted]
sec-ch-ua-platform: [Redacted]
sec-fetch-site: [Redacted]
sec-fetch-mode: [Redacted]
sec-fetch-dest: [Redacted]
2022-06-02 21:34:10.388 -05:00 [INF] Executing endpoint 'Api.Controllers.AirlineController.GetById (Api)'
2022-06-02 21:34:10.424 -05:00 [INF] Route matched with {action = "GetById", controller = "Airline"}. Executing controller action with signature System.Threading.Tasks.Task`1[Application.Common.Response.Response`1[Application.Airport.Http.Dto.AirlineDto]] GetById(System.Guid) on controller Api.Controllers.AirlineController (Api).
2022-06-02 21:34:10.522 -05:00 [INF] Executed DbCommand (41ms) [Parameters=[@__get_Item_0='?' (DbType = Guid)], CommandType='"Text"', CommandTimeout='30']
SELECT TOP(1) [a].[Id], [a].[CreatedBy], [a].[CreatedOn], [a].[LastModifiedOn], [a].[Name], [a].[Status], [a].[UpdatedBy]
FROM [Airport].[Airline] AS [a]
WHERE [a].[Id] = @__get_Item_0
2022-06-02 21:34:10.557 -05:00 [INF] Executing ObjectResult, writing value of type 'Application.Common.Response.Response`1[[Application.Airport.Http.Dto.AirlineDto, Application, Version=1.0.0.0, Culture=neutral, PublicKeyToken=null]]'.
2022-06-02 21:34:10.613 -05:00 [INF] Executed action Api.Controllers.AirlineController.GetById (Api) in 177.413ms
2022-06-02 21:34:10.617 -05:00 [INF] Executed endpoint 'Api.Controllers.AirlineController.GetById (Api)'
2022-06-02 21:34:10.623 -05:00 [INF] Response:
StatusCode: 200
Content-Type: application/json; charset=utf-8
Date: Fri, 03 Jun 2022 02:34:10 GMT
Server: Kestrel
2022-06-02 21:34:10.636 -05:00 [INF] Request finished HTTP/2 GET https://localhost:7170/api/Airline/GetById/c0782906-d8bf-4e6b-2abe-08da39b1aa08 - - - 200 - application/json;+charset=utf-8 4963.1462ms
2022-06-02 23:27:35.792 -05:00 [INF] Application is shutting down...
